[Info  - 10:53:10 PM] Initialising intelephense 1.10.2
[Info  - 10:53:10 PM] Reading state from /home/nattyu/.vscode-server/data/User/workspaceStorage/5d5ad518a425d6cb473e517b3a0ba92f/bmewburn.vscode-intelephense-client/4c1f4e7a.
[Info  - 10:53:11 PM] Initialised in 3320 ms
[Info  - 10:53:12 PM] Searching file:///home/nattyu/.vscode-server/extensions/bmewburn.vscode-intelephense-client-1.10.2/node_modules/intelephense/lib/stub for files to index.
[Info  - 10:53:12 PM] Searching file:///home/nattyu/tennis-court-schedules for files to index.
[Warn  - 10:53:14 PM] file:///home/nattyu/tennis-court-schedules/vendor/fakerphp/faker/src/Faker/Provider/nl_BE/Text.php is over the maximum file size of 1000000 bytes.
[Info  - 10:53:14 PM] Indexing started.
[Info  - 10:53:17 PM] Indexing ended. 19 files indexed in 2s.
[Info  - 10:53:17 PM] Writing state to /home/nattyu/.vscode-server/data/User/workspaceStorage/5d5ad518a425d6cb473e517b3a0ba92f/bmewburn.vscode-intelephense-client/4c1f4e7a.
[Info  - 10:53:19 PM] Wrote state in 2.8s.
[Info  - 11:03:08 PM] Indexing started.
[Info  - 11:03:09 PM] Indexing ended. 1 files indexed in 0s.
[Info  - 11:03:09 PM] Indexing started.
[Info  - 11:03:09 PM] Indexing ended. 1 files indexed in 0s.
[Info  - 11:03:15 PM] Indexing started.
[Info  - 11:03:15 PM] Indexing ended. 1 files indexed in 0s.
[Info  - 11:04:06 PM] Indexing started.
[Info  - 11:04:06 PM] Indexing ended. 1 files indexed in 0s.
[Info  - 11:04:09 PM] Indexing started.
[Info  - 11:04:10 PM] Indexing ended. 1 files indexed in 0s.
[Info  - 11:05:40 PM] Indexing started.
[Info  - 11:05:40 PM] Indexing ended. 2 files indexed in 0s.
[Info  - 11:05:54 PM] Indexing started.
[Info  - 11:05:55 PM] Indexing ended. 1 files indexed in 0s.
[Info  - 11:06:46 PM] Indexing started.
[Info  - 11:06:46 PM] Indexing ended. 1 files indexed in 0s.
[Info  - 11:07:07 PM] Indexing started.
[Info  - 11:07:07 PM] Indexing ended. 1 files indexed in 0s.
[Info  - 11:07:51 PM] Indexing started.
[Info  - 11:07:51 PM] Indexing ended. 1 files indexed in 0s.
[Info  - 11:08:08 PM] Indexing started.
[Info  - 11:08:08 PM] Indexing ended. 2 files indexed in 0s.
[Info  - 11:08:11 PM] Indexing started.
[Info  - 11:08:11 PM] Indexing ended. 1 files indexed in 0s.
[Info  - 1:19:37 PM] Indexing started.
[Info  - 1:19:37 PM] Indexing ended. 1 files indexed in 0s.
[Info  - 1:19:38 PM] Indexing started.
[Info  - 1:19:38 PM] Indexing ended. 1 files indexed in 0s.
[Info  - 1:19:51 PM] Indexing started.
[Info  - 1:19:52 PM] Indexing ended. 1 files indexed in 0s.
[Info  - 1:20:51 PM] Indexing started.
[Info  - 1:20:51 PM] Indexing ended. 1 files indexed in 0s.
[Info  - 1:20:52 PM] Indexing started.
[Info  - 1:20:52 PM] Indexing ended. 1 files indexed in 0s.
[Info  - 1:54:40 PM] Indexing started.
[Info  - 1:54:40 PM] Indexing ended. 1 files indexed in 0s.
[Info  - 1:54:40 PM] Indexing started.
[Info  - 1:54:40 PM] Indexing ended. 1 files indexed in 0s.
[Info  - 1:54:44 PM] Indexing started.
[Info  - 1:54:44 PM] Indexing ended. 2 files indexed in 0s.
[Info  - 1:57:29 PM] Indexing started.
[Info  - 1:57:29 PM] Indexing ended. 2 files indexed in 0s.
[Info  - 1:57:30 PM] Indexing started.
[Info  - 1:57:30 PM] Indexing ended. 1 files indexed in 0s.
[Info  - 1:58:22 PM] Indexing started.
[Info  - 1:58:22 PM] Indexing ended. 2 files indexed in 0s.
[Info  - 1:58:34 PM] Indexing started.
[Info  - 1:58:34 PM] Indexing ended. 1 files indexed in 0s.
[Info  - 2:29:11 PM] Indexing started.
[Info  - 2:29:11 PM] Indexing ended. 1 files indexed in 0s.
[Info  - 2:29:11 PM] Indexing started.
[Info  - 2:29:11 PM] Indexing ended. 1 files indexed in 0s.
[Info  - 2:29:40 PM] Indexing started.
[Info  - 2:29:41 PM] Indexing ended. 1 files indexed in 0s.
[Info  - 2:29:41 PM] Indexing started.
[Info  - 2:29:41 PM] Indexing ended. 1 files indexed in 0s.
[Info  - 2:32:02 PM] Indexing started.
[Info  - 2:32:02 PM] Indexing ended. 1 files indexed in 0s.
[Info  - 2:34:55 PM] Indexing started.
[Info  - 2:34:55 PM] Indexing ended. 3 files indexed in 0s.
[Info  - 3:25:46 PM] Indexing started.
[Info  - 3:25:46 PM] Indexing ended. 1 files indexed in 0s.
[Info  - 3:25:47 PM] Indexing started.
[Info  - 3:25:47 PM] Indexing ended. 1 files indexed in 0s.
[Info  - 3:26:41 PM] Indexing started.
[Info  - 3:26:41 PM] Indexing ended. 1 files indexed in 0s.
[Info  - 3:26:41 PM] Indexing started.
[Info  - 3:26:41 PM] Indexing ended. 1 files indexed in 0s.
[Info  - 3:26:53 PM] Indexing started.
[Info  - 3:26:54 PM] Indexing ended. 2 files indexed in 0s.
[Info  - 3:26:54 PM] Indexing started.
[Info  - 3:26:54 PM] Indexing ended. 1 files indexed in 0s.
[Info  - 3:40:48 PM] Indexing started.
[Info  - 3:40:48 PM] Indexing ended. 1 files indexed in 0s.
[Info  - 3:40:49 PM] Indexing started.
[Info  - 3:40:49 PM] Indexing ended. 1 files indexed in 0s.
[Info  - 3:41:04 PM] Indexing started.
[Info  - 3:41:04 PM] Indexing ended. 3 files indexed in 0s.
[Info  - 3:43:00 PM] Indexing started.
[Info  - 3:43:00 PM] Indexing ended. 1 files indexed in 0s.
[Info  - 3:43:01 PM] Indexing started.
[Info  - 3:43:01 PM] Indexing ended. 1 files indexed in 0s.
[Info  - 3:44:00 PM] Indexing started.
[Info  - 3:44:00 PM] Indexing ended. 1 files indexed in 0s.
[Info  - 3:44:01 PM] Indexing started.
[Info  - 3:44:01 PM] Indexing ended. 1 files indexed in 0s.
[Info  - 3:45:04 PM] Indexing started.
[Info  - 3:45:04 PM] Indexing ended. 1 files indexed in 0s.
[Info  - 3:45:05 PM] Indexing started.
[Info  - 3:45:05 PM] Indexing ended. 1 files indexed in 0s.
[Info  - 3:45:53 PM] Indexing started.
[Info  - 3:45:53 PM] Indexing ended. 1 files indexed in 0s.
[Info  - 3:45:54 PM] Indexing started.
[Info  - 3:45:54 PM] Indexing ended. 1 files indexed in 0s.
[Info  - 3:46:22 PM] Indexing started.
[Info  - 3:46:22 PM] Indexing ended. 1 files indexed in 0s.
[Info  - 3:46:23 PM] Indexing started.
[Info  - 3:46:24 PM] Indexing ended. 1 files indexed in 0s.
[Info  - 3:46:37 PM] Indexing started.
[Info  - 3:46:37 PM] Indexing ended. 1 files indexed in 0s.
[Info  - 3:46:38 PM] Indexing started.
[Info  - 3:46:38 PM] Indexing ended. 1 files indexed in 0s.
[Info  - 3:49:39 PM] Indexing started.
[Info  - 3:49:40 PM] Indexing ended. 1 files indexed in 0s.
[Info  - 3:49:40 PM] Indexing started.
[Info  - 3:49:40 PM] Indexing ended. 1 files indexed in 0s.
[Info  - 3:56:39 PM] Indexing started.
[Info  - 3:56:39 PM] Indexing ended. 1 files indexed in 0s.
[Info  - 3:58:55 PM] Indexing started.
[Info  - 3:58:55 PM] Indexing ended. 2 files indexed in 0s.
[Info  - 3:58:56 PM] Indexing started.
[Info  - 3:58:56 PM] Indexing ended. 1 files indexed in 0s.
[Info  - 4:00:58 PM] Indexing started.
[Info  - 4:00:58 PM] Indexing ended. 2 files indexed in 0s.
[Info  - 4:00:59 PM] Indexing started.
[Info  - 4:00:59 PM] Indexing ended. 1 files indexed in 0s.
[Info  - 4:01:09 PM] Indexing started.
[Info  - 4:01:10 PM] Indexing ended. 2 files indexed in 0s.
[Info  - 4:01:10 PM] Indexing started.
[Info  - 4:01:10 PM] Indexing ended. 1 files indexed in 0s.
[Info  - 4:03:04 PM] Indexing started.
[Info  - 4:03:05 PM] Indexing ended. 2 files indexed in 0s.
[Info  - 4:03:13 PM] Indexing started.
[Info  - 4:03:13 PM] Indexing ended. 1 files indexed in 0s.
[Info  - 4:03:14 PM] Indexing started.
[Info  - 4:03:15 PM] Indexing ended. 1 files indexed in 0s.
[Info  - 4:03:33 PM] Indexing started.
[Info  - 4:03:34 PM] Indexing ended. 2 files indexed in 0s.
[Info  - 4:04:32 PM] Indexing started.
[Info  - 4:04:32 PM] Indexing ended. 1 files indexed in 0s.
[Info  - 4:08:20 PM] Indexing started.
[Info  - 4:08:20 PM] Indexing ended. 1 files indexed in 0s.
[Info  - 4:08:21 PM] Indexing started.
[Info  - 4:08:21 PM] Indexing ended. 1 files indexed in 0s.
[Info  - 4:11:00 PM] Indexing started.
[Info  - 4:11:00 PM] Indexing ended. 1 files indexed in 0s.
[Info  - 4:11:00 PM] Indexing started.
[Info  - 4:11:00 PM] Indexing ended. 1 files indexed in 0s.
[Info  - 4:11:26 PM] Indexing started.
[Info  - 4:11:27 PM] Indexing ended. 2 files indexed in 0s.
[Info  - 4:11:27 PM] Indexing started.
[Info  - 4:11:27 PM] Indexing ended. 1 files indexed in 0s.
[Info  - 4:12:32 PM] Indexing started.
[Info  - 4:12:32 PM] Indexing ended. 2 files indexed in 0s.
[Info  - 4:12:55 PM] Indexing started.
[Info  - 4:12:55 PM] Indexing ended. 1 files indexed in 0s.
[Info  - 4:13:51 PM] Indexing started.
[Info  - 4:13:51 PM] Indexing ended. 1 files indexed in 0s.
[Info  - 4:14:48 PM] Indexing started.
[Info  - 4:14:49 PM] Indexing ended. 1 files indexed in 0s.
[Info  - 4:15:49 PM] Indexing started.
[Info  - 4:15:50 PM] Indexing ended. 2 files indexed in 0s.
[Info  - 4:15:50 PM] Indexing started.
[Info  - 4:15:51 PM] Indexing ended. 1 files indexed in 0s.
[Info  - 4:17:56 PM] Indexing started.
[Info  - 4:17:57 PM] Indexing ended. 1 files indexed in 0s.
[Info  - 4:21:56 PM] Indexing started.
[Info  - 4:21:56 PM] Indexing ended. 1 files indexed in 0s.
[Info  - 4:22:06 PM] Indexing started.
[Info  - 4:22:07 PM] Indexing ended. 1 files indexed in 0s.
[Info  - 4:24:44 PM] Indexing started.
[Info  - 4:24:45 PM] Indexing ended. 2 files indexed in 0s.
[Info  - 4:25:17 PM] Indexing started.
[Info  - 4:25:17 PM] Indexing ended. 1 files indexed in 0s.
[Info  - 4:25:27 PM] Indexing started.
[Info  - 4:25:28 PM] Indexing ended. 1 files indexed in 0s.
[Info  - 4:34:22 PM] Indexing started.
[Info  - 4:34:23 PM] Indexing ended. 1 files indexed in 0s.
[Info  - 4:34:23 PM] Indexing started.
[Info  - 4:34:23 PM] Indexing ended. 1 files indexed in 0s.
[Info  - 4:34:26 PM] Indexing started.
[Info  - 4:34:26 PM] Indexing ended. 1 files indexed in 0s.
[Info  - 4:36:52 PM] Indexing started.
[Info  - 4:36:52 PM] Indexing ended. 1 files indexed in 0s.
[Info  - 4:36:53 PM] Indexing started.
[Info  - 4:36:53 PM] Indexing ended. 1 files indexed in 0s.
[Info  - 4:37:00 PM] Indexing started.
[Info  - 4:37:00 PM] Indexing ended. 1 files indexed in 0s.
[Info  - 4:38:11 PM] Indexing started.
[Info  - 4:38:12 PM] Indexing ended. 1 files indexed in 0s.
[Info  - 4:38:12 PM] Indexing started.
[Info  - 4:38:12 PM] Indexing ended. 1 files indexed in 0s.
[Info  - 4:38:30 PM] Indexing started.
[Info  - 4:38:30 PM] Indexing ended. 1 files indexed in 0s.
[Info  - 4:38:31 PM] Indexing started.
[Info  - 4:38:31 PM] Indexing ended. 1 files indexed in 0s.
[Info  - 4:38:36 PM] Indexing started.
[Info  - 4:38:36 PM] Indexing ended. 2 files indexed in 0s.
[Info  - 4:38:39 PM] Indexing started.
[Info  - 4:38:40 PM] Indexing ended. 1 files indexed in 0s.
[Info  - 4:39:17 PM] Indexing started.
[Info  - 4:39:17 PM] Indexing ended. 2 files indexed in 0s.
[Info  - 4:39:18 PM] Indexing started.
[Info  - 4:39:18 PM] Indexing ended. 1 files indexed in 0s.
[Info  - 4:41:48 PM] Indexing started.
[Info  - 4:41:48 PM] Indexing ended. 1 files indexed in 0s.
[Info  - 4:41:49 PM] Indexing started.
[Info  - 4:41:49 PM] Indexing ended. 1 files indexed in 0s.
[Info  - 4:42:17 PM] Indexing started.
[Info  - 4:42:18 PM] Indexing ended. 1 files indexed in 0s.
[Info  - 4:42:18 PM] Indexing started.
[Info  - 4:42:18 PM] Indexing ended. 1 files indexed in 0s.
[Info  - 4:42:35 PM] Indexing started.
[Info  - 4:42:36 PM] Indexing ended. 2 files indexed in 0s.
[Info  - 4:42:36 PM] Indexing started.
[Info  - 4:42:36 PM] Indexing ended. 1 files indexed in 0s.
[Info  - 4:42:52 PM] Indexing started.
[Info  - 4:42:52 PM] Indexing ended. 1 files indexed in 0s.
[Info  - 4:53:38 PM] Indexing started.
[Info  - 4:53:38 PM] Indexing ended. 2 files indexed in 0s.
[Info  - 4:54:04 PM] Indexing started.
[Info  - 4:54:04 PM] Indexing ended. 1 files indexed in 0s.
[Info  - 4:54:05 PM] Indexing started.
[Info  - 4:54:05 PM] Indexing ended. 2 files indexed in 0s.
[Info  - 4:54:08 PM] Indexing started.
[Info  - 4:54:08 PM] Indexing ended. 1 files indexed in 0s.
[Info  - 4:55:29 PM] Indexing started.
[Info  - 4:55:29 PM] Indexing ended. 2 files indexed in 0s.
[Info  - 4:55:30 PM] Indexing started.
[Info  - 4:55:30 PM] Indexing ended. 1 files indexed in 0s.
[Info  - 4:55:47 PM] Indexing started.
[Info  - 4:55:48 PM] Indexing ended. 2 files indexed in 0s.
[Info  - 4:55:48 PM] Indexing started.
[Info  - 4:55:48 PM] Indexing ended. 1 files indexed in 0s.
[Info  - 4:56:16 PM] Indexing started.
[Info  - 4:56:16 PM] Indexing ended. 2 files indexed in 0s.
[Info  - 4:56:17 PM] Indexing started.
[Info  - 4:56:17 PM] Indexing ended. 1 files indexed in 0s.
