2024-02-07 22:13:00.757 [info] ログ レベル: Info
2024-02-07 22:13:00.757 [info] Git の検証が検出されました: "git"
2024-02-07 22:13:00.757 [info] "git" から Git "2.34.1" を使用しています
2024-02-07 22:13:00.757 [info] > git rev-parse --show-toplevel [16ms]
2024-02-07 22:13:00.758 [info] > git rev-parse --git-dir --git-common-dir [349ms]
2024-02-07 22:13:00.758 [info] Open repository: /home/nattyu
2024-02-07 22:13:00.788 [info] > git rev-parse --show-toplevel [65ms]
2024-02-07 22:13:00.790 [info] > git config --get commit.template [76ms]
2024-02-07 22:13:01.260 [info] > git rev-parse --show-toplevel [215ms]
2024-02-07 22:13:01.398 [info] > git for-each-ref --format=%(refname)%00%(upstream:short)%00%(objectname)%00%(upstream:track)%00%(upstream:remotename)%00%(upstream:remoteref) refs/heads/master refs/remotes/master [340ms]
2024-02-07 22:13:01.431 [info] > git check-ignore -v -z --stdin [157ms]
2024-02-07 22:13:01.434 [info] > git rev-parse --show-toplevel [127ms]
2024-02-07 22:13:01.479 [info] > git rev-parse --show-toplevel [35ms]
2024-02-07 22:13:01.512 [info] > git rev-parse --show-toplevel [8ms]
2024-02-07 22:13:01.660 [info] > git rev-parse --show-toplevel [122ms]
2024-02-07 22:13:01.691 [info] > git rev-parse --show-toplevel [12ms]
2024-02-07 22:13:01.778 [info] > git rev-parse --show-toplevel [60ms]
2024-02-07 22:13:01.821 [info] > git rev-parse --show-toplevel [31ms]
2024-02-07 22:13:01.844 [info] > git rev-parse --show-toplevel [4ms]
2024-02-07 22:13:01.860 [info] > git rev-parse --show-toplevel [2ms]
2024-02-07 22:13:01.875 [info] > git rev-parse --show-toplevel [2ms]
2024-02-07 22:13:01.922 [info] > git show --textconv :tennis-court-schedules/app/Http/Controllers/PostCourtController.php [25ms]
2024-02-07 22:13:01.928 [info] > git ls-files --stage -- /home/nattyu/tennis-court-schedules/app/Http/Controllers/PostCourtController.php [19ms]
2024-02-07 22:13:02.351 [info] > git status -z -uall [859ms]
2024-02-07 22:13:04.139 [info] > git config --get commit.template [38ms]
2024-02-07 22:13:04.173 [info] > git for-each-ref --format=%(refname)%00%(upstream:short)%00%(objectname)%00%(upstream:track)%00%(upstream:remotename)%00%(upstream:remoteref) refs/heads/master refs/remotes/master [12ms]
2024-02-07 22:13:04.458 [info] > git status -z -uall [228ms]
2024-02-07 22:13:12.442 [info] > git config --get commit.template [3ms]
2024-02-07 22:13:12.457 [info] > git for-each-ref --format=%(refname)%00%(upstream:short)%00%(objectname)%00%(upstream:track)%00%(upstream:remotename)%00%(upstream:remoteref) refs/heads/master refs/remotes/master [2ms]
2024-02-07 22:13:12.559 [info] > git status -z -uall [87ms]
2024-02-07 22:13:17.782 [info] > git config --get commit.template [2ms]
2024-02-07 22:13:17.800 [info] > git for-each-ref --format=%(refname)%00%(upstream:short)%00%(objectname)%00%(upstream:track)%00%(upstream:remotename)%00%(upstream:remoteref) refs/heads/master refs/remotes/master [3ms]
2024-02-07 22:13:17.925 [info] > git status -z -uall [110ms]
2024-02-07 22:13:23.196 [info] > git config --get commit.template [2ms]
2024-02-07 22:13:23.214 [info] > git for-each-ref --format=%(refname)%00%(upstream:short)%00%(objectname)%00%(upstream:track)%00%(upstream:remotename)%00%(upstream:remoteref) refs/heads/master refs/remotes/master [3ms]
2024-02-07 22:13:23.332 [info] > git status -z -uall [103ms]
2024-02-07 22:13:40.589 [info] > git config --get commit.template [26ms]
2024-02-07 22:13:40.592 [info] > git for-each-ref --format=%(refname)%00%(upstream:short)%00%(objectname)%00%(upstream:track)%00%(upstream:remotename)%00%(upstream:remoteref) refs/heads/master refs/remotes/master [7ms]
2024-02-07 22:13:40.811 [info] > git status -z -uall [195ms]
2024-02-07 22:34:09.391 [info] > git config --get commit.template [21ms]
2024-02-07 22:34:09.395 [info] > git for-each-ref --format=%(refname)%00%(upstream:short)%00%(objectname)%00%(upstream:track)%00%(upstream:remotename)%00%(upstream:remoteref) refs/heads/master refs/remotes/master [7ms]
2024-02-07 22:34:09.604 [info] > git status -z -uall [185ms]
2024-02-07 22:34:13.014 [info] > git check-ignore -v -z --stdin [7ms]
2024-02-07 22:34:13.531 [info] > git show --textconv :tennis-court-schedules/resources/views/court/show-court.blade.php [52ms]
2024-02-07 22:34:13.532 [info] > git ls-files --stage -- /home/nattyu/tennis-court-schedules/resources/views/court/show-court.blade.php [35ms]
2024-02-07 22:34:13.902 [info] > git check-ignore -v -z --stdin [17ms]
2024-02-07 22:34:14.953 [info] > git config --get commit.template [14ms]
2024-02-07 22:34:14.955 [info] > git for-each-ref --format=%(refname)%00%(upstream:short)%00%(objectname)%00%(upstream:track)%00%(upstream:remotename)%00%(upstream:remoteref) refs/heads/master refs/remotes/master [4ms]
2024-02-07 22:34:15.047 [info] > git status -z -uall [81ms]
2024-02-07 22:34:20.316 [info] > git config --get commit.template [24ms]
2024-02-07 22:34:20.318 [info] > git for-each-ref --format=%(refname)%00%(upstream:short)%00%(objectname)%00%(upstream:track)%00%(upstream:remotename)%00%(upstream:remoteref) refs/heads/master refs/remotes/master [6ms]
2024-02-07 22:34:20.479 [info] > git status -z -uall [140ms]
2024-02-07 22:35:28.942 [info] > git config --get commit.template [22ms]
2024-02-07 22:35:28.944 [info] > git for-each-ref --format=%(refname)%00%(upstream:short)%00%(objectname)%00%(upstream:track)%00%(upstream:remotename)%00%(upstream:remoteref) refs/heads/master refs/remotes/master [5ms]
2024-02-07 22:35:29.097 [info] > git status -z -uall [140ms]
2024-02-07 22:36:44.014 [info] > git config --get commit.template [3ms]
2024-02-07 22:36:44.027 [info] > git for-each-ref --format=%(refname)%00%(upstream:short)%00%(objectname)%00%(upstream:track)%00%(upstream:remotename)%00%(upstream:remoteref) refs/heads/master refs/remotes/master [2ms]
2024-02-07 22:36:44.163 [info] > git status -z -uall [123ms]
2024-02-07 22:37:07.102 [info] > git config --get commit.template [1ms]
2024-02-07 22:37:07.118 [info] > git for-each-ref --format=%(refname)%00%(upstream:short)%00%(objectname)%00%(upstream:track)%00%(upstream:remotename)%00%(upstream:remoteref) refs/heads/master refs/remotes/master [1ms]
2024-02-07 22:37:07.236 [info] > git status -z -uall [105ms]
2024-02-07 22:37:12.554 [info] > git config --get commit.template [21ms]
2024-02-07 22:37:12.555 [info] > git for-each-ref --format=%(refname)%00%(upstream:short)%00%(objectname)%00%(upstream:track)%00%(upstream:remotename)%00%(upstream:remoteref) refs/heads/master refs/remotes/master [4ms]
2024-02-07 22:37:12.628 [info] > git status -z -uall [61ms]
2024-02-07 22:37:17.185 [info] > git show --textconv :tennis-court-schedules/app/Http/Controllers/PostCourtController.php [23ms]
2024-02-07 22:37:17.188 [info] > git ls-files --stage -- /home/nattyu/tennis-court-schedules/app/Http/Controllers/PostCourtController.php [5ms]
2024-02-07 22:37:17.831 [info] > git config --get commit.template [17ms]
2024-02-07 22:37:17.831 [info] > git for-each-ref --format=%(refname)%00%(upstream:short)%00%(objectname)%00%(upstream:track)%00%(upstream:remotename)%00%(upstream:remoteref) refs/heads/master refs/remotes/master [2ms]
2024-02-07 22:37:17.929 [info] > git status -z -uall [83ms]
2024-02-07 22:37:20.583 [info] > git show --textconv :tennis-court-schedules/resources/views/court/show-court.blade.php [19ms]
2024-02-07 22:37:20.589 [info] > git ls-files --stage -- /home/nattyu/tennis-court-schedules/resources/views/court/show-court.blade.php [7ms]
2024-02-07 22:37:23.172 [info] > git config --get commit.template [3ms]
2024-02-07 22:37:23.189 [info] > git for-each-ref --format=%(refname)%00%(upstream:short)%00%(objectname)%00%(upstream:track)%00%(upstream:remotename)%00%(upstream:remoteref) refs/heads/master refs/remotes/master [2ms]
2024-02-07 22:37:23.360 [info] > git status -z -uall [153ms]
2024-02-07 22:37:28.606 [info] > git config --get commit.template [8ms]
2024-02-07 22:37:28.623 [info] > git for-each-ref --format=%(refname)%00%(upstream:short)%00%(objectname)%00%(upstream:track)%00%(upstream:remotename)%00%(upstream:remoteref) refs/heads/master refs/remotes/master [1ms]
2024-02-07 22:37:28.721 [info] > git status -z -uall [83ms]
2024-02-07 22:37:33.933 [info] > git config --get commit.template [18ms]
2024-02-07 22:37:33.933 [info] > git for-each-ref --format=%(refname)%00%(upstream:short)%00%(objectname)%00%(upstream:track)%00%(upstream:remotename)%00%(upstream:remoteref) refs/heads/master refs/remotes/master [2ms]
2024-02-07 22:37:34.025 [info] > git status -z -uall [72ms]
2024-02-07 22:37:39.283 [info] > git config --get commit.template [29ms]
2024-02-07 22:37:39.284 [info] > git for-each-ref --format=%(refname)%00%(upstream:short)%00%(objectname)%00%(upstream:track)%00%(upstream:remotename)%00%(upstream:remoteref) refs/heads/master refs/remotes/master [3ms]
2024-02-07 22:37:39.384 [info] > git status -z -uall [80ms]
2024-02-07 22:37:45.229 [info] > git show --textconv :tennis-court-schedules/app/Http/Controllers/PostCourtController.php [28ms]
2024-02-07 22:37:45.232 [info] > git ls-files --stage -- /home/nattyu/tennis-court-schedules/app/Http/Controllers/PostCourtController.php [6ms]
2024-02-07 22:37:45.422 [info] > git config --get commit.template [28ms]
2024-02-07 22:37:45.423 [info] > git for-each-ref --format=%(refname)%00%(upstream:short)%00%(objectname)%00%(upstream:track)%00%(upstream:remotename)%00%(upstream:remoteref) refs/heads/master refs/remotes/master [3ms]
2024-02-07 22:37:45.533 [info] > git status -z -uall [88ms]
2024-02-07 22:37:50.803 [info] > git config --get commit.template [27ms]
2024-02-07 22:37:50.804 [info] > git for-each-ref --format=%(refname)%00%(upstream:short)%00%(objectname)%00%(upstream:track)%00%(upstream:remotename)%00%(upstream:remoteref) refs/heads/master refs/remotes/master [2ms]
2024-02-07 22:37:50.922 [info] > git status -z -uall [93ms]
2024-02-07 22:37:56.237 [info] > git config --get commit.template [39ms]
2024-02-07 22:37:56.238 [info] > git for-each-ref --format=%(refname)%00%(upstream:short)%00%(objectname)%00%(upstream:track)%00%(upstream:remotename)%00%(upstream:remoteref) refs/heads/master refs/remotes/master [2ms]
2024-02-07 22:37:56.381 [info] > git status -z -uall [115ms]
2024-02-07 22:38:34.912 [info] > git config --get commit.template [33ms]
2024-02-07 22:38:34.914 [info] > git for-each-ref --format=%(refname)%00%(upstream:short)%00%(objectname)%00%(upstream:track)%00%(upstream:remotename)%00%(upstream:remoteref) refs/heads/master refs/remotes/master [4ms]
2024-02-07 22:38:35.050 [info] > git status -z -uall [106ms]
2024-02-07 23:34:14.499 [info] > git config --get commit.template [5ms]
2024-02-07 23:34:14.527 [info] > git for-each-ref --format=%(refname)%00%(upstream:short)%00%(objectname)%00%(upstream:track)%00%(upstream:remotename)%00%(upstream:remoteref) refs/heads/master refs/remotes/master [6ms]
2024-02-07 23:34:14.670 [info] > git status -z -uall [122ms]
2024-02-07 23:34:17.336 [info] > git show --textconv :tennis-court-schedules/resources/views/court/show-court.blade.php [30ms]
2024-02-07 23:34:17.347 [info] > git ls-files --stage -- /home/nattyu/tennis-court-schedules/resources/views/court/show-court.blade.php [21ms]
2024-02-07 23:34:19.958 [info] > git config --get commit.template [28ms]
2024-02-07 23:34:19.960 [info] > git for-each-ref --format=%(refname)%00%(upstream:short)%00%(objectname)%00%(upstream:track)%00%(upstream:remotename)%00%(upstream:remoteref) refs/heads/master refs/remotes/master [6ms]
2024-02-07 23:34:20.111 [info] > git status -z -uall [130ms]
2024-02-07 23:34:47.823 [info] > git config --get commit.template [18ms]
2024-02-07 23:34:47.824 [info] > git for-each-ref --format=%(refname)%00%(upstream:short)%00%(objectname)%00%(upstream:track)%00%(upstream:remotename)%00%(upstream:remoteref) refs/heads/master refs/remotes/master [3ms]
2024-02-07 23:34:47.956 [info] > git status -z -uall [114ms]
2024-02-07 23:34:53.282 [info] > git config --get commit.template [21ms]
2024-02-07 23:34:53.283 [info] > git for-each-ref --format=%(refname)%00%(upstream:short)%00%(objectname)%00%(upstream:track)%00%(upstream:remotename)%00%(upstream:remoteref) refs/heads/master refs/remotes/master [2ms]
2024-02-07 23:34:53.360 [info] > git status -z -uall [60ms]
2024-02-07 23:34:58.559 [info] > git config --get commit.template [3ms]
2024-02-07 23:34:58.582 [info] > git for-each-ref --format=%(refname)%00%(upstream:short)%00%(objectname)%00%(upstream:track)%00%(upstream:remotename)%00%(upstream:remoteref) refs/heads/master refs/remotes/master [2ms]
2024-02-07 23:34:58.691 [info] > git status -z -uall [82ms]
2024-02-07 23:35:03.875 [info] > git config --get commit.template [1ms]
2024-02-07 23:35:03.896 [info] > git for-each-ref --format=%(refname)%00%(upstream:short)%00%(objectname)%00%(upstream:track)%00%(upstream:remotename)%00%(upstream:remoteref) refs/heads/master refs/remotes/master [2ms]
2024-02-07 23:35:04.006 [info] > git status -z -uall [91ms]
2024-02-07 23:35:09.208 [info] > git config --get commit.template [30ms]
2024-02-07 23:35:09.210 [info] > git for-each-ref --format=%(refname)%00%(upstream:short)%00%(objectname)%00%(upstream:track)%00%(upstream:remotename)%00%(upstream:remoteref) refs/heads/master refs/remotes/master [4ms]
2024-02-07 23:35:09.364 [info] > git status -z -uall [132ms]
2024-02-07 23:35:15.517 [info] > git config --get commit.template [27ms]
2024-02-07 23:35:15.518 [info] > git for-each-ref --format=%(refname)%00%(upstream:short)%00%(objectname)%00%(upstream:track)%00%(upstream:remotename)%00%(upstream:remoteref) refs/heads/master refs/remotes/master [2ms]
2024-02-07 23:35:15.699 [info] > git status -z -uall [161ms]
2024-02-07 23:35:20.946 [info] > git config --get commit.template [31ms]
2024-02-07 23:35:20.948 [info] > git for-each-ref --format=%(refname)%00%(upstream:short)%00%(objectname)%00%(upstream:track)%00%(upstream:remotename)%00%(upstream:remoteref) refs/heads/master refs/remotes/master [3ms]
2024-02-07 23:35:21.071 [info] > git status -z -uall [100ms]
2024-02-07 23:35:27.856 [info] > git config --get commit.template [35ms]
2024-02-07 23:35:27.861 [info] > git for-each-ref --format=%(refname)%00%(upstream:short)%00%(objectname)%00%(upstream:track)%00%(upstream:remotename)%00%(upstream:remoteref) refs/heads/master refs/remotes/master [8ms]
2024-02-07 23:35:28.019 [info] > git status -z -uall [124ms]
2024-02-07 23:35:33.307 [info] > git config --get commit.template [28ms]
2024-02-07 23:35:33.310 [info] > git for-each-ref --format=%(refname)%00%(upstream:short)%00%(objectname)%00%(upstream:track)%00%(upstream:remotename)%00%(upstream:remoteref) refs/heads/master refs/remotes/master [4ms]
2024-02-07 23:35:33.484 [info] > git status -z -uall [144ms]
2024-02-07 23:35:40.363 [info] > git config --get commit.template [39ms]
2024-02-07 23:35:40.365 [info] > git for-each-ref --format=%(refname)%00%(upstream:short)%00%(objectname)%00%(upstream:track)%00%(upstream:remotename)%00%(upstream:remoteref) refs/heads/master refs/remotes/master [3ms]
2024-02-07 23:35:40.538 [info] > git status -z -uall [141ms]
2024-02-07 23:35:53.144 [info] > git config --get commit.template [1ms]
2024-02-07 23:35:53.185 [info] > git for-each-ref --format=%(refname)%00%(upstream:short)%00%(objectname)%00%(upstream:track)%00%(upstream:remotename)%00%(upstream:remoteref) refs/heads/master refs/remotes/master [7ms]
2024-02-07 23:35:53.324 [info] > git status -z -uall [105ms]
2024-02-07 23:35:58.669 [info] > git config --get commit.template [29ms]
2024-02-07 23:35:58.673 [info] > git for-each-ref --format=%(refname)%00%(upstream:short)%00%(objectname)%00%(upstream:track)%00%(upstream:remotename)%00%(upstream:remoteref) refs/heads/master refs/remotes/master [7ms]
2024-02-07 23:35:58.854 [info] > git status -z -uall [160ms]
2024-02-07 23:36:04.064 [info] > git config --get commit.template [24ms]
2024-02-07 23:36:04.065 [info] > git for-each-ref --format=%(refname)%00%(upstream:short)%00%(objectname)%00%(upstream:track)%00%(upstream:remotename)%00%(upstream:remoteref) refs/heads/master refs/remotes/master [1ms]
2024-02-07 23:36:04.209 [info] > git status -z -uall [121ms]
2024-02-07 23:36:11.208 [info] > git config --get commit.template [24ms]
2024-02-07 23:36:11.208 [info] > git for-each-ref --format=%(refname)%00%(upstream:short)%00%(objectname)%00%(upstream:track)%00%(upstream:remotename)%00%(upstream:remoteref) refs/heads/master refs/remotes/master [2ms]
2024-02-07 23:36:11.296 [info] > git status -z -uall [66ms]
2024-02-07 23:36:29.213 [info] > git config --get commit.template [22ms]
2024-02-07 23:36:29.214 [info] > git for-each-ref --format=%(refname)%00%(upstream:short)%00%(objectname)%00%(upstream:track)%00%(upstream:remotename)%00%(upstream:remoteref) refs/heads/master refs/remotes/master [2ms]
2024-02-07 23:36:29.339 [info] > git status -z -uall [101ms]
2024-02-07 23:36:34.559 [info] > git config --get commit.template [20ms]
2024-02-07 23:36:34.559 [info] > git for-each-ref --format=%(refname)%00%(upstream:short)%00%(objectname)%00%(upstream:track)%00%(upstream:remotename)%00%(upstream:remoteref) refs/heads/master refs/remotes/master [3ms]
2024-02-07 23:36:34.669 [info] > git status -z -uall [89ms]
2024-02-07 23:36:35.998 [info] > git show --textconv :tennis-court-schedules/app/Http/Controllers/PostCourtController.php [27ms]
2024-02-07 23:36:36.001 [info] > git ls-files --stage -- /home/nattyu/tennis-court-schedules/app/Http/Controllers/PostCourtController.php [6ms]
2024-02-07 23:36:39.883 [info] > git config --get commit.template [27ms]
2024-02-07 23:36:39.884 [info] > git for-each-ref --format=%(refname)%00%(upstream:short)%00%(objectname)%00%(upstream:track)%00%(upstream:remotename)%00%(upstream:remoteref) refs/heads/master refs/remotes/master [2ms]
2024-02-07 23:36:39.984 [info] > git status -z -uall [73ms]
2024-02-07 23:36:45.240 [info] > git config --get commit.template [32ms]
2024-02-07 23:36:45.241 [info] > git for-each-ref --format=%(refname)%00%(upstream:short)%00%(objectname)%00%(upstream:track)%00%(upstream:remotename)%00%(upstream:remoteref) refs/heads/master refs/remotes/master [3ms]
2024-02-07 23:36:45.361 [info] > git status -z -uall [87ms]
2024-02-07 23:36:50.601 [info] > git config --get commit.template [32ms]
2024-02-07 23:36:50.602 [info] > git for-each-ref --format=%(refname)%00%(upstream:short)%00%(objectname)%00%(upstream:track)%00%(upstream:remotename)%00%(upstream:remoteref) refs/heads/master refs/remotes/master [2ms]
2024-02-07 23:36:50.759 [info] > git status -z -uall [132ms]
2024-02-07 23:36:56.017 [info] > git config --get commit.template [32ms]
2024-02-07 23:36:56.018 [info] > git for-each-ref --format=%(refname)%00%(upstream:short)%00%(objectname)%00%(upstream:track)%00%(upstream:remotename)%00%(upstream:remoteref) refs/heads/master refs/remotes/master [2ms]
2024-02-07 23:36:56.149 [info] > git status -z -uall [98ms]
2024-02-07 23:37:01.402 [info] > git config --get commit.template [29ms]
2024-02-07 23:37:01.403 [info] > git for-each-ref --format=%(refname)%00%(upstream:short)%00%(objectname)%00%(upstream:track)%00%(upstream:remotename)%00%(upstream:remoteref) refs/heads/master refs/remotes/master [2ms]
2024-02-07 23:37:01.551 [info] > git status -z -uall [117ms]
2024-02-07 23:37:06.774 [info] > git config --get commit.template [4ms]
2024-02-07 23:37:06.811 [info] > git for-each-ref --format=%(refname)%00%(upstream:short)%00%(objectname)%00%(upstream:track)%00%(upstream:remotename)%00%(upstream:remoteref) refs/heads/master refs/remotes/master [2ms]
2024-02-07 23:37:06.926 [info] > git status -z -uall [89ms]
2024-02-07 23:37:12.134 [info] > git config --get commit.template [5ms]
2024-02-07 23:37:12.175 [info] > git for-each-ref --format=%(refname)%00%(upstream:short)%00%(objectname)%00%(upstream:track)%00%(upstream:remotename)%00%(upstream:remoteref) refs/heads/master refs/remotes/master [2ms]
2024-02-07 23:37:12.351 [info] > git status -z -uall [133ms]
2024-02-07 23:37:17.622 [info] > git config --get commit.template [25ms]
2024-02-07 23:37:17.623 [info] > git for-each-ref --format=%(refname)%00%(upstream:short)%00%(objectname)%00%(upstream:track)%00%(upstream:remotename)%00%(upstream:remoteref) refs/heads/master refs/remotes/master [3ms]
2024-02-07 23:37:17.745 [info] > git status -z -uall [98ms]
2024-02-07 23:37:22.953 [info] > git config --get commit.template [23ms]
2024-02-07 23:37:22.954 [info] > git for-each-ref --format=%(refname)%00%(upstream:short)%00%(objectname)%00%(upstream:track)%00%(upstream:remotename)%00%(upstream:remoteref) refs/heads/master refs/remotes/master [2ms]
2024-02-07 23:37:23.068 [info] > git status -z -uall [90ms]
2024-02-07 23:37:28.251 [info] > git config --get commit.template [5ms]
2024-02-07 23:37:28.285 [info] > git for-each-ref --format=%(refname)%00%(upstream:short)%00%(objectname)%00%(upstream:track)%00%(upstream:remotename)%00%(upstream:remoteref) refs/heads/master refs/remotes/master [9ms]
2024-02-07 23:37:28.374 [info] > git status -z -uall [69ms]
2024-02-07 23:37:33.578 [info] > git config --get commit.template [25ms]
2024-02-07 23:37:33.579 [info] > git for-each-ref --format=%(refname)%00%(upstream:short)%00%(objectname)%00%(upstream:track)%00%(upstream:remotename)%00%(upstream:remoteref) refs/heads/master refs/remotes/master [3ms]
2024-02-07 23:37:33.693 [info] > git status -z -uall [89ms]
2024-02-07 23:37:38.915 [info] > git config --get commit.template [19ms]
2024-02-07 23:37:38.916 [info] > git for-each-ref --format=%(refname)%00%(upstream:short)%00%(objectname)%00%(upstream:track)%00%(upstream:remotename)%00%(upstream:remoteref) refs/heads/master refs/remotes/master [1ms]
2024-02-07 23:37:39.035 [info] > git status -z -uall [102ms]
2024-02-07 23:37:44.247 [info] > git config --get commit.template [6ms]
2024-02-07 23:37:44.277 [info] > git for-each-ref --format=%(refname)%00%(upstream:short)%00%(objectname)%00%(upstream:track)%00%(upstream:remotename)%00%(upstream:remoteref) refs/heads/master refs/remotes/master [2ms]
2024-02-07 23:37:44.385 [info] > git status -z -uall [87ms]
2024-02-07 23:37:49.652 [info] > git config --get commit.template [3ms]
2024-02-07 23:37:49.683 [info] > git for-each-ref --format=%(refname)%00%(upstream:short)%00%(objectname)%00%(upstream:track)%00%(upstream:remotename)%00%(upstream:remoteref) refs/heads/master refs/remotes/master [3ms]
2024-02-07 23:37:49.782 [info] > git status -z -uall [73ms]
2024-02-07 23:38:22.524 [info] > git config --get commit.template [3ms]
2024-02-07 23:38:22.546 [info] > git for-each-ref --format=%(refname)%00%(upstream:short)%00%(objectname)%00%(upstream:track)%00%(upstream:remotename)%00%(upstream:remoteref) refs/heads/master refs/remotes/master [2ms]
2024-02-07 23:38:22.667 [info] > git status -z -uall [104ms]
2024-02-07 23:38:27.986 [info] > git config --get commit.template [2ms]
2024-02-07 23:38:28.002 [info] > git for-each-ref --format=%(refname)%00%(upstream:short)%00%(objectname)%00%(upstream:track)%00%(upstream:remotename)%00%(upstream:remoteref) refs/heads/master refs/remotes/master [2ms]
2024-02-07 23:38:28.101 [info] > git status -z -uall [83ms]
2024-02-07 23:38:41.588 [info] > git config --get commit.template [19ms]
2024-02-07 23:38:41.592 [info] > git for-each-ref --format=%(refname)%00%(upstream:short)%00%(objectname)%00%(upstream:track)%00%(upstream:remotename)%00%(upstream:remoteref) refs/heads/master refs/remotes/master [5ms]
2024-02-07 23:38:41.740 [info] > git status -z -uall [125ms]
2024-02-07 23:38:46.971 [info] > git config --get commit.template [25ms]
2024-02-07 23:38:46.973 [info] > git for-each-ref --format=%(refname)%00%(upstream:short)%00%(objectname)%00%(upstream:track)%00%(upstream:remotename)%00%(upstream:remoteref) refs/heads/master refs/remotes/master [4ms]
2024-02-07 23:38:47.105 [info] > git status -z -uall [112ms]
2024-02-07 23:39:07.400 [info] > git config --get commit.template [25ms]
2024-02-07 23:39:07.401 [info] > git for-each-ref --format=%(refname)%00%(upstream:short)%00%(objectname)%00%(upstream:track)%00%(upstream:remotename)%00%(upstream:remoteref) refs/heads/master refs/remotes/master [4ms]
2024-02-07 23:39:07.551 [info] > git status -z -uall [126ms]
2024-02-07 23:39:12.774 [info] > git config --get commit.template [7ms]
2024-02-07 23:39:12.801 [info] > git for-each-ref --format=%(refname)%00%(upstream:short)%00%(objectname)%00%(upstream:track)%00%(upstream:remotename)%00%(upstream:remoteref) refs/heads/master refs/remotes/master [3ms]
2024-02-07 23:39:12.927 [info] > git status -z -uall [108ms]
2024-02-07 23:39:23.342 [info] > git config --get commit.template [2ms]
2024-02-07 23:39:23.373 [info] > git for-each-ref --format=%(refname)%00%(upstream:short)%00%(objectname)%00%(upstream:track)%00%(upstream:remotename)%00%(upstream:remoteref) refs/heads/master refs/remotes/master [2ms]
2024-02-07 23:39:23.549 [info] > git status -z -uall [152ms]
2024-02-07 23:39:28.772 [info] > git config --get commit.template [25ms]
2024-02-07 23:39:28.772 [info] > git for-each-ref --format=%(refname)%00%(upstream:short)%00%(objectname)%00%(upstream:track)%00%(upstream:remotename)%00%(upstream:remoteref) refs/heads/master refs/remotes/master [1ms]
2024-02-07 23:39:28.874 [info] > git status -z -uall [84ms]
2024-02-07 23:39:34.099 [info] > git config --get commit.template [28ms]
2024-02-07 23:39:34.100 [info] > git for-each-ref --format=%(refname)%00%(upstream:short)%00%(objectname)%00%(upstream:track)%00%(upstream:remotename)%00%(upstream:remoteref) refs/heads/master refs/remotes/master [2ms]
2024-02-07 23:39:34.211 [info] > git status -z -uall [82ms]
2024-02-07 23:39:42.306 [info] > git config --get commit.template [1ms]
2024-02-07 23:39:42.333 [info] > git for-each-ref --format=%(refname)%00%(upstream:short)%00%(objectname)%00%(upstream:track)%00%(upstream:remotename)%00%(upstream:remoteref) refs/heads/master refs/remotes/master [2ms]
2024-02-07 23:39:42.453 [info] > git status -z -uall [98ms]
2024-02-07 23:39:47.641 [info] > git config --get commit.template [8ms]
2024-02-07 23:39:47.662 [info] > git for-each-ref --format=%(refname)%00%(upstream:short)%00%(objectname)%00%(upstream:track)%00%(upstream:remotename)%00%(upstream:remoteref) refs/heads/master refs/remotes/master [1ms]
2024-02-07 23:39:47.773 [info] > git status -z -uall [86ms]
2024-02-07 23:39:53.005 [info] > git config --get commit.template [37ms]
2024-02-07 23:39:53.005 [info] > git for-each-ref --format=%(refname)%00%(upstream:short)%00%(objectname)%00%(upstream:track)%00%(upstream:remotename)%00%(upstream:remoteref) refs/heads/master refs/remotes/master [2ms]
2024-02-07 23:39:53.182 [info] > git status -z -uall [140ms]
2024-02-07 23:39:58.436 [info] > git config --get commit.template [33ms]
2024-02-07 23:39:58.437 [info] > git for-each-ref --format=%(refname)%00%(upstream:short)%00%(objectname)%00%(upstream:track)%00%(upstream:remotename)%00%(upstream:remoteref) refs/heads/master refs/remotes/master [2ms]
2024-02-07 23:39:58.554 [info] > git status -z -uall [86ms]
2024-02-07 23:40:03.798 [info] > git config --get commit.template [28ms]
2024-02-07 23:40:03.798 [info] > git for-each-ref --format=%(refname)%00%(upstream:short)%00%(objectname)%00%(upstream:track)%00%(upstream:remotename)%00%(upstream:remoteref) refs/heads/master refs/remotes/master [2ms]
2024-02-07 23:40:03.927 [info] > git status -z -uall [98ms]
2024-02-07 23:40:09.180 [info] > git config --get commit.template [29ms]
2024-02-07 23:40:09.180 [info] > git for-each-ref --format=%(refname)%00%(upstream:short)%00%(objectname)%00%(upstream:track)%00%(upstream:remotename)%00%(upstream:remoteref) refs/heads/master refs/remotes/master [2ms]
2024-02-07 23:40:09.280 [info] > git status -z -uall [83ms]
2024-02-07 23:40:14.502 [info] > git config --get commit.template [2ms]
2024-02-07 23:40:14.526 [info] > git for-each-ref --format=%(refname)%00%(upstream:short)%00%(objectname)%00%(upstream:track)%00%(upstream:remotename)%00%(upstream:remoteref) refs/heads/master refs/remotes/master [2ms]
2024-02-07 23:40:14.631 [info] > git status -z -uall [83ms]
2024-02-07 23:40:19.863 [info] > git config --get commit.template [21ms]
2024-02-07 23:40:19.865 [info] > git for-each-ref --format=%(refname)%00%(upstream:short)%00%(objectname)%00%(upstream:track)%00%(upstream:remotename)%00%(upstream:remoteref) refs/heads/master refs/remotes/master [3ms]
2024-02-07 23:40:19.961 [info] > git status -z -uall [80ms]
2024-02-07 23:40:25.162 [info] > git config --get commit.template [22ms]
2024-02-07 23:40:25.162 [info] > git for-each-ref --format=%(refname)%00%(upstream:short)%00%(objectname)%00%(upstream:track)%00%(upstream:remotename)%00%(upstream:remoteref) refs/heads/master refs/remotes/master [2ms]
2024-02-07 23:40:25.258 [info] > git status -z -uall [76ms]
2024-02-07 23:40:30.475 [info] > git config --get commit.template [28ms]
2024-02-07 23:40:30.476 [info] > git for-each-ref --format=%(refname)%00%(upstream:short)%00%(objectname)%00%(upstream:track)%00%(upstream:remotename)%00%(upstream:remoteref) refs/heads/master refs/remotes/master [3ms]
2024-02-07 23:40:30.570 [info] > git status -z -uall [74ms]
2024-02-07 23:40:35.798 [info] > git config --get commit.template [24ms]
2024-02-07 23:40:35.799 [info] > git for-each-ref --format=%(refname)%00%(upstream:short)%00%(objectname)%00%(upstream:track)%00%(upstream:remotename)%00%(upstream:remoteref) refs/heads/master refs/remotes/master [3ms]
2024-02-07 23:40:35.987 [info] > git status -z -uall [148ms]
2024-02-07 23:40:41.307 [info] > git config --get commit.template [27ms]
2024-02-07 23:40:41.308 [info] > git for-each-ref --format=%(refname)%00%(upstream:short)%00%(objectname)%00%(upstream:track)%00%(upstream:remotename)%00%(upstream:remoteref) refs/heads/master refs/remotes/master [2ms]
2024-02-07 23:40:41.434 [info] > git status -z -uall [102ms]
2024-02-07 23:40:46.687 [info] > git config --get commit.template [40ms]
2024-02-07 23:40:46.688 [info] > git for-each-ref --format=%(refname)%00%(upstream:short)%00%(objectname)%00%(upstream:track)%00%(upstream:remotename)%00%(upstream:remoteref) refs/heads/master refs/remotes/master [7ms]
2024-02-07 23:40:46.803 [info] > git status -z -uall [84ms]
2024-02-07 23:40:52.104 [info] > git config --get commit.template [24ms]
2024-02-07 23:40:52.105 [info] > git for-each-ref --format=%(refname)%00%(upstream:short)%00%(objectname)%00%(upstream:track)%00%(upstream:remotename)%00%(upstream:remoteref) refs/heads/master refs/remotes/master [2ms]
2024-02-07 23:40:52.219 [info] > git status -z -uall [88ms]
2024-02-07 23:40:57.450 [info] > git config --get commit.template [30ms]
2024-02-07 23:40:57.451 [info] > git for-each-ref --format=%(refname)%00%(upstream:short)%00%(objectname)%00%(upstream:track)%00%(upstream:remotename)%00%(upstream:remoteref) refs/heads/master refs/remotes/master [3ms]
2024-02-07 23:40:57.570 [info] > git status -z -uall [88ms]
2024-02-07 23:42:15.950 [info] > git config --get commit.template [21ms]
2024-02-07 23:42:15.951 [info] > git for-each-ref --format=%(refname)%00%(upstream:short)%00%(objectname)%00%(upstream:track)%00%(upstream:remotename)%00%(upstream:remoteref) refs/heads/master refs/remotes/master [3ms]
2024-02-07 23:42:16.129 [info] > git status -z -uall [162ms]
2024-02-07 23:42:21.462 [info] > git config --get commit.template [24ms]
2024-02-07 23:42:21.463 [info] > git for-each-ref --format=%(refname)%00%(upstream:short)%00%(objectname)%00%(upstream:track)%00%(upstream:remotename)%00%(upstream:remoteref) refs/heads/master refs/remotes/master [3ms]
2024-02-07 23:42:21.582 [info] > git status -z -uall [99ms]
2024-02-07 23:42:27.746 [info] > git config --get commit.template [3ms]
2024-02-07 23:42:27.772 [info] > git for-each-ref --format=%(refname)%00%(upstream:short)%00%(objectname)%00%(upstream:track)%00%(upstream:remotename)%00%(upstream:remoteref) refs/heads/master refs/remotes/master [2ms]
2024-02-07 23:42:27.871 [info] > git status -z -uall [77ms]
2024-02-07 23:42:33.063 [info] > git config --get commit.template [18ms]
2024-02-07 23:42:33.063 [info] > git for-each-ref --format=%(refname)%00%(upstream:short)%00%(objectname)%00%(upstream:track)%00%(upstream:remotename)%00%(upstream:remoteref) refs/heads/master refs/remotes/master [1ms]
2024-02-07 23:42:33.167 [info] > git status -z -uall [89ms]
2024-02-07 23:42:38.514 [info] > git config --get commit.template [2ms]
2024-02-07 23:42:38.534 [info] > git for-each-ref --format=%(refname)%00%(upstream:short)%00%(objectname)%00%(upstream:track)%00%(upstream:remotename)%00%(upstream:remoteref) refs/heads/master refs/remotes/master [1ms]
2024-02-07 23:42:38.633 [info] > git status -z -uall [79ms]
2024-02-07 23:42:51.112 [info] > git config --get commit.template [2ms]
2024-02-07 23:42:51.139 [info] > git for-each-ref --format=%(refname)%00%(upstream:short)%00%(objectname)%00%(upstream:track)%00%(upstream:remotename)%00%(upstream:remoteref) refs/heads/master refs/remotes/master [4ms]
2024-02-07 23:42:51.260 [info] > git status -z -uall [104ms]
2024-02-07 23:42:56.534 [info] > git config --get commit.template [22ms]
2024-02-07 23:42:56.534 [info] > git for-each-ref --format=%(refname)%00%(upstream:short)%00%(objectname)%00%(upstream:track)%00%(upstream:remotename)%00%(upstream:remoteref) refs/heads/master refs/remotes/master [1ms]
2024-02-07 23:42:56.635 [info] > git status -z -uall [82ms]
2024-02-07 23:43:01.872 [info] > git config --get commit.template [24ms]
2024-02-07 23:43:01.873 [info] > git for-each-ref --format=%(refname)%00%(upstream:short)%00%(objectname)%00%(upstream:track)%00%(upstream:remotename)%00%(upstream:remoteref) refs/heads/master refs/remotes/master [1ms]
2024-02-07 23:43:01.985 [info] > git status -z -uall [94ms]
2024-02-07 23:43:07.218 [info] > git config --get commit.template [24ms]
2024-02-07 23:43:07.220 [info] > git for-each-ref --format=%(refname)%00%(upstream:short)%00%(objectname)%00%(upstream:track)%00%(upstream:remotename)%00%(upstream:remoteref) refs/heads/master refs/remotes/master [4ms]
2024-02-07 23:43:07.436 [info] > git status -z -uall [193ms]
2024-02-07 23:43:12.704 [info] > git config --get commit.template [22ms]
2024-02-07 23:43:12.710 [info] > git for-each-ref --format=%(refname)%00%(upstream:short)%00%(objectname)%00%(upstream:track)%00%(upstream:remotename)%00%(upstream:remoteref) refs/heads/master refs/remotes/master [6ms]
2024-02-07 23:43:12.854 [info] > git status -z -uall [124ms]
2024-02-07 23:43:45.264 [info] > git config --get commit.template [32ms]
2024-02-07 23:43:45.266 [info] > git for-each-ref --format=%(refname)%00%(upstream:short)%00%(objectname)%00%(upstream:track)%00%(upstream:remotename)%00%(upstream:remoteref) refs/heads/master refs/remotes/master [2ms]
2024-02-07 23:43:45.447 [info] > git status -z -uall [150ms]
2024-02-07 23:43:50.795 [info] > git config --get commit.template [26ms]
2024-02-07 23:43:50.796 [info] > git for-each-ref --format=%(refname)%00%(upstream:short)%00%(objectname)%00%(upstream:track)%00%(upstream:remotename)%00%(upstream:remoteref) refs/heads/master refs/remotes/master [3ms]
2024-02-07 23:43:50.917 [info] > git status -z -uall [96ms]
2024-02-07 23:43:56.167 [info] > git config --get commit.template [30ms]
2024-02-07 23:43:56.168 [info] > git for-each-ref --format=%(refname)%00%(upstream:short)%00%(objectname)%00%(upstream:track)%00%(upstream:remotename)%00%(upstream:remoteref) refs/heads/master refs/remotes/master [2ms]
2024-02-07 23:43:56.287 [info] > git status -z -uall [95ms]
2024-02-07 23:44:01.494 [info] > git config --get commit.template [1ms]
2024-02-07 23:44:01.509 [info] > git for-each-ref --format=%(refname)%00%(upstream:short)%00%(objectname)%00%(upstream:track)%00%(upstream:remotename)%00%(upstream:remoteref) refs/heads/master refs/remotes/master [1ms]
2024-02-07 23:44:01.611 [info] > git status -z -uall [86ms]
2024-02-07 23:44:06.853 [info] > git config --get commit.template [28ms]
2024-02-07 23:44:06.857 [info] > git for-each-ref --format=%(refname)%00%(upstream:short)%00%(objectname)%00%(upstream:track)%00%(upstream:remotename)%00%(upstream:remoteref) refs/heads/master refs/remotes/master [5ms]
2024-02-07 23:44:06.949 [info] > git status -z -uall [70ms]
2024-02-07 23:44:12.165 [info] > git config --get commit.template [27ms]
2024-02-07 23:44:12.167 [info] > git for-each-ref --format=%(refname)%00%(upstream:short)%00%(objectname)%00%(upstream:track)%00%(upstream:remotename)%00%(upstream:remoteref) refs/heads/master refs/remotes/master [3ms]
2024-02-07 23:44:12.291 [info] > git status -z -uall [97ms]
2024-02-07 23:44:17.548 [info] > git config --get commit.template [27ms]
2024-02-07 23:44:17.548 [info] > git for-each-ref --format=%(refname)%00%(upstream:short)%00%(objectname)%00%(upstream:track)%00%(upstream:remotename)%00%(upstream:remoteref) refs/heads/master refs/remotes/master [2ms]
2024-02-07 23:44:17.641 [info] > git status -z -uall [65ms]
2024-02-07 23:44:22.857 [info] > git config --get commit.template [29ms]
2024-02-07 23:44:22.858 [info] > git for-each-ref --format=%(refname)%00%(upstream:short)%00%(objectname)%00%(upstream:track)%00%(upstream:remotename)%00%(upstream:remoteref) refs/heads/master refs/remotes/master [2ms]
2024-02-07 23:44:22.958 [info] > git status -z -uall [71ms]
2024-02-07 23:44:28.173 [info] > git config --get commit.template [23ms]
2024-02-07 23:44:28.174 [info] > git for-each-ref --format=%(refname)%00%(upstream:short)%00%(objectname)%00%(upstream:track)%00%(upstream:remotename)%00%(upstream:remoteref) refs/heads/master refs/remotes/master [2ms]
2024-02-07 23:44:28.319 [info] > git status -z -uall [117ms]
2024-02-07 23:44:33.550 [info] > git config --get commit.template [3ms]
2024-02-07 23:44:33.577 [info] > git for-each-ref --format=%(refname)%00%(upstream:short)%00%(objectname)%00%(upstream:track)%00%(upstream:remotename)%00%(upstream:remoteref) refs/heads/master refs/remotes/master [2ms]
2024-02-07 23:44:33.679 [info] > git status -z -uall [73ms]
2024-02-07 23:44:38.931 [info] > git config --get commit.template [26ms]
2024-02-07 23:44:38.932 [info] > git for-each-ref --format=%(refname)%00%(upstream:short)%00%(objectname)%00%(upstream:track)%00%(upstream:remotename)%00%(upstream:remoteref) refs/heads/master refs/remotes/master [2ms]
2024-02-07 23:44:39.068 [info] > git status -z -uall [109ms]
2024-02-07 23:44:44.344 [info] > git config --get commit.template [35ms]
2024-02-07 23:44:44.345 [info] > git for-each-ref --format=%(refname)%00%(upstream:short)%00%(objectname)%00%(upstream:track)%00%(upstream:remotename)%00%(upstream:remoteref) refs/heads/master refs/remotes/master [2ms]
2024-02-07 23:44:44.453 [info] > git status -z -uall [84ms]
2024-02-07 23:44:49.745 [info] > git config --get commit.template [2ms]
2024-02-07 23:44:49.783 [info] > git for-each-ref --format=%(refname)%00%(upstream:short)%00%(objectname)%00%(upstream:track)%00%(upstream:remotename)%00%(upstream:remoteref) refs/heads/master refs/remotes/master [2ms]
2024-02-07 23:44:49.930 [info] > git status -z -uall [119ms]
2024-02-07 23:45:02.156 [info] > git config --get commit.template [42ms]
2024-02-07 23:45:02.157 [info] > git for-each-ref --format=%(refname)%00%(upstream:short)%00%(objectname)%00%(upstream:track)%00%(upstream:remotename)%00%(upstream:remoteref) refs/heads/master refs/remotes/master [2ms]
2024-02-07 23:45:02.416 [info] > git status -z -uall [217ms]
2024-02-07 23:45:07.718 [info] > git config --get commit.template [4ms]
2024-02-07 23:45:07.759 [info] > git for-each-ref --format=%(refname)%00%(upstream:short)%00%(objectname)%00%(upstream:track)%00%(upstream:remotename)%00%(upstream:remoteref) refs/heads/master refs/remotes/master [5ms]
2024-02-07 23:45:07.952 [info] > git status -z -uall [157ms]
2024-02-07 23:45:13.199 [info] > git config --get commit.template [24ms]
2024-02-07 23:45:13.199 [info] > git for-each-ref --format=%(refname)%00%(upstream:short)%00%(objectname)%00%(upstream:track)%00%(upstream:remotename)%00%(upstream:remoteref) refs/heads/master refs/remotes/master [2ms]
2024-02-07 23:45:13.320 [info] > git status -z -uall [104ms]
2024-02-07 23:45:55.263 [info] > git config --get commit.template [2ms]
2024-02-07 23:45:55.335 [info] > git for-each-ref --format=%(refname)%00%(upstream:short)%00%(objectname)%00%(upstream:track)%00%(upstream:remotename)%00%(upstream:remoteref) refs/heads/master refs/remotes/master [24ms]
2024-02-07 23:45:55.538 [info] > git status -z -uall [153ms]
