2024-01-24 00:11:59.920 [info] ログ レベル: Info
2024-01-24 00:11:59.920 [info] Git の検証が検出されました: "git"
2024-01-24 00:11:59.920 [info] "git" から Git "2.34.1" を使用しています
2024-01-24 00:11:59.920 [info] > git rev-parse --show-toplevel [581ms]
2024-01-24 00:11:59.920 [info] > git rev-parse --show-toplevel [12ms]
2024-01-24 00:12:00.323 [info] > git rev-parse --show-toplevel [340ms]
2024-01-24 00:12:00.386 [info] > git rev-parse --show-toplevel [40ms]
2024-01-24 00:12:00.411 [info] > git rev-parse --show-toplevel [13ms]
2024-01-24 00:12:00.453 [info] > git rev-parse --show-toplevel [11ms]
2024-01-24 00:12:00.501 [info] > git rev-parse --show-toplevel [14ms]
2024-01-24 00:12:00.514 [info] > git rev-parse --show-toplevel [2ms]
2024-01-24 00:12:00.521 [info] > git rev-parse --show-toplevel [2ms]
2024-01-24 00:12:00.533 [info] > git rev-parse --show-toplevel [2ms]
2024-01-24 00:12:00.543 [info] > git rev-parse --show-toplevel [2ms]
2024-01-24 00:12:00.554 [info] > git rev-parse --show-toplevel [3ms]
2024-01-24 00:12:10.886 [info] > git rev-parse --show-toplevel [2ms]
2024-01-24 00:12:10.900 [info] > git rev-parse --git-dir --git-common-dir [4ms]
2024-01-24 00:12:10.925 [info] Open repository: /home/nattyu
2024-01-24 00:12:10.946 [info] > git config --get commit.template [2ms]
2024-01-24 00:12:10.974 [info] > git for-each-ref --format=%(refname)%00%(upstream:short)%00%(objectname)%00%(upstream:track)%00%(upstream:remotename)%00%(upstream:remoteref) refs/heads/master refs/remotes/master [14ms]
2024-01-24 00:12:11.247 [info] > git show --textconv :laravel-test/config/app.php [9ms]
2024-01-24 00:12:11.250 [info] > git ls-files --stage -- /home/nattyu/laravel-test/config/app.php [4ms]
2024-01-24 00:12:11.259 [info] > git cat-file -s 9207160dc8f7ac5ec15353310886f8d17477d65a [2ms]
2024-01-24 00:12:11.505 [info] > git check-ignore -v -z --stdin [2ms]
2024-01-24 00:12:11.995 [info] > git status -z -uall [1010ms] (cancelled)
2024-01-24 00:12:19.964 [info] > git config --get commit.template [53ms]
2024-01-24 00:12:20.018 [info] > git for-each-ref --format=%(refname)%00%(upstream:short)%00%(objectname)%00%(upstream:track)%00%(upstream:remotename)%00%(upstream:remoteref) refs/heads/master refs/remotes/master [30ms]
2024-01-24 00:12:21.711 [info] > git status -z -uall [1675ms] (cancelled)
2024-01-24 00:12:54.396 [info] > git show --textconv :laravel-test/config/app.php [17ms]
2024-01-24 00:12:54.404 [info] > git ls-files --stage -- /home/nattyu/laravel-test/config/app.php [9ms]
2024-01-24 00:12:54.420 [info] > git cat-file -s 9207160dc8f7ac5ec15353310886f8d17477d65a [2ms]
2024-01-24 00:13:05.728 [info] > git check-ignore -v -z --stdin [47ms]
2024-01-24 00:13:05.729 [info] > git show --textconv :laravel-test/docker-compose.yml [31ms]
2024-01-24 00:13:05.731 [info] > git ls-files --stage -- /home/nattyu/laravel-test/docker-compose.yml [15ms]
2024-01-24 00:13:05.756 [info] > git cat-file -s 33190a89d022ca48d0d107cee91f94526c41918e [12ms]
2024-01-24 00:13:06.877 [info] > git show --textconv :laravel-test/config/app.php [20ms]
2024-01-24 00:13:06.881 [info] > git ls-files --stage -- /home/nattyu/laravel-test/config/app.php [5ms]
2024-01-24 00:13:06.895 [info] > git cat-file -s 9207160dc8f7ac5ec15353310886f8d17477d65a [2ms]
2024-01-24 00:28:30.247 [info] > git check-ignore -v -z --stdin [8ms]
2024-01-24 00:28:34.929 [info] > git check-ignore -v -z --stdin [6ms]
2024-01-24 00:33:21.644 [info] > git check-ignore -v -z --stdin [2ms]
2024-01-24 00:33:24.586 [info] > git check-ignore -v -z --stdin [4ms]
2024-01-24 00:33:28.254 [info] > git check-ignore -v -z --stdin [5ms]
2024-01-24 00:36:50.586 [info] > git check-ignore -v -z --stdin [2ms]
2024-01-24 00:36:52.104 [info] > git check-ignore -v -z --stdin [3ms]
2024-01-24 00:41:53.201 [info] > git ls-files --stage -- /home/nattyu/laravel-test/config/app.php [4ms]
2024-01-24 00:41:53.211 [info] > git cat-file -s b8571c11f291d06af0aca1c15119332c1d2c1830 [2ms]
2024-01-24 00:41:53.226 [info] > git show --textconv :laravel-test/config/app.php [3ms]
2024-01-24 00:43:10.679 [info] > git ls-files --stage -- /home/nattyu/laravel-test/config/app.php [2ms]
2024-01-24 00:43:10.698 [info] > git cat-file -s b8571c11f291d06af0aca1c15119332c1d2c1830 [4ms]
2024-01-24 00:43:10.719 [info] > git show --textconv :laravel-test/config/app.php [2ms]
2024-01-24 00:44:20.024 [info] > git ls-files --stage -- /home/nattyu/laravel-test/config/app.php [2ms]
2024-01-24 00:44:20.040 [info] > git cat-file -s b8571c11f291d06af0aca1c15119332c1d2c1830 [3ms]
2024-01-24 00:44:20.066 [info] > git show --textconv :laravel-test/config/app.php [4ms]
2024-01-24 00:44:22.873 [info] > git ls-files --stage -- /home/nattyu/laravel-test/config/app.php [6ms]
2024-01-24 00:44:22.886 [info] > git cat-file -s b8571c11f291d06af0aca1c15119332c1d2c1830 [1ms]
2024-01-24 00:44:22.907 [info] > git show --textconv :laravel-test/config/app.php [5ms]
2024-01-24 00:45:21.428 [info] > git ls-files --stage -- /home/nattyu/laravel-test/config/app.php [2ms]
2024-01-24 00:45:21.446 [info] > git cat-file -s b8571c11f291d06af0aca1c15119332c1d2c1830 [3ms]
2024-01-24 00:45:21.469 [info] > git show --textconv :laravel-test/config/app.php [3ms]
2024-01-24 00:46:03.028 [info] > git ls-files --stage -- /home/nattyu/laravel-test/config/app.php [6ms]
2024-01-24 00:46:03.044 [info] > git cat-file -s b8571c11f291d06af0aca1c15119332c1d2c1830 [1ms]
2024-01-24 00:46:03.065 [info] > git show --textconv :laravel-test/config/app.php [3ms]
2024-01-24 00:46:22.032 [info] > git ls-files --stage -- /home/nattyu/laravel-test/config/app.php [4ms]
2024-01-24 00:46:22.047 [info] > git cat-file -s b8571c11f291d06af0aca1c15119332c1d2c1830 [2ms]
2024-01-24 00:46:22.072 [info] > git show --textconv :laravel-test/config/app.php [4ms]
2024-01-24 01:00:56.428 [info] > git check-ignore -v -z --stdin [4ms]
2024-01-24 01:00:57.866 [info] > git check-ignore -v -z --stdin [2ms]
2024-01-24 01:01:00.641 [info] > git check-ignore -v -z --stdin [2ms]
2024-01-24 01:01:03.590 [info] > git show --textconv :laravel-test/public/build/manifest.json [47ms]
2024-01-24 01:01:03.592 [info] > git ls-files --stage -- /home/nattyu/laravel-test/public/build/manifest.json [37ms]
2024-01-24 01:01:14.878 [info] > git show --textconv :laravel-test/config/app.php [14ms]
2024-01-24 01:01:14.880 [info] > git ls-files --stage -- /home/nattyu/laravel-test/config/app.php [3ms]
2024-01-24 01:01:14.891 [info] > git cat-file -s b8571c11f291d06af0aca1c15119332c1d2c1830 [2ms]
2024-01-24 01:02:58.888 [info] > git show --textconv :laravel-test/package.json [12ms]
2024-01-24 01:02:58.896 [info] > git ls-files --stage -- /home/nattyu/laravel-test/package.json [9ms]
2024-01-24 01:02:58.907 [info] > git cat-file -s 31208d1a2f4c637f2007aca34dd8b4881f7f1176 [2ms]
2024-01-24 01:03:09.253 [info] > git show --textconv :laravel-test/config/app.php [15ms]
2024-01-24 01:03:09.254 [info] > git ls-files --stage -- /home/nattyu/laravel-test/config/app.php [3ms]
2024-01-24 01:03:09.267 [info] > git cat-file -s b8571c11f291d06af0aca1c15119332c1d2c1830 [3ms]
2024-01-24 11:34:21.905 [info] > git ls-files --stage -- /home/nattyu/laravel-test/config/app.php [3ms]
2024-01-24 11:34:21.917 [info] > git cat-file -s b8571c11f291d06af0aca1c15119332c1d2c1830 [2ms]
2024-01-24 11:34:21.936 [info] > git show --textconv :laravel-test/config/app.php [3ms]
2024-01-24 11:35:06.454 [info] > git show --textconv :laravel-test/.gitignore [25ms]
2024-01-24 11:35:06.459 [info] > git ls-files --stage -- /home/nattyu/laravel-test/.gitignore [7ms]
2024-01-24 11:35:06.472 [info] > git cat-file -s 1bea42a68699c31043ef980482014082af43fde0 [3ms]
2024-01-24 11:35:23.384 [info] > git show --textconv :laravel-test/config/app.php [17ms]
2024-01-24 11:35:23.388 [info] > git ls-files --stage -- /home/nattyu/laravel-test/config/app.php [4ms]
2024-01-24 11:35:23.398 [info] > git cat-file -s b8571c11f291d06af0aca1c15119332c1d2c1830 [1ms]
