[Info  - 10:12:59 PM] Initialising intelephense 1.10.2
[Info  - 10:12:59 PM] Reading state from /home/nattyu/.vscode-server/data/User/workspaceStorage/5d5ad518a425d6cb473e517b3a0ba92f/bmewburn.vscode-intelephense-client/4c1f4e7a.
[Info  - 10:13:01 PM] Initialised in 1553 ms
[Info  - 10:13:01 PM] Searching file:///home/nattyu/.vscode-server/extensions/bmewburn.vscode-intelephense-client-1.10.2/node_modules/intelephense/lib/stub for files to index.
[Info  - 10:13:01 PM] Searching file:///home/nattyu/tennis-court-schedules for files to index.
[Warn  - 10:13:04 PM] file:///home/nattyu/tennis-court-schedules/vendor/fakerphp/faker/src/Faker/Provider/nl_BE/Text.php is over the maximum file size of 1000000 bytes.
[Info  - 10:13:04 PM] Indexing started.
[Info  - 10:13:04 PM] Indexing ended. 12 files indexed in 0s.
[Info  - 10:13:04 PM] Writing state to /home/nattyu/.vscode-server/data/User/workspaceStorage/5d5ad518a425d6cb473e517b3a0ba92f/bmewburn.vscode-intelephense-client/4c1f4e7a.
[Info  - 10:13:06 PM] Wrote state in 1.7s.
[Info  - 10:34:17 PM] Indexing started.
[Info  - 10:34:17 PM] Indexing ended. 1 files indexed in 0s.
[Info  - 10:35:35 PM] Indexing started.
[Info  - 10:35:36 PM] Indexing ended. 1 files indexed in 0s.
[Info  - 10:37:42 PM] Indexing started.
[Info  - 10:37:42 PM] Indexing ended. 2 files indexed in 0s.
[Info  - 10:38:06 PM] Indexing started.
[Info  - 10:38:06 PM] Indexing ended. 1 files indexed in 0s.
[Info  - 11:35:11 PM] Indexing started.
[Info  - 11:35:11 PM] Indexing ended. 2 files indexed in 0s.
[Info  - 11:35:12 PM] Indexing started.
[Info  - 11:35:12 PM] Indexing ended. 1 files indexed in 0s.
[Info  - 11:35:36 PM] Indexing started.
[Info  - 11:35:36 PM] Indexing ended. 1 files indexed in 0s.
[Info  - 11:35:37 PM] Indexing started.
[Info  - 11:35:37 PM] Indexing ended. 1 files indexed in 0s.
[Info  - 11:35:43 PM] Indexing started.
[Info  - 11:35:43 PM] Indexing ended. 1 files indexed in 0s.
[Info  - 11:35:44 PM] Indexing started.
[Info  - 11:35:44 PM] Indexing ended. 1 files indexed in 0s.
[Info  - 11:36:08 PM] Indexing started.
[Info  - 11:36:08 PM] Indexing ended. 2 files indexed in 0s.
[Info  - 11:36:09 PM] Indexing started.
[Info  - 11:36:09 PM] Indexing ended. 1 files indexed in 0s.
