2024-02-11 22:58:35.155 [info] Extension host with pid 4997 started
2024-02-11 22:58:35.182 [info] Lock '/home/nattyu/.vscode-server/data/User/workspaceStorage/5d5ad518a425d6cb473e517b3a0ba92f/vscode.lock': Lock acquired.
2024-02-11 22:58:35.230 [info] ExtensionService#_doActivateExtension vscode.emmet, startup: false, activationEvent: 'onLanguage'
2024-02-11 22:58:35.231 [info] ExtensionService#_doActivateExtension onecentlin.laravel-blade, startup: false, activationEvent: 'onLanguage:blade'
2024-02-11 22:58:35.793 [info] ExtensionService#_doActivateExtension vscode.git-base, startup: true, activationEvent: '*', root cause: vscode.git
2024-02-11 22:58:35.794 [info] ExtensionService#_doActivateExtension mosapride.zenkaku, startup: true, activationEvent: '*'
2024-02-11 22:58:35.807 [info] ExtensionService#_doActivateExtension vscode.npm, startup: true, activationEvent: 'workspaceContains:package.json'
2024-02-11 22:58:36.431 [info] ExtensionService#_doActivateExtension vscode.git, startup: true, activationEvent: '*'
2024-02-11 22:58:36.433 [info] ExtensionService#_doActivateExtension vscode.github, startup: true, activationEvent: '*'
2024-02-11 22:58:37.581 [info] ExtensionService#_doActivateExtension ryannaddy.laravel-artisan, startup: true, activationEvent: 'workspaceContains:**/artisan'
2024-02-11 22:58:38.622 [info] Eager extensions activated
2024-02-11 22:58:38.624 [info] ExtensionService#_doActivateExtension vscode.debug-auto-launch, startup: false, activationEvent: 'onStartupFinished'
2024-02-11 22:58:38.625 [info] ExtensionService#_doActivateExtension vscode.merge-conflict, startup: false, activationEvent: 'onStartupFinished'
2024-02-11 22:58:38.625 [info] ExtensionService#_doActivateExtension bradlc.vscode-tailwindcss, startup: false, activationEvent: 'onStartupFinished'
2024-02-11 22:58:38.626 [info] ExtensionService#_doActivateExtension ecmel.vscode-html-css, startup: false, activationEvent: 'onStartupFinished'
2024-02-11 22:58:38.628 [info] ExtensionService#_doActivateExtension esbenp.prettier-vscode, startup: false, activationEvent: 'onStartupFinished'
2024-02-11 22:58:39.489 [warning] [Decorations] CAPPING events from decorations provider vscode.git 8024
2024-02-11 22:58:41.469 [warning] [Decorations] CAPPING events from decorations provider vscode.git 8025
2024-02-11 22:58:47.459 [warning] [Decorations] CAPPING events from decorations provider vscode.git 8010
2024-02-11 22:58:54.342 [warning] [Decorations] CAPPING events from decorations provider vscode.git 8010
2024-02-11 22:58:59.840 [warning] [Decorations] CAPPING events from decorations provider vscode.git 8010
2024-02-11 22:59:05.382 [warning] [Decorations] CAPPING events from decorations provider vscode.git 8010
2024-02-11 22:59:10.777 [warning] [Decorations] CAPPING events from decorations provider vscode.git 8010
2024-02-11 22:59:16.223 [warning] [Decorations] CAPPING events from decorations provider vscode.git 8010
2024-02-11 22:59:21.618 [warning] [Decorations] CAPPING events from decorations provider vscode.git 8010
2024-02-11 22:59:27.010 [warning] [Decorations] CAPPING events from decorations provider vscode.git 8010
2024-02-11 22:59:32.369 [warning] [Decorations] CAPPING events from decorations provider vscode.git 8010
2024-02-11 22:59:37.797 [warning] [Decorations] CAPPING events from decorations provider vscode.git 8010
2024-02-11 22:59:43.124 [warning] [Decorations] CAPPING events from decorations provider vscode.git 8010
2024-02-11 22:59:48.517 [warning] [Decorations] CAPPING events from decorations provider vscode.git 8010
2024-02-11 22:59:53.936 [warning] [Decorations] CAPPING events from decorations provider vscode.git 8010
2024-02-11 22:59:59.358 [warning] [Decorations] CAPPING events from decorations provider vscode.git 8010
2024-02-11 23:00:04.738 [warning] [Decorations] CAPPING events from decorations provider vscode.git 8010
2024-02-11 23:00:10.129 [warning] [Decorations] CAPPING events from decorations provider vscode.git 8010
2024-02-11 23:00:15.564 [warning] [Decorations] CAPPING events from decorations provider vscode.git 8010
2024-02-11 23:00:20.937 [warning] [Decorations] CAPPING events from decorations provider vscode.git 8010
2024-02-11 23:00:26.307 [warning] [Decorations] CAPPING events from decorations provider vscode.git 8010
2024-02-11 23:00:31.817 [warning] [Decorations] CAPPING events from decorations provider vscode.git 8010
2024-02-11 23:00:37.131 [warning] [Decorations] CAPPING events from decorations provider vscode.git 8010
2024-02-11 23:00:42.487 [warning] [Decorations] CAPPING events from decorations provider vscode.git 8010
2024-02-11 23:00:47.870 [warning] [Decorations] CAPPING events from decorations provider vscode.git 8010
2024-02-11 23:00:53.299 [warning] [Decorations] CAPPING events from decorations provider vscode.git 8010
2024-02-11 23:00:58.637 [warning] [Decorations] CAPPING events from decorations provider vscode.git 8010
2024-02-11 23:01:04.012 [warning] [Decorations] CAPPING events from decorations provider vscode.git 8010
2024-02-11 23:01:09.435 [warning] [Decorations] CAPPING events from decorations provider vscode.git 8010
2024-02-11 23:01:14.837 [warning] [Decorations] CAPPING events from decorations provider vscode.git 8010
2024-02-11 23:01:20.187 [warning] [Decorations] CAPPING events from decorations provider vscode.git 8010
2024-02-11 23:01:25.554 [warning] [Decorations] CAPPING events from decorations provider vscode.git 8010
2024-02-11 23:01:30.915 [warning] [Decorations] CAPPING events from decorations provider vscode.git 8010
2024-02-11 23:01:36.246 [warning] [Decorations] CAPPING events from decorations provider vscode.git 8010
2024-02-11 23:01:41.666 [warning] [Decorations] CAPPING events from decorations provider vscode.git 8010
2024-02-11 23:01:47.036 [warning] [Decorations] CAPPING events from decorations provider vscode.git 8010
2024-02-11 23:01:52.484 [warning] [Decorations] CAPPING events from decorations provider vscode.git 8010
2024-02-11 23:01:57.826 [warning] [Decorations] CAPPING events from decorations provider vscode.git 8010
2024-02-11 23:02:03.277 [warning] [Decorations] CAPPING events from decorations provider vscode.git 8010
2024-02-11 23:02:08.618 [warning] [Decorations] CAPPING events from decorations provider vscode.git 8010
2024-02-11 23:02:13.928 [warning] [Decorations] CAPPING events from decorations provider vscode.git 8010
2024-02-11 23:02:19.256 [warning] [Decorations] CAPPING events from decorations provider vscode.git 8010
2024-02-11 23:02:24.608 [warning] [Decorations] CAPPING events from decorations provider vscode.git 8010
2024-02-11 23:02:29.936 [warning] [Decorations] CAPPING events from decorations provider vscode.git 8010
2024-02-11 23:02:35.294 [warning] [Decorations] CAPPING events from decorations provider vscode.git 8010
2024-02-11 23:02:43.013 [warning] [Decorations] CAPPING events from decorations provider vscode.git 8010
2024-02-11 23:02:48.393 [warning] [Decorations] CAPPING events from decorations provider vscode.git 8010
2024-02-11 23:02:53.795 [warning] [Decorations] CAPPING events from decorations provider vscode.git 8010
2024-02-11 23:03:12.985 [warning] [Decorations] CAPPING events from decorations provider vscode.git 8010
2024-02-11 23:03:18.336 [warning] [Decorations] CAPPING events from decorations provider vscode.git 8010
2024-02-11 23:03:23.664 [warning] [Decorations] CAPPING events from decorations provider vscode.git 8010
2024-02-11 23:03:29.038 [warning] [Decorations] CAPPING events from decorations provider vscode.git 8010
2024-02-11 23:03:34.482 [warning] [Decorations] CAPPING events from decorations provider vscode.git 8010
2024-02-11 23:03:40.751 [warning] [Decorations] CAPPING events from decorations provider vscode.git 8010
2024-02-11 23:03:46.142 [warning] [Decorations] CAPPING events from decorations provider vscode.git 8010
2024-02-11 23:03:51.570 [warning] [Decorations] CAPPING events from decorations provider vscode.git 8010
2024-02-11 23:03:56.993 [warning] [Decorations] CAPPING events from decorations provider vscode.git 8011
2024-02-11 23:04:02.384 [warning] [Decorations] CAPPING events from decorations provider vscode.git 8011
2024-02-11 23:04:07.829 [warning] [Decorations] CAPPING events from decorations provider vscode.git 8011
2024-02-11 23:04:11.305 [info] ExtensionService#_doActivateExtension vscode.php-language-features, startup: false, activationEvent: 'onLanguage:php'
2024-02-11 23:04:11.306 [info] ExtensionService#_doActivateExtension bmewburn.vscode-intelephense-client, startup: false, activationEvent: 'onLanguage:php'
2024-02-11 23:04:13.332 [warning] [Decorations] CAPPING events from decorations provider vscode.git 8012
2024-02-11 23:04:18.667 [warning] [Decorations] CAPPING events from decorations provider vscode.git 8012
2024-02-11 23:04:24.134 [warning] [Decorations] CAPPING events from decorations provider vscode.git 8012
2024-02-11 23:04:29.502 [warning] [Decorations] CAPPING events from decorations provider vscode.git 8012
2024-02-11 23:04:34.913 [warning] [Decorations] CAPPING events from decorations provider vscode.git 8012
2024-02-11 23:04:40.309 [warning] [Decorations] CAPPING events from decorations provider vscode.git 8012
2024-02-11 23:04:45.652 [warning] [Decorations] CAPPING events from decorations provider vscode.git 8012
2024-02-11 23:04:51.003 [warning] [Decorations] CAPPING events from decorations provider vscode.git 8012
2024-02-11 23:04:56.295 [warning] [Decorations] CAPPING events from decorations provider vscode.git 8012
2024-02-11 23:05:01.726 [warning] [Decorations] CAPPING events from decorations provider vscode.git 8012
2024-02-11 23:05:11.712 [warning] [Decorations] CAPPING events from decorations provider vscode.git 8012
2024-02-11 23:05:17.022 [warning] [Decorations] CAPPING events from decorations provider vscode.git 8012
2024-02-11 23:05:22.452 [warning] [Decorations] CAPPING events from decorations provider vscode.git 8012
2024-02-11 23:05:27.779 [warning] [Decorations] CAPPING events from decorations provider vscode.git 8012
2024-02-11 23:05:33.113 [warning] [Decorations] CAPPING events from decorations provider vscode.git 8012
2024-02-11 23:05:38.430 [warning] [Decorations] CAPPING events from decorations provider vscode.git 8012
2024-02-11 23:05:43.833 [warning] [Decorations] CAPPING events from decorations provider vscode.git 8012
2024-02-11 23:05:49.207 [warning] [Decorations] CAPPING events from decorations provider vscode.git 8014
2024-02-11 23:05:54.508 [warning] [Decorations] CAPPING events from decorations provider vscode.git 8014
2024-02-11 23:05:59.911 [warning] [Decorations] CAPPING events from decorations provider vscode.git 8014
2024-02-11 23:06:09.125 [warning] [Decorations] CAPPING events from decorations provider vscode.git 8014
2024-02-11 23:06:14.481 [warning] [Decorations] CAPPING events from decorations provider vscode.git 8014
2024-02-11 23:06:31.771 [warning] [Decorations] CAPPING events from decorations provider vscode.git 8014
2024-02-11 23:06:37.411 [warning] [Decorations] CAPPING events from decorations provider vscode.git 8014
2024-02-11 23:06:42.768 [warning] [Decorations] CAPPING events from decorations provider vscode.git 8014
2024-02-11 23:06:48.109 [warning] [Decorations] CAPPING events from decorations provider vscode.git 8014
2024-02-11 23:06:53.455 [warning] [Decorations] CAPPING events from decorations provider vscode.git 8014
2024-02-11 23:06:58.767 [warning] [Decorations] CAPPING events from decorations provider vscode.git 8014
2024-02-11 23:07:04.129 [warning] [Decorations] CAPPING events from decorations provider vscode.git 8014
2024-02-11 23:07:09.483 [warning] [Decorations] CAPPING events from decorations provider vscode.git 8014
2024-02-11 23:07:14.954 [warning] [Decorations] CAPPING events from decorations provider vscode.git 8014
2024-02-11 23:07:20.265 [warning] [Decorations] CAPPING events from decorations provider vscode.git 8014
2024-02-11 23:07:25.649 [warning] [Decorations] CAPPING events from decorations provider vscode.git 8014
2024-02-11 23:07:30.987 [warning] [Decorations] CAPPING events from decorations provider vscode.git 8014
2024-02-11 23:07:38.259 [warning] [Decorations] CAPPING events from decorations provider vscode.git 8015
2024-02-11 23:07:43.650 [warning] [Decorations] CAPPING events from decorations provider vscode.git 8015
2024-02-11 23:07:49.096 [warning] [Decorations] CAPPING events from decorations provider vscode.git 8015
2024-02-11 23:07:54.608 [warning] [Decorations] CAPPING events from decorations provider vscode.git 8015
2024-02-11 23:07:59.968 [warning] [Decorations] CAPPING events from decorations provider vscode.git 8015
2024-02-11 23:08:05.341 [warning] [Decorations] CAPPING events from decorations provider vscode.git 8015
2024-02-11 23:08:10.701 [warning] [Decorations] CAPPING events from decorations provider vscode.git 8015
2024-02-11 23:08:16.211 [warning] [Decorations] CAPPING events from decorations provider vscode.git 8015
2024-02-11 23:08:21.605 [warning] [Decorations] CAPPING events from decorations provider vscode.git 8015
2024-02-11 23:08:26.912 [warning] [Decorations] CAPPING events from decorations provider vscode.git 8015
2024-02-11 23:08:32.233 [warning] [Decorations] CAPPING events from decorations provider vscode.git 8015
2024-02-11 23:08:37.650 [warning] [Decorations] CAPPING events from decorations provider vscode.git 8015
2024-02-11 23:08:43.001 [warning] [Decorations] CAPPING events from decorations provider vscode.git 8015
2024-02-11 23:08:48.376 [warning] [Decorations] CAPPING events from decorations provider vscode.git 8015
2024-02-11 23:08:53.773 [warning] [Decorations] CAPPING events from decorations provider vscode.git 8015
2024-02-11 23:08:59.187 [warning] [Decorations] CAPPING events from decorations provider vscode.git 8015
2024-02-11 23:09:04.559 [warning] [Decorations] CAPPING events from decorations provider vscode.git 8015
2024-02-11 23:09:12.738 [warning] [Decorations] CAPPING events from decorations provider vscode.git 8015
2024-02-11 23:09:18.195 [warning] [Decorations] CAPPING events from decorations provider vscode.git 8015
2024-02-11 23:09:23.550 [warning] [Decorations] CAPPING events from decorations provider vscode.git 8015
2024-02-11 23:09:30.812 [warning] [Decorations] CAPPING events from decorations provider vscode.git 8015
2024-02-11 23:09:36.132 [warning] [Decorations] CAPPING events from decorations provider vscode.git 8015
2024-02-11 23:09:41.496 [warning] [Decorations] CAPPING events from decorations provider vscode.git 8015
2024-02-11 23:09:46.867 [warning] [Decorations] CAPPING events from decorations provider vscode.git 8015
2024-02-11 23:09:52.226 [warning] [Decorations] CAPPING events from decorations provider vscode.git 8015
2024-02-11 23:09:57.585 [warning] [Decorations] CAPPING events from decorations provider vscode.git 8015
2024-02-11 23:10:04.694 [warning] [Decorations] CAPPING events from decorations provider vscode.git 8015
2024-02-11 23:10:10.065 [warning] [Decorations] CAPPING events from decorations provider vscode.git 8015
2024-02-11 23:10:15.448 [warning] [Decorations] CAPPING events from decorations provider vscode.git 8015
2024-02-11 23:10:20.831 [warning] [Decorations] CAPPING events from decorations provider vscode.git 8016
2024-02-11 23:12:08.212 [warning] [Decorations] CAPPING events from decorations provider vscode.git 8015
2024-02-11 23:12:13.562 [warning] [Decorations] CAPPING events from decorations provider vscode.git 8015
2024-02-11 23:12:18.859 [warning] [Decorations] CAPPING events from decorations provider vscode.git 8015
2024-02-11 23:12:24.170 [warning] [Decorations] CAPPING events from decorations provider vscode.git 8015
2024-02-11 23:12:29.534 [warning] [Decorations] CAPPING events from decorations provider vscode.git 8015
2024-02-11 23:12:34.829 [warning] [Decorations] CAPPING events from decorations provider vscode.git 8015
2024-02-11 23:12:40.149 [warning] [Decorations] CAPPING events from decorations provider vscode.git 8015
2024-02-11 23:12:45.574 [warning] [Decorations] CAPPING events from decorations provider vscode.git 8015
2024-02-11 23:13:00.271 [warning] [Decorations] CAPPING events from decorations provider vscode.git 8015
2024-02-11 23:13:05.585 [warning] [Decorations] CAPPING events from decorations provider vscode.git 8015
2024-02-11 23:13:12.864 [warning] [Decorations] CAPPING events from decorations provider vscode.git 8016
2024-02-11 23:13:18.285 [warning] [Decorations] CAPPING events from decorations provider vscode.git 8015
2024-02-11 23:13:23.614 [warning] [Decorations] CAPPING events from decorations provider vscode.git 8015
2024-02-11 23:13:28.975 [warning] [Decorations] CAPPING events from decorations provider vscode.git 8015
2024-02-11 23:13:34.273 [warning] [Decorations] CAPPING events from decorations provider vscode.git 8015
2024-02-11 23:13:39.563 [warning] [Decorations] CAPPING events from decorations provider vscode.git 8015
2024-02-11 23:13:44.941 [warning] [Decorations] CAPPING events from decorations provider vscode.git 8015
2024-02-11 23:13:50.284 [warning] [Decorations] CAPPING events from decorations provider vscode.git 8015
2024-02-11 23:13:55.644 [warning] [Decorations] CAPPING events from decorations provider vscode.git 8016
2024-02-11 23:14:00.991 [warning] [Decorations] CAPPING events from decorations provider vscode.git 8015
2024-02-11 23:14:08.147 [warning] [Decorations] CAPPING events from decorations provider vscode.git 8015
2024-02-11 23:14:13.781 [warning] [Decorations] CAPPING events from decorations provider vscode.git 8015
2024-02-11 23:20:14.184 [warning] [Decorations] CAPPING events from decorations provider vscode.git 8016
2024-02-11 23:20:19.492 [warning] [Decorations] CAPPING events from decorations provider vscode.git 8015
2024-02-11 23:20:24.865 [warning] [Decorations] CAPPING events from decorations provider vscode.git 8015
2024-02-11 23:20:30.148 [warning] [Decorations] CAPPING events from decorations provider vscode.git 8015
2024-02-11 23:22:27.207 [warning] [Decorations] CAPPING events from decorations provider vscode.git 8016
2024-02-11 23:22:32.491 [warning] [Decorations] CAPPING events from decorations provider vscode.git 8015
2024-02-11 23:22:37.878 [warning] [Decorations] CAPPING events from decorations provider vscode.git 8015
2024-02-11 23:22:43.243 [warning] [Decorations] CAPPING events from decorations provider vscode.git 8015
2024-02-11 23:22:48.574 [warning] [Decorations] CAPPING events from decorations provider vscode.git 8015
2024-02-11 23:22:53.883 [warning] [Decorations] CAPPING events from decorations provider vscode.git 8016
2024-02-11 23:22:59.205 [warning] [Decorations] CAPPING events from decorations provider vscode.git 8015
2024-02-11 23:25:26.263 [warning] [Decorations] CAPPING events from decorations provider vscode.git 8015
2024-02-11 23:25:31.578 [warning] [Decorations] CAPPING events from decorations provider vscode.git 8015
2024-02-11 23:25:36.959 [warning] [Decorations] CAPPING events from decorations provider vscode.git 8015
2024-02-11 23:25:42.349 [warning] [Decorations] CAPPING events from decorations provider vscode.git 8015
2024-02-11 23:25:47.664 [warning] [Decorations] CAPPING events from decorations provider vscode.git 8015
2024-02-11 23:25:53.010 [warning] [Decorations] CAPPING events from decorations provider vscode.git 8015
2024-02-11 23:25:58.547 [warning] [Decorations] CAPPING events from decorations provider vscode.git 8015
2024-02-11 23:26:03.972 [warning] [Decorations] CAPPING events from decorations provider vscode.git 8015
2024-02-11 23:26:09.489 [warning] [Decorations] CAPPING events from decorations provider vscode.git 8016
2024-02-11 23:26:14.857 [warning] [Decorations] CAPPING events from decorations provider vscode.git 8015
2024-02-11 23:26:20.194 [warning] [Decorations] CAPPING events from decorations provider vscode.git 8015
2024-02-11 23:26:26.560 [warning] [Decorations] CAPPING events from decorations provider vscode.git 8015
2024-02-11 23:26:31.990 [warning] [Decorations] CAPPING events from decorations provider vscode.git 8015
2024-02-11 23:26:37.301 [warning] [Decorations] CAPPING events from decorations provider vscode.git 8015
2024-02-11 23:29:09.843 [warning] [Decorations] CAPPING events from decorations provider vscode.git 8016
2024-02-11 23:29:15.238 [warning] [Decorations] CAPPING events from decorations provider vscode.git 8015
2024-02-11 23:31:10.236 [warning] [Decorations] CAPPING events from decorations provider vscode.git 8015
2024-02-11 23:31:15.598 [warning] [Decorations] CAPPING events from decorations provider vscode.git 8015
2024-02-11 23:31:20.922 [warning] [Decorations] CAPPING events from decorations provider vscode.git 8015
2024-02-11 23:31:26.234 [warning] [Decorations] CAPPING events from decorations provider vscode.git 8016
2024-02-11 23:31:31.582 [warning] [Decorations] CAPPING events from decorations provider vscode.git 8015
2024-02-11 23:32:20.298 [warning] [Decorations] CAPPING events from decorations provider vscode.git 8015
2024-02-11 23:32:21.581 [info] Extension host terminating: received terminate message from renderer
2024-02-11 23:32:21.582 [info] Lock '/home/nattyu/.vscode-server/data/User/workspaceStorage/5d5ad518a425d6cb473e517b3a0ba92f/vscode.lock': Marking the lockfile as scheduled to be released in 6000 ms.
2024-02-11 23:32:21.618 [error] An error occurred when deactivating the subscriptions for extension 'bmewburn.vscode-intelephense-client':
2024-02-11 23:32:21.619 [error] TypeError: Cannot read private member #e from an object whose class did not declare it
	at Object.dispose (/home/nattyu/.vscode-server/bin/31c37ee8f63491495ac49e43b8544550fbae4533/out/vs/workbench/api/node/extensionHostProcess.js:148:3723)
	at o (/home/nattyu/.vscode-server/bin/31c37ee8f63491495ac49e43b8544550fbae4533/out/vs/workbench/api/node/extensionHostProcess.js:30:754)
	at g.cb (/home/nattyu/.vscode-server/bin/31c37ee8f63491495ac49e43b8544550fbae4533/out/vs/workbench/api/node/extensionHostProcess.js:156:9874)
	at /home/nattyu/.vscode-server/bin/31c37ee8f63491495ac49e43b8544550fbae4533/out/vs/workbench/api/node/extensionHostProcess.js:156:7808
	at Array.map (<anonymous>)
	at g.Y (/home/nattyu/.vscode-server/bin/31c37ee8f63491495ac49e43b8544550fbae4533/out/vs/workbench/api/node/extensionHostProcess.js:156:7795)
	at g.terminate (/home/nattyu/.vscode-server/bin/31c37ee8f63491495ac49e43b8544550fbae4533/out/vs/workbench/api/node/extensionHostProcess.js:156:8068)
	at o.terminate (/home/nattyu/.vscode-server/bin/31c37ee8f63491495ac49e43b8544550fbae4533/out/vs/workbench/api/node/extensionHostProcess.js:160:1513)
	at t (/home/nattyu/.vscode-server/bin/31c37ee8f63491495ac49e43b8544550fbae4533/out/vs/workbench/api/node/extensionHostProcess.js:173:9950)
	at g.value (/home/nattyu/.vscode-server/bin/31c37ee8f63491495ac49e43b8544550fbae4533/out/vs/workbench/api/node/extensionHostProcess.js:173:7997)
	at r.y (/home/nattyu/.vscode-server/bin/31c37ee8f63491495ac49e43b8544550fbae4533/out/vs/workbench/api/node/extensionHostProcess.js:80:1902)
	at r.fire (/home/nattyu/.vscode-server/bin/31c37ee8f63491495ac49e43b8544550fbae4533/out/vs/workbench/api/node/extensionHostProcess.js:80:2119)
	at n.fire (/home/nattyu/.vscode-server/bin/31c37ee8f63491495ac49e43b8544550fbae4533/out/vs/workbench/api/node/extensionHostProcess.js:105:14073)
	at s.z (/home/nattyu/.vscode-server/bin/31c37ee8f63491495ac49e43b8544550fbae4533/out/vs/workbench/api/node/extensionHostProcess.js:105:17138)
	at g.value (/home/nattyu/.vscode-server/bin/31c37ee8f63491495ac49e43b8544550fbae4533/out/vs/workbench/api/node/extensionHostProcess.js:105:15590)
	at r.y (/home/nattyu/.vscode-server/bin/31c37ee8f63491495ac49e43b8544550fbae4533/out/vs/workbench/api/node/extensionHostProcess.js:80:1902)
	at r.fire (/home/nattyu/.vscode-server/bin/31c37ee8f63491495ac49e43b8544550fbae4533/out/vs/workbench/api/node/extensionHostProcess.js:80:2119)
	at g.acceptChunk (/home/nattyu/.vscode-server/bin/31c37ee8f63491495ac49e43b8544550fbae4533/out/vs/workbench/api/node/extensionHostProcess.js:105:11847)
	at g.value (/home/nattyu/.vscode-server/bin/31c37ee8f63491495ac49e43b8544550fbae4533/out/vs/workbench/api/node/extensionHostProcess.js:105:11134)
	at r.y (/home/nattyu/.vscode-server/bin/31c37ee8f63491495ac49e43b8544550fbae4533/out/vs/workbench/api/node/extensionHostProcess.js:80:1902)
	at r.fire (/home/nattyu/.vscode-server/bin/31c37ee8f63491495ac49e43b8544550fbae4533/out/vs/workbench/api/node/extensionHostProcess.js:80:2119)
	at r.z (/home/nattyu/.vscode-server/bin/31c37ee8f63491495ac49e43b8544550fbae4533/out/vs/workbench/api/node/extensionHostProcess.js:170:19768)
	at r.acceptFrame (/home/nattyu/.vscode-server/bin/31c37ee8f63491495ac49e43b8544550fbae4533/out/vs/workbench/api/node/extensionHostProcess.js:170:19574)
	at i.n (/home/nattyu/.vscode-server/bin/31c37ee8f63491495ac49e43b8544550fbae4533/out/vs/workbench/api/node/extensionHostProcess.js:170:18073)
	at /home/nattyu/.vscode-server/bin/31c37ee8f63491495ac49e43b8544550fbae4533/out/vs/workbench/api/node/extensionHostProcess.js:170:15293
	at Socket.y (/home/nattyu/.vscode-server/bin/31c37ee8f63491495ac49e43b8544550fbae4533/out/vs/workbench/api/node/extensionHostProcess.js:170:13198)
	at Socket.emit (node:events:514:28)
	at addChunk (node:internal/streams/readable:324:12)
	at readableAddChunk (node:internal/streams/readable:297:9)
	at Readable.push (node:internal/streams/readable:234:10)
	at TCP.onStreamRead (node:internal/stream_base_commons:190:23)
2024-02-11 23:32:21.630 [error] Canceled: Canceled
	at new f (/home/nattyu/.vscode-server/bin/31c37ee8f63491495ac49e43b8544550fbae4533/out/vs/workbench/api/node/extensionHostProcess.js:140:45069)
	at d.U (/home/nattyu/.vscode-server/bin/31c37ee8f63491495ac49e43b8544550fbae4533/out/vs/workbench/api/node/extensionHostProcess.js:147:5557)
	at T.<computed>.O.charCodeAt.T.<computed> (/home/nattyu/.vscode-server/bin/31c37ee8f63491495ac49e43b8544550fbae4533/out/vs/workbench/api/node/extensionHostProcess.js:147:3008)
	at s.g (/home/nattyu/.vscode-server/bin/31c37ee8f63491495ac49e43b8544550fbae4533/out/vs/workbench/api/node/extensionHostProcess.js:150:174704)
	at s.executeCommand (/home/nattyu/.vscode-server/bin/31c37ee8f63491495ac49e43b8544550fbae4533/out/vs/workbench/api/node/extensionHostProcess.js:150:174142)
	at m.registerCommand.description (/home/nattyu/.vscode-server/bin/31c37ee8f63491495ac49e43b8544550fbae4533/out/vs/workbench/api/node/extensionHostProcess.js:150:173466)
	at s.h (/home/nattyu/.vscode-server/bin/31c37ee8f63491495ac49e43b8544550fbae4533/out/vs/workbench/api/node/extensionHostProcess.js:150:175243)
	at s.g (/home/nattyu/.vscode-server/bin/31c37ee8f63491495ac49e43b8544550fbae4533/out/vs/workbench/api/node/extensionHostProcess.js:150:174235)
	at s.executeCommand (/home/nattyu/.vscode-server/bin/31c37ee8f63491495ac49e43b8544550fbae4533/out/vs/workbench/api/node/extensionHostProcess.js:150:174142)
	at Object.executeCommand (/home/nattyu/.vscode-server/bin/31c37ee8f63491495ac49e43b8544550fbae4533/out/vs/workbench/api/node/extensionHostProcess.js:160:21634)
	at g.I [as value] (/home/nattyu/.vscode-server/bin/31c37ee8f63491495ac49e43b8544550fbae4533/extensions/git/dist/main.js:2:927298)
	at r.y (/home/nattyu/.vscode-server/bin/31c37ee8f63491495ac49e43b8544550fbae4533/out/vs/workbench/api/node/extensionHostProcess.js:80:1902)
	at r.z (/home/nattyu/.vscode-server/bin/31c37ee8f63491495ac49e43b8544550fbae4533/out/vs/workbench/api/node/extensionHostProcess.js:80:1972)
	at r.fire (/home/nattyu/.vscode-server/bin/31c37ee8f63491495ac49e43b8544550fbae4533/out/vs/workbench/api/node/extensionHostProcess.js:80:2188)
	at Object.m [as dispose] (/home/nattyu/.vscode-server/bin/31c37ee8f63491495ac49e43b8544550fbae4533/extensions/git/dist/main.js:2:943089)
	at /home/nattyu/.vscode-server/bin/31c37ee8f63491495ac49e43b8544550fbae4533/extensions/git/dist/main.js:2:947930
	at Array.forEach (<anonymous>)
	at p.dispose (/home/nattyu/.vscode-server/bin/31c37ee8f63491495ac49e43b8544550fbae4533/extensions/git/dist/main.js:2:947916)
	at c.<anonymous> (/home/nattyu/.vscode-server/bin/31c37ee8f63491495ac49e43b8544550fbae4533/out/vs/workbench/api/node/extensionHostProcess.js:148:3650)
	at c.dispose (/home/nattyu/.vscode-server/bin/31c37ee8f63491495ac49e43b8544550fbae4533/out/vs/workbench/api/node/extensionHostProcess.js:148:3747)
	at c.<anonymous> (/home/nattyu/.vscode-server/bin/31c37ee8f63491495ac49e43b8544550fbae4533/extensions/git/dist/main.js:2:929310)
	at c.dispose (/home/nattyu/.vscode-server/bin/31c37ee8f63491495ac49e43b8544550fbae4533/out/vs/workbench/api/node/extensionHostProcess.js:148:3747)
	at o (/home/nattyu/.vscode-server/bin/31c37ee8f63491495ac49e43b8544550fbae4533/out/vs/workbench/api/node/extensionHostProcess.js:30:754)
	at g.cb (/home/nattyu/.vscode-server/bin/31c37ee8f63491495ac49e43b8544550fbae4533/out/vs/workbench/api/node/extensionHostProcess.js:156:9874)
	at /home/nattyu/.vscode-server/bin/31c37ee8f63491495ac49e43b8544550fbae4533/out/vs/workbench/api/node/extensionHostProcess.js:156:7808
	at Array.map (<anonymous>)
	at g.Y (/home/nattyu/.vscode-server/bin/31c37ee8f63491495ac49e43b8544550fbae4533/out/vs/workbench/api/node/extensionHostProcess.js:156:7795)
	at g.terminate (/home/nattyu/.vscode-server/bin/31c37ee8f63491495ac49e43b8544550fbae4533/out/vs/workbench/api/node/extensionHostProcess.js:156:8068)
	at o.terminate (/home/nattyu/.vscode-server/bin/31c37ee8f63491495ac49e43b8544550fbae4533/out/vs/workbench/api/node/extensionHostProcess.js:160:1513)
	at t (/home/nattyu/.vscode-server/bin/31c37ee8f63491495ac49e43b8544550fbae4533/out/vs/workbench/api/node/extensionHostProcess.js:173:9950)
	at g.value (/home/nattyu/.vscode-server/bin/31c37ee8f63491495ac49e43b8544550fbae4533/out/vs/workbench/api/node/extensionHostProcess.js:173:7997)
	at r.y (/home/nattyu/.vscode-server/bin/31c37ee8f63491495ac49e43b8544550fbae4533/out/vs/workbench/api/node/extensionHostProcess.js:80:1902)
	at r.fire (/home/nattyu/.vscode-server/bin/31c37ee8f63491495ac49e43b8544550fbae4533/out/vs/workbench/api/node/extensionHostProcess.js:80:2119)
	at n.fire (/home/nattyu/.vscode-server/bin/31c37ee8f63491495ac49e43b8544550fbae4533/out/vs/workbench/api/node/extensionHostProcess.js:105:14073)
	at s.z (/home/nattyu/.vscode-server/bin/31c37ee8f63491495ac49e43b8544550fbae4533/out/vs/workbench/api/node/extensionHostProcess.js:105:17138)
	at g.value (/home/nattyu/.vscode-server/bin/31c37ee8f63491495ac49e43b8544550fbae4533/out/vs/workbench/api/node/extensionHostProcess.js:105:15590)
	at r.y (/home/nattyu/.vscode-server/bin/31c37ee8f63491495ac49e43b8544550fbae4533/out/vs/workbench/api/node/extensionHostProcess.js:80:1902)
	at r.fire (/home/nattyu/.vscode-server/bin/31c37ee8f63491495ac49e43b8544550fbae4533/out/vs/workbench/api/node/extensionHostProcess.js:80:2119)
	at g.acceptChunk (/home/nattyu/.vscode-server/bin/31c37ee8f63491495ac49e43b8544550fbae4533/out/vs/workbench/api/node/extensionHostProcess.js:105:11847)
	at g.value (/home/nattyu/.vscode-server/bin/31c37ee8f63491495ac49e43b8544550fbae4533/out/vs/workbench/api/node/extensionHostProcess.js:105:11134)
	at r.y (/home/nattyu/.vscode-server/bin/31c37ee8f63491495ac49e43b8544550fbae4533/out/vs/workbench/api/node/extensionHostProcess.js:80:1902)
	at r.fire (/home/nattyu/.vscode-server/bin/31c37ee8f63491495ac49e43b8544550fbae4533/out/vs/workbench/api/node/extensionHostProcess.js:80:2119)
	at r.z (/home/nattyu/.vscode-server/bin/31c37ee8f63491495ac49e43b8544550fbae4533/out/vs/workbench/api/node/extensionHostProcess.js:170:19768)
	at r.acceptFrame (/home/nattyu/.vscode-server/bin/31c37ee8f63491495ac49e43b8544550fbae4533/out/vs/workbench/api/node/extensionHostProcess.js:170:19574)
	at i.n (/home/nattyu/.vscode-server/bin/31c37ee8f63491495ac49e43b8544550fbae4533/out/vs/workbench/api/node/extensionHostProcess.js:170:18073)
	at /home/nattyu/.vscode-server/bin/31c37ee8f63491495ac49e43b8544550fbae4533/out/vs/workbench/api/node/extensionHostProcess.js:170:15293
	at Socket.y (/home/nattyu/.vscode-server/bin/31c37ee8f63491495ac49e43b8544550fbae4533/out/vs/workbench/api/node/extensionHostProcess.js:170:13198)
	at Socket.emit (node:events:514:28)
	at addChunk (node:internal/streams/readable:324:12)
	at readableAddChunk (node:internal/streams/readable:297:9)
	at Readable.push (node:internal/streams/readable:234:10)
	at TCP.onStreamRead (node:internal/stream_base_commons:190:23) setContext undefined
2024-02-11 23:32:21.630 [error] Canceled: Canceled
	at new f (/home/nattyu/.vscode-server/bin/31c37ee8f63491495ac49e43b8544550fbae4533/out/vs/workbench/api/node/extensionHostProcess.js:140:45069)
	at d.U (/home/nattyu/.vscode-server/bin/31c37ee8f63491495ac49e43b8544550fbae4533/out/vs/workbench/api/node/extensionHostProcess.js:147:5557)
	at T.<computed>.O.charCodeAt.T.<computed> (/home/nattyu/.vscode-server/bin/31c37ee8f63491495ac49e43b8544550fbae4533/out/vs/workbench/api/node/extensionHostProcess.js:147:3008)
	at s.g (/home/nattyu/.vscode-server/bin/31c37ee8f63491495ac49e43b8544550fbae4533/out/vs/workbench/api/node/extensionHostProcess.js:150:174704)
	at s.executeCommand (/home/nattyu/.vscode-server/bin/31c37ee8f63491495ac49e43b8544550fbae4533/out/vs/workbench/api/node/extensionHostProcess.js:150:174142)
	at m.registerCommand.description (/home/nattyu/.vscode-server/bin/31c37ee8f63491495ac49e43b8544550fbae4533/out/vs/workbench/api/node/extensionHostProcess.js:150:173466)
	at s.h (/home/nattyu/.vscode-server/bin/31c37ee8f63491495ac49e43b8544550fbae4533/out/vs/workbench/api/node/extensionHostProcess.js:150:175243)
	at s.g (/home/nattyu/.vscode-server/bin/31c37ee8f63491495ac49e43b8544550fbae4533/out/vs/workbench/api/node/extensionHostProcess.js:150:174235)
	at s.executeCommand (/home/nattyu/.vscode-server/bin/31c37ee8f63491495ac49e43b8544550fbae4533/out/vs/workbench/api/node/extensionHostProcess.js:150:174142)
	at Object.executeCommand (/home/nattyu/.vscode-server/bin/31c37ee8f63491495ac49e43b8544550fbae4533/out/vs/workbench/api/node/extensionHostProcess.js:160:21634)
	at set b [as b] (/home/nattyu/.vscode-server/bin/31c37ee8f63491495ac49e43b8544550fbae4533/extensions/github/dist/extension.js:2:322364)
	at /home/nattyu/.vscode-server/bin/31c37ee8f63491495ac49e43b8544550fbae4533/extensions/github/dist/extension.js:2:323005
	at g.value (/home/nattyu/.vscode-server/bin/31c37ee8f63491495ac49e43b8544550fbae4533/extensions/git/dist/main.js:2:1018251)
	at r.y (/home/nattyu/.vscode-server/bin/31c37ee8f63491495ac49e43b8544550fbae4533/out/vs/workbench/api/node/extensionHostProcess.js:80:1902)
	at r.z (/home/nattyu/.vscode-server/bin/31c37ee8f63491495ac49e43b8544550fbae4533/out/vs/workbench/api/node/extensionHostProcess.js:80:1972)
	at r.fire (/home/nattyu/.vscode-server/bin/31c37ee8f63491495ac49e43b8544550fbae4533/out/vs/workbench/api/node/extensionHostProcess.js:80:2188)
	at Object.m [as dispose] (/home/nattyu/.vscode-server/bin/31c37ee8f63491495ac49e43b8544550fbae4533/extensions/git/dist/main.js:2:943089)
	at /home/nattyu/.vscode-server/bin/31c37ee8f63491495ac49e43b8544550fbae4533/extensions/git/dist/main.js:2:947930
	at Array.forEach (<anonymous>)
	at p.dispose (/home/nattyu/.vscode-server/bin/31c37ee8f63491495ac49e43b8544550fbae4533/extensions/git/dist/main.js:2:947916)
	at c.<anonymous> (/home/nattyu/.vscode-server/bin/31c37ee8f63491495ac49e43b8544550fbae4533/out/vs/workbench/api/node/extensionHostProcess.js:148:3650)
	at c.dispose (/home/nattyu/.vscode-server/bin/31c37ee8f63491495ac49e43b8544550fbae4533/out/vs/workbench/api/node/extensionHostProcess.js:148:3747)
	at c.<anonymous> (/home/nattyu/.vscode-server/bin/31c37ee8f63491495ac49e43b8544550fbae4533/extensions/git/dist/main.js:2:929310)
	at c.dispose (/home/nattyu/.vscode-server/bin/31c37ee8f63491495ac49e43b8544550fbae4533/out/vs/workbench/api/node/extensionHostProcess.js:148:3747)
	at o (/home/nattyu/.vscode-server/bin/31c37ee8f63491495ac49e43b8544550fbae4533/out/vs/workbench/api/node/extensionHostProcess.js:30:754)
	at g.cb (/home/nattyu/.vscode-server/bin/31c37ee8f63491495ac49e43b8544550fbae4533/out/vs/workbench/api/node/extensionHostProcess.js:156:9874)
	at /home/nattyu/.vscode-server/bin/31c37ee8f63491495ac49e43b8544550fbae4533/out/vs/workbench/api/node/extensionHostProcess.js:156:7808
	at Array.map (<anonymous>)
	at g.Y (/home/nattyu/.vscode-server/bin/31c37ee8f63491495ac49e43b8544550fbae4533/out/vs/workbench/api/node/extensionHostProcess.js:156:7795)
	at g.terminate (/home/nattyu/.vscode-server/bin/31c37ee8f63491495ac49e43b8544550fbae4533/out/vs/workbench/api/node/extensionHostProcess.js:156:8068)
	at o.terminate (/home/nattyu/.vscode-server/bin/31c37ee8f63491495ac49e43b8544550fbae4533/out/vs/workbench/api/node/extensionHostProcess.js:160:1513)
	at t (/home/nattyu/.vscode-server/bin/31c37ee8f63491495ac49e43b8544550fbae4533/out/vs/workbench/api/node/extensionHostProcess.js:173:9950)
	at g.value (/home/nattyu/.vscode-server/bin/31c37ee8f63491495ac49e43b8544550fbae4533/out/vs/workbench/api/node/extensionHostProcess.js:173:7997)
	at r.y (/home/nattyu/.vscode-server/bin/31c37ee8f63491495ac49e43b8544550fbae4533/out/vs/workbench/api/node/extensionHostProcess.js:80:1902)
	at r.fire (/home/nattyu/.vscode-server/bin/31c37ee8f63491495ac49e43b8544550fbae4533/out/vs/workbench/api/node/extensionHostProcess.js:80:2119)
	at n.fire (/home/nattyu/.vscode-server/bin/31c37ee8f63491495ac49e43b8544550fbae4533/out/vs/workbench/api/node/extensionHostProcess.js:105:14073)
	at s.z (/home/nattyu/.vscode-server/bin/31c37ee8f63491495ac49e43b8544550fbae4533/out/vs/workbench/api/node/extensionHostProcess.js:105:17138)
	at g.value (/home/nattyu/.vscode-server/bin/31c37ee8f63491495ac49e43b8544550fbae4533/out/vs/workbench/api/node/extensionHostProcess.js:105:15590)
	at r.y (/home/nattyu/.vscode-server/bin/31c37ee8f63491495ac49e43b8544550fbae4533/out/vs/workbench/api/node/extensionHostProcess.js:80:1902)
	at r.fire (/home/nattyu/.vscode-server/bin/31c37ee8f63491495ac49e43b8544550fbae4533/out/vs/workbench/api/node/extensionHostProcess.js:80:2119)
	at g.acceptChunk (/home/nattyu/.vscode-server/bin/31c37ee8f63491495ac49e43b8544550fbae4533/out/vs/workbench/api/node/extensionHostProcess.js:105:11847)
	at g.value (/home/nattyu/.vscode-server/bin/31c37ee8f63491495ac49e43b8544550fbae4533/out/vs/workbench/api/node/extensionHostProcess.js:105:11134)
	at r.y (/home/nattyu/.vscode-server/bin/31c37ee8f63491495ac49e43b8544550fbae4533/out/vs/workbench/api/node/extensionHostProcess.js:80:1902)
	at r.fire (/home/nattyu/.vscode-server/bin/31c37ee8f63491495ac49e43b8544550fbae4533/out/vs/workbench/api/node/extensionHostProcess.js:80:2119)
	at r.z (/home/nattyu/.vscode-server/bin/31c37ee8f63491495ac49e43b8544550fbae4533/out/vs/workbench/api/node/extensionHostProcess.js:170:19768)
	at r.acceptFrame (/home/nattyu/.vscode-server/bin/31c37ee8f63491495ac49e43b8544550fbae4533/out/vs/workbench/api/node/extensionHostProcess.js:170:19574)
	at i.n (/home/nattyu/.vscode-server/bin/31c37ee8f63491495ac49e43b8544550fbae4533/out/vs/workbench/api/node/extensionHostProcess.js:170:18073)
	at /home/nattyu/.vscode-server/bin/31c37ee8f63491495ac49e43b8544550fbae4533/out/vs/workbench/api/node/extensionHostProcess.js:170:15293
	at Socket.y (/home/nattyu/.vscode-server/bin/31c37ee8f63491495ac49e43b8544550fbae4533/out/vs/workbench/api/node/extensionHostProcess.js:170:13198)
	at Socket.emit (node:events:514:28)
	at addChunk (node:internal/streams/readable:324:12)
	at readableAddChunk (node:internal/streams/readable:297:9)
	at Readable.push (node:internal/streams/readable:234:10)
	at TCP.onStreamRead (node:internal/stream_base_commons:190:23) setContext undefined
2024-02-11 23:32:21.644 [error] Canceled: Canceled
	at new f (/home/nattyu/.vscode-server/bin/31c37ee8f63491495ac49e43b8544550fbae4533/out/vs/workbench/api/node/extensionHostProcess.js:140:45069)
	at d.U (/home/nattyu/.vscode-server/bin/31c37ee8f63491495ac49e43b8544550fbae4533/out/vs/workbench/api/node/extensionHostProcess.js:147:5557)
	at T.<computed>.O.charCodeAt.T.<computed> (/home/nattyu/.vscode-server/bin/31c37ee8f63491495ac49e43b8544550fbae4533/out/vs/workbench/api/node/extensionHostProcess.js:147:3008)
	at s.g (/home/nattyu/.vscode-server/bin/31c37ee8f63491495ac49e43b8544550fbae4533/out/vs/workbench/api/node/extensionHostProcess.js:150:174704)
	at s.executeCommand (/home/nattyu/.vscode-server/bin/31c37ee8f63491495ac49e43b8544550fbae4533/out/vs/workbench/api/node/extensionHostProcess.js:150:174142)
	at m.registerCommand.description (/home/nattyu/.vscode-server/bin/31c37ee8f63491495ac49e43b8544550fbae4533/out/vs/workbench/api/node/extensionHostProcess.js:150:173466)
	at s.h (/home/nattyu/.vscode-server/bin/31c37ee8f63491495ac49e43b8544550fbae4533/out/vs/workbench/api/node/extensionHostProcess.js:150:175243)
	at s.g (/home/nattyu/.vscode-server/bin/31c37ee8f63491495ac49e43b8544550fbae4533/out/vs/workbench/api/node/extensionHostProcess.js:150:174235)
	at s.executeCommand (/home/nattyu/.vscode-server/bin/31c37ee8f63491495ac49e43b8544550fbae4533/out/vs/workbench/api/node/extensionHostProcess.js:150:174142)
	at Object.executeCommand (/home/nattyu/.vscode-server/bin/31c37ee8f63491495ac49e43b8544550fbae4533/out/vs/workbench/api/node/extensionHostProcess.js:160:21634)
	at LT (/home/nattyu/.vscode-server/extensions/bradlc.vscode-tailwindcss-0.10.5/dist/extension.js:43:6988)
	at /home/nattyu/.vscode-server/extensions/bradlc.vscode-tailwindcss-0.10.5/dist/extension.js:43:15311
	at er (/home/nattyu/.vscode-server/extensions/bradlc.vscode-tailwindcss-0.10.5/dist/extension.js:4:1357)
	at Zn (/home/nattyu/.vscode-server/extensions/bradlc.vscode-tailwindcss-0.10.5/dist/extension.js:3:6843)
	at Immediate.<anonymous> (/home/nattyu/.vscode-server/extensions/bradlc.vscode-tailwindcss-0.10.5/dist/extension.js:3:6721)
	at process.processImmediate (node:internal/timers:476:21) setContext undefined
2024-02-11 23:32:21.652 [info] Extension host with pid 4997 exiting with code 0
