2024-02-11 22:38:11.925 [info] ログ レベル: Info
2024-02-11 22:38:11.926 [info] Git の検証が検出されました: "git"
2024-02-11 22:38:11.926 [info] "git" から Git "2.34.1" を使用しています
2024-02-11 22:38:11.926 [info] > git rev-parse --show-toplevel [69ms]
2024-02-11 22:38:11.926 [info] > git rev-parse --git-dir --git-common-dir [711ms]
2024-02-11 22:38:11.926 [info] Open repository: /home/nattyu
2024-02-11 22:38:12.313 [info] > git rev-parse --show-toplevel [365ms]
2024-02-11 22:38:12.316 [info] > git config --get commit.template [378ms]
2024-02-11 22:38:12.686 [info] > git rev-parse --show-toplevel [95ms]
2024-02-11 22:38:13.226 [info] > git check-ignore -v -z --stdin [570ms]
2024-02-11 22:38:13.232 [info] > git rev-parse --show-toplevel [482ms]
2024-02-11 22:38:13.234 [info] > git for-each-ref --format=%(refname)%00%(upstream:short)%00%(objectname)%00%(upstream:track)%00%(upstream:remotename)%00%(upstream:remoteref) refs/heads/master refs/remotes/master [565ms]
2024-02-11 22:38:13.271 [info] > git rev-parse --show-toplevel [20ms]
2024-02-11 22:38:13.334 [info] > git rev-parse --show-toplevel [38ms]
2024-02-11 22:38:13.455 [info] > git rev-parse --show-toplevel [96ms]
2024-02-11 22:38:13.561 [info] > git rev-parse --show-toplevel [22ms]
2024-02-11 22:38:13.618 [info] > git rev-parse --show-toplevel [17ms]
2024-02-11 22:38:13.660 [info] > git rev-parse --show-toplevel [14ms]
2024-02-11 22:38:13.739 [info] > git rev-parse --show-toplevel [59ms]
2024-02-11 22:38:13.787 [info] > git rev-parse --show-toplevel [14ms]
2024-02-11 22:38:13.814 [info] > git rev-parse --show-toplevel [3ms]
2024-02-11 22:38:13.873 [info] > git show --textconv :tennis-court-schedules/resources/views/court/index-court.blade.php [25ms]
2024-02-11 22:38:13.883 [info] > git ls-files --stage -- /home/nattyu/tennis-court-schedules/resources/views/court/index-court.blade.php [14ms]
2024-02-11 22:38:14.469 [info] > git status -z -uall [1154ms]
2024-02-11 22:38:17.895 [info] > git config --get commit.template [69ms]
2024-02-11 22:38:17.939 [info] > git for-each-ref --format=%(refname)%00%(upstream:short)%00%(objectname)%00%(upstream:track)%00%(upstream:remotename)%00%(upstream:remoteref) refs/heads/master refs/remotes/master [3ms]
2024-02-11 22:38:18.258 [info] > git status -z -uall [257ms]
2024-02-11 22:54:19.581 [info] > git config --get commit.template [2ms]
2024-02-11 22:54:19.600 [info] > git for-each-ref --format=%(refname)%00%(upstream:short)%00%(objectname)%00%(upstream:track)%00%(upstream:remotename)%00%(upstream:remoteref) refs/heads/master refs/remotes/master [3ms]
2024-02-11 22:54:19.831 [info] > git status -z -uall [214ms]
2024-02-11 22:54:25.258 [info] > git config --get commit.template [18ms]
2024-02-11 22:54:25.259 [info] > git for-each-ref --format=%(refname)%00%(upstream:short)%00%(objectname)%00%(upstream:track)%00%(upstream:remotename)%00%(upstream:remoteref) refs/heads/master refs/remotes/master [2ms]
2024-02-11 22:54:25.424 [info] > git status -z -uall [139ms]
2024-02-11 22:54:49.938 [info] > git config --get commit.template [31ms]
2024-02-11 22:54:49.940 [info] > git for-each-ref --format=%(refname)%00%(upstream:short)%00%(objectname)%00%(upstream:track)%00%(upstream:remotename)%00%(upstream:remoteref) refs/heads/master refs/remotes/master [5ms]
2024-02-11 22:54:50.159 [info] > git status -z -uall [198ms]
2024-02-11 22:55:19.593 [info] > git config --get commit.template [2ms]
2024-02-11 22:55:19.618 [info] > git for-each-ref --format=%(refname)%00%(upstream:short)%00%(objectname)%00%(upstream:track)%00%(upstream:remotename)%00%(upstream:remoteref) refs/heads/master refs/remotes/master [4ms]
2024-02-11 22:55:19.763 [info] > git status -z -uall [125ms]
2024-02-11 22:55:25.074 [info] > git config --get commit.template [30ms]
2024-02-11 22:55:25.075 [info] > git for-each-ref --format=%(refname)%00%(upstream:short)%00%(objectname)%00%(upstream:track)%00%(upstream:remotename)%00%(upstream:remoteref) refs/heads/master refs/remotes/master [3ms]
2024-02-11 22:55:25.281 [info] > git status -z -uall [187ms]
2024-02-11 22:55:30.607 [info] > git config --get commit.template [32ms]
2024-02-11 22:55:30.608 [info] > git for-each-ref --format=%(refname)%00%(upstream:short)%00%(objectname)%00%(upstream:track)%00%(upstream:remotename)%00%(upstream:remoteref) refs/heads/master refs/remotes/master [3ms]
2024-02-11 22:55:30.808 [info] > git status -z -uall [180ms]
2024-02-11 22:55:36.126 [info] > git config --get commit.template [27ms]
2024-02-11 22:55:36.127 [info] > git for-each-ref --format=%(refname)%00%(upstream:short)%00%(objectname)%00%(upstream:track)%00%(upstream:remotename)%00%(upstream:remoteref) refs/heads/master refs/remotes/master [3ms]
2024-02-11 22:55:36.220 [info] > git status -z -uall [72ms]
2024-02-11 22:55:41.564 [info] > git config --get commit.template [27ms]
2024-02-11 22:55:41.566 [info] > git for-each-ref --format=%(refname)%00%(upstream:short)%00%(objectname)%00%(upstream:track)%00%(upstream:remotename)%00%(upstream:remoteref) refs/heads/master refs/remotes/master [2ms]
2024-02-11 22:55:41.725 [info] > git status -z -uall [136ms]
2024-02-11 22:55:47.028 [info] > git config --get commit.template [2ms]
2024-02-11 22:55:47.050 [info] > git for-each-ref --format=%(refname)%00%(upstream:short)%00%(objectname)%00%(upstream:track)%00%(upstream:remotename)%00%(upstream:remoteref) refs/heads/master refs/remotes/master [2ms]
2024-02-11 22:55:47.210 [info] > git status -z -uall [139ms]
2024-02-11 22:55:52.616 [info] > git config --get commit.template [41ms]
2024-02-11 22:55:52.617 [info] > git for-each-ref --format=%(refname)%00%(upstream:short)%00%(objectname)%00%(upstream:track)%00%(upstream:remotename)%00%(upstream:remoteref) refs/heads/master refs/remotes/master [4ms]
2024-02-11 22:55:52.821 [info] > git status -z -uall [179ms]
2024-02-11 22:55:58.159 [info] > git config --get commit.template [30ms]
2024-02-11 22:55:58.160 [info] > git for-each-ref --format=%(refname)%00%(upstream:short)%00%(objectname)%00%(upstream:track)%00%(upstream:remotename)%00%(upstream:remoteref) refs/heads/master refs/remotes/master [3ms]
2024-02-11 22:55:58.350 [info] > git status -z -uall [167ms]
2024-02-11 22:56:03.642 [info] > git config --get commit.template [4ms]
2024-02-11 22:56:03.681 [info] > git for-each-ref --format=%(refname)%00%(upstream:short)%00%(objectname)%00%(upstream:track)%00%(upstream:remotename)%00%(upstream:remoteref) refs/heads/master refs/remotes/master [2ms]
2024-02-11 22:56:03.888 [info] > git status -z -uall [176ms]
2024-02-11 22:56:09.142 [info] > git config --get commit.template [3ms]
2024-02-11 22:56:09.164 [info] > git for-each-ref --format=%(refname)%00%(upstream:short)%00%(objectname)%00%(upstream:track)%00%(upstream:remotename)%00%(upstream:remoteref) refs/heads/master refs/remotes/master [1ms]
2024-02-11 22:56:09.287 [info] > git status -z -uall [104ms]
2024-02-11 22:57:36.015 [info] > git config --get commit.template [16ms]
2024-02-11 22:57:36.015 [info] > git for-each-ref --format=%(refname)%00%(upstream:short)%00%(objectname)%00%(upstream:track)%00%(upstream:remotename)%00%(upstream:remoteref) refs/heads/master refs/remotes/master [2ms]
2024-02-11 22:57:36.171 [info] > git status -z -uall [137ms]
2024-02-11 22:57:41.589 [info] > git config --get commit.template [23ms]
2024-02-11 22:57:41.590 [info] > git for-each-ref --format=%(refname)%00%(upstream:short)%00%(objectname)%00%(upstream:track)%00%(upstream:remotename)%00%(upstream:remoteref) refs/heads/master refs/remotes/master [2ms]
2024-02-11 22:57:41.708 [info] > git status -z -uall [101ms]
2024-02-11 22:57:44.417 [info] > git show --textconv :tennis-court-schedules/app/Http/Controllers/PostAttendanceController.php [62ms]
2024-02-11 22:57:44.422 [info] > git ls-files --stage -- /home/nattyu/tennis-court-schedules/app/Http/Controllers/PostAttendanceController.php [43ms]
2024-02-11 22:57:44.661 [info] > git check-ignore -v -z --stdin [43ms]
2024-02-11 22:57:46.973 [info] > git config --get commit.template [4ms]
2024-02-11 22:57:47.000 [info] > git for-each-ref --format=%(refname)%00%(upstream:short)%00%(objectname)%00%(upstream:track)%00%(upstream:remotename)%00%(upstream:remoteref) refs/heads/master refs/remotes/master [7ms]
2024-02-11 22:57:47.181 [info] > git status -z -uall [158ms]
2024-02-11 22:57:51.965 [info] > git show --textconv :tennis-court-schedules/app/Http/Controllers/PostCourtController.php [26ms]
2024-02-11 22:57:51.984 [info] > git ls-files --stage -- /home/nattyu/tennis-court-schedules/app/Http/Controllers/PostCourtController.php [24ms]
2024-02-11 22:57:52.567 [info] > git config --get commit.template [20ms]
2024-02-11 22:57:52.568 [info] > git for-each-ref --format=%(refname)%00%(upstream:short)%00%(objectname)%00%(upstream:track)%00%(upstream:remotename)%00%(upstream:remoteref) refs/heads/master refs/remotes/master [4ms]
2024-02-11 22:57:52.694 [info] > git status -z -uall [104ms]
2024-02-11 22:57:58.071 [info] > git config --get commit.template [24ms]
2024-02-11 22:57:58.075 [info] > git for-each-ref --format=%(refname)%00%(upstream:short)%00%(objectname)%00%(upstream:track)%00%(upstream:remotename)%00%(upstream:remoteref) refs/heads/master refs/remotes/master [5ms]
2024-02-11 22:57:58.179 [info] > git status -z -uall [77ms]
2024-02-11 22:58:01.306 [info] > git show --textconv :tennis-court-schedules/resources/views/court/index-court.blade.php [28ms]
2024-02-11 22:58:01.319 [info] > git ls-files --stage -- /home/nattyu/tennis-court-schedules/resources/views/court/index-court.blade.php [15ms]
2024-02-11 22:58:03.499 [info] > git config --get commit.template [22ms]
2024-02-11 22:58:03.500 [info] > git for-each-ref --format=%(refname)%00%(upstream:short)%00%(objectname)%00%(upstream:track)%00%(upstream:remotename)%00%(upstream:remoteref) refs/heads/master refs/remotes/master [2ms]
2024-02-11 22:58:03.624 [info] > git status -z -uall [104ms]
2024-02-11 22:58:08.899 [info] > git config --get commit.template [28ms]
2024-02-11 22:58:08.901 [info] > git for-each-ref --format=%(refname)%00%(upstream:short)%00%(objectname)%00%(upstream:track)%00%(upstream:remotename)%00%(upstream:remoteref) refs/heads/master refs/remotes/master [9ms]
2024-02-11 22:58:09.046 [info] > git status -z -uall [125ms]
2024-02-11 22:58:14.337 [info] > git config --get commit.template [2ms]
2024-02-11 22:58:14.366 [info] > git for-each-ref --format=%(refname)%00%(upstream:short)%00%(objectname)%00%(upstream:track)%00%(upstream:remotename)%00%(upstream:remoteref) refs/heads/master refs/remotes/master [4ms]
2024-02-11 22:58:14.541 [info] > git status -z -uall [144ms]
2024-02-11 22:58:21.017 [info] > git config --get commit.template [30ms]
2024-02-11 22:58:21.018 [info] > git for-each-ref --format=%(refname)%00%(upstream:short)%00%(objectname)%00%(upstream:track)%00%(upstream:remotename)%00%(upstream:remoteref) refs/heads/master refs/remotes/master [3ms]
2024-02-11 22:58:21.180 [info] > git status -z -uall [144ms]
