[Info  - 11:16:11 AM] Initialising intelephense 1.10.2
[Info  - 11:16:12 AM] Reading state from /home/nattyu/.vscode-server/data/User/workspaceStorage/5d5ad518a425d6cb473e517b3a0ba92f/bmewburn.vscode-intelephense-client/4c1f4e7a.
[Info  - 11:16:14 AM] Initialised in 2181 ms
[Info  - 11:16:15 AM] Searching file:///home/nattyu/.vscode-server/extensions/bmewburn.vscode-intelephense-client-1.10.2/node_modules/intelephense/lib/stub for files to index.
[Info  - 11:16:15 AM] Searching file:///home/nattyu/tennis-court-schedules for files to index.
[Warn  - 11:16:17 AM] file:///home/nattyu/tennis-court-schedules/vendor/fakerphp/faker/src/Faker/Provider/nl_BE/Text.php is over the maximum file size of 1000000 bytes.
[Info  - 11:16:17 AM] Indexing started.
[Info  - 11:16:17 AM] Indexing ended. 6 files indexed in 0s.
[Info  - 11:16:17 AM] Writing state to /home/nattyu/.vscode-server/data/User/workspaceStorage/5d5ad518a425d6cb473e517b3a0ba92f/bmewburn.vscode-intelephense-client/4c1f4e7a.
[Info  - 11:16:18 AM] Wrote state in 1.5s.
[Info  - 11:27:48 AM] Indexing started.
[Info  - 11:27:48 AM] Indexing ended. 1 files indexed in 0s.
[Info  - 11:28:00 AM] Indexing started.
[Info  - 11:28:01 AM] Indexing ended. 1 files indexed in 0s.
[Info  - 11:28:47 AM] Indexing started.
[Info  - 11:28:47 AM] Indexing ended. 1 files indexed in 0s.
[Info  - 11:28:48 AM] Indexing started.
[Info  - 11:28:48 AM] Indexing ended. 1 files indexed in 0s.
[Info  - 11:29:49 AM] Indexing started.
[Info  - 11:29:50 AM] Indexing ended. 2 files indexed in 0s.
[Info  - 11:29:50 AM] Indexing started.
[Info  - 11:29:50 AM] Indexing ended. 1 files indexed in 0s.
[Info  - 11:30:30 AM] Indexing started.
[Info  - 11:30:30 AM] Indexing ended. 2 files indexed in 0s.
[Info  - 11:31:45 AM] Indexing started.
[Info  - 11:31:45 AM] Indexing ended. 1 files indexed in 0s.
[Info  - 11:36:59 AM] Indexing started.
[Info  - 11:36:59 AM] Indexing ended. 1 files indexed in 0s.
[Info  - 11:37:00 AM] Indexing started.
[Info  - 11:37:00 AM] Indexing ended. 1 files indexed in 0s.
[Info  - 11:37:44 AM] Indexing started.
[Info  - 11:37:44 AM] Indexing ended. 3 files indexed in 0s.
[Info  - 11:38:29 AM] Indexing started.
[Info  - 11:38:29 AM] Indexing ended. 1 files indexed in 0s.
[Info  - 11:39:15 AM] Indexing started.
[Info  - 11:39:15 AM] Indexing ended. 1 files indexed in 0s.
[Info  - 11:39:17 AM] Indexing started.
[Info  - 11:39:17 AM] Indexing ended. 1 files indexed in 0s.
[Info  - 11:39:42 AM] Indexing started.
[Info  - 11:39:43 AM] Indexing ended. 2 files indexed in 0s.
[Info  - 11:39:43 AM] Indexing started.
[Info  - 11:39:43 AM] Indexing ended. 1 files indexed in 0s.
[Info  - 11:42:51 AM] Indexing started.
[Info  - 11:42:51 AM] Indexing ended. 2 files indexed in 0s.
[Info  - 11:42:52 AM] Indexing started.
[Info  - 11:42:52 AM] Indexing ended. 1 files indexed in 0s.
[Info  - 11:43:14 AM] Indexing started.
[Info  - 11:43:14 AM] Indexing ended. 1 files indexed in 0s.
[Info  - 11:55:05 AM] Searching file:///home/nattyu/tennis-court-schedules/app/Helpers for files to index.
[Info  - 12:00:48 PM] Indexing started.
[Info  - 12:00:48 PM] Indexing ended. 2 files indexed in 0s.
[Info  - 12:00:49 PM] Indexing started.
[Info  - 12:00:49 PM] Indexing ended. 2 files indexed in 0s.
[Info  - 12:00:49 PM] Indexing started.
[Info  - 12:00:49 PM] Indexing ended. 1 files indexed in 0s.
[Info  - 12:03:15 PM] Indexing started.
[Info  - 12:03:15 PM] Indexing ended. 1 files indexed in 0s.
[Info  - 12:03:16 PM] Indexing started.
[Info  - 12:03:16 PM] Indexing ended. 1 files indexed in 0s.
[Info  - 12:03:20 PM] Indexing started.
[Info  - 12:03:20 PM] Indexing ended. 1 files indexed in 0s.
[Info  - 12:04:22 PM] Indexing started.
[Info  - 12:04:22 PM] Indexing ended. 1 files indexed in 0s.
[Info  - 12:04:26 PM] Indexing started.
[Info  - 12:04:26 PM] Indexing ended. 1 files indexed in 0s.
[Info  - 12:13:13 PM] Indexing started.
[Info  - 12:13:13 PM] Indexing ended. 1 files indexed in 0s.
[Info  - 12:13:57 PM] Indexing started.
[Info  - 12:13:57 PM] Indexing ended. 1 files indexed in 0s.
[Info  - 12:15:08 PM] Indexing started.
[Info  - 12:15:08 PM] Indexing ended. 1 files indexed in 0s.
[Info  - 12:17:22 PM] Indexing started.
[Info  - 12:17:23 PM] Indexing ended. 1 files indexed in 0s.
[Info  - 12:17:23 PM] Indexing started.
[Info  - 12:17:23 PM] Indexing ended. 1 files indexed in 0s.
[Info  - 12:18:52 PM] Indexing started.
[Info  - 12:18:52 PM] Indexing ended. 3 files indexed in 0s.
[Info  - 12:19:00 PM] Indexing started.
[Info  - 12:19:00 PM] Indexing ended. 1 files indexed in 0s.
[Info  - 12:19:01 PM] Indexing started.
[Info  - 12:19:01 PM] Indexing ended. 1 files indexed in 0s.
[Info  - 12:19:46 PM] Indexing started.
[Info  - 12:19:46 PM] Indexing ended. 1 files indexed in 0s.
[Info  - 12:19:47 PM] Indexing started.
[Info  - 12:19:47 PM] Indexing ended. 1 files indexed in 0s.
[Info  - 12:19:58 PM] Indexing started.
[Info  - 12:19:58 PM] Indexing ended. 1 files indexed in 0s.
[Info  - 12:19:59 PM] Indexing started.
[Info  - 12:19:59 PM] Indexing ended. 1 files indexed in 0s.
[Info  - 12:21:32 PM] Indexing started.
[Info  - 12:21:33 PM] Indexing ended. 1 files indexed in 0s.
[Info  - 12:21:33 PM] Indexing started.
[Info  - 12:21:33 PM] Indexing ended. 1 files indexed in 0s.
[Info  - 12:21:44 PM] Indexing started.
[Info  - 12:21:44 PM] Indexing ended. 1 files indexed in 0s.
[Info  - 12:21:45 PM] Indexing started.
[Info  - 12:21:45 PM] Indexing ended. 1 files indexed in 0s.
[Info  - 12:22:56 PM] Indexing started.
[Info  - 12:22:56 PM] Indexing ended. 2 files indexed in 0s.
[Info  - 1:45:20 PM] Indexing started.
[Info  - 1:45:21 PM] Indexing ended. 2 files indexed in 0s.
[Info  - 1:45:21 PM] Indexing started.
[Info  - 1:45:21 PM] Indexing ended. 1 files indexed in 0s.
[Info  - 1:46:46 PM] Indexing started.
[Info  - 1:46:46 PM] Indexing ended. 2 files indexed in 0s.
[Info  - 1:51:53 PM] Indexing started.
[Info  - 1:51:54 PM] Indexing ended. 1 files indexed in 0s.
[Info  - 1:51:54 PM] Indexing started.
[Info  - 1:51:55 PM] Indexing ended. 1 files indexed in 0s.
[Info  - 1:52:55 PM] Indexing started.
[Info  - 1:52:55 PM] Indexing ended. 2 files indexed in 0s.
[Info  - 1:54:12 PM] Indexing started.
[Info  - 1:54:12 PM] Indexing ended. 1 files indexed in 0s.
[Info  - 1:54:13 PM] Indexing started.
[Info  - 1:54:13 PM] Indexing ended. 1 files indexed in 0s.
[Info  - 1:54:27 PM] Indexing started.
[Info  - 1:54:27 PM] Indexing ended. 2 files indexed in 0s.
[Info  - 1:54:28 PM] Indexing started.
[Info  - 1:54:28 PM] Indexing ended. 1 files indexed in 0s.
[Info  - 1:54:34 PM] Indexing started.
[Info  - 1:54:34 PM] Indexing ended. 1 files indexed in 0s.
[Info  - 1:54:35 PM] Indexing started.
[Info  - 1:54:35 PM] Indexing ended. 1 files indexed in 0s.
[Info  - 1:54:54 PM] Indexing started.
[Info  - 1:54:54 PM] Indexing ended. 2 files indexed in 0s.
[Info  - 1:54:55 PM] Indexing started.
[Info  - 1:54:55 PM] Indexing ended. 1 files indexed in 0s.
[Info  - 1:54:57 PM] Indexing started.
[Info  - 1:54:57 PM] Indexing ended. 1 files indexed in 0s.
[Info  - 3:28:00 PM] Indexing started.
[Info  - 3:28:00 PM] Indexing ended. 1 files indexed in 0s.
[Info  - 3:28:04 PM] Indexing started.
[Info  - 3:28:04 PM] Indexing ended. 1 files indexed in 0s.
[Info  - 3:30:08 PM] Indexing started.
[Info  - 3:30:08 PM] Indexing ended. 1 files indexed in 0s.
[Info  - 3:30:09 PM] Indexing started.
[Info  - 3:30:09 PM] Indexing ended. 1 files indexed in 0s.
[Info  - 3:30:20 PM] Indexing started.
[Info  - 3:30:21 PM] Indexing ended. 2 files indexed in 0s.
[Info  - 3:31:32 PM] Indexing started.
[Info  - 3:31:33 PM] Indexing ended. 1 files indexed in 0s.
[Info  - 3:31:33 PM] Indexing started.
[Info  - 3:31:33 PM] Indexing ended. 1 files indexed in 0s.
[Info  - 3:32:34 PM] Indexing started.
[Info  - 3:32:34 PM] Indexing ended. 1 files indexed in 0s.
[Info  - 4:48:01 PM] Indexing started.
[Info  - 4:48:01 PM] Indexing ended. 1 files indexed in 0s.
[Info  - 4:48:02 PM] Indexing started.
[Info  - 4:48:02 PM] Indexing ended. 1 files indexed in 0s.
[Info  - 4:48:09 PM] Indexing started.
[Info  - 4:48:09 PM] Indexing ended. 1 files indexed in 0s.
[Info  - 4:48:10 PM] Indexing started.
[Info  - 4:48:10 PM] Indexing ended. 1 files indexed in 0s.
[Info  - 4:48:20 PM] Indexing started.
[Info  - 4:48:21 PM] Indexing ended. 1 files indexed in 0s.
[Info  - 4:51:46 PM] Indexing started.
[Info  - 4:51:47 PM] Indexing ended. 2 files indexed in 0s.
[Info  - 4:51:47 PM] Indexing started.
[Info  - 4:51:48 PM] Indexing ended. 1 files indexed in 0s.
[Info  - 5:00:52 PM] Indexing started.
[Info  - 5:00:53 PM] Indexing ended. 1 files indexed in 0s.
[Info  - 5:00:53 PM] Indexing started.
[Info  - 5:00:54 PM] Indexing ended. 1 files indexed in 0s.
[Info  - 5:02:28 PM] Indexing started.
[Info  - 5:02:28 PM] Indexing ended. 1 files indexed in 0s.
[Info  - 5:02:32 PM] Indexing started.
[Info  - 5:02:32 PM] Indexing ended. 1 files indexed in 0s.
[Info  - 5:03:20 PM] Indexing started.
[Info  - 5:03:21 PM] Indexing ended. 1 files indexed in 0s.
[Info  - 5:03:22 PM] Indexing started.
[Info  - 5:03:22 PM] Indexing ended. 1 files indexed in 0s.
[Info  - 5:03:53 PM] Indexing started.
[Info  - 5:03:53 PM] Indexing ended. 1 files indexed in 0s.
[Info  - 5:03:54 PM] Indexing started.
[Info  - 5:03:54 PM] Indexing ended. 1 files indexed in 0s.
[Info  - 5:05:16 PM] Indexing started.
[Info  - 5:05:16 PM] Indexing ended. 1 files indexed in 0s.
[Info  - 5:05:17 PM] Indexing started.
[Info  - 5:05:17 PM] Indexing ended. 1 files indexed in 0s.
[Info  - 10:14:24 PM] Indexing started.
[Info  - 10:14:25 PM] Indexing ended. 1 files indexed in 0s.
[Info  - 10:15:08 PM] Indexing started.
[Info  - 10:15:08 PM] Indexing ended. 1 files indexed in 0s.
[Info  - 10:17:26 PM] Indexing started.
[Info  - 10:17:26 PM] Indexing ended. 1 files indexed in 0s.
[Info  - 10:17:27 PM] Indexing started.
[Info  - 10:17:27 PM] Indexing ended. 1 files indexed in 0s.
[Info  - 10:20:04 PM] Indexing started.
[Info  - 10:20:04 PM] Indexing ended. 2 files indexed in 0s.
[Info  - 10:20:05 PM] Indexing started.
[Info  - 10:20:05 PM] Indexing ended. 1 files indexed in 0s.
[Info  - 10:20:12 PM] Indexing started.
[Info  - 10:20:12 PM] Indexing ended. 1 files indexed in 0s.
[Info  - 10:21:04 PM] Indexing started.
[Info  - 10:21:04 PM] Indexing ended. 2 files indexed in 0s.
[Info  - 10:21:09 PM] Indexing started.
[Info  - 10:21:10 PM] Indexing ended. 1 files indexed in 0s.
[Info  - 10:24:26 PM] Indexing started.
[Info  - 10:24:26 PM] Indexing ended. 1 files indexed in 0s.
[Info  - 10:25:59 PM] Indexing started.
[Info  - 10:25:59 PM] Indexing ended. 1 files indexed in 0s.
[Info  - 10:27:33 PM] Indexing started.
[Info  - 10:27:33 PM] Indexing ended. 2 files indexed in 0s.
[Info  - 10:27:40 PM] Indexing started.
[Info  - 10:27:40 PM] Indexing ended. 1 files indexed in 0s.
[Info  - 10:31:28 PM] Indexing started.
[Info  - 10:31:28 PM] Indexing ended. 2 files indexed in 0s.
[Info  - 10:31:29 PM] Indexing started.
[Info  - 10:31:29 PM] Indexing ended. 1 files indexed in 0s.
[Info  - 10:31:36 PM] Indexing started.
[Info  - 10:31:36 PM] Indexing ended. 2 files indexed in 0s.
[Info  - 10:31:37 PM] Indexing started.
[Info  - 10:31:37 PM] Indexing ended. 1 files indexed in 0s.
[Info  - 10:35:31 PM] Indexing started.
[Info  - 10:35:31 PM] Indexing ended. 1 files indexed in 0s.
[Info  - 10:35:32 PM] Indexing started.
[Info  - 10:35:32 PM] Indexing ended. 1 files indexed in 0s.
[Info  - 10:36:20 PM] Indexing started.
[Info  - 10:36:21 PM] Indexing ended. 1 files indexed in 0s.
[Info  - 10:36:21 PM] Indexing started.
[Info  - 10:36:21 PM] Indexing ended. 1 files indexed in 0s.
[Info  - 10:43:34 PM] Indexing started.
[Info  - 10:43:34 PM] Indexing ended. 2 files indexed in 0s.
[Info  - 10:43:35 PM] Indexing started.
[Info  - 10:43:35 PM] Indexing ended. 1 files indexed in 0s.
[Info  - 10:43:43 PM] Indexing started.
[Info  - 10:43:44 PM] Indexing ended. 1 files indexed in 0s.
[Info  - 10:43:44 PM] Indexing started.
[Info  - 10:43:44 PM] Indexing ended. 1 files indexed in 0s.
[Info  - 10:43:48 PM] Indexing started.
[Info  - 10:43:48 PM] Indexing ended. 1 files indexed in 0s.
[Info  - 10:45:32 PM] Indexing started.
[Info  - 10:45:32 PM] Indexing ended. 2 files indexed in 0s.
[Info  - 10:45:33 PM] Indexing started.
[Info  - 10:45:33 PM] Indexing ended. 1 files indexed in 0s.
[Info  - 10:46:34 PM] Indexing started.
[Info  - 10:46:34 PM] Indexing ended. 2 files indexed in 0s.
[Info  - 10:46:35 PM] Indexing started.
[Info  - 10:46:35 PM] Indexing ended. 1 files indexed in 0s.
[Info  - 10:46:36 PM] Indexing started.
[Info  - 10:46:36 PM] Indexing ended. 1 files indexed in 0s.
[Info  - 10:46:37 PM] Indexing started.
[Info  - 10:46:37 PM] Indexing ended. 1 files indexed in 0s.
[Info  - 10:46:42 PM] Indexing started.
[Info  - 10:46:42 PM] Indexing ended. 2 files indexed in 0s.
[Info  - 10:46:43 PM] Indexing started.
[Info  - 10:46:43 PM] Indexing ended. 1 files indexed in 0s.
[Info  - 10:46:49 PM] Indexing started.
[Info  - 10:46:49 PM] Indexing ended. 1 files indexed in 0s.
[Info  - 10:46:50 PM] Indexing started.
[Info  - 10:46:50 PM] Indexing ended. 1 files indexed in 0s.
[Info  - 10:46:58 PM] Indexing started.
[Info  - 10:46:58 PM] Indexing ended. 2 files indexed in 0s.
[Info  - 10:47:02 PM] Indexing started.
[Info  - 10:47:02 PM] Indexing ended. 2 files indexed in 0s.
[Info  - 10:47:03 PM] Indexing started.
[Info  - 10:47:03 PM] Indexing ended. 1 files indexed in 0s.
[Info  - 10:49:51 PM] Indexing started.
[Info  - 10:49:51 PM] Indexing ended. 1 files indexed in 0s.
