2024-02-14 11:12:53.378 [info] ログ レベル: Info
2024-02-14 11:12:53.378 [info] Git の検証が検出されました: "git"
2024-02-14 11:12:53.378 [info] "git" から Git "2.34.1" を使用しています
2024-02-14 11:12:53.378 [info] > git rev-parse --show-toplevel [45ms]
2024-02-14 11:12:53.378 [info] > git rev-parse --git-dir --git-common-dir [382ms]
2024-02-14 11:12:53.378 [info] Open repository: /home/nattyu
2024-02-14 11:12:53.469 [info] > git rev-parse --show-toplevel [74ms]
2024-02-14 11:12:53.471 [info] > git config --get commit.template [82ms]
2024-02-14 11:12:53.674 [info] > git rev-parse --show-toplevel [185ms]
2024-02-14 11:12:53.693 [info] > git for-each-ref --format=%(refname)%00%(upstream:short)%00%(objectname)%00%(upstream:track)%00%(upstream:remotename)%00%(upstream:remoteref) refs/heads/master refs/remotes/master [195ms]
2024-02-14 11:12:53.795 [info] > git rev-parse --show-toplevel [104ms]
2024-02-14 11:12:53.828 [info] > git rev-parse --show-toplevel [20ms]
2024-02-14 11:12:53.884 [info] > git rev-parse --show-toplevel [23ms]
2024-02-14 11:12:53.966 [info] > git rev-parse --show-toplevel [65ms]
2024-02-14 11:12:54.034 [info] > git rev-parse --show-toplevel [14ms]
2024-02-14 11:12:54.047 [info] > git rev-parse --show-toplevel [2ms]
2024-02-14 11:12:54.063 [info] > git rev-parse --show-toplevel [2ms]
2024-02-14 11:12:54.100 [info] > git rev-parse --show-toplevel [4ms]
2024-02-14 11:12:54.125 [info] > git rev-parse --show-toplevel [4ms]
2024-02-14 11:12:54.141 [info] > git rev-parse --show-toplevel [2ms]
2024-02-14 11:12:54.226 [info] > git show --textconv :tennis-court-schedules/resources/views/court/edit-court.blade.php [47ms]
2024-02-14 11:12:54.226 [info] > git ls-files --stage -- /home/nattyu/tennis-court-schedules/resources/views/court/edit-court.blade.php [33ms]
2024-02-14 11:12:54.259 [info] > git check-ignore -v -z --stdin [49ms]
2024-02-14 11:12:54.850 [info] > git status -z -uall [999ms]
2024-02-14 11:12:56.519 [info] > git merge-base refs/heads/master refs/remotes/origin/master [56ms]
2024-02-14 11:12:56.544 [info] > git config --get commit.template [96ms]
2024-02-14 11:12:56.575 [info] > git for-each-ref --format=%(refname)%00%(upstream:short)%00%(objectname)%00%(upstream:track)%00%(upstream:remotename)%00%(upstream:remoteref) refs/heads/master refs/remotes/master [4ms]
2024-02-14 11:12:56.576 [info] > git rev-list --count --left-right refs/heads/master...refs/remotes/origin/master [33ms]
2024-02-14 11:12:56.712 [info] > git status -z -uall [116ms]
2024-02-14 11:12:59.036 [info] > git check-ignore -v -z --stdin [33ms]
2024-02-14 11:13:04.680 [info] > git config --get commit.template [24ms]
2024-02-14 11:13:04.682 [info] > git for-each-ref --format=%(refname)%00%(upstream:short)%00%(objectname)%00%(upstream:track)%00%(upstream:remotename)%00%(upstream:remoteref) refs/heads/master refs/remotes/master [6ms]
2024-02-14 11:13:04.843 [info] > git status -z -uall [141ms]
2024-02-14 11:13:10.169 [info] > git config --get commit.template [24ms]
2024-02-14 11:13:10.173 [info] > git for-each-ref --format=%(refname)%00%(upstream:short)%00%(objectname)%00%(upstream:track)%00%(upstream:remotename)%00%(upstream:remoteref) refs/heads/master refs/remotes/master [5ms]
2024-02-14 11:13:10.281 [info] > git status -z -uall [92ms]
2024-02-14 11:13:12.288 [info] > git check-ignore -v -z --stdin [12ms]
2024-02-14 11:13:15.570 [info] > git config --get commit.template [20ms]
2024-02-14 11:13:15.577 [info] > git for-each-ref --format=%(refname)%00%(upstream:short)%00%(objectname)%00%(upstream:track)%00%(upstream:remotename)%00%(upstream:remoteref) refs/heads/master refs/remotes/master [8ms]
2024-02-14 11:13:15.696 [info] > git status -z -uall [102ms]
2024-02-14 11:13:18.000 [info] > git check-ignore -v -z --stdin [98ms]
2024-02-14 11:13:20.938 [info] > git config --get commit.template [2ms]
2024-02-14 11:13:20.965 [info] > git for-each-ref --format=%(refname)%00%(upstream:short)%00%(objectname)%00%(upstream:track)%00%(upstream:remotename)%00%(upstream:remoteref) refs/heads/master refs/remotes/master [3ms]
2024-02-14 11:13:21.102 [info] > git status -z -uall [114ms]
2024-02-14 11:13:22.414 [info] > git check-ignore -v -z --stdin [1514ms]
2024-02-14 11:13:23.088 [info] > git check-ignore -v -z --stdin [140ms]
2024-02-14 11:13:26.364 [info] > git config --get commit.template [24ms]
2024-02-14 11:13:26.366 [info] > git for-each-ref --format=%(refname)%00%(upstream:short)%00%(objectname)%00%(upstream:track)%00%(upstream:remotename)%00%(upstream:remoteref) refs/heads/master refs/remotes/master [3ms]
2024-02-14 11:13:26.511 [info] > git status -z -uall [112ms]
2024-02-14 11:13:27.780 [info] > git check-ignore -v -z --stdin [1006ms]
2024-02-14 11:13:31.796 [info] > git config --get commit.template [4ms]
2024-02-14 11:13:31.829 [info] > git for-each-ref --format=%(refname)%00%(upstream:short)%00%(objectname)%00%(upstream:track)%00%(upstream:remotename)%00%(upstream:remoteref) refs/heads/master refs/remotes/master [2ms]
2024-02-14 11:13:31.944 [info] > git status -z -uall [93ms]
2024-02-14 11:13:35.588 [info] > git check-ignore -v -z --stdin [10ms]
2024-02-14 11:13:37.147 [info] > git config --get commit.template [3ms]
2024-02-14 11:13:37.171 [info] > git for-each-ref --format=%(refname)%00%(upstream:short)%00%(objectname)%00%(upstream:track)%00%(upstream:remotename)%00%(upstream:remoteref) refs/heads/master refs/remotes/master [4ms]
2024-02-14 11:13:37.289 [info] > git status -z -uall [99ms]
2024-02-14 11:13:39.337 [info] > git check-ignore -v -z --stdin [168ms]
2024-02-14 11:13:42.548 [info] > git for-each-ref --sort -committerdate --format %(refname) %(objectname) %(*objectname) [38ms]
2024-02-14 11:13:42.555 [info] > git config --get commit.template [8ms]
2024-02-14 11:13:42.581 [info] > git for-each-ref --format=%(refname)%00%(upstream:short)%00%(objectname)%00%(upstream:track)%00%(upstream:remotename)%00%(upstream:remoteref) refs/heads/master refs/remotes/master [3ms]
2024-02-14 11:13:42.684 [info] > git status -z -uall [79ms]
2024-02-14 11:13:47.949 [info] > git config --get commit.template [23ms]
2024-02-14 11:13:47.951 [info] > git for-each-ref --format=%(refname)%00%(upstream:short)%00%(objectname)%00%(upstream:track)%00%(upstream:remotename)%00%(upstream:remoteref) refs/heads/master refs/remotes/master [3ms]
2024-02-14 11:13:48.047 [info] > git status -z -uall [75ms]
2024-02-14 11:13:50.305 [info] > git checkout -q master [68ms]
2024-02-14 11:13:50.343 [info] > git config --get commit.template [18ms]
2024-02-14 11:13:50.344 [info] > git for-each-ref --format=%(refname)%00%(upstream:short)%00%(objectname)%00%(upstream:track)%00%(upstream:remotename)%00%(upstream:remoteref) refs/heads/master refs/remotes/master [2ms]
2024-02-14 11:13:50.460 [info] > git status -z -uall [97ms]
2024-02-14 11:13:52.975 [info] > git ls-files --stage -- /home/nattyu/tennis-court-schedules/resources/views/court/edit-court.blade.php [11ms]
2024-02-14 11:13:53.014 [info] > git show --textconv :tennis-court-schedules/resources/views/court/edit-court.blade.php [7ms]
2024-02-14 11:13:53.282 [info] > git config --get commit.template [16ms]
2024-02-14 11:13:53.283 [info] > git for-each-ref --format=%(refname)%00%(upstream:short)%00%(objectname)%00%(upstream:track)%00%(upstream:remotename)%00%(upstream:remoteref) refs/heads/master refs/remotes/master [3ms]
2024-02-14 11:13:53.372 [info] > git status -z -uall [74ms]
2024-02-14 11:13:58.594 [info] > git config --get commit.template [19ms]
2024-02-14 11:13:58.594 [info] > git for-each-ref --format=%(refname)%00%(upstream:short)%00%(objectname)%00%(upstream:track)%00%(upstream:remotename)%00%(upstream:remoteref) refs/heads/master refs/remotes/master [2ms]
2024-02-14 11:13:58.682 [info] > git status -z -uall [73ms]
2024-02-14 11:14:03.906 [info] > git config --get commit.template [3ms]
2024-02-14 11:14:03.929 [info] > git for-each-ref --format=%(refname)%00%(upstream:short)%00%(objectname)%00%(upstream:track)%00%(upstream:remotename)%00%(upstream:remoteref) refs/heads/master refs/remotes/master [2ms]
2024-02-14 11:14:04.022 [info] > git status -z -uall [79ms]
2024-02-14 11:14:09.276 [info] > git config --get commit.template [23ms]
2024-02-14 11:14:09.278 [info] > git for-each-ref --format=%(refname)%00%(upstream:short)%00%(objectname)%00%(upstream:track)%00%(upstream:remotename)%00%(upstream:remoteref) refs/heads/master refs/remotes/master [4ms]
2024-02-14 11:14:09.386 [info] > git status -z -uall [88ms]
2024-02-14 11:14:14.598 [info] > git config --get commit.template [16ms]
2024-02-14 11:14:14.599 [info] > git for-each-ref --format=%(refname)%00%(upstream:short)%00%(objectname)%00%(upstream:track)%00%(upstream:remotename)%00%(upstream:remoteref) refs/heads/master refs/remotes/master [2ms]
2024-02-14 11:14:14.694 [info] > git status -z -uall [81ms]
2024-02-14 11:14:19.963 [info] > git config --get commit.template [3ms]
2024-02-14 11:14:20.001 [info] > git for-each-ref --format=%(refname)%00%(upstream:short)%00%(objectname)%00%(upstream:track)%00%(upstream:remotename)%00%(upstream:remoteref) refs/heads/master refs/remotes/master [7ms]
2024-02-14 11:14:20.133 [info] > git status -z -uall [100ms]
2024-02-14 11:14:25.373 [info] > git config --get commit.template [22ms]
2024-02-14 11:14:25.374 [info] > git for-each-ref --format=%(refname)%00%(upstream:short)%00%(objectname)%00%(upstream:track)%00%(upstream:remotename)%00%(upstream:remoteref) refs/heads/master refs/remotes/master [3ms]
2024-02-14 11:14:25.474 [info] > git status -z -uall [79ms]
2024-02-14 11:14:30.725 [info] > git config --get commit.template [2ms]
2024-02-14 11:14:30.758 [info] > git for-each-ref --format=%(refname)%00%(upstream:short)%00%(objectname)%00%(upstream:track)%00%(upstream:remotename)%00%(upstream:remoteref) refs/heads/master refs/remotes/master [5ms]
2024-02-14 11:14:30.872 [info] > git status -z -uall [97ms]
2024-02-14 11:14:36.112 [info] > git config --get commit.template [6ms]
2024-02-14 11:14:36.132 [info] > git for-each-ref --format=%(refname)%00%(upstream:short)%00%(objectname)%00%(upstream:track)%00%(upstream:remotename)%00%(upstream:remoteref) refs/heads/master refs/remotes/master [3ms]
2024-02-14 11:14:36.239 [info] > git status -z -uall [91ms]
