2024-02-12 09:58:35.262 [info] Extension host with pid 851 started
2024-02-12 09:58:35.289 [info] Lock '/home/nattyu/.vscode-server/data/User/workspaceStorage/5d5ad518a425d6cb473e517b3a0ba92f/vscode.lock': Lock acquired.
2024-02-12 09:58:35.592 [info] ExtensionService#_doActivateExtension vscode.emmet, startup: false, activationEvent: 'onLanguage'
2024-02-12 09:58:35.600 [info] ExtensionService#_doActivateExtension vscode.php-language-features, startup: false, activationEvent: 'onLanguage:php'
2024-02-12 09:58:35.601 [info] ExtensionService#_doActivateExtension bmewburn.vscode-intelephense-client, startup: false, activationEvent: 'onLanguage:php'
2024-02-12 09:58:36.608 [info] ExtensionService#_doActivateExtension vscode.git-base, startup: true, activationEvent: '*', root cause: vscode.git
2024-02-12 09:58:36.610 [info] ExtensionService#_doActivateExtension mosapride.zenkaku, startup: true, activationEvent: '*'
2024-02-12 09:58:36.627 [info] ExtensionService#_doActivateExtension vscode.npm, startup: true, activationEvent: 'workspaceContains:package.json'
2024-02-12 09:58:36.638 [info] ExtensionService#_doActivateExtension vscode.json-language-features, startup: false, activationEvent: 'onLanguage:jsonc'
2024-02-12 09:58:36.639 [info] ExtensionService#_doActivateExtension vscode.typescript-language-features, startup: false, activationEvent: 'onLanguage:jsonc'
2024-02-12 09:58:37.717 [info] ExtensionService#_doActivateExtension vscode.git, startup: true, activationEvent: '*'
2024-02-12 09:58:37.718 [info] ExtensionService#_doActivateExtension vscode.github, startup: true, activationEvent: '*'
2024-02-12 09:58:37.993 [info] ExtensionService#_doActivateExtension ryannaddy.laravel-artisan, startup: true, activationEvent: 'workspaceContains:**/artisan'
2024-02-12 09:58:40.586 [info] Eager extensions activated
2024-02-12 09:58:40.588 [info] ExtensionService#_doActivateExtension vscode.debug-auto-launch, startup: false, activationEvent: 'onStartupFinished'
2024-02-12 09:58:40.588 [info] ExtensionService#_doActivateExtension vscode.merge-conflict, startup: false, activationEvent: 'onStartupFinished'
2024-02-12 09:58:40.590 [info] ExtensionService#_doActivateExtension bradlc.vscode-tailwindcss, startup: false, activationEvent: 'onStartupFinished'
2024-02-12 09:58:40.590 [info] ExtensionService#_doActivateExtension ecmel.vscode-html-css, startup: false, activationEvent: 'onStartupFinished'
2024-02-12 09:58:40.591 [info] ExtensionService#_doActivateExtension esbenp.prettier-vscode, startup: false, activationEvent: 'onStartupFinished'
2024-02-12 09:58:41.718 [warning] [Decorations] CAPPING events from decorations provider vscode.git 8024
2024-02-12 09:58:44.070 [warning] [Decorations] CAPPING events from decorations provider vscode.git 8026
2024-02-12 09:59:03.846 [warning] [Decorations] CAPPING events from decorations provider vscode.git 8014
2024-02-12 10:29:36.160 [warning] [Decorations] CAPPING events from decorations provider vscode.git 8014
2024-02-12 10:29:41.587 [warning] [Decorations] CAPPING events from decorations provider vscode.git 8014
2024-02-12 10:29:42.730 [info] ExtensionService#_doActivateExtension onecentlin.laravel-blade, startup: false, activationEvent: 'onLanguage:blade'
2024-02-12 10:29:46.944 [warning] [Decorations] CAPPING events from decorations provider vscode.git 8015
2024-02-12 10:29:52.311 [warning] [Decorations] CAPPING events from decorations provider vscode.git 8015
2024-02-12 10:29:57.660 [warning] [Decorations] CAPPING events from decorations provider vscode.git 8015
2024-02-12 10:30:02.992 [warning] [Decorations] CAPPING events from decorations provider vscode.git 8015
2024-02-12 10:30:08.332 [warning] [Decorations] CAPPING events from decorations provider vscode.git 8015
2024-02-12 10:30:13.684 [warning] [Decorations] CAPPING events from decorations provider vscode.git 8015
2024-02-12 10:30:19.009 [warning] [Decorations] CAPPING events from decorations provider vscode.git 8015
2024-02-12 10:30:24.416 [warning] [Decorations] CAPPING events from decorations provider vscode.git 8015
2024-02-12 10:31:05.534 [warning] [Decorations] CAPPING events from decorations provider vscode.git 8016
2024-02-12 10:31:10.905 [warning] [Decorations] CAPPING events from decorations provider vscode.git 8016
2024-02-12 10:31:16.287 [warning] [Decorations] CAPPING events from decorations provider vscode.git 8016
2024-02-12 10:31:21.676 [warning] [Decorations] CAPPING events from decorations provider vscode.git 8016
2024-02-12 10:31:27.052 [warning] [Decorations] CAPPING events from decorations provider vscode.git 8016
2024-02-12 10:31:32.443 [warning] [Decorations] CAPPING events from decorations provider vscode.git 8016
2024-02-12 10:31:37.778 [warning] [Decorations] CAPPING events from decorations provider vscode.git 8016
2024-02-12 10:31:43.137 [warning] [Decorations] CAPPING events from decorations provider vscode.git 8016
2024-02-12 10:31:48.453 [warning] [Decorations] CAPPING events from decorations provider vscode.git 8016
2024-02-12 10:31:53.801 [warning] [Decorations] CAPPING events from decorations provider vscode.git 8016
2024-02-12 10:31:59.130 [warning] [Decorations] CAPPING events from decorations provider vscode.git 8016
2024-02-12 10:32:04.504 [warning] [Decorations] CAPPING events from decorations provider vscode.git 8016
2024-02-12 10:32:09.863 [warning] [Decorations] CAPPING events from decorations provider vscode.git 8016
2024-02-12 10:32:15.380 [warning] [Decorations] CAPPING events from decorations provider vscode.git 8016
2024-02-12 10:32:20.755 [warning] [Decorations] CAPPING events from decorations provider vscode.git 8016
2024-02-12 10:32:26.058 [warning] [Decorations] CAPPING events from decorations provider vscode.git 8016
2024-02-12 10:32:31.481 [warning] [Decorations] CAPPING events from decorations provider vscode.git 8016
2024-02-12 10:32:37.717 [warning] [Decorations] CAPPING events from decorations provider vscode.git 8016
2024-02-12 10:32:43.056 [warning] [Decorations] CAPPING events from decorations provider vscode.git 8016
2024-02-12 10:32:48.432 [warning] [Decorations] CAPPING events from decorations provider vscode.git 8016
2024-02-12 10:32:53.778 [warning] [Decorations] CAPPING events from decorations provider vscode.git 8016
2024-02-12 10:32:59.116 [warning] [Decorations] CAPPING events from decorations provider vscode.git 8016
2024-02-12 10:33:04.461 [warning] [Decorations] CAPPING events from decorations provider vscode.git 8016
2024-02-12 10:33:09.820 [warning] [Decorations] CAPPING events from decorations provider vscode.git 8016
2024-02-12 10:33:15.484 [warning] [Decorations] CAPPING events from decorations provider vscode.git 8016
2024-02-12 10:35:05.782 [warning] [Decorations] CAPPING events from decorations provider vscode.git 8016
2024-02-12 10:35:11.152 [warning] [Decorations] CAPPING events from decorations provider vscode.git 8016
2024-02-12 10:35:16.457 [warning] [Decorations] CAPPING events from decorations provider vscode.git 8016
2024-02-12 10:35:21.817 [warning] [Decorations] CAPPING events from decorations provider vscode.git 8016
2024-02-12 10:35:27.176 [warning] [Decorations] CAPPING events from decorations provider vscode.git 8016
2024-02-12 10:35:32.522 [warning] [Decorations] CAPPING events from decorations provider vscode.git 8016
2024-02-12 10:35:37.859 [warning] [Decorations] CAPPING events from decorations provider vscode.git 8016
2024-02-12 10:35:43.196 [warning] [Decorations] CAPPING events from decorations provider vscode.git 8016
2024-02-12 10:35:48.538 [warning] [Decorations] CAPPING events from decorations provider vscode.git 8016
2024-02-12 10:35:53.920 [warning] [Decorations] CAPPING events from decorations provider vscode.git 8016
2024-02-12 10:36:21.169 [warning] [Decorations] CAPPING events from decorations provider vscode.git 8016
2024-02-12 10:36:26.528 [warning] [Decorations] CAPPING events from decorations provider vscode.git 8016
2024-02-12 10:36:32.168 [warning] [Decorations] CAPPING events from decorations provider vscode.git 8016
2024-02-12 10:36:37.537 [warning] [Decorations] CAPPING events from decorations provider vscode.git 8016
2024-02-12 10:36:42.891 [warning] [Decorations] CAPPING events from decorations provider vscode.git 8016
2024-02-12 10:36:48.235 [warning] [Decorations] CAPPING events from decorations provider vscode.git 8016
2024-02-12 10:36:53.578 [warning] [Decorations] CAPPING events from decorations provider vscode.git 8016
2024-02-12 10:36:58.892 [warning] [Decorations] CAPPING events from decorations provider vscode.git 8016
2024-02-12 10:37:04.269 [warning] [Decorations] CAPPING events from decorations provider vscode.git 8016
2024-02-12 10:37:09.647 [warning] [Decorations] CAPPING events from decorations provider vscode.git 8016
2024-02-12 10:37:44.333 [warning] [Decorations] CAPPING events from decorations provider vscode.git 8017
2024-02-12 10:37:58.622 [warning] [Decorations] CAPPING events from decorations provider vscode.git 8016
2024-02-12 10:38:04.003 [warning] [Decorations] CAPPING events from decorations provider vscode.git 8016
2024-02-12 10:38:09.360 [warning] [Decorations] CAPPING events from decorations provider vscode.git 8016
2024-02-12 10:38:14.690 [warning] [Decorations] CAPPING events from decorations provider vscode.git 8016
2024-02-12 10:38:20.093 [warning] [Decorations] CAPPING events from decorations provider vscode.git 8016
2024-02-12 10:38:25.483 [warning] [Decorations] CAPPING events from decorations provider vscode.git 8016
2024-02-12 10:38:30.892 [warning] [Decorations] CAPPING events from decorations provider vscode.git 8016
2024-02-12 10:38:36.308 [warning] [Decorations] CAPPING events from decorations provider vscode.git 8016
2024-02-12 10:38:41.756 [warning] [Decorations] CAPPING events from decorations provider vscode.git 8016
2024-02-12 10:38:47.203 [warning] [Decorations] CAPPING events from decorations provider vscode.git 8016
2024-02-12 10:38:52.610 [warning] [Decorations] CAPPING events from decorations provider vscode.git 8016
2024-02-12 10:38:58.022 [warning] [Decorations] CAPPING events from decorations provider vscode.git 8016
2024-02-12 10:39:03.444 [warning] [Decorations] CAPPING events from decorations provider vscode.git 8016
2024-02-12 10:39:08.897 [warning] [Decorations] CAPPING events from decorations provider vscode.git 8016
2024-02-12 10:39:14.406 [warning] [Decorations] CAPPING events from decorations provider vscode.git 8016
2024-02-12 10:39:19.781 [warning] [Decorations] CAPPING events from decorations provider vscode.git 8016
2024-02-12 10:39:25.274 [warning] [Decorations] CAPPING events from decorations provider vscode.git 8017
2024-02-12 10:39:30.683 [warning] [Decorations] CAPPING events from decorations provider vscode.git 8016
2024-02-12 10:39:36.037 [warning] [Decorations] CAPPING events from decorations provider vscode.git 8016
2024-02-12 10:39:41.419 [warning] [Decorations] CAPPING events from decorations provider vscode.git 8016
2024-02-12 10:39:46.758 [warning] [Decorations] CAPPING events from decorations provider vscode.git 8016
2024-02-12 10:39:52.157 [warning] [Decorations] CAPPING events from decorations provider vscode.git 8016
2024-02-12 10:39:57.534 [warning] [Decorations] CAPPING events from decorations provider vscode.git 8016
2024-02-12 10:40:03.930 [warning] [Decorations] CAPPING events from decorations provider vscode.git 8016
2024-02-12 10:40:09.340 [warning] [Decorations] CAPPING events from decorations provider vscode.git 8016
2024-02-12 10:40:14.741 [warning] [Decorations] CAPPING events from decorations provider vscode.git 8016
2024-02-12 10:40:20.137 [warning] [Decorations] CAPPING events from decorations provider vscode.git 8016
2024-02-12 10:40:25.472 [warning] [Decorations] CAPPING events from decorations provider vscode.git 8016
2024-02-12 10:41:13.075 [warning] [Decorations] CAPPING events from decorations provider vscode.git 8016
2024-02-12 10:41:18.385 [warning] [Decorations] CAPPING events from decorations provider vscode.git 8016
2024-02-12 10:41:23.770 [warning] [Decorations] CAPPING events from decorations provider vscode.git 8016
2024-02-12 10:41:29.109 [warning] [Decorations] CAPPING events from decorations provider vscode.git 8016
2024-02-12 10:41:34.471 [warning] [Decorations] CAPPING events from decorations provider vscode.git 8016
2024-02-12 10:41:39.837 [warning] [Decorations] CAPPING events from decorations provider vscode.git 8016
2024-02-12 10:41:45.185 [warning] [Decorations] CAPPING events from decorations provider vscode.git 8016
2024-02-12 10:41:50.559 [warning] [Decorations] CAPPING events from decorations provider vscode.git 8016
2024-02-12 10:41:55.959 [warning] [Decorations] CAPPING events from decorations provider vscode.git 8016
2024-02-12 10:42:01.353 [warning] [Decorations] CAPPING events from decorations provider vscode.git 8016
2024-02-12 10:42:06.778 [warning] [Decorations] CAPPING events from decorations provider vscode.git 8016
2024-02-12 10:42:12.155 [warning] [Decorations] CAPPING events from decorations provider vscode.git 8016
2024-02-12 10:42:17.583 [warning] [Decorations] CAPPING events from decorations provider vscode.git 8016
2024-02-12 10:42:23.100 [warning] [Decorations] CAPPING events from decorations provider vscode.git 8016
2024-02-12 10:42:28.460 [warning] [Decorations] CAPPING events from decorations provider vscode.git 8016
2024-02-12 10:42:33.880 [warning] [Decorations] CAPPING events from decorations provider vscode.git 8016
2024-02-12 10:42:39.265 [warning] [Decorations] CAPPING events from decorations provider vscode.git 8016
2024-02-12 10:42:44.627 [warning] [Decorations] CAPPING events from decorations provider vscode.git 8016
2024-02-12 10:42:50.039 [warning] [Decorations] CAPPING events from decorations provider vscode.git 8016
2024-02-12 10:42:55.426 [warning] [Decorations] CAPPING events from decorations provider vscode.git 8016
2024-02-12 10:43:00.899 [warning] [Decorations] CAPPING events from decorations provider vscode.git 8016
2024-02-12 10:43:06.284 [warning] [Decorations] CAPPING events from decorations provider vscode.git 8016
2024-02-12 10:43:11.677 [warning] [Decorations] CAPPING events from decorations provider vscode.git 8016
2024-02-12 10:43:17.096 [warning] [Decorations] CAPPING events from decorations provider vscode.git 8016
2024-02-12 10:43:24.416 [warning] [Decorations] CAPPING events from decorations provider vscode.git 8016
2024-02-12 10:43:29.820 [warning] [Decorations] CAPPING events from decorations provider vscode.git 8016
2024-02-12 10:43:35.219 [warning] [Decorations] CAPPING events from decorations provider vscode.git 8016
2024-02-12 10:43:40.605 [warning] [Decorations] CAPPING events from decorations provider vscode.git 8016
2024-02-12 10:43:46.004 [warning] [Decorations] CAPPING events from decorations provider vscode.git 8016
2024-02-12 10:43:51.340 [warning] [Decorations] CAPPING events from decorations provider vscode.git 8016
2024-02-12 10:43:56.758 [warning] [Decorations] CAPPING events from decorations provider vscode.git 8016
2024-02-12 10:44:02.126 [warning] [Decorations] CAPPING events from decorations provider vscode.git 8016
2024-02-12 10:44:07.485 [warning] [Decorations] CAPPING events from decorations provider vscode.git 8016
2024-02-12 10:44:12.840 [warning] [Decorations] CAPPING events from decorations provider vscode.git 8016
2024-02-12 10:44:18.223 [warning] [Decorations] CAPPING events from decorations provider vscode.git 8016
2024-02-12 10:44:23.598 [warning] [Decorations] CAPPING events from decorations provider vscode.git 8016
2024-02-12 10:44:28.992 [warning] [Decorations] CAPPING events from decorations provider vscode.git 8016
2024-02-12 10:44:34.310 [warning] [Decorations] CAPPING events from decorations provider vscode.git 8016
2024-02-12 10:44:39.686 [warning] [Decorations] CAPPING events from decorations provider vscode.git 8016
2024-02-12 10:44:45.136 [warning] [Decorations] CAPPING events from decorations provider vscode.git 8016
2024-02-12 10:44:50.511 [warning] [Decorations] CAPPING events from decorations provider vscode.git 8016
2024-02-12 10:44:55.873 [warning] [Decorations] CAPPING events from decorations provider vscode.git 8016
2024-02-12 10:45:02.337 [warning] [Decorations] CAPPING events from decorations provider vscode.git 8016
2024-02-12 10:45:08.828 [warning] [Decorations] CAPPING events from decorations provider vscode.git 8016
2024-02-12 10:45:14.264 [warning] [Decorations] CAPPING events from decorations provider vscode.git 8016
2024-02-12 10:45:19.599 [warning] [Decorations] CAPPING events from decorations provider vscode.git 8016
2024-02-12 10:45:25.009 [warning] [Decorations] CAPPING events from decorations provider vscode.git 8016
2024-02-12 10:45:30.407 [warning] [Decorations] CAPPING events from decorations provider vscode.git 8016
2024-02-12 10:45:35.770 [warning] [Decorations] CAPPING events from decorations provider vscode.git 8016
2024-02-12 10:45:41.148 [warning] [Decorations] CAPPING events from decorations provider vscode.git 8016
2024-02-12 10:45:46.501 [warning] [Decorations] CAPPING events from decorations provider vscode.git 8016
2024-02-12 10:45:51.882 [warning] [Decorations] CAPPING events from decorations provider vscode.git 8016
2024-02-12 10:45:57.261 [warning] [Decorations] CAPPING events from decorations provider vscode.git 8017
2024-02-12 10:46:02.610 [warning] [Decorations] CAPPING events from decorations provider vscode.git 8016
2024-02-12 10:46:07.977 [warning] [Decorations] CAPPING events from decorations provider vscode.git 8016
2024-02-12 10:46:31.954 [warning] [Decorations] CAPPING events from decorations provider vscode.git 8017
2024-02-12 10:46:37.317 [warning] [Decorations] CAPPING events from decorations provider vscode.git 8016
2024-02-12 10:46:42.667 [warning] [Decorations] CAPPING events from decorations provider vscode.git 8016
2024-02-12 10:46:48.030 [warning] [Decorations] CAPPING events from decorations provider vscode.git 8016
2024-02-12 10:46:53.379 [warning] [Decorations] CAPPING events from decorations provider vscode.git 8016
2024-02-12 10:46:58.763 [warning] [Decorations] CAPPING events from decorations provider vscode.git 8016
2024-02-12 10:47:04.096 [warning] [Decorations] CAPPING events from decorations provider vscode.git 8016
2024-02-12 10:47:09.442 [warning] [Decorations] CAPPING events from decorations provider vscode.git 8016
2024-02-12 10:47:14.782 [warning] [Decorations] CAPPING events from decorations provider vscode.git 8016
2024-02-12 10:47:20.138 [warning] [Decorations] CAPPING events from decorations provider vscode.git 8016
2024-02-12 10:47:25.510 [warning] [Decorations] CAPPING events from decorations provider vscode.git 8016
2024-02-12 10:47:30.895 [warning] [Decorations] CAPPING events from decorations provider vscode.git 8017
2024-02-12 10:49:09.633 [warning] [Decorations] CAPPING events from decorations provider vscode.git 8016
2024-02-12 10:49:14.995 [warning] [Decorations] CAPPING events from decorations provider vscode.git 8016
2024-02-12 10:49:20.352 [warning] [Decorations] CAPPING events from decorations provider vscode.git 8016
2024-02-12 10:49:25.746 [warning] [Decorations] CAPPING events from decorations provider vscode.git 8016
2024-02-12 10:49:31.126 [warning] [Decorations] CAPPING events from decorations provider vscode.git 8016
2024-02-12 10:49:36.498 [warning] [Decorations] CAPPING events from decorations provider vscode.git 8016
2024-02-12 10:50:39.933 [warning] [Decorations] CAPPING events from decorations provider vscode.git 8016
2024-02-12 11:02:31.174 [warning] [Decorations] CAPPING events from decorations provider vscode.git 8016
2024-02-12 11:02:36.576 [warning] [Decorations] CAPPING events from decorations provider vscode.git 8016
2024-02-12 11:02:41.996 [warning] [Decorations] CAPPING events from decorations provider vscode.git 8016
2024-02-12 11:04:44.793 [warning] [Decorations] CAPPING events from decorations provider vscode.git 8016
2024-02-12 11:04:50.179 [warning] [Decorations] CAPPING events from decorations provider vscode.git 8016
2024-02-12 11:04:55.579 [warning] [Decorations] CAPPING events from decorations provider vscode.git 8016
2024-02-12 11:05:00.930 [warning] [Decorations] CAPPING events from decorations provider vscode.git 8016
2024-02-12 11:05:06.315 [warning] [Decorations] CAPPING events from decorations provider vscode.git 8016
2024-02-12 11:05:11.635 [warning] [Decorations] CAPPING events from decorations provider vscode.git 8016
2024-02-12 11:05:16.997 [warning] [Decorations] CAPPING events from decorations provider vscode.git 8016
2024-02-12 11:05:22.333 [warning] [Decorations] CAPPING events from decorations provider vscode.git 8016
2024-02-12 11:05:27.671 [warning] [Decorations] CAPPING events from decorations provider vscode.git 8016
2024-02-12 11:05:33.009 [warning] [Decorations] CAPPING events from decorations provider vscode.git 8016
2024-02-12 11:05:38.384 [warning] [Decorations] CAPPING events from decorations provider vscode.git 8016
2024-02-12 11:05:43.789 [warning] [Decorations] CAPPING events from decorations provider vscode.git 8016
2024-02-12 11:05:49.192 [warning] [Decorations] CAPPING events from decorations provider vscode.git 8016
2024-02-12 11:05:54.579 [warning] [Decorations] CAPPING events from decorations provider vscode.git 8016
2024-02-12 11:05:59.953 [warning] [Decorations] CAPPING events from decorations provider vscode.git 8016
2024-02-12 11:06:05.312 [warning] [Decorations] CAPPING events from decorations provider vscode.git 8016
2024-02-12 11:06:10.651 [warning] [Decorations] CAPPING events from decorations provider vscode.git 8016
2024-02-12 11:06:16.055 [warning] [Decorations] CAPPING events from decorations provider vscode.git 8016
2024-02-12 11:06:21.413 [warning] [Decorations] CAPPING events from decorations provider vscode.git 8016
2024-02-12 11:06:26.786 [warning] [Decorations] CAPPING events from decorations provider vscode.git 8017
2024-02-12 11:06:32.204 [warning] [Decorations] CAPPING events from decorations provider vscode.git 8016
2024-02-12 11:06:37.608 [warning] [Decorations] CAPPING events from decorations provider vscode.git 8016
2024-02-12 11:06:43.097 [warning] [Decorations] CAPPING events from decorations provider vscode.git 8016
2024-02-12 11:06:48.465 [warning] [Decorations] CAPPING events from decorations provider vscode.git 8016
2024-02-12 11:06:53.819 [warning] [Decorations] CAPPING events from decorations provider vscode.git 8016
2024-02-12 11:06:59.153 [warning] [Decorations] CAPPING events from decorations provider vscode.git 8016
2024-02-12 11:07:04.507 [warning] [Decorations] CAPPING events from decorations provider vscode.git 8016
2024-02-12 11:07:10.004 [warning] [Decorations] CAPPING events from decorations provider vscode.git 8016
2024-02-12 11:07:15.366 [warning] [Decorations] CAPPING events from decorations provider vscode.git 8016
2024-02-12 11:07:20.725 [warning] [Decorations] CAPPING events from decorations provider vscode.git 8016
2024-02-12 11:07:27.094 [warning] [Decorations] CAPPING events from decorations provider vscode.git 8016
2024-02-12 11:07:32.451 [warning] [Decorations] CAPPING events from decorations provider vscode.git 8016
2024-02-12 11:07:37.804 [warning] [Decorations] CAPPING events from decorations provider vscode.git 8016
2024-02-12 11:07:43.214 [warning] [Decorations] CAPPING events from decorations provider vscode.git 8016
2024-02-12 11:07:49.636 [warning] [Decorations] CAPPING events from decorations provider vscode.git 8016
2024-02-12 11:07:55.105 [warning] [Decorations] CAPPING events from decorations provider vscode.git 8016
2024-02-12 11:08:00.588 [warning] [Decorations] CAPPING events from decorations provider vscode.git 8016
2024-02-12 11:08:05.958 [warning] [Decorations] CAPPING events from decorations provider vscode.git 8016
2024-02-12 11:08:11.380 [warning] [Decorations] CAPPING events from decorations provider vscode.git 8016
2024-02-12 11:08:18.661 [warning] [Decorations] CAPPING events from decorations provider vscode.git 8016
2024-02-12 11:08:24.023 [warning] [Decorations] CAPPING events from decorations provider vscode.git 8016
2024-02-12 11:08:29.413 [warning] [Decorations] CAPPING events from decorations provider vscode.git 8016
2024-02-12 11:08:34.862 [warning] [Decorations] CAPPING events from decorations provider vscode.git 8016
2024-02-12 11:08:41.346 [warning] [Decorations] CAPPING events from decorations provider vscode.git 8016
2024-02-12 11:08:46.694 [warning] [Decorations] CAPPING events from decorations provider vscode.git 8016
2024-02-12 11:08:52.107 [warning] [Decorations] CAPPING events from decorations provider vscode.git 8016
2024-02-12 11:08:57.540 [warning] [Decorations] CAPPING events from decorations provider vscode.git 8016
2024-02-12 11:09:03.002 [warning] [Decorations] CAPPING events from decorations provider vscode.git 8017
2024-02-12 11:09:08.388 [warning] [Decorations] CAPPING events from decorations provider vscode.git 8016
2024-02-12 11:09:13.830 [warning] [Decorations] CAPPING events from decorations provider vscode.git 8016
2024-02-12 11:12:00.085 [warning] [Decorations] CAPPING events from decorations provider vscode.git 8016
2024-02-12 11:14:06.295 [warning] [Decorations] CAPPING events from decorations provider vscode.git 8016
2024-02-12 11:14:11.671 [warning] [Decorations] CAPPING events from decorations provider vscode.git 8016
2024-02-12 11:14:17.064 [warning] [Decorations] CAPPING events from decorations provider vscode.git 8016
2024-02-12 11:14:22.413 [warning] [Decorations] CAPPING events from decorations provider vscode.git 8016
2024-02-12 11:14:27.804 [warning] [Decorations] CAPPING events from decorations provider vscode.git 8016
2024-02-12 11:14:33.145 [warning] [Decorations] CAPPING events from decorations provider vscode.git 8016
2024-02-12 11:14:38.523 [warning] [Decorations] CAPPING events from decorations provider vscode.git 8016
2024-02-12 11:14:43.877 [warning] [Decorations] CAPPING events from decorations provider vscode.git 8016
2024-02-12 11:14:49.346 [warning] [Decorations] CAPPING events from decorations provider vscode.git 8016
2024-02-12 11:14:54.689 [warning] [Decorations] CAPPING events from decorations provider vscode.git 8016
2024-02-12 11:15:00.094 [warning] [Decorations] CAPPING events from decorations provider vscode.git 8016
2024-02-12 11:15:05.484 [warning] [Decorations] CAPPING events from decorations provider vscode.git 8016
2024-02-12 11:15:10.961 [warning] [Decorations] CAPPING events from decorations provider vscode.git 8016
2024-02-12 11:15:16.349 [warning] [Decorations] CAPPING events from decorations provider vscode.git 8016
2024-02-12 11:15:21.706 [warning] [Decorations] CAPPING events from decorations provider vscode.git 8017
2024-02-12 11:15:44.474 [warning] [Decorations] CAPPING events from decorations provider vscode.git 8016
2024-02-12 11:15:49.897 [warning] [Decorations] CAPPING events from decorations provider vscode.git 8016
2024-02-12 11:15:55.277 [warning] [Decorations] CAPPING events from decorations provider vscode.git 8016
2024-02-12 11:16:00.653 [warning] [Decorations] CAPPING events from decorations provider vscode.git 8016
2024-02-12 11:16:06.158 [warning] [Decorations] CAPPING events from decorations provider vscode.git 8016
2024-02-12 11:16:11.558 [warning] [Decorations] CAPPING events from decorations provider vscode.git 8016
2024-02-12 11:16:16.969 [warning] [Decorations] CAPPING events from decorations provider vscode.git 8016
2024-02-12 11:16:22.307 [warning] [Decorations] CAPPING events from decorations provider vscode.git 8016
2024-02-12 11:16:28.631 [warning] [Decorations] CAPPING events from decorations provider vscode.git 8016
2024-02-12 11:16:33.952 [warning] [Decorations] CAPPING events from decorations provider vscode.git 8016
2024-02-12 11:16:39.330 [warning] [Decorations] CAPPING events from decorations provider vscode.git 8016
2024-02-12 11:16:44.782 [warning] [Decorations] CAPPING events from decorations provider vscode.git 8016
2024-02-12 11:16:50.084 [warning] [Decorations] CAPPING events from decorations provider vscode.git 8016
2024-02-12 11:16:55.448 [warning] [Decorations] CAPPING events from decorations provider vscode.git 8016
2024-02-12 11:17:00.824 [warning] [Decorations] CAPPING events from decorations provider vscode.git 8016
2024-02-12 11:17:57.866 [warning] [Decorations] CAPPING events from decorations provider vscode.git 8016
2024-02-12 11:18:03.314 [warning] [Decorations] CAPPING events from decorations provider vscode.git 8016
2024-02-12 11:18:08.653 [warning] [Decorations] CAPPING events from decorations provider vscode.git 8016
2024-02-12 11:18:14.060 [warning] [Decorations] CAPPING events from decorations provider vscode.git 8016
2024-02-12 11:18:19.414 [warning] [Decorations] CAPPING events from decorations provider vscode.git 8016
2024-02-12 11:18:24.761 [warning] [Decorations] CAPPING events from decorations provider vscode.git 8016
2024-02-12 11:18:30.110 [warning] [Decorations] CAPPING events from decorations provider vscode.git 8016
2024-02-12 11:18:35.549 [warning] [Decorations] CAPPING events from decorations provider vscode.git 8016
2024-02-12 11:18:40.894 [warning] [Decorations] CAPPING events from decorations provider vscode.git 8016
2024-02-12 11:18:46.265 [warning] [Decorations] CAPPING events from decorations provider vscode.git 8016
2024-02-12 11:18:51.632 [warning] [Decorations] CAPPING events from decorations provider vscode.git 8016
2024-02-12 11:18:56.960 [warning] [Decorations] CAPPING events from decorations provider vscode.git 8016
2024-02-12 11:19:02.371 [warning] [Decorations] CAPPING events from decorations provider vscode.git 8016
2024-02-12 11:19:07.710 [warning] [Decorations] CAPPING events from decorations provider vscode.git 8016
2024-02-12 11:19:13.105 [warning] [Decorations] CAPPING events from decorations provider vscode.git 8016
2024-02-12 11:19:18.542 [warning] [Decorations] CAPPING events from decorations provider vscode.git 8017
2024-02-12 11:45:40.612 [warning] [Decorations] CAPPING events from decorations provider vscode.git 8016
2024-02-12 11:45:46.231 [warning] [Decorations] CAPPING events from decorations provider vscode.git 8016
2024-02-12 11:45:51.575 [warning] [Decorations] CAPPING events from decorations provider vscode.git 8016
2024-02-12 11:45:56.964 [warning] [Decorations] CAPPING events from decorations provider vscode.git 8016
2024-02-12 11:46:02.345 [warning] [Decorations] CAPPING events from decorations provider vscode.git 8016
2024-02-12 11:46:07.799 [warning] [Decorations] CAPPING events from decorations provider vscode.git 8016
2024-02-12 11:46:13.283 [warning] [Decorations] CAPPING events from decorations provider vscode.git 8016
2024-02-12 12:04:07.493 [warning] [Decorations] CAPPING events from decorations provider vscode.git 8016
2024-02-12 12:04:12.887 [warning] [Decorations] CAPPING events from decorations provider vscode.git 8016
2024-02-12 12:04:22.974 [warning] [Decorations] CAPPING events from decorations provider vscode.git 8016
2024-02-12 15:04:24.727 [warning] [Decorations] CAPPING events from decorations provider vscode.git 8016
