2024-02-11 22:58:38.393 [info] ログ レベル: Info
2024-02-11 22:58:38.393 [info] Git の検証が検出されました: "git"
2024-02-11 22:58:38.393 [info] "git" から Git "2.34.1" を使用しています
2024-02-11 22:58:38.393 [info] > git rev-parse --show-toplevel [6ms]
2024-02-11 22:58:38.393 [info] > git rev-parse --git-dir --git-common-dir [4ms]
2024-02-11 22:58:38.393 [info] Open repository: /home/nattyu
2024-02-11 22:58:38.393 [info] > git rev-parse --show-toplevel [786ms]
2024-02-11 22:58:38.393 [info] > git config --get commit.template [798ms]
2024-02-11 22:58:38.393 [info] > git rev-parse --show-toplevel [15ms]
2024-02-11 22:58:38.394 [info] > git for-each-ref --format=%(refname)%00%(upstream:short)%00%(objectname)%00%(upstream:track)%00%(upstream:remotename)%00%(upstream:remoteref) refs/heads/master refs/remotes/master [5ms]
2024-02-11 22:58:38.425 [info] > git rev-parse --show-toplevel [5ms]
2024-02-11 22:58:38.443 [info] > git rev-parse --show-toplevel [4ms]
2024-02-11 22:58:38.486 [info] > git rev-parse --show-toplevel [22ms]
2024-02-11 22:58:38.518 [info] > git rev-parse --show-toplevel [3ms]
2024-02-11 22:58:38.553 [info] > git rev-parse --show-toplevel [20ms]
2024-02-11 22:58:38.595 [info] > git rev-parse --show-toplevel [5ms]
2024-02-11 22:58:38.966 [info] > git rev-parse --show-toplevel [353ms]
2024-02-11 22:58:39.054 [info] > git check-ignore -v -z --stdin [73ms]
2024-02-11 22:58:39.057 [info] > git rev-parse --show-toplevel [67ms]
2024-02-11 22:58:39.089 [info] > git status -z -uall [635ms]
2024-02-11 22:58:39.090 [info] > git rev-parse --show-toplevel [20ms]
2024-02-11 22:58:40.856 [info] > git rev-parse --show-toplevel [1745ms]
2024-02-11 22:58:40.970 [info] > git show --textconv :tennis-court-schedules/resources/views/court/index-court.blade.php [79ms]
2024-02-11 22:58:40.970 [info] > git ls-files --stage -- /home/nattyu/tennis-court-schedules/resources/views/court/index-court.blade.php [65ms]
2024-02-11 22:58:40.976 [info] > git config --get commit.template [269ms]
2024-02-11 22:58:41.018 [info] > git for-each-ref --format=%(refname)%00%(upstream:short)%00%(objectname)%00%(upstream:track)%00%(upstream:remotename)%00%(upstream:remoteref) refs/heads/master refs/remotes/master [6ms]
2024-02-11 22:58:41.188 [info] > git status -z -uall [140ms]
2024-02-11 22:58:45.082 [info] > git check-ignore -v -z --stdin [57ms]
2024-02-11 22:58:46.828 [info] > git check-ignore -v -z --stdin [32ms]
2024-02-11 22:58:47.111 [info] > git config --get commit.template [23ms]
2024-02-11 22:58:47.112 [info] > git for-each-ref --format=%(refname)%00%(upstream:short)%00%(objectname)%00%(upstream:track)%00%(upstream:remotename)%00%(upstream:remoteref) refs/heads/master refs/remotes/master [3ms]
2024-02-11 22:58:47.250 [info] > git status -z -uall [122ms]
2024-02-11 22:58:49.467 [info] > git check-ignore -v -z --stdin [26ms]
2024-02-11 22:58:54.040 [info] > git config --get commit.template [3ms]
2024-02-11 22:58:54.059 [info] > git for-each-ref --format=%(refname)%00%(upstream:short)%00%(objectname)%00%(upstream:track)%00%(upstream:remotename)%00%(upstream:remoteref) refs/heads/master refs/remotes/master [2ms]
2024-02-11 22:58:54.161 [info] > git status -z -uall [84ms]
2024-02-11 22:58:59.495 [info] > git config --get commit.template [3ms]
2024-02-11 22:58:59.519 [info] > git for-each-ref --format=%(refname)%00%(upstream:short)%00%(objectname)%00%(upstream:track)%00%(upstream:remotename)%00%(upstream:remoteref) refs/heads/master refs/remotes/master [3ms]
2024-02-11 22:58:59.669 [info] > git status -z -uall [125ms]
2024-02-11 22:59:04.938 [info] > git config --get commit.template [32ms]
2024-02-11 22:59:04.939 [info] > git for-each-ref --format=%(refname)%00%(upstream:short)%00%(objectname)%00%(upstream:track)%00%(upstream:remotename)%00%(upstream:remoteref) refs/heads/master refs/remotes/master [3ms]
2024-02-11 22:59:05.094 [info] > git status -z -uall [125ms]
2024-02-11 22:59:10.476 [info] > git config --get commit.template [32ms]
2024-02-11 22:59:10.478 [info] > git for-each-ref --format=%(refname)%00%(upstream:short)%00%(objectname)%00%(upstream:track)%00%(upstream:remotename)%00%(upstream:remoteref) refs/heads/master refs/remotes/master [5ms]
2024-02-11 22:59:10.574 [info] > git status -z -uall [76ms]
2024-02-11 22:59:15.863 [info] > git config --get commit.template [27ms]
2024-02-11 22:59:15.865 [info] > git for-each-ref --format=%(refname)%00%(upstream:short)%00%(objectname)%00%(upstream:track)%00%(upstream:remotename)%00%(upstream:remoteref) refs/heads/master refs/remotes/master [4ms]
2024-02-11 22:59:15.980 [info] > git status -z -uall [93ms]
2024-02-11 22:59:21.288 [info] > git config --get commit.template [20ms]
2024-02-11 22:59:21.289 [info] > git for-each-ref --format=%(refname)%00%(upstream:short)%00%(objectname)%00%(upstream:track)%00%(upstream:remotename)%00%(upstream:remoteref) refs/heads/master refs/remotes/master [3ms]
2024-02-11 22:59:21.400 [info] > git status -z -uall [90ms]
2024-02-11 22:59:26.681 [info] > git config --get commit.template [3ms]
2024-02-11 22:59:26.709 [info] > git for-each-ref --format=%(refname)%00%(upstream:short)%00%(objectname)%00%(upstream:track)%00%(upstream:remotename)%00%(upstream:remoteref) refs/heads/master refs/remotes/master [4ms]
2024-02-11 22:59:26.825 [info] > git status -z -uall [95ms]
2024-02-11 22:59:32.096 [info] > git config --get commit.template [38ms]
2024-02-11 22:59:32.098 [info] > git for-each-ref --format=%(refname)%00%(upstream:short)%00%(objectname)%00%(upstream:track)%00%(upstream:remotename)%00%(upstream:remoteref) refs/heads/master refs/remotes/master [4ms]
2024-02-11 22:59:32.194 [info] > git status -z -uall [79ms]
2024-02-11 22:59:37.456 [info] > git config --get commit.template [23ms]
2024-02-11 22:59:37.458 [info] > git for-each-ref --format=%(refname)%00%(upstream:short)%00%(objectname)%00%(upstream:track)%00%(upstream:remotename)%00%(upstream:remoteref) refs/heads/master refs/remotes/master [4ms]
2024-02-11 22:59:37.583 [info] > git status -z -uall [109ms]
2024-02-11 22:59:42.870 [info] > git config --get commit.template [24ms]
2024-02-11 22:59:42.871 [info] > git for-each-ref --format=%(refname)%00%(upstream:short)%00%(objectname)%00%(upstream:track)%00%(upstream:remotename)%00%(upstream:remoteref) refs/heads/master refs/remotes/master [1ms]
2024-02-11 22:59:42.958 [info] > git status -z -uall [72ms]
2024-02-11 22:59:48.209 [info] > git config --get commit.template [25ms]
2024-02-11 22:59:48.210 [info] > git for-each-ref --format=%(refname)%00%(upstream:short)%00%(objectname)%00%(upstream:track)%00%(upstream:remotename)%00%(upstream:remoteref) refs/heads/master refs/remotes/master [2ms]
2024-02-11 22:59:48.318 [info] > git status -z -uall [89ms]
2024-02-11 22:59:53.584 [info] > git config --get commit.template [4ms]
2024-02-11 22:59:53.616 [info] > git for-each-ref --format=%(refname)%00%(upstream:short)%00%(objectname)%00%(upstream:track)%00%(upstream:remotename)%00%(upstream:remoteref) refs/heads/master refs/remotes/master [4ms]
2024-02-11 22:59:53.749 [info] > git status -z -uall [114ms]
2024-02-11 22:59:59.021 [info] > git config --get commit.template [30ms]
2024-02-11 22:59:59.022 [info] > git for-each-ref --format=%(refname)%00%(upstream:short)%00%(objectname)%00%(upstream:track)%00%(upstream:remotename)%00%(upstream:remoteref) refs/heads/master refs/remotes/master [3ms]
2024-02-11 22:59:59.159 [info] > git status -z -uall [109ms]
2024-02-11 23:00:04.446 [info] > git config --get commit.template [21ms]
2024-02-11 23:00:04.446 [info] > git for-each-ref --format=%(refname)%00%(upstream:short)%00%(objectname)%00%(upstream:track)%00%(upstream:remotename)%00%(upstream:remoteref) refs/heads/master refs/remotes/master [2ms]
2024-02-11 23:00:04.557 [info] > git status -z -uall [87ms]
2024-02-11 23:00:09.833 [info] > git config --get commit.template [26ms]
2024-02-11 23:00:09.833 [info] > git for-each-ref --format=%(refname)%00%(upstream:short)%00%(objectname)%00%(upstream:track)%00%(upstream:remotename)%00%(upstream:remoteref) refs/heads/master refs/remotes/master [1ms]
2024-02-11 23:00:09.922 [info] > git status -z -uall [70ms]
2024-02-11 23:00:15.233 [info] > git config --get commit.template [21ms]
2024-02-11 23:00:15.233 [info] > git for-each-ref --format=%(refname)%00%(upstream:short)%00%(objectname)%00%(upstream:track)%00%(upstream:remotename)%00%(upstream:remoteref) refs/heads/master refs/remotes/master [2ms]
2024-02-11 23:00:15.358 [info] > git status -z -uall [93ms]
2024-02-11 23:00:20.632 [info] > git config --get commit.template [24ms]
2024-02-11 23:00:20.633 [info] > git for-each-ref --format=%(refname)%00%(upstream:short)%00%(objectname)%00%(upstream:track)%00%(upstream:remotename)%00%(upstream:remoteref) refs/heads/master refs/remotes/master [4ms]
2024-02-11 23:00:20.755 [info] > git status -z -uall [101ms]
2024-02-11 23:00:26.006 [info] > git config --get commit.template [24ms]
2024-02-11 23:00:26.007 [info] > git for-each-ref --format=%(refname)%00%(upstream:short)%00%(objectname)%00%(upstream:track)%00%(upstream:remotename)%00%(upstream:remoteref) refs/heads/master refs/remotes/master [4ms]
2024-02-11 23:00:26.096 [info] > git status -z -uall [69ms]
2024-02-11 23:00:31.393 [info] > git config --get commit.template [4ms]
2024-02-11 23:00:31.419 [info] > git for-each-ref --format=%(refname)%00%(upstream:short)%00%(objectname)%00%(upstream:track)%00%(upstream:remotename)%00%(upstream:remoteref) refs/heads/master refs/remotes/master [3ms]
2024-02-11 23:00:31.536 [info] > git status -z -uall [101ms]
2024-02-11 23:00:36.892 [info] > git config --get commit.template [23ms]
2024-02-11 23:00:36.892 [info] > git for-each-ref --format=%(refname)%00%(upstream:short)%00%(objectname)%00%(upstream:track)%00%(upstream:remotename)%00%(upstream:remoteref) refs/heads/master refs/remotes/master [2ms]
2024-02-11 23:00:36.980 [info] > git status -z -uall [73ms]
2024-02-11 23:00:42.203 [info] > git config --get commit.template [26ms]
2024-02-11 23:00:42.206 [info] > git for-each-ref --format=%(refname)%00%(upstream:short)%00%(objectname)%00%(upstream:track)%00%(upstream:remotename)%00%(upstream:remoteref) refs/heads/master refs/remotes/master [6ms]
2024-02-11 23:00:42.315 [info] > git status -z -uall [90ms]
2024-02-11 23:00:47.564 [info] > git config --get commit.template [27ms]
2024-02-11 23:00:47.565 [info] > git for-each-ref --format=%(refname)%00%(upstream:short)%00%(objectname)%00%(upstream:track)%00%(upstream:remotename)%00%(upstream:remoteref) refs/heads/master refs/remotes/master [3ms]
2024-02-11 23:00:47.658 [info] > git status -z -uall [72ms]
2024-02-11 23:00:52.976 [info] > git config --get commit.template [45ms]
2024-02-11 23:00:52.977 [info] > git for-each-ref --format=%(refname)%00%(upstream:short)%00%(objectname)%00%(upstream:track)%00%(upstream:remotename)%00%(upstream:remoteref) refs/heads/master refs/remotes/master [3ms]
2024-02-11 23:00:53.093 [info] > git status -z -uall [87ms]
2024-02-11 23:00:58.379 [info] > git config --get commit.template [31ms]
2024-02-11 23:00:58.380 [info] > git for-each-ref --format=%(refname)%00%(upstream:short)%00%(objectname)%00%(upstream:track)%00%(upstream:remotename)%00%(upstream:remoteref) refs/heads/master refs/remotes/master [2ms]
2024-02-11 23:00:58.476 [info] > git status -z -uall [76ms]
2024-02-11 23:01:03.723 [info] > git config --get commit.template [28ms]
2024-02-11 23:01:03.724 [info] > git for-each-ref --format=%(refname)%00%(upstream:short)%00%(objectname)%00%(upstream:track)%00%(upstream:remotename)%00%(upstream:remoteref) refs/heads/master refs/remotes/master [1ms]
2024-02-11 23:01:03.836 [info] > git status -z -uall [90ms]
2024-02-11 23:01:09.073 [info] > git config --get commit.template [3ms]
2024-02-11 23:01:09.107 [info] > git for-each-ref --format=%(refname)%00%(upstream:short)%00%(objectname)%00%(upstream:track)%00%(upstream:remotename)%00%(upstream:remoteref) refs/heads/master refs/remotes/master [4ms]
2024-02-11 23:01:09.226 [info] > git status -z -uall [83ms]
2024-02-11 23:01:14.512 [info] > git config --get commit.template [26ms]
2024-02-11 23:01:14.513 [info] > git for-each-ref --format=%(refname)%00%(upstream:short)%00%(objectname)%00%(upstream:track)%00%(upstream:remotename)%00%(upstream:remoteref) refs/heads/master refs/remotes/master [4ms]
2024-02-11 23:01:14.611 [info] > git status -z -uall [78ms]
2024-02-11 23:01:19.919 [info] > git config --get commit.template [25ms]
2024-02-11 23:01:19.921 [info] > git for-each-ref --format=%(refname)%00%(upstream:short)%00%(objectname)%00%(upstream:track)%00%(upstream:remotename)%00%(upstream:remoteref) refs/heads/master refs/remotes/master [3ms]
2024-02-11 23:01:20.022 [info] > git status -z -uall [84ms]
2024-02-11 23:01:25.260 [info] > git config --get commit.template [25ms]
2024-02-11 23:01:25.264 [info] > git for-each-ref --format=%(refname)%00%(upstream:short)%00%(objectname)%00%(upstream:track)%00%(upstream:remotename)%00%(upstream:remoteref) refs/heads/master refs/remotes/master [7ms]
2024-02-11 23:01:25.372 [info] > git status -z -uall [84ms]
2024-02-11 23:01:30.623 [info] > git config --get commit.template [23ms]
2024-02-11 23:01:30.624 [info] > git for-each-ref --format=%(refname)%00%(upstream:short)%00%(objectname)%00%(upstream:track)%00%(upstream:remotename)%00%(upstream:remoteref) refs/heads/master refs/remotes/master [2ms]
2024-02-11 23:01:30.753 [info] > git status -z -uall [106ms]
2024-02-11 23:01:35.994 [info] > git config --get commit.template [24ms]
2024-02-11 23:01:35.995 [info] > git for-each-ref --format=%(refname)%00%(upstream:short)%00%(objectname)%00%(upstream:track)%00%(upstream:remotename)%00%(upstream:remoteref) refs/heads/master refs/remotes/master [3ms]
2024-02-11 23:01:36.088 [info] > git status -z -uall [71ms]
2024-02-11 23:01:41.295 [info] > git config --get commit.template [1ms]
2024-02-11 23:01:41.322 [info] > git for-each-ref --format=%(refname)%00%(upstream:short)%00%(objectname)%00%(upstream:track)%00%(upstream:remotename)%00%(upstream:remoteref) refs/heads/master refs/remotes/master [1ms]
2024-02-11 23:01:41.451 [info] > git status -z -uall [109ms]
2024-02-11 23:01:46.766 [info] > git config --get commit.template [28ms]
2024-02-11 23:01:46.767 [info] > git for-each-ref --format=%(refname)%00%(upstream:short)%00%(objectname)%00%(upstream:track)%00%(upstream:remotename)%00%(upstream:remoteref) refs/heads/master refs/remotes/master [2ms]
2024-02-11 23:01:46.879 [info] > git status -z -uall [85ms]
2024-02-11 23:01:52.147 [info] > git config --get commit.template [30ms]
2024-02-11 23:01:52.148 [info] > git for-each-ref --format=%(refname)%00%(upstream:short)%00%(objectname)%00%(upstream:track)%00%(upstream:remotename)%00%(upstream:remoteref) refs/heads/master refs/remotes/master [3ms]
2024-02-11 23:01:52.246 [info] > git status -z -uall [79ms]
2024-02-11 23:01:57.582 [info] > git config --get commit.template [33ms]
2024-02-11 23:01:57.583 [info] > git for-each-ref --format=%(refname)%00%(upstream:short)%00%(objectname)%00%(upstream:track)%00%(upstream:remotename)%00%(upstream:remoteref) refs/heads/master refs/remotes/master [3ms]
2024-02-11 23:01:57.673 [info] > git status -z -uall [66ms]
2024-02-11 23:02:02.936 [info] > git config --get commit.template [25ms]
2024-02-11 23:02:02.938 [info] > git for-each-ref --format=%(refname)%00%(upstream:short)%00%(objectname)%00%(upstream:track)%00%(upstream:remotename)%00%(upstream:remoteref) refs/heads/master refs/remotes/master [3ms]
2024-02-11 23:02:03.084 [info] > git status -z -uall [121ms]
2024-02-11 23:02:08.351 [info] > git config --get commit.template [28ms]
2024-02-11 23:02:08.353 [info] > git for-each-ref --format=%(refname)%00%(upstream:short)%00%(objectname)%00%(upstream:track)%00%(upstream:remotename)%00%(upstream:remoteref) refs/heads/master refs/remotes/master [5ms]
2024-02-11 23:02:08.453 [info] > git status -z -uall [78ms]
2024-02-11 23:02:13.692 [info] > git config --get commit.template [21ms]
2024-02-11 23:02:13.692 [info] > git for-each-ref --format=%(refname)%00%(upstream:short)%00%(objectname)%00%(upstream:track)%00%(upstream:remotename)%00%(upstream:remoteref) refs/heads/master refs/remotes/master [2ms]
2024-02-11 23:02:13.784 [info] > git status -z -uall [76ms]
2024-02-11 23:02:18.994 [info] > git config --get commit.template [21ms]
2024-02-11 23:02:18.995 [info] > git for-each-ref --format=%(refname)%00%(upstream:short)%00%(objectname)%00%(upstream:track)%00%(upstream:remotename)%00%(upstream:remoteref) refs/heads/master refs/remotes/master [3ms]
2024-02-11 23:02:19.101 [info] > git status -z -uall [86ms]
2024-02-11 23:02:24.334 [info] > git config --get commit.template [25ms]
2024-02-11 23:02:24.335 [info] > git for-each-ref --format=%(refname)%00%(upstream:short)%00%(objectname)%00%(upstream:track)%00%(upstream:remotename)%00%(upstream:remoteref) refs/heads/master refs/remotes/master [2ms]
2024-02-11 23:02:24.425 [info] > git status -z -uall [70ms]
2024-02-11 23:02:29.688 [info] > git config --get commit.template [26ms]
2024-02-11 23:02:29.690 [info] > git for-each-ref --format=%(refname)%00%(upstream:short)%00%(objectname)%00%(upstream:track)%00%(upstream:remotename)%00%(upstream:remoteref) refs/heads/master refs/remotes/master [4ms]
2024-02-11 23:02:29.783 [info] > git status -z -uall [75ms]
2024-02-11 23:02:35.015 [info] > git config --get commit.template [26ms]
2024-02-11 23:02:35.017 [info] > git for-each-ref --format=%(refname)%00%(upstream:short)%00%(objectname)%00%(upstream:track)%00%(upstream:remotename)%00%(upstream:remoteref) refs/heads/master refs/remotes/master [4ms]
2024-02-11 23:02:35.122 [info] > git status -z -uall [81ms]
2024-02-11 23:02:42.710 [info] > git config --get commit.template [3ms]
2024-02-11 23:02:42.746 [info] > git for-each-ref --format=%(refname)%00%(upstream:short)%00%(objectname)%00%(upstream:track)%00%(upstream:remotename)%00%(upstream:remoteref) refs/heads/master refs/remotes/master [6ms]
2024-02-11 23:02:42.845 [info] > git status -z -uall [74ms]
2024-02-11 23:02:48.102 [info] > git config --get commit.template [26ms]
2024-02-11 23:02:48.103 [info] > git for-each-ref --format=%(refname)%00%(upstream:short)%00%(objectname)%00%(upstream:track)%00%(upstream:remotename)%00%(upstream:remoteref) refs/heads/master refs/remotes/master [2ms]
2024-02-11 23:02:48.214 [info] > git status -z -uall [92ms]
2024-02-11 23:02:53.445 [info] > git config --get commit.template [2ms]
2024-02-11 23:02:53.469 [info] > git for-each-ref --format=%(refname)%00%(upstream:short)%00%(objectname)%00%(upstream:track)%00%(upstream:remotename)%00%(upstream:remoteref) refs/heads/master refs/remotes/master [2ms]
2024-02-11 23:02:53.569 [info] > git status -z -uall [78ms]
2024-02-11 23:03:12.528 [info] > git config --get commit.template [3ms]
2024-02-11 23:03:12.563 [info] > git for-each-ref --format=%(refname)%00%(upstream:short)%00%(objectname)%00%(upstream:track)%00%(upstream:remotename)%00%(upstream:remoteref) refs/heads/master refs/remotes/master [1ms]
2024-02-11 23:03:12.704 [info] > git status -z -uall [104ms]
2024-02-11 23:03:18.054 [info] > git config --get commit.template [22ms]
2024-02-11 23:03:18.055 [info] > git for-each-ref --format=%(refname)%00%(upstream:short)%00%(objectname)%00%(upstream:track)%00%(upstream:remotename)%00%(upstream:remoteref) refs/heads/master refs/remotes/master [3ms]
2024-02-11 23:03:18.154 [info] > git status -z -uall [83ms]
2024-02-11 23:03:23.402 [info] > git config --get commit.template [17ms]
2024-02-11 23:03:23.403 [info] > git for-each-ref --format=%(refname)%00%(upstream:short)%00%(objectname)%00%(upstream:track)%00%(upstream:remotename)%00%(upstream:remoteref) refs/heads/master refs/remotes/master [1ms]
2024-02-11 23:03:23.516 [info] > git status -z -uall [93ms]
2024-02-11 23:03:28.742 [info] > git config --get commit.template [26ms]
2024-02-11 23:03:28.743 [info] > git for-each-ref --format=%(refname)%00%(upstream:short)%00%(objectname)%00%(upstream:track)%00%(upstream:remotename)%00%(upstream:remoteref) refs/heads/master refs/remotes/master [3ms]
2024-02-11 23:03:28.849 [info] > git status -z -uall [77ms]
2024-02-11 23:03:34.229 [info] > git config --get commit.template [27ms]
2024-02-11 23:03:34.230 [info] > git for-each-ref --format=%(refname)%00%(upstream:short)%00%(objectname)%00%(upstream:track)%00%(upstream:remotename)%00%(upstream:remoteref) refs/heads/master refs/remotes/master [2ms]
2024-02-11 23:03:34.328 [info] > git status -z -uall [77ms]
2024-02-11 23:03:40.444 [info] > git config --get commit.template [22ms]
2024-02-11 23:03:40.446 [info] > git for-each-ref --format=%(refname)%00%(upstream:short)%00%(objectname)%00%(upstream:track)%00%(upstream:remotename)%00%(upstream:remoteref) refs/heads/master refs/remotes/master [4ms]
2024-02-11 23:03:40.566 [info] > git status -z -uall [103ms]
2024-02-11 23:03:45.834 [info] > git config --get commit.template [34ms]
2024-02-11 23:03:45.834 [info] > git for-each-ref --format=%(refname)%00%(upstream:short)%00%(objectname)%00%(upstream:track)%00%(upstream:remotename)%00%(upstream:remoteref) refs/heads/master refs/remotes/master [2ms]
2024-02-11 23:03:45.964 [info] > git status -z -uall [100ms]
2024-02-11 23:03:51.215 [info] > git config --get commit.template [23ms]
2024-02-11 23:03:51.217 [info] > git for-each-ref --format=%(refname)%00%(upstream:short)%00%(objectname)%00%(upstream:track)%00%(upstream:remotename)%00%(upstream:remoteref) refs/heads/master refs/remotes/master [3ms]
2024-02-11 23:03:51.354 [info] > git status -z -uall [111ms]
2024-02-11 23:03:56.642 [info] > git config --get commit.template [1ms]
2024-02-11 23:03:56.677 [info] > git for-each-ref --format=%(refname)%00%(upstream:short)%00%(objectname)%00%(upstream:track)%00%(upstream:remotename)%00%(upstream:remoteref) refs/heads/master refs/remotes/master [3ms]
2024-02-11 23:03:56.791 [info] > git status -z -uall [86ms]
2024-02-11 23:04:02.074 [info] > git config --get commit.template [1ms]
2024-02-11 23:04:02.102 [info] > git for-each-ref --format=%(refname)%00%(upstream:short)%00%(objectname)%00%(upstream:track)%00%(upstream:remotename)%00%(upstream:remoteref) refs/heads/master refs/remotes/master [2ms]
2024-02-11 23:04:02.209 [info] > git status -z -uall [81ms]
2024-02-11 23:04:07.509 [info] > git config --get commit.template [39ms]
2024-02-11 23:04:07.510 [info] > git for-each-ref --format=%(refname)%00%(upstream:short)%00%(objectname)%00%(upstream:track)%00%(upstream:remotename)%00%(upstream:remoteref) refs/heads/master refs/remotes/master [3ms]
2024-02-11 23:04:07.632 [info] > git status -z -uall [91ms]
2024-02-11 23:04:09.608 [info] > git check-ignore -v -z --stdin [11ms]
2024-02-11 23:04:11.781 [info] > git show --textconv :tennis-court-schedules/database/migrations/2024_02_11_230355_add_status_column_to_users_table.php [77ms]
2024-02-11 23:04:11.782 [info] > git ls-files --stage -- /home/nattyu/tennis-court-schedules/database/migrations/2024_02_11_230355_add_status_column_to_users_table.php [51ms]
2024-02-11 23:04:12.887 [info] > git config --get commit.template [2ms]
2024-02-11 23:04:12.917 [info] > git for-each-ref --format=%(refname)%00%(upstream:short)%00%(objectname)%00%(upstream:track)%00%(upstream:remotename)%00%(upstream:remoteref) refs/heads/master refs/remotes/master [2ms]
2024-02-11 23:04:13.041 [info] > git status -z -uall [96ms]
2024-02-11 23:04:15.956 [info] > git show --textconv :tennis-court-schedules/database/migrations/2024_02_02_222713_change_columns_type_of_post_courts_table.php [24ms]
2024-02-11 23:04:15.959 [info] > git ls-files --stage -- /home/nattyu/tennis-court-schedules/database/migrations/2024_02_02_222713_change_columns_type_of_post_courts_table.php [7ms]
2024-02-11 23:04:18.414 [info] > git config --get commit.template [18ms]
2024-02-11 23:04:18.414 [info] > git for-each-ref --format=%(refname)%00%(upstream:short)%00%(objectname)%00%(upstream:track)%00%(upstream:remotename)%00%(upstream:remoteref) refs/heads/master refs/remotes/master [2ms]
2024-02-11 23:04:18.503 [info] > git status -z -uall [72ms]
2024-02-11 23:04:19.876 [info] > git show --textconv :tennis-court-schedules/database/migrations/2024_01_28_202200_create_post_attendances_table.php [30ms]
2024-02-11 23:04:19.880 [info] > git ls-files --stage -- /home/nattyu/tennis-court-schedules/database/migrations/2024_01_28_202200_create_post_attendances_table.php [6ms]
2024-02-11 23:04:21.393 [info] > git show --textconv :tennis-court-schedules/database/migrations/2024_01_28_183009_add_date_column_to_post_courts_table.php [25ms]
2024-02-11 23:04:21.400 [info] > git ls-files --stage -- /home/nattyu/tennis-court-schedules/database/migrations/2024_01_28_183009_add_date_column_to_post_courts_table.php [9ms]
2024-02-11 23:04:23.719 [info] > git config --get commit.template [3ms]
2024-02-11 23:04:23.747 [info] > git for-each-ref --format=%(refname)%00%(upstream:short)%00%(objectname)%00%(upstream:track)%00%(upstream:remotename)%00%(upstream:remoteref) refs/heads/master refs/remotes/master [4ms]
2024-02-11 23:04:23.883 [info] > git status -z -uall [109ms]
2024-02-11 23:04:26.095 [info] > git show --textconv :tennis-court-schedules/database/migrations/2024_01_28_165046_create_post_courts_table.php [21ms]
2024-02-11 23:04:26.101 [info] > git ls-files --stage -- /home/nattyu/tennis-court-schedules/database/migrations/2024_01_28_165046_create_post_courts_table.php [8ms]
2024-02-11 23:04:27.228 [info] > git show --textconv :tennis-court-schedules/database/migrations/2024_01_28_152750_add_columns_to_elected_courts_table.php [22ms]
2024-02-11 23:04:27.236 [info] > git ls-files --stage -- /home/nattyu/tennis-court-schedules/database/migrations/2024_01_28_152750_add_columns_to_elected_courts_table.php [9ms]
2024-02-11 23:04:29.207 [info] > git config --get commit.template [30ms]
2024-02-11 23:04:29.208 [info] > git for-each-ref --format=%(refname)%00%(upstream:short)%00%(objectname)%00%(upstream:track)%00%(upstream:remotename)%00%(upstream:remoteref) refs/heads/master refs/remotes/master [2ms]
2024-02-11 23:04:29.329 [info] > git status -z -uall [94ms]
2024-02-11 23:04:34.577 [info] > git config --get commit.template [3ms]
2024-02-11 23:04:34.603 [info] > git for-each-ref --format=%(refname)%00%(upstream:short)%00%(objectname)%00%(upstream:track)%00%(upstream:remotename)%00%(upstream:remoteref) refs/heads/master refs/remotes/master [2ms]
2024-02-11 23:04:34.711 [info] > git status -z -uall [88ms]
2024-02-11 23:04:39.968 [info] > git config --get commit.template [2ms]
2024-02-11 23:04:39.991 [info] > git for-each-ref --format=%(refname)%00%(upstream:short)%00%(objectname)%00%(upstream:track)%00%(upstream:remotename)%00%(upstream:remoteref) refs/heads/master refs/remotes/master [2ms]
2024-02-11 23:04:40.137 [info] > git status -z -uall [116ms]
2024-02-11 23:04:44.373 [info] > git show --textconv :tennis-court-schedules/database/migrations/2024_02_11_230355_add_status_column_to_users_table.php [20ms]
2024-02-11 23:04:44.382 [info] > git ls-files --stage -- /home/nattyu/tennis-court-schedules/database/migrations/2024_02_11_230355_add_status_column_to_users_table.php [10ms]
2024-02-11 23:04:45.363 [info] > git config --get commit.template [2ms]
2024-02-11 23:04:45.385 [info] > git for-each-ref --format=%(refname)%00%(upstream:short)%00%(objectname)%00%(upstream:track)%00%(upstream:remotename)%00%(upstream:remoteref) refs/heads/master refs/remotes/master [3ms]
2024-02-11 23:04:45.490 [info] > git status -z -uall [86ms]
2024-02-11 23:04:50.711 [info] > git config --get commit.template [2ms]
2024-02-11 23:04:50.739 [info] > git for-each-ref --format=%(refname)%00%(upstream:short)%00%(objectname)%00%(upstream:track)%00%(upstream:remotename)%00%(upstream:remoteref) refs/heads/master refs/remotes/master [3ms]
2024-02-11 23:04:50.862 [info] > git status -z -uall [97ms]
2024-02-11 23:04:56.074 [info] > git config --get commit.template [29ms]
2024-02-11 23:04:56.077 [info] > git for-each-ref --format=%(refname)%00%(upstream:short)%00%(objectname)%00%(upstream:track)%00%(upstream:remotename)%00%(upstream:remoteref) refs/heads/master refs/remotes/master [4ms]
2024-02-11 23:04:56.168 [info] > git status -z -uall [63ms]
2024-02-11 23:05:01.355 [info] > git config --get commit.template [20ms]
2024-02-11 23:05:01.357 [info] > git for-each-ref --format=%(refname)%00%(upstream:short)%00%(objectname)%00%(upstream:track)%00%(upstream:remotename)%00%(upstream:remoteref) refs/heads/master refs/remotes/master [3ms]
2024-02-11 23:05:01.476 [info] > git status -z -uall [104ms]
2024-02-11 23:05:11.304 [info] > git config --get commit.template [24ms]
2024-02-11 23:05:11.305 [info] > git for-each-ref --format=%(refname)%00%(upstream:short)%00%(objectname)%00%(upstream:track)%00%(upstream:remotename)%00%(upstream:remoteref) refs/heads/master refs/remotes/master [2ms]
2024-02-11 23:05:11.412 [info] > git status -z -uall [88ms]
2024-02-11 23:05:16.757 [info] > git config --get commit.template [2ms]
2024-02-11 23:05:16.781 [info] > git for-each-ref --format=%(refname)%00%(upstream:short)%00%(objectname)%00%(upstream:track)%00%(upstream:remotename)%00%(upstream:remoteref) refs/heads/master refs/remotes/master [5ms]
2024-02-11 23:05:16.868 [info] > git show --textconv :tennis-court-schedules/database/migrations/2024_01_28_183009_add_date_column_to_post_courts_table.php [17ms]
2024-02-11 23:05:16.873 [info] > git ls-files --stage -- /home/nattyu/tennis-court-schedules/database/migrations/2024_01_28_183009_add_date_column_to_post_courts_table.php [7ms]
2024-02-11 23:05:16.886 [info] > git status -z -uall [88ms]
2024-02-11 23:05:21.998 [info] > git show --textconv :tennis-court-schedules/database/migrations/2024_02_11_230355_add_status_column_to_users_table.php [27ms]
2024-02-11 23:05:22.001 [info] > git ls-files --stage -- /home/nattyu/tennis-court-schedules/database/migrations/2024_02_11_230355_add_status_column_to_users_table.php [6ms]
2024-02-11 23:05:22.068 [info] > git config --get commit.template [2ms]
2024-02-11 23:05:22.090 [info] > git for-each-ref --format=%(refname)%00%(upstream:short)%00%(objectname)%00%(upstream:track)%00%(upstream:remotename)%00%(upstream:remoteref) refs/heads/master refs/remotes/master [3ms]
2024-02-11 23:05:22.232 [info] > git status -z -uall [123ms]
2024-02-11 23:05:27.519 [info] > git config --get commit.template [18ms]
2024-02-11 23:05:27.520 [info] > git for-each-ref --format=%(refname)%00%(upstream:short)%00%(objectname)%00%(upstream:track)%00%(upstream:remotename)%00%(upstream:remoteref) refs/heads/master refs/remotes/master [2ms]
2024-02-11 23:05:27.621 [info] > git status -z -uall [85ms]
2024-02-11 23:05:32.851 [info] > git config --get commit.template [27ms]
2024-02-11 23:05:32.852 [info] > git for-each-ref --format=%(refname)%00%(upstream:short)%00%(objectname)%00%(upstream:track)%00%(upstream:remotename)%00%(upstream:remoteref) refs/heads/master refs/remotes/master [2ms]
2024-02-11 23:05:32.968 [info] > git status -z -uall [98ms]
2024-02-11 23:05:38.177 [info] > git config --get commit.template [22ms]
2024-02-11 23:05:38.179 [info] > git for-each-ref --format=%(refname)%00%(upstream:short)%00%(objectname)%00%(upstream:track)%00%(upstream:remotename)%00%(upstream:remoteref) refs/heads/master refs/remotes/master [3ms]
2024-02-11 23:05:38.283 [info] > git status -z -uall [85ms]
2024-02-11 23:05:43.509 [info] > git config --get commit.template [29ms]
2024-02-11 23:05:43.510 [info] > git for-each-ref --format=%(refname)%00%(upstream:short)%00%(objectname)%00%(upstream:track)%00%(upstream:remotename)%00%(upstream:remoteref) refs/heads/master refs/remotes/master [3ms]
2024-02-11 23:05:43.683 [info] > git status -z -uall [140ms]
2024-02-11 23:05:48.918 [info] > git config --get commit.template [24ms]
2024-02-11 23:05:48.919 [info] > git for-each-ref --format=%(refname)%00%(upstream:short)%00%(objectname)%00%(upstream:track)%00%(upstream:remotename)%00%(upstream:remoteref) refs/heads/master refs/remotes/master [2ms]
2024-02-11 23:05:49.029 [info] > git status -z -uall [88ms]
2024-02-11 23:05:54.262 [info] > git config --get commit.template [3ms]
2024-02-11 23:05:54.300 [info] > git for-each-ref --format=%(refname)%00%(upstream:short)%00%(objectname)%00%(upstream:track)%00%(upstream:remotename)%00%(upstream:remoteref) refs/heads/master refs/remotes/master [1ms]
2024-02-11 23:05:54.384 [info] > git status -z -uall [64ms]
2024-02-11 23:05:59.599 [info] > git config --get commit.template [32ms]
2024-02-11 23:05:59.600 [info] > git for-each-ref --format=%(refname)%00%(upstream:short)%00%(objectname)%00%(upstream:track)%00%(upstream:remotename)%00%(upstream:remoteref) refs/heads/master refs/remotes/master [2ms]
2024-02-11 23:05:59.735 [info] > git status -z -uall [102ms]
2024-02-11 23:06:08.841 [info] > git config --get commit.template [23ms]
2024-02-11 23:06:08.843 [info] > git for-each-ref --format=%(refname)%00%(upstream:short)%00%(objectname)%00%(upstream:track)%00%(upstream:remotename)%00%(upstream:remoteref) refs/heads/master refs/remotes/master [3ms]
2024-02-11 23:06:08.953 [info] > git status -z -uall [88ms]
2024-02-11 23:06:14.191 [info] > git config --get commit.template [24ms]
2024-02-11 23:06:14.194 [info] > git for-each-ref --format=%(refname)%00%(upstream:short)%00%(objectname)%00%(upstream:track)%00%(upstream:remotename)%00%(upstream:remoteref) refs/heads/master refs/remotes/master [3ms]
2024-02-11 23:06:14.314 [info] > git status -z -uall [97ms]
2024-02-11 23:06:31.462 [info] > git config --get commit.template [2ms]
2024-02-11 23:06:31.483 [info] > git for-each-ref --format=%(refname)%00%(upstream:short)%00%(objectname)%00%(upstream:track)%00%(upstream:remotename)%00%(upstream:remoteref) refs/heads/master refs/remotes/master [2ms]
2024-02-11 23:06:31.606 [info] > git status -z -uall [102ms]
2024-02-11 23:06:36.836 [info] > git config --get commit.template [19ms]
2024-02-11 23:06:36.836 [info] > git for-each-ref --format=%(refname)%00%(upstream:short)%00%(objectname)%00%(upstream:track)%00%(upstream:remotename)%00%(upstream:remoteref) refs/heads/master refs/remotes/master [2ms]
2024-02-11 23:06:37.163 [info] > git status -z -uall [312ms]
2024-02-11 23:06:37.163 [info] > git show --textconv :tennis-court-schedules/resources/views/court/index-court.blade.php [46ms]
2024-02-11 23:06:37.175 [info] > git ls-files --stage -- /home/nattyu/tennis-court-schedules/resources/views/court/index-court.blade.php [16ms]
2024-02-11 23:06:41.773 [info] > git show --textconv :tennis-court-schedules/app/Http/Controllers/PostCourtController.php [18ms]
2024-02-11 23:06:41.778 [info] > git ls-files --stage -- /home/nattyu/tennis-court-schedules/app/Http/Controllers/PostCourtController.php [5ms]
2024-02-11 23:06:42.462 [info] > git config --get commit.template [3ms]
2024-02-11 23:06:42.482 [info] > git for-each-ref --format=%(refname)%00%(upstream:short)%00%(objectname)%00%(upstream:track)%00%(upstream:remotename)%00%(upstream:remoteref) refs/heads/master refs/remotes/master [2ms]
2024-02-11 23:06:42.606 [info] > git status -z -uall [107ms]
2024-02-11 23:06:47.846 [info] > git config --get commit.template [27ms]
2024-02-11 23:06:47.847 [info] > git for-each-ref --format=%(refname)%00%(upstream:short)%00%(objectname)%00%(upstream:track)%00%(upstream:remotename)%00%(upstream:remoteref) refs/heads/master refs/remotes/master [2ms]
2024-02-11 23:06:47.950 [info] > git status -z -uall [78ms]
2024-02-11 23:06:53.165 [info] > git config --get commit.template [18ms]
2024-02-11 23:06:53.166 [info] > git for-each-ref --format=%(refname)%00%(upstream:short)%00%(objectname)%00%(upstream:track)%00%(upstream:remotename)%00%(upstream:remoteref) refs/heads/master refs/remotes/master [2ms]
2024-02-11 23:06:53.276 [info] > git status -z -uall [91ms]
2024-02-11 23:06:55.790 [info] > git show --textconv :tennis-court-schedules/app/Models/PostCourt.php [23ms]
2024-02-11 23:06:55.793 [info] > git ls-files --stage -- /home/nattyu/tennis-court-schedules/app/Models/PostCourt.php [5ms]
2024-02-11 23:06:58.505 [info] > git config --get commit.template [2ms]
2024-02-11 23:06:58.534 [info] > git for-each-ref --format=%(refname)%00%(upstream:short)%00%(objectname)%00%(upstream:track)%00%(upstream:remotename)%00%(upstream:remoteref) refs/heads/master refs/remotes/master [3ms]
2024-02-11 23:06:58.634 [info] > git status -z -uall [73ms]
2024-02-11 23:07:03.841 [info] > git config --get commit.template [30ms]
2024-02-11 23:07:03.841 [info] > git for-each-ref --format=%(refname)%00%(upstream:short)%00%(objectname)%00%(upstream:track)%00%(upstream:remotename)%00%(upstream:remoteref) refs/heads/master refs/remotes/master [2ms]
2024-02-11 23:07:03.929 [info] > git show --textconv :tennis-court-schedules/app/Models/User.php [17ms]
2024-02-11 23:07:03.931 [info] > git ls-files --stage -- /home/nattyu/tennis-court-schedules/app/Models/User.php [5ms]
2024-02-11 23:07:03.952 [info] > git status -z -uall [91ms]
2024-02-11 23:07:09.209 [info] > git config --get commit.template [26ms]
2024-02-11 23:07:09.210 [info] > git for-each-ref --format=%(refname)%00%(upstream:short)%00%(objectname)%00%(upstream:track)%00%(upstream:remotename)%00%(upstream:remoteref) refs/heads/master refs/remotes/master [2ms]
2024-02-11 23:07:09.325 [info] > git status -z -uall [90ms]
2024-02-11 23:07:14.565 [info] > git config --get commit.template [32ms]
2024-02-11 23:07:14.566 [info] > git for-each-ref --format=%(refname)%00%(upstream:short)%00%(objectname)%00%(upstream:track)%00%(upstream:remotename)%00%(upstream:remoteref) refs/heads/master refs/remotes/master [2ms]
2024-02-11 23:07:14.705 [info] > git status -z -uall [108ms]
2024-02-11 23:07:19.996 [info] > git config --get commit.template [3ms]
2024-02-11 23:07:20.012 [info] > git for-each-ref --format=%(refname)%00%(upstream:short)%00%(objectname)%00%(upstream:track)%00%(upstream:remotename)%00%(upstream:remoteref) refs/heads/master refs/remotes/master [1ms]
2024-02-11 23:07:20.111 [info] > git status -z -uall [84ms]
2024-02-11 23:07:25.356 [info] > git config --get commit.template [28ms]
2024-02-11 23:07:25.357 [info] > git for-each-ref --format=%(refname)%00%(upstream:short)%00%(objectname)%00%(upstream:track)%00%(upstream:remotename)%00%(upstream:remoteref) refs/heads/master refs/remotes/master [2ms]
2024-02-11 23:07:25.479 [info] > git status -z -uall [95ms]
2024-02-11 23:07:30.722 [info] > git config --get commit.template [24ms]
2024-02-11 23:07:30.725 [info] > git for-each-ref --format=%(refname)%00%(upstream:short)%00%(objectname)%00%(upstream:track)%00%(upstream:remotename)%00%(upstream:remoteref) refs/heads/master refs/remotes/master [5ms]
2024-02-11 23:07:30.829 [info] > git status -z -uall [82ms]
2024-02-11 23:07:37.923 [info] > git config --get commit.template [26ms]
2024-02-11 23:07:37.924 [info] > git for-each-ref --format=%(refname)%00%(upstream:short)%00%(objectname)%00%(upstream:track)%00%(upstream:remotename)%00%(upstream:remoteref) refs/heads/master refs/remotes/master [3ms]
2024-02-11 23:07:38.076 [info] > git status -z -uall [124ms]
2024-02-11 23:07:43.319 [info] > git config --get commit.template [3ms]
2024-02-11 23:07:43.346 [info] > git for-each-ref --format=%(refname)%00%(upstream:short)%00%(objectname)%00%(upstream:track)%00%(upstream:remotename)%00%(upstream:remoteref) refs/heads/master refs/remotes/master [2ms]
2024-02-11 23:07:43.482 [info] > git status -z -uall [111ms]
2024-02-11 23:07:48.725 [info] > git config --get commit.template [25ms]
2024-02-11 23:07:48.726 [info] > git for-each-ref --format=%(refname)%00%(upstream:short)%00%(objectname)%00%(upstream:track)%00%(upstream:remotename)%00%(upstream:remoteref) refs/heads/master refs/remotes/master [3ms]
2024-02-11 23:07:48.862 [info] > git status -z -uall [117ms]
2024-02-11 23:07:52.562 [info] > git show --textconv :tennis-court-schedules/app/Http/Controllers/PostCourtController.php [21ms]
2024-02-11 23:07:52.564 [info] > git ls-files --stage -- /home/nattyu/tennis-court-schedules/app/Http/Controllers/PostCourtController.php [5ms]
2024-02-11 23:07:54.180 [info] > git config --get commit.template [33ms]
2024-02-11 23:07:54.181 [info] > git for-each-ref --format=%(refname)%00%(upstream:short)%00%(objectname)%00%(upstream:track)%00%(upstream:remotename)%00%(upstream:remoteref) refs/heads/master refs/remotes/master [2ms]
2024-02-11 23:07:54.309 [info] > git status -z -uall [109ms]
2024-02-11 23:07:59.695 [info] > git config --get commit.template [31ms]
2024-02-11 23:07:59.696 [info] > git for-each-ref --format=%(refname)%00%(upstream:short)%00%(objectname)%00%(upstream:track)%00%(upstream:remotename)%00%(upstream:remoteref) refs/heads/master refs/remotes/master [3ms]
2024-02-11 23:07:59.798 [info] > git status -z -uall [75ms]
2024-02-11 23:08:05.047 [info] > git config --get commit.template [29ms]
2024-02-11 23:08:05.048 [info] > git for-each-ref --format=%(refname)%00%(upstream:short)%00%(objectname)%00%(upstream:track)%00%(upstream:remotename)%00%(upstream:remoteref) refs/heads/master refs/remotes/master [2ms]
2024-02-11 23:08:05.157 [info] > git status -z -uall [89ms]
2024-02-11 23:08:10.417 [info] > git config --get commit.template [29ms]
2024-02-11 23:08:10.419 [info] > git for-each-ref --format=%(refname)%00%(upstream:short)%00%(objectname)%00%(upstream:track)%00%(upstream:remotename)%00%(upstream:remoteref) refs/heads/master refs/remotes/master [4ms]
2024-02-11 23:08:10.536 [info] > git status -z -uall [96ms]
2024-02-11 23:08:11.820 [info] > git show --textconv :tennis-court-schedules/app/Http/Controllers/PostAttendanceController.php [27ms]
2024-02-11 23:08:11.824 [info] > git ls-files --stage -- /home/nattyu/tennis-court-schedules/app/Http/Controllers/PostAttendanceController.php [5ms]
2024-02-11 23:08:15.848 [info] > git config --get commit.template [40ms]
2024-02-11 23:08:15.849 [info] > git for-each-ref --format=%(refname)%00%(upstream:short)%00%(objectname)%00%(upstream:track)%00%(upstream:remotename)%00%(upstream:remoteref) refs/heads/master refs/remotes/master [3ms]
2024-02-11 23:08:16.002 [info] > git status -z -uall [116ms]
2024-02-11 23:08:21.280 [info] > git config --get commit.template [27ms]
2024-02-11 23:08:21.282 [info] > git for-each-ref --format=%(refname)%00%(upstream:short)%00%(objectname)%00%(upstream:track)%00%(upstream:remotename)%00%(upstream:remoteref) refs/heads/master refs/remotes/master [4ms]
2024-02-11 23:08:21.411 [info] > git status -z -uall [105ms]
2024-02-11 23:08:26.658 [info] > git config --get commit.template [3ms]
2024-02-11 23:08:26.683 [info] > git for-each-ref --format=%(refname)%00%(upstream:short)%00%(objectname)%00%(upstream:track)%00%(upstream:remotename)%00%(upstream:remoteref) refs/heads/master refs/remotes/master [2ms]
2024-02-11 23:08:26.788 [info] > git status -z -uall [81ms]
2024-02-11 23:08:31.993 [info] > git config --get commit.template [26ms]
2024-02-11 23:08:31.994 [info] > git for-each-ref --format=%(refname)%00%(upstream:short)%00%(objectname)%00%(upstream:track)%00%(upstream:remotename)%00%(upstream:remoteref) refs/heads/master refs/remotes/master [4ms]
2024-02-11 23:08:32.099 [info] > git status -z -uall [79ms]
2024-02-11 23:08:37.303 [info] > git config --get commit.template [20ms]
2024-02-11 23:08:37.304 [info] > git for-each-ref --format=%(refname)%00%(upstream:short)%00%(objectname)%00%(upstream:track)%00%(upstream:remotename)%00%(upstream:remoteref) refs/heads/master refs/remotes/master [2ms]
2024-02-11 23:08:37.425 [info] > git status -z -uall [95ms]
2024-02-11 23:08:42.726 [info] > git config --get commit.template [27ms]
2024-02-11 23:08:42.727 [info] > git for-each-ref --format=%(refname)%00%(upstream:short)%00%(objectname)%00%(upstream:track)%00%(upstream:remotename)%00%(upstream:remoteref) refs/heads/master refs/remotes/master [3ms]
2024-02-11 23:08:42.829 [info] > git status -z -uall [74ms]
2024-02-11 23:08:48.098 [info] > git config --get commit.template [27ms]
2024-02-11 23:08:48.100 [info] > git for-each-ref --format=%(refname)%00%(upstream:short)%00%(objectname)%00%(upstream:track)%00%(upstream:remotename)%00%(upstream:remoteref) refs/heads/master refs/remotes/master [5ms]
2024-02-11 23:08:48.226 [info] > git status -z -uall [92ms]
2024-02-11 23:08:53.429 [info] > git config --get commit.template [5ms]
2024-02-11 23:08:53.457 [info] > git for-each-ref --format=%(refname)%00%(upstream:short)%00%(objectname)%00%(upstream:track)%00%(upstream:remotename)%00%(upstream:remoteref) refs/heads/master refs/remotes/master [2ms]
2024-02-11 23:08:53.563 [info] > git status -z -uall [82ms]
2024-02-11 23:08:58.839 [info] > git config --get commit.template [3ms]
2024-02-11 23:08:58.869 [info] > git for-each-ref --format=%(refname)%00%(upstream:short)%00%(objectname)%00%(upstream:track)%00%(upstream:remotename)%00%(upstream:remoteref) refs/heads/master refs/remotes/master [2ms]
2024-02-11 23:08:59.001 [info] > git status -z -uall [105ms]
2024-02-11 23:09:04.237 [info] > git config --get commit.template [3ms]
2024-02-11 23:09:04.267 [info] > git for-each-ref --format=%(refname)%00%(upstream:short)%00%(objectname)%00%(upstream:track)%00%(upstream:remotename)%00%(upstream:remoteref) refs/heads/master refs/remotes/master [2ms]
2024-02-11 23:09:04.377 [info] > git status -z -uall [86ms]
2024-02-11 23:09:12.455 [info] > git config --get commit.template [2ms]
2024-02-11 23:09:12.487 [info] > git for-each-ref --format=%(refname)%00%(upstream:short)%00%(objectname)%00%(upstream:track)%00%(upstream:remotename)%00%(upstream:remoteref) refs/heads/master refs/remotes/master [2ms]
2024-02-11 23:09:12.589 [info] > git status -z -uall [73ms]
2024-02-11 23:09:17.826 [info] > git config --get commit.template [34ms]
2024-02-11 23:09:17.827 [info] > git for-each-ref --format=%(refname)%00%(upstream:short)%00%(objectname)%00%(upstream:track)%00%(upstream:remotename)%00%(upstream:remoteref) refs/heads/master refs/remotes/master [3ms]
2024-02-11 23:09:17.958 [info] > git status -z -uall [105ms]
2024-02-11 23:09:23.272 [info] > git config --get commit.template [26ms]
2024-02-11 23:09:23.273 [info] > git for-each-ref --format=%(refname)%00%(upstream:short)%00%(objectname)%00%(upstream:track)%00%(upstream:remotename)%00%(upstream:remoteref) refs/heads/master refs/remotes/master [3ms]
2024-02-11 23:09:23.384 [info] > git status -z -uall [86ms]
2024-02-11 23:09:30.504 [info] > git config --get commit.template [2ms]
2024-02-11 23:09:30.527 [info] > git for-each-ref --format=%(refname)%00%(upstream:short)%00%(objectname)%00%(upstream:track)%00%(upstream:remotename)%00%(upstream:remoteref) refs/heads/master refs/remotes/master [2ms]
2024-02-11 23:09:30.633 [info] > git status -z -uall [85ms]
2024-02-11 23:09:35.884 [info] > git config --get commit.template [27ms]
2024-02-11 23:09:35.885 [info] > git for-each-ref --format=%(refname)%00%(upstream:short)%00%(objectname)%00%(upstream:track)%00%(upstream:remotename)%00%(upstream:remoteref) refs/heads/master refs/remotes/master [3ms]
2024-02-11 23:09:35.983 [info] > git status -z -uall [68ms]
2024-02-11 23:09:41.191 [info] > git config --get commit.template [3ms]
2024-02-11 23:09:41.219 [info] > git for-each-ref --format=%(refname)%00%(upstream:short)%00%(objectname)%00%(upstream:track)%00%(upstream:remotename)%00%(upstream:remoteref) refs/heads/master refs/remotes/master [3ms]
2024-02-11 23:09:41.353 [info] > git status -z -uall [109ms]
2024-02-11 23:09:46.570 [info] > git config --get commit.template [28ms]
2024-02-11 23:09:46.571 [info] > git for-each-ref --format=%(refname)%00%(upstream:short)%00%(objectname)%00%(upstream:track)%00%(upstream:remotename)%00%(upstream:remoteref) refs/heads/master refs/remotes/master [3ms]
2024-02-11 23:09:46.708 [info] > git status -z -uall [113ms]
2024-02-11 23:09:51.944 [info] > git config --get commit.template [27ms]
2024-02-11 23:09:51.944 [info] > git for-each-ref --format=%(refname)%00%(upstream:short)%00%(objectname)%00%(upstream:track)%00%(upstream:remotename)%00%(upstream:remoteref) refs/heads/master refs/remotes/master [2ms]
2024-02-11 23:09:52.073 [info] > git status -z -uall [102ms]
2024-02-11 23:09:57.312 [info] > git config --get commit.template [29ms]
2024-02-11 23:09:57.313 [info] > git for-each-ref --format=%(refname)%00%(upstream:short)%00%(objectname)%00%(upstream:track)%00%(upstream:remotename)%00%(upstream:remoteref) refs/heads/master refs/remotes/master [2ms]
2024-02-11 23:09:57.409 [info] > git status -z -uall [68ms]
2024-02-11 23:10:04.425 [info] > git config --get commit.template [2ms]
2024-02-11 23:10:04.445 [info] > git for-each-ref --format=%(refname)%00%(upstream:short)%00%(objectname)%00%(upstream:track)%00%(upstream:remotename)%00%(upstream:remoteref) refs/heads/master refs/remotes/master [1ms]
2024-02-11 23:10:04.534 [info] > git status -z -uall [72ms]
2024-02-11 23:10:09.773 [info] > git config --get commit.template [30ms]
2024-02-11 23:10:09.775 [info] > git for-each-ref --format=%(refname)%00%(upstream:short)%00%(objectname)%00%(upstream:track)%00%(upstream:remotename)%00%(upstream:remoteref) refs/heads/master refs/remotes/master [3ms]
2024-02-11 23:10:09.881 [info] > git status -z -uall [84ms]
2024-02-11 23:10:15.147 [info] > git config --get commit.template [34ms]
2024-02-11 23:10:15.148 [info] > git for-each-ref --format=%(refname)%00%(upstream:short)%00%(objectname)%00%(upstream:track)%00%(upstream:remotename)%00%(upstream:remoteref) refs/heads/master refs/remotes/master [3ms]
2024-02-11 23:10:15.284 [info] > git status -z -uall [108ms]
2024-02-11 23:10:20.537 [info] > git config --get commit.template [35ms]
2024-02-11 23:10:20.543 [info] > git for-each-ref --format=%(refname)%00%(upstream:short)%00%(objectname)%00%(upstream:track)%00%(upstream:remotename)%00%(upstream:remoteref) refs/heads/master refs/remotes/master [6ms]
2024-02-11 23:10:20.663 [info] > git status -z -uall [88ms]
2024-02-11 23:12:07.824 [info] > git config --get commit.template [21ms]
2024-02-11 23:12:07.826 [info] > git for-each-ref --format=%(refname)%00%(upstream:short)%00%(objectname)%00%(upstream:track)%00%(upstream:remotename)%00%(upstream:remoteref) refs/heads/master refs/remotes/master [4ms]
2024-02-11 23:12:08.002 [info] > git status -z -uall [156ms]
2024-02-11 23:12:13.280 [info] > git config --get commit.template [23ms]
2024-02-11 23:12:13.282 [info] > git for-each-ref --format=%(refname)%00%(upstream:short)%00%(objectname)%00%(upstream:track)%00%(upstream:remotename)%00%(upstream:remoteref) refs/heads/master refs/remotes/master [4ms]
2024-02-11 23:12:13.388 [info] > git status -z -uall [86ms]
2024-02-11 23:12:18.617 [info] > git config --get commit.template [20ms]
2024-02-11 23:12:18.618 [info] > git for-each-ref --format=%(refname)%00%(upstream:short)%00%(objectname)%00%(upstream:track)%00%(upstream:remotename)%00%(upstream:remoteref) refs/heads/master refs/remotes/master [2ms]
2024-02-11 23:12:18.709 [info] > git status -z -uall [73ms]
2024-02-11 23:12:23.921 [info] > git config --get commit.template [21ms]
2024-02-11 23:12:23.922 [info] > git for-each-ref --format=%(refname)%00%(upstream:short)%00%(objectname)%00%(upstream:track)%00%(upstream:remotename)%00%(upstream:remoteref) refs/heads/master refs/remotes/master [2ms]
2024-02-11 23:12:24.022 [info] > git status -z -uall [76ms]
2024-02-11 23:12:29.213 [info] > git config --get commit.template [4ms]
2024-02-11 23:12:29.237 [info] > git for-each-ref --format=%(refname)%00%(upstream:short)%00%(objectname)%00%(upstream:track)%00%(upstream:remotename)%00%(upstream:remoteref) refs/heads/master refs/remotes/master [2ms]
2024-02-11 23:12:29.357 [info] > git status -z -uall [99ms]
2024-02-11 23:12:34.603 [info] > git config --get commit.template [27ms]
2024-02-11 23:12:34.609 [info] > git for-each-ref --format=%(refname)%00%(upstream:short)%00%(objectname)%00%(upstream:track)%00%(upstream:remotename)%00%(upstream:remoteref) refs/heads/master refs/remotes/master [10ms]
2024-02-11 23:12:34.695 [info] > git status -z -uall [66ms]
2024-02-11 23:12:39.899 [info] > git config --get commit.template [24ms]
2024-02-11 23:12:39.901 [info] > git for-each-ref --format=%(refname)%00%(upstream:short)%00%(objectname)%00%(upstream:track)%00%(upstream:remotename)%00%(upstream:remoteref) refs/heads/master refs/remotes/master [3ms]
2024-02-11 23:12:40.008 [info] > git status -z -uall [83ms]
2024-02-11 23:12:45.229 [info] > git config --get commit.template [29ms]
2024-02-11 23:12:45.231 [info] > git for-each-ref --format=%(refname)%00%(upstream:short)%00%(objectname)%00%(upstream:track)%00%(upstream:remotename)%00%(upstream:remoteref) refs/heads/master refs/remotes/master [4ms]
2024-02-11 23:12:45.348 [info] > git status -z -uall [95ms]
2024-02-11 23:12:59.949 [info] > git config --get commit.template [31ms]
2024-02-11 23:12:59.950 [info] > git for-each-ref --format=%(refname)%00%(upstream:short)%00%(objectname)%00%(upstream:track)%00%(upstream:remotename)%00%(upstream:remoteref) refs/heads/master refs/remotes/master [2ms]
2024-02-11 23:13:00.096 [info] > git status -z -uall [118ms]
2024-02-11 23:13:05.346 [info] > git config --get commit.template [21ms]
2024-02-11 23:13:05.347 [info] > git for-each-ref --format=%(refname)%00%(upstream:short)%00%(objectname)%00%(upstream:track)%00%(upstream:remotename)%00%(upstream:remoteref) refs/heads/master refs/remotes/master [2ms]
2024-02-11 23:13:05.444 [info] > git status -z -uall [74ms]
2024-02-11 23:13:12.569 [info] > git config --get commit.template [35ms]
2024-02-11 23:13:12.570 [info] > git for-each-ref --format=%(refname)%00%(upstream:short)%00%(objectname)%00%(upstream:track)%00%(upstream:remotename)%00%(upstream:remoteref) refs/heads/master refs/remotes/master [2ms]
2024-02-11 23:13:12.715 [info] > git status -z -uall [117ms]
2024-02-11 23:13:16.115 [info] > git show --textconv :tennis-court-schedules/resources/views/court/index-court.blade.php [21ms]
2024-02-11 23:13:16.120 [info] > git ls-files --stage -- /home/nattyu/tennis-court-schedules/resources/views/court/index-court.blade.php [8ms]
2024-02-11 23:13:17.909 [info] > git config --get commit.template [1ms]
2024-02-11 23:13:17.934 [info] > git for-each-ref --format=%(refname)%00%(upstream:short)%00%(objectname)%00%(upstream:track)%00%(upstream:remotename)%00%(upstream:remoteref) refs/heads/master refs/remotes/master [3ms]
2024-02-11 23:13:18.055 [info] > git status -z -uall [88ms]
2024-02-11 23:13:23.346 [info] > git config --get commit.template [22ms]
2024-02-11 23:13:23.348 [info] > git for-each-ref --format=%(refname)%00%(upstream:short)%00%(objectname)%00%(upstream:track)%00%(upstream:remotename)%00%(upstream:remoteref) refs/heads/master refs/remotes/master [4ms]
2024-02-11 23:13:23.453 [info] > git status -z -uall [82ms]
2024-02-11 23:13:28.679 [info] > git config --get commit.template [26ms]
2024-02-11 23:13:28.680 [info] > git for-each-ref --format=%(refname)%00%(upstream:short)%00%(objectname)%00%(upstream:track)%00%(upstream:remotename)%00%(upstream:remoteref) refs/heads/master refs/remotes/master [2ms]
2024-02-11 23:13:28.779 [info] > git status -z -uall [77ms]
2024-02-11 23:13:34.019 [info] > git config --get commit.template [2ms]
2024-02-11 23:13:34.034 [info] > git for-each-ref --format=%(refname)%00%(upstream:short)%00%(objectname)%00%(upstream:track)%00%(upstream:remotename)%00%(upstream:remoteref) refs/heads/master refs/remotes/master [1ms]
2024-02-11 23:13:34.116 [info] > git status -z -uall [67ms]
2024-02-11 23:13:39.334 [info] > git config --get commit.template [20ms]
2024-02-11 23:13:39.335 [info] > git for-each-ref --format=%(refname)%00%(upstream:short)%00%(objectname)%00%(upstream:track)%00%(upstream:remotename)%00%(upstream:remoteref) refs/heads/master refs/remotes/master [1ms]
2024-02-11 23:13:39.437 [info] > git status -z -uall [84ms]
2024-02-11 23:13:44.609 [info] > git config --get commit.template [2ms]
2024-02-11 23:13:44.648 [info] > git for-each-ref --format=%(refname)%00%(upstream:short)%00%(objectname)%00%(upstream:track)%00%(upstream:remotename)%00%(upstream:remoteref) refs/heads/master refs/remotes/master [9ms]
2024-02-11 23:13:44.779 [info] > git status -z -uall [112ms]
2024-02-11 23:13:50.001 [info] > git config --get commit.template [19ms]
2024-02-11 23:13:50.003 [info] > git for-each-ref --format=%(refname)%00%(upstream:short)%00%(objectname)%00%(upstream:track)%00%(upstream:remotename)%00%(upstream:remoteref) refs/heads/master refs/remotes/master [2ms]
2024-02-11 23:13:50.114 [info] > git status -z -uall [89ms]
2024-02-11 23:13:55.356 [info] > git config --get commit.template [22ms]
2024-02-11 23:13:55.356 [info] > git for-each-ref --format=%(refname)%00%(upstream:short)%00%(objectname)%00%(upstream:track)%00%(upstream:remotename)%00%(upstream:remoteref) refs/heads/master refs/remotes/master [1ms]
2024-02-11 23:13:55.444 [info] > git status -z -uall [69ms]
2024-02-11 23:14:00.720 [info] > git config --get commit.template [34ms]
2024-02-11 23:14:00.721 [info] > git for-each-ref --format=%(refname)%00%(upstream:short)%00%(objectname)%00%(upstream:track)%00%(upstream:remotename)%00%(upstream:remoteref) refs/heads/master refs/remotes/master [2ms]
2024-02-11 23:14:00.824 [info] > git status -z -uall [80ms]
2024-02-11 23:14:07.855 [info] > git config --get commit.template [24ms]
2024-02-11 23:14:07.856 [info] > git for-each-ref --format=%(refname)%00%(upstream:short)%00%(objectname)%00%(upstream:track)%00%(upstream:remotename)%00%(upstream:remoteref) refs/heads/master refs/remotes/master [2ms]
2024-02-11 23:14:07.963 [info] > git status -z -uall [89ms]
2024-02-11 23:14:13.562 [info] > git config --get commit.template [31ms]
2024-02-11 23:14:13.564 [info] > git for-each-ref --format=%(refname)%00%(upstream:short)%00%(objectname)%00%(upstream:track)%00%(upstream:remotename)%00%(upstream:remoteref) refs/heads/master refs/remotes/master [3ms]
2024-02-11 23:14:13.646 [info] > git status -z -uall [60ms]
2024-02-11 23:20:13.758 [info] > git config --get commit.template [28ms]
2024-02-11 23:20:13.759 [info] > git for-each-ref --format=%(refname)%00%(upstream:short)%00%(objectname)%00%(upstream:track)%00%(upstream:remotename)%00%(upstream:remoteref) refs/heads/master refs/remotes/master [4ms]
2024-02-11 23:20:13.948 [info] > git status -z -uall [166ms]
2024-02-11 23:20:16.962 [info] > git show --textconv :tennis-court-schedules/app/Http/Controllers/PostAttendanceController.php [24ms]
2024-02-11 23:20:16.980 [info] > git ls-files --stage -- /home/nattyu/tennis-court-schedules/app/Http/Controllers/PostAttendanceController.php [19ms]
2024-02-11 23:20:19.227 [info] > git config --get commit.template [3ms]
2024-02-11 23:20:19.250 [info] > git for-each-ref --format=%(refname)%00%(upstream:short)%00%(objectname)%00%(upstream:track)%00%(upstream:remotename)%00%(upstream:remoteref) refs/heads/master refs/remotes/master [3ms]
2024-02-11 23:20:19.350 [info] > git status -z -uall [79ms]
2024-02-11 23:20:24.541 [info] > git config --get commit.template [4ms]
2024-02-11 23:20:24.560 [info] > git for-each-ref --format=%(refname)%00%(upstream:short)%00%(objectname)%00%(upstream:track)%00%(upstream:remotename)%00%(upstream:remoteref) refs/heads/master refs/remotes/master [2ms]
2024-02-11 23:20:24.680 [info] > git status -z -uall [105ms]
2024-02-11 23:20:29.895 [info] > git config --get commit.template [1ms]
2024-02-11 23:20:29.916 [info] > git for-each-ref --format=%(refname)%00%(upstream:short)%00%(objectname)%00%(upstream:track)%00%(upstream:remotename)%00%(upstream:remoteref) refs/heads/master refs/remotes/master [1ms]
2024-02-11 23:20:29.991 [info] > git status -z -uall [62ms]
2024-02-11 23:22:26.844 [info] > git config --get commit.template [19ms]
2024-02-11 23:22:26.845 [info] > git for-each-ref --format=%(refname)%00%(upstream:short)%00%(objectname)%00%(upstream:track)%00%(upstream:remotename)%00%(upstream:remoteref) refs/heads/master refs/remotes/master [5ms]
2024-02-11 23:22:26.985 [info] > git status -z -uall [120ms]
2024-02-11 23:22:32.258 [info] > git config --get commit.template [16ms]
2024-02-11 23:22:32.260 [info] > git for-each-ref --format=%(refname)%00%(upstream:short)%00%(objectname)%00%(upstream:track)%00%(upstream:remotename)%00%(upstream:remoteref) refs/heads/master refs/remotes/master [3ms]
2024-02-11 23:22:32.352 [info] > git status -z -uall [76ms]
2024-02-11 23:22:37.534 [info] > git config --get commit.template [2ms]
2024-02-11 23:22:37.562 [info] > git for-each-ref --format=%(refname)%00%(upstream:short)%00%(objectname)%00%(upstream:track)%00%(upstream:remotename)%00%(upstream:remoteref) refs/heads/master refs/remotes/master [4ms]
2024-02-11 23:22:37.685 [info] > git status -z -uall [102ms]
2024-02-11 23:22:42.959 [info] > git config --get commit.template [35ms]
2024-02-11 23:22:42.961 [info] > git for-each-ref --format=%(refname)%00%(upstream:short)%00%(objectname)%00%(upstream:track)%00%(upstream:remotename)%00%(upstream:remoteref) refs/heads/master refs/remotes/master [6ms]
2024-02-11 23:22:43.089 [info] > git status -z -uall [78ms]
2024-02-11 23:22:48.304 [info] > git config --get commit.template [24ms]
2024-02-11 23:22:48.307 [info] > git for-each-ref --format=%(refname)%00%(upstream:short)%00%(objectname)%00%(upstream:track)%00%(upstream:remotename)%00%(upstream:remoteref) refs/heads/master refs/remotes/master [3ms]
2024-02-11 23:22:48.415 [info] > git status -z -uall [86ms]
2024-02-11 23:22:53.632 [info] > git config --get commit.template [15ms]
2024-02-11 23:22:53.632 [info] > git for-each-ref --format=%(refname)%00%(upstream:short)%00%(objectname)%00%(upstream:track)%00%(upstream:remotename)%00%(upstream:remoteref) refs/heads/master refs/remotes/master [1ms]
2024-02-11 23:22:53.727 [info] > git status -z -uall [77ms]
2024-02-11 23:22:58.938 [info] > git config --get commit.template [2ms]
2024-02-11 23:22:58.968 [info] > git for-each-ref --format=%(refname)%00%(upstream:short)%00%(objectname)%00%(upstream:track)%00%(upstream:remotename)%00%(upstream:remoteref) refs/heads/master refs/remotes/master [7ms]
2024-02-11 23:22:59.056 [info] > git status -z -uall [62ms]
2024-02-11 23:25:25.718 [info] > git config --get commit.template [22ms]
2024-02-11 23:25:25.719 [info] > git for-each-ref --format=%(refname)%00%(upstream:short)%00%(objectname)%00%(upstream:track)%00%(upstream:remotename)%00%(upstream:remoteref) refs/heads/master refs/remotes/master [4ms]
2024-02-11 23:25:25.847 [info] > git status -z -uall [109ms]
2024-02-11 23:25:31.342 [info] > git config --get commit.template [21ms]
2024-02-11 23:25:31.343 [info] > git for-each-ref --format=%(refname)%00%(upstream:short)%00%(objectname)%00%(upstream:track)%00%(upstream:remotename)%00%(upstream:remoteref) refs/heads/master refs/remotes/master [3ms]
2024-02-11 23:25:31.441 [info] > git status -z -uall [77ms]
2024-02-11 23:25:36.640 [info] > git config --get commit.template [21ms]
2024-02-11 23:25:36.641 [info] > git for-each-ref --format=%(refname)%00%(upstream:short)%00%(objectname)%00%(upstream:track)%00%(upstream:remotename)%00%(upstream:remoteref) refs/heads/master refs/remotes/master [3ms]
2024-02-11 23:25:36.774 [info] > git status -z -uall [113ms]
2024-02-11 23:25:42.023 [info] > git config --get commit.template [22ms]
2024-02-11 23:25:42.023 [info] > git for-each-ref --format=%(refname)%00%(upstream:short)%00%(objectname)%00%(upstream:track)%00%(upstream:remotename)%00%(upstream:remoteref) refs/heads/master refs/remotes/master [2ms]
2024-02-11 23:25:42.154 [info] > git status -z -uall [108ms]
2024-02-11 23:25:47.397 [info] > git config --get commit.template [2ms]
2024-02-11 23:25:47.423 [info] > git for-each-ref --format=%(refname)%00%(upstream:short)%00%(objectname)%00%(upstream:track)%00%(upstream:remotename)%00%(upstream:remoteref) refs/heads/master refs/remotes/master [3ms]
2024-02-11 23:25:47.521 [info] > git status -z -uall [79ms]
2024-02-11 23:25:52.733 [info] > git config --get commit.template [27ms]
2024-02-11 23:25:52.734 [info] > git for-each-ref --format=%(refname)%00%(upstream:short)%00%(objectname)%00%(upstream:track)%00%(upstream:remotename)%00%(upstream:remoteref) refs/heads/master refs/remotes/master [3ms]
2024-02-11 23:25:52.842 [info] > git status -z -uall [85ms]
2024-02-11 23:25:58.098 [info] > git config --get commit.template [29ms]
2024-02-11 23:25:58.099 [info] > git for-each-ref --format=%(refname)%00%(upstream:short)%00%(objectname)%00%(upstream:track)%00%(upstream:remotename)%00%(upstream:remoteref) refs/heads/master refs/remotes/master [3ms]
2024-02-11 23:25:58.272 [info] > git status -z -uall [142ms]
2024-02-11 23:26:03.647 [info] > git config --get commit.template [31ms]
2024-02-11 23:26:03.648 [info] > git for-each-ref --format=%(refname)%00%(upstream:short)%00%(objectname)%00%(upstream:track)%00%(upstream:remotename)%00%(upstream:remoteref) refs/heads/master refs/remotes/master [2ms]
2024-02-11 23:26:03.789 [info] > git status -z -uall [119ms]
2024-02-11 23:26:09.051 [info] > git config --get commit.template [30ms]
2024-02-11 23:26:09.052 [info] > git for-each-ref --format=%(refname)%00%(upstream:short)%00%(objectname)%00%(upstream:track)%00%(upstream:remotename)%00%(upstream:remoteref) refs/heads/master refs/remotes/master [4ms]
2024-02-11 23:26:09.272 [info] > git status -z -uall [189ms]
2024-02-11 23:26:14.573 [info] > git config --get commit.template [31ms]
2024-02-11 23:26:14.575 [info] > git for-each-ref --format=%(refname)%00%(upstream:short)%00%(objectname)%00%(upstream:track)%00%(upstream:remotename)%00%(upstream:remoteref) refs/heads/master refs/remotes/master [2ms]
2024-02-11 23:26:14.686 [info] > git status -z -uall [86ms]
2024-02-11 23:26:19.944 [info] > git config --get commit.template [35ms]
2024-02-11 23:26:19.945 [info] > git for-each-ref --format=%(refname)%00%(upstream:short)%00%(objectname)%00%(upstream:track)%00%(upstream:remotename)%00%(upstream:remoteref) refs/heads/master refs/remotes/master [2ms]
2024-02-11 23:26:20.042 [info] > git status -z -uall [76ms]
2024-02-11 23:26:26.257 [info] > git config --get commit.template [5ms]
2024-02-11 23:26:26.287 [info] > git for-each-ref --format=%(refname)%00%(upstream:short)%00%(objectname)%00%(upstream:track)%00%(upstream:remotename)%00%(upstream:remoteref) refs/heads/master refs/remotes/master [2ms]
2024-02-11 23:26:26.417 [info] > git status -z -uall [105ms]
2024-02-11 23:26:31.632 [info] > git config --get commit.template [24ms]
2024-02-11 23:26:31.633 [info] > git for-each-ref --format=%(refname)%00%(upstream:short)%00%(objectname)%00%(upstream:track)%00%(upstream:remotename)%00%(upstream:remoteref) refs/heads/master refs/remotes/master [2ms]
2024-02-11 23:26:31.753 [info] > git status -z -uall [104ms]
2024-02-11 23:26:37.050 [info] > git config --get commit.template [2ms]
2024-02-11 23:26:37.065 [info] > git for-each-ref --format=%(refname)%00%(upstream:short)%00%(objectname)%00%(upstream:track)%00%(upstream:remotename)%00%(upstream:remoteref) refs/heads/master refs/remotes/master [1ms]
2024-02-11 23:26:37.140 [info] > git status -z -uall [62ms]
2024-02-11 23:29:09.158 [info] > git config --get commit.template [3ms]
2024-02-11 23:29:09.182 [info] > git for-each-ref --format=%(refname)%00%(upstream:short)%00%(objectname)%00%(upstream:track)%00%(upstream:remotename)%00%(upstream:remoteref) refs/heads/master refs/remotes/master [5ms]
2024-02-11 23:29:09.429 [info] > git status -z -uall [229ms]
2024-02-11 23:29:14.917 [info] > git config --get commit.template [19ms]
2024-02-11 23:29:14.917 [info] > git for-each-ref --format=%(refname)%00%(upstream:short)%00%(objectname)%00%(upstream:track)%00%(upstream:remotename)%00%(upstream:remoteref) refs/heads/master refs/remotes/master [3ms]
2024-02-11 23:29:15.012 [info] > git status -z -uall [78ms]
2024-02-11 23:31:09.865 [info] > git config --get commit.template [25ms]
2024-02-11 23:31:09.867 [info] > git for-each-ref --format=%(refname)%00%(upstream:short)%00%(objectname)%00%(upstream:track)%00%(upstream:remotename)%00%(upstream:remoteref) refs/heads/master refs/remotes/master [3ms]
2024-02-11 23:31:10.010 [info] > git status -z -uall [126ms]
2024-02-11 23:31:15.301 [info] > git config --get commit.template [21ms]
2024-02-11 23:31:15.302 [info] > git for-each-ref --format=%(refname)%00%(upstream:short)%00%(objectname)%00%(upstream:track)%00%(upstream:remotename)%00%(upstream:remoteref) refs/heads/master refs/remotes/master [2ms]
2024-02-11 23:31:15.426 [info] > git status -z -uall [106ms]
2024-02-11 23:31:20.647 [info] > git config --get commit.template [2ms]
2024-02-11 23:31:20.673 [info] > git for-each-ref --format=%(refname)%00%(upstream:short)%00%(objectname)%00%(upstream:track)%00%(upstream:remotename)%00%(upstream:remoteref) refs/heads/master refs/remotes/master [4ms]
2024-02-11 23:31:20.765 [info] > git status -z -uall [66ms]
2024-02-11 23:31:25.968 [info] > git config --get commit.template [4ms]
2024-02-11 23:31:25.993 [info] > git for-each-ref --format=%(refname)%00%(upstream:short)%00%(objectname)%00%(upstream:track)%00%(upstream:remotename)%00%(upstream:remoteref) refs/heads/master refs/remotes/master [2ms]
2024-02-11 23:31:26.092 [info] > git status -z -uall [79ms]
2024-02-11 23:31:31.313 [info] > git config --get commit.template [27ms]
2024-02-11 23:31:31.319 [info] > git for-each-ref --format=%(refname)%00%(upstream:short)%00%(objectname)%00%(upstream:track)%00%(upstream:remotename)%00%(upstream:remoteref) refs/heads/master refs/remotes/master [7ms]
2024-02-11 23:31:31.415 [info] > git status -z -uall [72ms]
2024-02-11 23:32:19.608 [info] > git config --get commit.template [13ms]
2024-02-11 23:32:19.668 [info] > git for-each-ref --format=%(refname)%00%(upstream:short)%00%(objectname)%00%(upstream:track)%00%(upstream:remotename)%00%(upstream:remoteref) refs/heads/master refs/remotes/master [9ms]
2024-02-11 23:32:19.906 [info] > git status -z -uall [186ms]
