2024-01-23 19:53:06.635 [info] Extension host with pid 2019 started
2024-01-23 19:53:06.731 [info] ExtensionService#_doActivateExtension vscode.git-base, startup: true, activationEvent: '*'
2024-01-23 19:53:06.739 [info] ExtensionService#_doActivateExtension vscode.npm, startup: true, activationEvent: 'workspaceContains:package.json'
2024-01-23 19:53:06.752 [info] Lock '/home/nattyu/.vscode-server/data/User/workspaceStorage/e6a6130960c1a534f20816c6f7516df5/vscode.lock': Lock acquired.
2024-01-23 19:53:07.070 [info] ExtensionService#_doActivateExtension vscode.github, startup: true, activationEvent: '*'
2024-01-23 19:53:07.407 [info] Eager extensions activated
2024-01-23 19:53:07.408 [info] ExtensionService#_doActivateExtension vscode.debug-auto-launch, startup: false, activationEvent: 'onStartupFinished'
2024-01-23 19:53:07.408 [info] ExtensionService#_doActivateExtension vscode.merge-conflict, startup: false, activationEvent: 'onStartupFinished'
2024-01-23 19:53:08.265 [info] ExtensionService#_doActivateExtension vscode.git, startup: false, activationEvent: 'api', root cause: vscode.github
2024-01-23 19:58:15.718 [info] ExtensionService#_doActivateExtension vscode.emmet, startup: false, activationEvent: 'onLanguage'
2024-01-23 19:58:29.707 [info] ExtensionService#_doActivateExtension ms-azuretools.vscode-docker, startup: false, activationEvent: 'onLanguage:dockercompose'
2024-01-23 19:58:30.537 [warning] Using default string since no string found in i18n bundle that has the key: Learn more
2024-01-23 19:58:30.595 [warning] Using default string since no string found in i18n bundle that has the key: Yes
2024-01-23 19:58:30.595 [warning] Using default string since no string found in i18n bundle that has the key: No
2024-01-23 19:58:30.595 [warning] Using default string since no string found in i18n bundle that has the key: Cancel
2024-01-23 19:58:30.595 [warning] Using default string since no string found in i18n bundle that has the key: Delete
2024-01-23 19:58:30.595 [warning] Using default string since no string found in i18n bundle that has the key: Don't warn again
2024-01-23 19:58:30.595 [warning] Using default string since no string found in i18n bundle that has the key: Skip for now
2024-01-23 19:58:30.595 [warning] Using default string since no string found in i18n bundle that has the key: Upload
2024-01-23 19:58:30.595 [warning] Using default string since no string found in i18n bundle that has the key: Always upload
2024-01-23 19:58:30.595 [warning] Using default string since no string found in i18n bundle that has the key: Don't upload
2024-01-23 19:58:30.595 [warning] Using default string since no string found in i18n bundle that has the key: Report an issue
2024-01-23 19:58:30.638 [warning] Using default string since no string found in i18n bundle that has the key: "registerUIExtensionVariables" must be called before using the vscode-azureextensionui package.
2024-01-23 19:58:30.643 [warning] Using default string since no string found in i18n bundle that has the key: This operation is not supported.
2024-01-23 19:58:30.673 [warning] Using default string since no string found in i18n bundle that has the key: Load More...
2024-01-23 19:58:30.766 [warning] Using default string since no string found in i18n bundle that has the key: Use a Dockerfile
2024-01-23 19:58:30.766 [warning] Using default string since no string found in i18n bundle that has the key: Use .NET SDK
2024-01-23 19:58:30.768 [warning] Using default string since no string found in i18n bundle that has the key: No grouping
2024-01-23 19:58:30.768 [warning] Using default string since no string found in i18n bundle that has the key: Sort by newest
2024-01-23 19:58:30.768 [warning] Using default string since no string found in i18n bundle that has the key: Sort alphabetically by label
2024-01-23 19:58:30.770 [warning] Using default string since no string found in i18n bundle that has the key: Value used to associate containers launched by a 'docker-compose up' command
2024-01-23 19:58:30.770 [warning] Using default string since no string found in i18n bundle that has the key: Individual Containers
2024-01-23 19:58:30.770 [warning] Using default string since no string found in i18n bundle that has the key: Others
2024-01-23 19:58:30.772 [warning] Using default string since no string found in i18n bundle that has the key: Choose a project file
2024-01-23 19:58:30.772 [warning] Using default string since no string found in i18n bundle that has the key: No C# or F# project files were found in the workspace.
2024-01-23 19:58:30.773 [warning] Using default string since no string found in i18n bundle that has the key: Choose a package.json file
2024-01-23 19:58:30.773 [warning] Using default string since no string found in i18n bundle that has the key: No package.json files were found in the workspace.
2024-01-23 19:58:30.775 [warning] Using default string since no string found in i18n bundle that has the key: Overwrite File
2024-01-23 19:58:30.775 [warning] Using default string since no string found in i18n bundle that has the key: Skip File
2024-01-23 19:58:30.775 [warning] Using default string since no string found in i18n bundle that has the key: Cancel
2024-01-23 19:58:30.803 [warning] Using default string since no string found in i18n bundle that has the key: Redis is an open source key-value store that functions as a data structure server.
2024-01-23 19:58:30.803 [warning] Using default string since no string found in i18n bundle that has the key: Ubuntu is a Debian-based Linux operating system based on free software.
2024-01-23 19:58:30.803 [warning] Using default string since no string found in i18n bundle that has the key: The WordPress rich content management system can utilize plugins, widgets, and themes.
2024-01-23 19:58:30.803 [warning] Using default string since no string found in i18n bundle that has the key: MySQL is a widely used, open-source relational database management system (RDBMS).
2024-01-23 19:58:30.803 [warning] Using default string since no string found in i18n bundle that has the key: MongoDB document databases provide high availability and easy scalability.
2024-01-23 19:58:30.803 [warning] Using default string since no string found in i18n bundle that has the key: The official build of CentOS.
2024-01-23 19:58:30.803 [warning] Using default string since no string found in i18n bundle that has the key: Node.js is a JavaScript-based platform for server-side and networking applications.
2024-01-23 19:58:30.803 [warning] Using default string since no string found in i18n bundle that has the key: Official build of Nginx.
2024-01-23 19:58:30.803 [warning] Using default string since no string found in i18n bundle that has the key: The PostgreSQL object-relational database system provides reliability and data integrity.
2024-01-23 19:58:30.803 [warning] Using default string since no string found in i18n bundle that has the key: ASP.NET is an open source server-side Web application framework
2024-01-23 19:58:30.905 [warning] Using default string since no string found in i18n bundle that has the key: Containers
2024-01-23 19:58:30.905 [warning] Using default string since no string found in i18n bundle that has the key: Configure containers explorer
2024-01-23 19:58:30.907 [warning] Using default string since no string found in i18n bundle that has the key: Networks
2024-01-23 19:58:30.907 [warning] Using default string since no string found in i18n bundle that has the key: Configure networks explorer
2024-01-23 19:58:30.907 [warning] Using default string since no string found in i18n bundle that has the key: Images
2024-01-23 19:58:30.907 [warning] Using default string since no string found in i18n bundle that has the key: Configure images explorer
2024-01-23 19:58:30.907 [warning] Using default string since no string found in i18n bundle that has the key: Sort by image size
2024-01-23 19:58:30.908 [warning] Using default string since no string found in i18n bundle that has the key: Generic Registry V2
2024-01-23 19:58:30.908 [warning] Using default string since no string found in i18n bundle that has the key: Azure
2024-01-23 19:58:30.908 [warning] Using default string since no string found in i18n bundle that has the key: Azure Container Registry
2024-01-23 19:58:30.908 [warning] Using default string since no string found in i18n bundle that has the key: Docker Hub
2024-01-23 19:58:30.909 [warning] Using default string since no string found in i18n bundle that has the key: GitHub
2024-01-23 19:58:30.909 [warning] Using default string since no string found in i18n bundle that has the key: GitHub Container Registry
2024-01-23 19:58:30.910 [warning] Using default string since no string found in i18n bundle that has the key: Volumes
2024-01-23 19:58:30.910 [warning] Using default string since no string found in i18n bundle that has the key: Configure volumes explorer
2024-01-23 19:58:30.910 [warning] Using default string since no string found in i18n bundle that has the key: Contexts
2024-01-23 19:58:30.910 [warning] Using default string since no string found in i18n bundle that has the key: Configure Docker Contexts Explorer
2024-01-23 20:12:02.482 [info] ExtensionService#_doActivateExtension vscode.php-language-features, startup: false, activationEvent: 'onLanguage:php'
2024-01-23 20:13:42.229 [info] Extension host terminating: received terminate message from renderer
2024-01-23 20:13:42.231 [info] Lock '/home/nattyu/.vscode-server/data/User/workspaceStorage/e6a6130960c1a534f20816c6f7516df5/vscode.lock': Marking the lockfile as scheduled to be released in 6000 ms.
2024-01-23 20:13:42.349 [info] Extension host with pid 2019 exiting with code 0
