2024-02-14 11:14:48.814 [info] ログ レベル: Info
2024-02-14 11:14:48.814 [info] Git の検証が検出されました: "git"
2024-02-14 11:14:48.814 [info] "git" から Git "2.34.1" を使用しています
2024-02-14 11:14:48.814 [info] > git rev-parse --show-toplevel [32ms]
2024-02-14 11:14:48.815 [info] > git rev-parse --git-dir --git-common-dir [3ms]
2024-02-14 11:14:48.864 [info] Open repository: /home/nattyu
2024-02-14 11:14:48.920 [info] > git rev-parse --show-toplevel [4ms]
2024-02-14 11:14:48.925 [info] > git config --get commit.template [30ms]
2024-02-14 11:14:48.954 [info] > git rev-parse --show-toplevel [19ms]
2024-02-14 11:14:49.422 [info] > git for-each-ref --format=%(refname)%00%(upstream:short)%00%(objectname)%00%(upstream:track)%00%(upstream:remotename)%00%(upstream:remoteref) refs/heads/master refs/remotes/master [470ms]
2024-02-14 11:14:49.434 [info] > git rev-parse --show-toplevel [459ms]
2024-02-14 11:14:49.453 [info] > git rev-parse --show-toplevel [11ms]
2024-02-14 11:14:49.464 [info] > git rev-parse --show-toplevel [2ms]
2024-02-14 11:14:49.480 [info] > git rev-parse --show-toplevel [3ms]
2024-02-14 11:14:49.497 [info] > git rev-parse --show-toplevel [2ms]
2024-02-14 11:14:49.572 [info] > git rev-parse --show-toplevel [64ms]
2024-02-14 11:14:49.624 [info] > git status -z -uall [173ms]
2024-02-14 11:14:49.624 [info] > git rev-parse --show-toplevel [41ms]
2024-02-14 11:14:51.622 [info] > git check-ignore -v -z --stdin [106ms]
2024-02-14 11:14:51.624 [info] > git rev-parse --show-toplevel [1988ms]
2024-02-14 11:14:51.669 [info] > git merge-base refs/heads/master refs/remotes/origin/master [122ms]
2024-02-14 11:14:51.685 [info] > git config --get commit.template [156ms]
2024-02-14 11:14:51.688 [info] > git rev-list --count --left-right refs/heads/master...refs/remotes/origin/master [4ms]
2024-02-14 11:14:51.690 [info] > git rev-parse --show-toplevel [29ms]
2024-02-14 11:14:51.727 [info] > git for-each-ref --format=%(refname)%00%(upstream:short)%00%(objectname)%00%(upstream:track)%00%(upstream:remotename)%00%(upstream:remoteref) refs/heads/master refs/remotes/master [21ms]
2024-02-14 11:14:51.728 [info] > git rev-parse --show-toplevel [3ms]
2024-02-14 11:14:51.799 [info] > git show --textconv :tennis-court-schedules/resources/views/court/edit-court.blade.php [52ms]
2024-02-14 11:14:51.803 [info] > git ls-files --stage -- /home/nattyu/tennis-court-schedules/resources/views/court/edit-court.blade.php [7ms]
2024-02-14 11:14:51.902 [info] > git status -z -uall [88ms]
2024-02-14 11:14:53.881 [info] > git check-ignore -v -z --stdin [20ms]
2024-02-14 11:14:58.534 [info] > git config --get commit.template [34ms]
2024-02-14 11:14:58.538 [info] > git for-each-ref --format=%(refname)%00%(upstream:short)%00%(objectname)%00%(upstream:track)%00%(upstream:remotename)%00%(upstream:remoteref) refs/heads/master refs/remotes/master [6ms]
2024-02-14 11:14:58.663 [info] > git status -z -uall [108ms]
2024-02-14 11:15:02.229 [info] > git check-ignore -v -z --stdin [12ms]
2024-02-14 11:15:03.940 [info] > git config --get commit.template [24ms]
2024-02-14 11:15:03.942 [info] > git for-each-ref --format=%(refname)%00%(upstream:short)%00%(objectname)%00%(upstream:track)%00%(upstream:remotename)%00%(upstream:remoteref) refs/heads/master refs/remotes/master [5ms]
2024-02-14 11:15:04.043 [info] > git status -z -uall [88ms]
2024-02-14 11:15:08.704 [info] > git check-ignore -v -z --stdin [26ms]
2024-02-14 11:15:09.287 [info] > git config --get commit.template [26ms]
2024-02-14 11:15:09.288 [info] > git for-each-ref --format=%(refname)%00%(upstream:short)%00%(objectname)%00%(upstream:track)%00%(upstream:remotename)%00%(upstream:remoteref) refs/heads/master refs/remotes/master [4ms]
2024-02-14 11:15:09.429 [info] > git status -z -uall [124ms]
2024-02-14 11:15:11.315 [info] > git check-ignore -v -z --stdin [4ms]
2024-02-14 11:15:12.293 [info] > git check-ignore -v -z --stdin [11ms]
2024-02-14 11:15:12.815 [info] > git check-ignore -v -z --stdin [12ms]
2024-02-14 11:15:14.609 [info] > git check-ignore -v -z --stdin [21ms]
2024-02-14 11:15:14.610 [info] > git config --get commit.template [3ms]
2024-02-14 11:15:14.627 [info] > git for-each-ref --format=%(refname)%00%(upstream:short)%00%(objectname)%00%(upstream:track)%00%(upstream:remotename)%00%(upstream:remoteref) refs/heads/master refs/remotes/master [2ms]
2024-02-14 11:15:14.724 [info] > git status -z -uall [83ms]
2024-02-14 11:15:17.497 [info] > git check-ignore -v -z --stdin [10ms]
2024-02-14 11:15:19.971 [info] > git config --get commit.template [3ms]
2024-02-14 11:15:20.000 [info] > git for-each-ref --format=%(refname)%00%(upstream:short)%00%(objectname)%00%(upstream:track)%00%(upstream:remotename)%00%(upstream:remoteref) refs/heads/master refs/remotes/master [3ms]
2024-02-14 11:15:20.115 [info] > git status -z -uall [98ms]
2024-02-14 11:15:21.905 [info] > git check-ignore -v -z --stdin [13ms]
2024-02-14 11:15:24.392 [info] > git check-ignore -v -z --stdin [39ms]
2024-02-14 11:15:25.357 [info] > git config --get commit.template [27ms]
2024-02-14 11:15:25.359 [info] > git for-each-ref --format=%(refname)%00%(upstream:short)%00%(objectname)%00%(upstream:track)%00%(upstream:remotename)%00%(upstream:remoteref) refs/heads/master refs/remotes/master [4ms]
2024-02-14 11:15:25.458 [info] > git status -z -uall [83ms]
2024-02-14 11:15:27.134 [info] > git check-ignore -v -z --stdin [16ms]
2024-02-14 11:15:30.694 [info] > git config --get commit.template [3ms]
2024-02-14 11:15:30.711 [info] > git for-each-ref --format=%(refname)%00%(upstream:short)%00%(objectname)%00%(upstream:track)%00%(upstream:remotename)%00%(upstream:remoteref) refs/heads/master refs/remotes/master [3ms]
2024-02-14 11:15:30.845 [info] > git status -z -uall [122ms]
2024-02-14 11:15:32.313 [info] > git check-ignore -v -z --stdin [61ms]
2024-02-14 11:15:34.120 [info] > git check-ignore -v -z --stdin [36ms]
2024-02-14 11:15:36.116 [info] > git config --get commit.template [1ms]
2024-02-14 11:15:36.132 [info] > git for-each-ref --format=%(refname)%00%(upstream:short)%00%(objectname)%00%(upstream:track)%00%(upstream:remotename)%00%(upstream:remoteref) refs/heads/master refs/remotes/master [2ms]
2024-02-14 11:15:36.234 [info] > git status -z -uall [78ms]
2024-02-14 11:15:38.180 [info] > git check-ignore -v -z --stdin [166ms]
2024-02-14 11:15:39.362 [info] > git check-ignore -v -z --stdin [30ms]
2024-02-14 11:15:41.457 [info] > git config --get commit.template [2ms]
2024-02-14 11:15:41.485 [info] > git for-each-ref --format=%(refname)%00%(upstream:short)%00%(objectname)%00%(upstream:track)%00%(upstream:remotename)%00%(upstream:remoteref) refs/heads/master refs/remotes/master [3ms]
2024-02-14 11:15:41.605 [info] > git status -z -uall [98ms]
2024-02-14 11:15:42.848 [info] > git check-ignore -v -z --stdin [1283ms]
2024-02-14 11:15:43.385 [info] > git check-ignore -v -z --stdin [23ms]
2024-02-14 11:15:44.488 [info] > git check-ignore -v -z --stdin [34ms]
2024-02-14 11:15:46.611 [info] > git check-ignore -v -z --stdin [127ms]
2024-02-14 11:15:46.866 [info] > git config --get commit.template [26ms]
2024-02-14 11:15:46.867 [info] > git for-each-ref --format=%(refname)%00%(upstream:short)%00%(objectname)%00%(upstream:track)%00%(upstream:remotename)%00%(upstream:remoteref) refs/heads/master refs/remotes/master [2ms]
2024-02-14 11:15:46.989 [info] > git status -z -uall [97ms]
2024-02-14 11:15:49.445 [info] > git check-ignore -v -z --stdin [118ms]
2024-02-14 11:15:50.280 [info] > git check-ignore -v -z --stdin [39ms]
2024-02-14 11:15:52.261 [info] > git config --get commit.template [4ms]
2024-02-14 11:15:52.284 [info] > git for-each-ref --format=%(refname)%00%(upstream:short)%00%(objectname)%00%(upstream:track)%00%(upstream:remotename)%00%(upstream:remoteref) refs/heads/master refs/remotes/master [2ms]
2024-02-14 11:15:52.381 [info] > git status -z -uall [78ms]
2024-02-14 11:15:54.229 [info] > git check-ignore -v -z --stdin [260ms]
2024-02-14 11:15:57.582 [info] > git config --get commit.template [2ms]
2024-02-14 11:15:57.600 [info] > git for-each-ref --format=%(refname)%00%(upstream:short)%00%(objectname)%00%(upstream:track)%00%(upstream:remotename)%00%(upstream:remoteref) refs/heads/master refs/remotes/master [3ms]
2024-02-14 11:15:57.714 [info] > git status -z -uall [91ms]
2024-02-14 11:16:01.475 [info] > git check-ignore -v -z --stdin [684ms]
2024-02-14 11:16:02.948 [info] > git config --get commit.template [20ms]
2024-02-14 11:16:02.949 [info] > git for-each-ref --format=%(refname)%00%(upstream:short)%00%(objectname)%00%(upstream:track)%00%(upstream:remotename)%00%(upstream:remoteref) refs/heads/master refs/remotes/master [1ms]
2024-02-14 11:16:03.054 [info] > git status -z -uall [85ms]
2024-02-14 11:16:05.036 [info] > git check-ignore -v -z --stdin [298ms]
2024-02-14 11:16:08.280 [info] > git config --get commit.template [3ms]
2024-02-14 11:16:08.312 [info] > git for-each-ref --format=%(refname)%00%(upstream:short)%00%(objectname)%00%(upstream:track)%00%(upstream:remotename)%00%(upstream:remoteref) refs/heads/master refs/remotes/master [5ms]
2024-02-14 11:16:08.428 [info] > git status -z -uall [82ms]
2024-02-14 11:16:13.676 [info] > git config --get commit.template [3ms]
2024-02-14 11:16:13.691 [info] > git for-each-ref --format=%(refname)%00%(upstream:short)%00%(objectname)%00%(upstream:track)%00%(upstream:remotename)%00%(upstream:remoteref) refs/heads/master refs/remotes/master [2ms]
2024-02-14 11:16:13.800 [info] > git status -z -uall [90ms]
2024-02-14 11:16:19.051 [info] > git config --get commit.template [23ms]
2024-02-14 11:16:19.052 [info] > git for-each-ref --format=%(refname)%00%(upstream:short)%00%(objectname)%00%(upstream:track)%00%(upstream:remotename)%00%(upstream:remoteref) refs/heads/master refs/remotes/master [3ms]
2024-02-14 11:16:19.176 [info] > git status -z -uall [107ms]
2024-02-14 11:16:24.398 [info] > git config --get commit.template [2ms]
2024-02-14 11:16:24.413 [info] > git for-each-ref --format=%(refname)%00%(upstream:short)%00%(objectname)%00%(upstream:track)%00%(upstream:remotename)%00%(upstream:remoteref) refs/heads/master refs/remotes/master [2ms]
2024-02-14 11:16:24.543 [info] > git status -z -uall [110ms]
2024-02-14 11:16:29.844 [info] > git config --get commit.template [25ms]
2024-02-14 11:16:29.850 [info] > git for-each-ref --format=%(refname)%00%(upstream:short)%00%(objectname)%00%(upstream:track)%00%(upstream:remotename)%00%(upstream:remoteref) refs/heads/master refs/remotes/master [8ms]
2024-02-14 11:16:29.986 [info] > git status -z -uall [96ms]
2024-02-14 11:16:35.266 [info] > git config --get commit.template [22ms]
2024-02-14 11:16:35.267 [info] > git for-each-ref --format=%(refname)%00%(upstream:short)%00%(objectname)%00%(upstream:track)%00%(upstream:remotename)%00%(upstream:remoteref) refs/heads/master refs/remotes/master [3ms]
2024-02-14 11:16:35.379 [info] > git status -z -uall [94ms]
2024-02-14 11:16:36.709 [info] > git check-ignore -v -z --stdin [1111ms]
2024-02-14 11:16:40.628 [info] > git config --get commit.template [29ms]
2024-02-14 11:16:40.628 [info] > git for-each-ref --format=%(refname)%00%(upstream:short)%00%(objectname)%00%(upstream:track)%00%(upstream:remotename)%00%(upstream:remoteref) refs/heads/master refs/remotes/master [2ms]
2024-02-14 11:16:40.729 [info] > git status -z -uall [80ms]
2024-02-14 11:16:45.988 [info] > git config --get commit.template [26ms]
2024-02-14 11:16:45.989 [info] > git for-each-ref --format=%(refname)%00%(upstream:short)%00%(objectname)%00%(upstream:track)%00%(upstream:remotename)%00%(upstream:remoteref) refs/heads/master refs/remotes/master [3ms]
2024-02-14 11:16:46.131 [info] > git status -z -uall [117ms]
2024-02-14 11:16:48.335 [info] > git add -A -- /home/nattyu/tennis-court-schedules/.editorconfig /home/nattyu/tennis-court-schedules/.env.example /home/nattyu/tennis-court-schedules/.gitattributes /home/nattyu/tennis-court-schedules/.gitignore /home/nattyu/tennis-court-schedules/artisan /home/nattyu/tennis-court-schedules/composer.json /home/nattyu/tennis-court-schedules/composer.lock /home/nattyu/tennis-court-schedules/docker-compose.yml /home/nattyu/tennis-court-schedules/ers')->get();DB::table('users')->get(); /home/nattyu/tennis-court-schedules/package-lock.json /home/nattyu/tennis-court-schedules/package.json /home/nattyu/tennis-court-schedules/phpunit.xml /home/nattyu/tennis-court-schedules/postcss.config.js /home/nattyu/tennis-court-schedules/README.md /home/nattyu/tennis-court-schedules/tailwind.config.js /home/nattyu/tennis-court-schedules/vite.config.js /home/nattyu/tennis-court-schedules/app/Console/Kernel.php /home/nattyu/tennis-court-schedules/app/Exceptions/Handler.php /home/nattyu/tennis-court-schedules/app/Helpers/helpers.php /home/nattyu/tennis-court-schedules/app/Http/Kernel.php /home/nattyu/tennis-court-schedules/app/Http/Controllers/Controller.php /home/nattyu/tennis-court-schedules/app/Http/Controllers/PostAttendanceController.php /home/nattyu/tennis-court-schedules/app/Http/Controllers/PostCourtController.php /home/nattyu/tennis-court-schedules/app/Http/Controllers/ProfileController.php /home/nattyu/tennis-court-schedules/app/Http/Controllers/RegistNewCourtController.php /home/nattyu/tennis-court-schedules/app/Http/Controllers/Auth/AuthenticatedSessionController.php /home/nattyu/tennis-court-schedules/app/Http/Controllers/Auth/ConfirmablePasswordController.php /home/nattyu/tennis-court-schedules/app/Http/Controllers/Auth/EmailVerificationNotificationController.php /home/nattyu/tennis-court-schedules/app/Http/Controllers/Auth/EmailVerificationPromptController.php /home/nattyu/tennis-court-schedules/app/Http/Controllers/Auth/NewPasswordController.php /home/nattyu/tennis-court-schedules/app/Http/Controllers/Auth/PasswordController.php /home/nattyu/tennis-court-schedules/app/Http/Controllers/Auth/PasswordResetLinkController.php /home/nattyu/tennis-court-schedules/app/Http/Controllers/Auth/RegisteredUserController.php /home/nattyu/tennis-court-schedules/app/Http/Controllers/Auth/VerifyEmailController.php /home/nattyu/tennis-court-schedules/app/Http/Middleware/Authenticate.php /home/nattyu/tennis-court-schedules/app/Http/Middleware/EncryptCookies.php /home/nattyu/tennis-court-schedules/app/Http/Middleware/PreventRequestsDuringMaintenance.php /home/nattyu/tennis-court-schedules/app/Http/Middleware/RedirectIfAuthenticated.php /home/nattyu/tennis-court-schedules/app/Http/Middleware/TrimStrings.php /home/nattyu/tennis-court-schedules/app/Http/Middleware/TrustHosts.php /home/nattyu/tennis-court-schedules/app/Http/Middleware/TrustProxies.php /home/nattyu/tennis-court-schedules/app/Http/Middleware/ValidateSignature.php /home/nattyu/tennis-court-schedules/app/Http/Middleware/VerifyCsrfToken.php /home/nattyu/tennis-court-schedules/app/Http/Requests/ProfileUpdateRequest.php /home/nattyu/tennis-court-schedules/app/Http/Requests/Auth/LoginRequest.php /home/nattyu/tennis-court-schedules/app/Models/ElectedCourt.php /home/nattyu/tennis-court-schedules/app/Models/PostAttendance.php /home/nattyu/tennis-court-schedules/app/Models/PostCourt.php /home/nattyu/tennis-court-schedules/app/Models/RegistNewCourt.php /home/nattyu/tennis-court-schedules/app/Models/User.php /home/nattyu/tennis-court-schedules/app/Providers/AppServiceProvider.php /home/nattyu/tennis-court-schedules/app/Providers/AuthServiceProvider.php /home/nattyu/tennis-court-schedules/app/Providers/BroadcastServiceProvider.php /home/nattyu/tennis-court-schedules/app/Providers/EventServiceProvider.php /home/nattyu/tennis-court-schedules/app/Providers/RouteServiceProvider.php /home/nattyu/tennis-court-schedules/app/View/Components/AppLayout.php /home/nattyu/tennis-court-schedules/app/View/Components/GuestLayout.php /home/nattyu/tennis-court-schedules/bootstrap/app.php /home/nattyu/tennis-court-schedules/bootstrap/cache/.gitignore /home/nattyu/tennis-court-schedules/config/app.php /home/nattyu/tennis-court-schedules/config/auth.php /home/nattyu/tennis-court-schedules/config/broadcasting.php /home/nattyu/tennis-court-schedules/config/cache.php /home/nattyu/tennis-court-schedules/config/cors.php /home/nattyu/tennis-court-schedules/config/database.php /home/nattyu/tennis-court-schedules/config/filesystems.php /home/nattyu/tennis-court-schedules/config/hashing.php /home/nattyu/tennis-court-schedules/config/logging.php /home/nattyu/tennis-court-schedules/config/mail.php /home/nattyu/tennis-court-schedules/config/queue.php /home/nattyu/tennis-court-schedules/config/sanctum.php /home/nattyu/tennis-court-schedules/config/services.php /home/nattyu/tennis-court-schedules/config/session.php /home/nattyu/tennis-court-schedules/config/view.php /home/nattyu/tennis-court-schedules/database/.gitignore /home/nattyu/tennis-court-schedules/database/factories/UserFactory.php /home/nattyu/tennis-court-schedules/database/migrations/2014_10_12_000000_create_users_table.php /home/nattyu/tennis-court-schedules/database/migrations/2014_10_12_100000_create_password_reset_tokens_table.php /home/nattyu/tennis-court-schedules/database/migrations/2019_08_19_000000_create_failed_jobs_table.php /home/nattyu/tennis-court-schedules/database/migrations/2019_12_14_000001_create_personal_access_tokens_table.php /home/nattyu/tennis-court-schedules/database/migrations/2024_01_28_115907_create_elected_courts_table.php /home/nattyu/tennis-court-schedules/database/migrations/2024_01_28_142526_create_regist_new_courts_table.php /home/nattyu/tennis-court-schedules/database/migrations/2024_01_28_151557_add_columns_to_users_table.php /home/nattyu/tennis-court-schedules/database/migrations/2024_01_28_152750_add_columns_to_elected_courts_table.php /home/nattyu/tennis-court-schedules/database/migrations/2024_01_28_165046_create_post_courts_table.php /home/nattyu/tennis-court-schedules/database/migrations/2024_01_28_183009_add_date_column_to_post_courts_table.php /home/nattyu/tennis-court-schedules/database/migrations/2024_01_28_202200_create_post_attendances_table.php /home/nattyu/tennis-court-schedules/database/migrations/2024_02_02_222713_change_columns_type_of_post_courts_table.php /home/nattyu/tennis-court-schedules/database/migrations/2024_02_11_230355_add_status_column_to_users_table.php /home/nattyu/tennis-court-schedules/database/seeders/DatabaseSeeder.php /home/nattyu/tennis-court-schedules/lang/ja.json /home/nattyu/tennis-court-schedules/lang/en/auth.php /home/nattyu/tennis-court-schedules/lang/en/pagination.php /home/nattyu/tennis-court-schedules/lang/en/passwords.php /home/nattyu/tennis-court-schedules/lang/en/validation.php /home/nattyu/tennis-court-schedules/lang/ja/auth.php /home/nattyu/tennis-court-schedules/lang/ja/pagination.php /home/nattyu/tennis-court-schedules/lang/ja/passwords.php /home/nattyu/tennis-court-schedules/lang/ja/validation.php /home/nattyu/tennis-court-schedules/public/.htaccess /home/nattyu/tennis-court-schedules/public/favicon.ico /home/nattyu/tennis-court-schedules/public/index.php /home/nattyu/tennis-court-schedules/public/robots.txt /home/nattyu/tennis-court-schedules/resources/css/app.css /home/nattyu/tennis-court-schedules/resources/js/app.js /home/nattyu/tennis-court-schedules/resources/js/bootstrap.js /home/nattyu/tennis-court-schedules/resources/views/dashboard.blade.php /home/nattyu/tennis-court-schedules/resources/views/welcome.blade.php /home/nattyu/tennis-court-schedules/resources/views/attendance/edit-attendance.blade.php /home/nattyu/tennis-court-schedules/resources/views/attendance/post-attendance.blade.php /home/nattyu/tennis-court-schedules/resources/views/attendance/show-attendance.blade.php /home/nattyu/tennis-court-schedules/resources/views/auth/confirm-password.blade.php /home/nattyu/tennis-court-schedules/resources/views/auth/forgot-password.blade.php /home/nattyu/tennis-court-schedules/resources/views/auth/login.blade.php /home/nattyu/tennis-court-schedules/resources/views/auth/register.blade.php /home/nattyu/tennis-court-schedules/resources/views/auth/reset-password.blade.php /home/nattyu/tennis-court-schedules/resources/views/auth/verify-email.blade.php /home/nattyu/tennis-court-schedules/resources/views/components/application-logo.blade.php /home/nattyu/tennis-court-schedules/resources/views/components/auth-session-status.blade.php /home/nattyu/tennis-court-schedules/resources/views/components/danger-button.blade.php /home/nattyu/tennis-court-schedules/resources/views/components/dropdown-link.blade.php /home/nattyu/tennis-court-schedules/resources/views/components/dropdown.blade.php /home/nattyu/tennis-court-schedules/resources/views/components/input-error.blade.php /home/nattyu/tennis-court-schedules/resources/views/components/input-label.blade.php /home/nattyu/tennis-court-schedules/resources/views/components/modal.blade.php /home/nattyu/tennis-court-schedules/resources/views/components/nav-link.blade.php /home/nattyu/tennis-court-schedules/resources/views/components/primary-button.blade.php /home/nattyu/tennis-court-schedules/resources/views/components/responsive-nav-link.blade.php /home/nattyu/tennis-court-schedules/resources/views/components/secondary-button.blade.php /home/nattyu/tennis-court-schedules/resources/views/components/text-input.blade.php /home/nattyu/tennis-court-schedules/resources/views/court/edit-court.blade.php /home/nattyu/tennis-court-schedules/resources/views/court/index-court.blade.php /home/nattyu/tennis-court-schedules/resources/views/court/post-court.blade.php /home/nattyu/tennis-court-schedules/resources/views/court/show-court.blade.php /home/nattyu/tennis-court-schedules/resources/views/layouts/app.blade.php /home/nattyu/tennis-court-schedules/resources/views/layouts/guest.blade.php /home/nattyu/tennis-court-schedules/resources/views/layouts/navigation.blade.php /home/nattyu/tennis-court-schedules/resources/views/profile/edit.blade.php /home/nattyu/tennis-court-schedules/resources/views/profile/partials/delete-user-form.blade.php /home/nattyu/tennis-court-schedules/resources/views/profile/partials/update-password-form.blade.php /home/nattyu/tennis-court-schedules/resources/views/profile/partials/update-profile-information-form.blade.php /home/nattyu/tennis-court-schedules/resources/views/regist/regist-new-court.blade.php /home/nattyu/tennis-court-schedules/routes/api.php /home/nattyu/tennis-court-schedules/routes/auth.php /home/nattyu/tennis-court-schedules/routes/channels.php /home/nattyu/tennis-court-schedules/routes/console.php /home/nattyu/tennis-court-schedules/routes/web.php /home/nattyu/tennis-court-schedules/storage/app/.gitignore /home/nattyu/tennis-court-schedules/storage/app/public/.gitignore /home/nattyu/tennis-court-schedules/storage/framework/.gitignore /home/nattyu/tennis-court-schedules/storage/framework/cache/.gitignore /home/nattyu/tennis-court-schedules/storage/framework/cache/data/.gitignore /home/nattyu/tennis-court-schedules/storage/framework/sessions/.gitignore /home/nattyu/tennis-court-schedules/storage/framework/testing/.gitignore /home/nattyu/tennis-court-schedules/storage/framework/views/.gitignore /home/nattyu/tennis-court-schedules/storage/logs/.gitignore /home/nattyu/tennis-court-schedules/tests/CreatesApplication.php /home/nattyu/tennis-court-schedules/tests/TestCase.php /home/nattyu/tennis-court-schedules/tests/Feature/ExampleTest.php /home/nattyu/tennis-court-schedules/tests/Feature/ProfileTest.php /home/nattyu/tennis-court-schedules/tests/Feature/Auth/AuthenticationTest.php /home/nattyu/tennis-court-schedules/tests/Feature/Auth/EmailVerificationTest.php /home/nattyu/tennis-court-schedules/tests/Feature/Auth/PasswordConfirmationTest.php /home/nattyu/tennis-court-schedules/tests/Feature/Auth/PasswordResetTest.php /home/nattyu/tennis-court-schedules/tests/Feature/Auth/PasswordUpdateTest.php /home/nattyu/tennis-court-schedules/tests/Feature/Auth/RegistrationTest.php /home/nattyu/tennis-court-schedules/tests/Unit/ExampleTest.php [157ms]
2024-02-14 11:16:48.378 [info] > git config --get commit.template [18ms]
2024-02-14 11:16:48.378 [info] > git for-each-ref --format=%(refname)%00%(upstream:short)%00%(objectname)%00%(upstream:track)%00%(upstream:remotename)%00%(upstream:remoteref) refs/heads/master refs/remotes/master [2ms]
2024-02-14 11:16:48.640 [info] > git status -z -uall [245ms]
2024-02-14 11:16:50.066 [info] > git ls-files --stage -- /home/nattyu/tennis-court-schedules/resources/views/court/edit-court.blade.php [8ms]
2024-02-14 11:16:50.084 [info] > git cat-file -s 4671cbd6d0e95b0321c11b174c8b4ecb51e2f9c7 [3ms]
2024-02-14 11:16:50.115 [info] > git show --textconv :tennis-court-schedules/resources/views/court/edit-court.blade.php [6ms]
2024-02-14 11:16:51.404 [info] > git config --get commit.template [27ms]
2024-02-14 11:16:51.405 [info] > git for-each-ref --format=%(refname)%00%(upstream:short)%00%(objectname)%00%(upstream:track)%00%(upstream:remotename)%00%(upstream:remoteref) refs/heads/master refs/remotes/master [2ms]
2024-02-14 11:16:51.507 [info] > git status -z -uall [81ms]
2024-02-14 11:16:56.750 [info] > git config --get commit.template [25ms]
2024-02-14 11:16:56.751 [info] > git for-each-ref --format=%(refname)%00%(upstream:short)%00%(objectname)%00%(upstream:track)%00%(upstream:remotename)%00%(upstream:remoteref) refs/heads/master refs/remotes/master [3ms]
2024-02-14 11:16:56.874 [info] > git status -z -uall [88ms]
2024-02-14 11:16:59.049 [info] > git show --textconv :.git/COMMIT_EDITMSG [21ms]
2024-02-14 11:16:59.054 [info] > git ls-files --stage -- /home/nattyu/.git/COMMIT_EDITMSG [6ms]
2024-02-14 11:16:59.484 [info] > git check-ignore -v -z --stdin [24ms]
2024-02-14 11:16:59.491 [info] > git ls-files --stage -- /home/nattyu/.git/COMMIT_EDITMSG [8ms]
2024-02-14 11:16:59.572 [info] > git show --textconv :.git/COMMIT_EDITMSG [10ms]
2024-02-14 11:18:44.288 [info] > git ls-files --stage -- /home/nattyu/.git/COMMIT_EDITMSG [9ms]
2024-02-14 11:18:44.320 [info] > git show --textconv :.git/COMMIT_EDITMSG [9ms]
2024-02-14 11:19:14.470 [info] > git ls-files --stage -- /home/nattyu/.git/COMMIT_EDITMSG [15ms]
2024-02-14 11:19:14.494 [info] > git show --textconv :.git/COMMIT_EDITMSG [5ms]
2024-02-14 11:19:14.853 [info] > git -c user.useConfigOnly=true commit --quiet [138016ms]
2024-02-14 11:19:14.854 [info] Aborting commit due to empty commit message.
2024-02-14 11:19:14.882 [info] > git config --get commit.template [5ms]
2024-02-14 11:19:14.912 [info] > git for-each-ref --format=%(refname)%00%(upstream:short)%00%(objectname)%00%(upstream:track)%00%(upstream:remotename)%00%(upstream:remoteref) refs/heads/master refs/remotes/master [2ms]
2024-02-14 11:19:15.025 [info] > git show --textconv :tennis-court-schedules/resources/views/court/edit-court.blade.php [17ms]
2024-02-14 11:19:15.031 [info] > git ls-files --stage -- /home/nattyu/tennis-court-schedules/resources/views/court/edit-court.blade.php [8ms]
2024-02-14 11:19:15.041 [info] > git cat-file -s 4671cbd6d0e95b0321c11b174c8b4ecb51e2f9c7 [1ms]
2024-02-14 11:19:15.073 [info] > git status -z -uall [136ms]
2024-02-14 11:19:16.519 [info] > git config --get commit.template [33ms]
2024-02-14 11:19:16.549 [info] > git for-each-ref --format=%(refname)%00%(upstream:short)%00%(objectname)%00%(upstream:track)%00%(upstream:remotename)%00%(upstream:remoteref) refs/heads/master refs/remotes/master [2ms]
2024-02-14 11:19:16.684 [info] > git status -z -uall [123ms]
2024-02-14 11:19:21.962 [info] > git config --get commit.template [2ms]
2024-02-14 11:19:21.980 [info] > git for-each-ref --format=%(refname)%00%(upstream:short)%00%(objectname)%00%(upstream:track)%00%(upstream:remotename)%00%(upstream:remoteref) refs/heads/master refs/remotes/master [1ms]
2024-02-14 11:19:22.075 [info] > git status -z -uall [80ms]
2024-02-14 11:19:27.326 [info] > git config --get commit.template [3ms]
2024-02-14 11:19:27.355 [info] > git for-each-ref --format=%(refname)%00%(upstream:short)%00%(objectname)%00%(upstream:track)%00%(upstream:remotename)%00%(upstream:remoteref) refs/heads/master refs/remotes/master [3ms]
2024-02-14 11:19:27.479 [info] > git status -z -uall [108ms]
2024-02-14 11:19:28.930 [info] > git -c user.useConfigOnly=true commit --quiet --allow-empty-message --file - [81ms]
2024-02-14 11:19:28.948 [info] > git config --get commit.template [1ms]
2024-02-14 11:19:28.998 [info] > git config --get commit.template [26ms]
2024-02-14 11:19:29.001 [info] > git for-each-ref --format=%(refname)%00%(upstream:short)%00%(objectname)%00%(upstream:track)%00%(upstream:remotename)%00%(upstream:remoteref) refs/heads/master refs/remotes/master [6ms]
2024-02-14 11:19:29.137 [info] > git status -z -uall [114ms]
2024-02-14 11:19:30.557 [info] > git merge-base refs/heads/master refs/remotes/origin/master [9ms]
2024-02-14 11:19:30.585 [info] > git rev-list --count --left-right refs/heads/master...refs/remotes/origin/master [2ms]
2024-02-14 11:19:30.679 [info] > git config --get commit.template [2ms]
2024-02-14 11:19:30.695 [info] > git for-each-ref --format=%(refname)%00%(upstream:short)%00%(objectname)%00%(upstream:track)%00%(upstream:remotename)%00%(upstream:remoteref) refs/heads/master refs/remotes/master [1ms]
2024-02-14 11:19:30.805 [info] > git status -z -uall [96ms]
2024-02-14 11:19:32.280 [info] > git ls-files --stage -- /home/nattyu/tennis-court-schedules/resources/views/court/edit-court.blade.php [20ms]
2024-02-14 11:19:32.297 [info] > git cat-file -s 4671cbd6d0e95b0321c11b174c8b4ecb51e2f9c7 [2ms]
2024-02-14 11:19:32.325 [info] > git show --textconv :tennis-court-schedules/resources/views/court/edit-court.blade.php [7ms]
2024-02-14 11:19:32.786 [info] > git config --get commit.template [24ms]
2024-02-14 11:19:32.799 [info] > git for-each-ref --format=%(refname)%00%(upstream:short)%00%(objectname)%00%(upstream:track)%00%(upstream:remotename)%00%(upstream:remoteref) refs/heads/master refs/remotes/master [15ms]
2024-02-14 11:19:32.914 [info] > git status -z -uall [95ms]
2024-02-14 11:19:35.859 [info] > git log --format=%H%n%aN%n%aE%n%at%n%ct%n%P%n%D%n%B -z --shortstat --diff-merges=first-parent --author-date-order 57ec7ed263fb1435650d262cfcd6137bf4471556..719087eec0746108cae0fcb1f65811adc7c3cde8 [36ms]
2024-02-14 11:19:38.138 [info] > git config --get commit.template [3ms]
2024-02-14 11:19:38.172 [info] > git for-each-ref --format=%(refname)%00%(upstream:short)%00%(objectname)%00%(upstream:track)%00%(upstream:remotename)%00%(upstream:remoteref) refs/heads/master refs/remotes/master [6ms]
2024-02-14 11:19:38.284 [info] > git status -z -uall [93ms]
2024-02-14 11:19:39.543 [info] > git diff --name-status -z --diff-filter=ADMR 57ec7ed263fb1435650d262cfcd6137bf4471556...719087eec0746108cae0fcb1f65811adc7c3cde8 [17ms]
2024-02-14 11:19:40.471 [info] > git check-ignore -v -z --stdin [11ms]
2024-02-14 11:19:43.589 [info] > git config --get commit.template [16ms]
2024-02-14 11:19:43.589 [info] > git for-each-ref --format=%(refname)%00%(upstream:short)%00%(objectname)%00%(upstream:track)%00%(upstream:remotename)%00%(upstream:remoteref) refs/heads/master refs/remotes/master [4ms]
2024-02-14 11:19:43.713 [info] > git status -z -uall [105ms]
2024-02-14 11:19:48.305 [info] > git push origin master:master [3092ms]
2024-02-14 11:19:48.305 [info] To github.com:nattyu/Laravel-sample.git
   57ec7ed..719087e  master -> master
2024-02-14 11:19:48.358 [info] > git config --get commit.template [28ms]
2024-02-14 11:19:48.359 [info] > git for-each-ref --format=%(refname)%00%(upstream:short)%00%(objectname)%00%(upstream:track)%00%(upstream:remotename)%00%(upstream:remoteref) refs/heads/master refs/remotes/master [3ms]
2024-02-14 11:19:48.459 [info] > git status -z -uall [82ms]
2024-02-14 11:19:49.769 [info] > git merge-base refs/heads/master refs/remotes/origin/master [39ms]
2024-02-14 11:19:49.796 [info] > git config --get commit.template [28ms]
2024-02-14 11:19:49.820 [info] > git rev-list --count --left-right refs/heads/master...refs/remotes/origin/master [25ms]
2024-02-14 11:19:49.822 [info] > git for-each-ref --format=%(refname)%00%(upstream:short)%00%(objectname)%00%(upstream:track)%00%(upstream:remotename)%00%(upstream:remoteref) refs/heads/master refs/remotes/master [3ms]
2024-02-14 11:19:49.926 [info] > git status -z -uall [86ms]
2024-02-14 11:19:51.396 [info] > git ls-files --stage -- /home/nattyu/tennis-court-schedules/resources/views/court/edit-court.blade.php [7ms]
2024-02-14 11:19:51.433 [info] > git cat-file -s 4671cbd6d0e95b0321c11b174c8b4ecb51e2f9c7 [1ms]
2024-02-14 11:19:51.478 [info] > git show --textconv :tennis-court-schedules/resources/views/court/edit-court.blade.php [12ms]
2024-02-14 11:19:56.251 [info] > git ls-files --stage -- /home/nattyu/tennis-court-schedules/resources/views/court/edit-court.blade.php [7ms]
2024-02-14 11:19:56.274 [info] > git cat-file -s 4671cbd6d0e95b0321c11b174c8b4ecb51e2f9c7 [2ms]
2024-02-14 11:19:56.311 [info] > git show --textconv :tennis-court-schedules/resources/views/court/edit-court.blade.php [9ms]
2024-02-14 11:19:56.786 [info] > git fetch [2015ms]
2024-02-14 11:19:56.839 [info] > git config --get commit.template [25ms]
2024-02-14 11:19:56.839 [info] > git for-each-ref --format=%(refname)%00%(upstream:short)%00%(objectname)%00%(upstream:track)%00%(upstream:remotename)%00%(upstream:remoteref) refs/heads/master refs/remotes/master [2ms]
2024-02-14 11:19:56.956 [info] > git status -z -uall [98ms]
2024-02-14 11:19:58.368 [info] > git config --get commit.template [18ms]
2024-02-14 11:19:58.397 [info] > git for-each-ref --format=%(refname)%00%(upstream:short)%00%(objectname)%00%(upstream:track)%00%(upstream:remotename)%00%(upstream:remoteref) refs/heads/master refs/remotes/master [2ms]
2024-02-14 11:19:58.601 [info] > git status -z -uall [183ms]
2024-02-14 11:19:58.601 [info] > git ls-files --stage -- /home/nattyu/tennis-court-schedules/resources/views/court/edit-court.blade.php [17ms]
2024-02-14 11:20:00.057 [info] > git cat-file -s 4671cbd6d0e95b0321c11b174c8b4ecb51e2f9c7 [1443ms]
2024-02-14 11:20:00.253 [info] > git show --textconv :tennis-court-schedules/resources/views/court/edit-court.blade.php [4ms]
2024-02-14 11:20:03.893 [info] > git config --get commit.template [1ms]
2024-02-14 11:20:03.914 [info] > git for-each-ref --format=%(refname)%00%(upstream:short)%00%(objectname)%00%(upstream:track)%00%(upstream:remotename)%00%(upstream:remoteref) refs/heads/master refs/remotes/master [3ms]
2024-02-14 11:20:04.011 [info] > git status -z -uall [78ms]
2024-02-14 11:21:13.854 [info] > git config --get commit.template [2ms]
2024-02-14 11:21:13.868 [info] > git for-each-ref --format=%(refname)%00%(upstream:short)%00%(objectname)%00%(upstream:track)%00%(upstream:remotename)%00%(upstream:remoteref) refs/heads/master refs/remotes/master [2ms]
2024-02-14 11:21:13.982 [info] > git status -z -uall [102ms]
2024-02-14 11:21:19.314 [info] > git config --get commit.template [2ms]
2024-02-14 11:21:19.335 [info] > git for-each-ref --format=%(refname)%00%(upstream:short)%00%(objectname)%00%(upstream:track)%00%(upstream:remotename)%00%(upstream:remoteref) refs/heads/master refs/remotes/master [3ms]
2024-02-14 11:21:19.462 [info] > git status -z -uall [105ms]
2024-02-14 11:21:24.711 [info] > git config --get commit.template [22ms]
2024-02-14 11:21:24.712 [info] > git for-each-ref --format=%(refname)%00%(upstream:short)%00%(objectname)%00%(upstream:track)%00%(upstream:remotename)%00%(upstream:remoteref) refs/heads/master refs/remotes/master [4ms]
2024-02-14 11:21:24.847 [info] > git status -z -uall [121ms]
2024-02-14 11:21:30.112 [info] > git config --get commit.template [24ms]
2024-02-14 11:21:30.114 [info] > git for-each-ref --format=%(refname)%00%(upstream:short)%00%(objectname)%00%(upstream:track)%00%(upstream:remotename)%00%(upstream:remoteref) refs/heads/master refs/remotes/master [4ms]
2024-02-14 11:21:30.287 [info] > git status -z -uall [155ms]
2024-02-14 11:21:35.663 [info] > git config --get commit.template [19ms]
2024-02-14 11:21:35.664 [info] > git for-each-ref --format=%(refname)%00%(upstream:short)%00%(objectname)%00%(upstream:track)%00%(upstream:remotename)%00%(upstream:remoteref) refs/heads/master refs/remotes/master [3ms]
2024-02-14 11:21:35.774 [info] > git status -z -uall [88ms]
