2024-02-09 22:15:31.744 [info] ログ レベル: Info
2024-02-09 22:15:31.744 [info] Git の検証が検出されました: "git"
2024-02-09 22:15:31.744 [info] "git" から Git "2.34.1" を使用しています
2024-02-09 22:15:31.744 [info] > git rev-parse --show-toplevel [407ms]
2024-02-09 22:15:31.744 [info] > git rev-parse --git-dir --git-common-dir [54ms]
2024-02-09 22:15:31.745 [info] Open repository: /home/nattyu
2024-02-09 22:15:31.760 [info] > git rev-parse --show-toplevel [51ms]
2024-02-09 22:15:31.762 [info] > git config --get commit.template [63ms]
2024-02-09 22:15:31.825 [info] > git rev-parse --show-toplevel [41ms]
2024-02-09 22:15:31.860 [info] > git rev-parse --show-toplevel [23ms]
2024-02-09 22:15:31.861 [info] > git for-each-ref --format=%(refname)%00%(upstream:short)%00%(objectname)%00%(upstream:track)%00%(upstream:remotename)%00%(upstream:remoteref) refs/heads/master refs/remotes/master [46ms]
2024-02-09 22:15:31.923 [info] > git rev-parse --show-toplevel [42ms]
2024-02-09 22:15:31.953 [info] > git rev-parse --show-toplevel [19ms]
2024-02-09 22:15:31.984 [info] > git rev-parse --show-toplevel [19ms]
2024-02-09 22:15:32.017 [info] > git rev-parse --show-toplevel [2ms]
2024-02-09 22:15:32.038 [info] > git rev-parse --show-toplevel [2ms]
2024-02-09 22:15:32.075 [info] > git rev-parse --show-toplevel [17ms]
2024-02-09 22:15:32.517 [info] > git rev-parse --show-toplevel [406ms]
2024-02-09 22:15:32.642 [info] > git check-ignore -v -z --stdin [106ms]
2024-02-09 22:15:32.648 [info] > git rev-parse --show-toplevel [94ms]
2024-02-09 22:15:32.681 [info] > git rev-parse --show-toplevel [19ms]
2024-02-09 22:15:32.729 [info] > git show --textconv :tennis-court-schedules/app/Http/Controllers/PostCourtController.php [20ms]
2024-02-09 22:15:32.739 [info] > git ls-files --stage -- /home/nattyu/tennis-court-schedules/app/Http/Controllers/PostCourtController.php [13ms]
2024-02-09 22:15:33.268 [info] > git status -z -uall [1322ms]
2024-02-09 22:15:37.763 [info] > git config --get commit.template [136ms]
2024-02-09 22:15:37.879 [info] > git for-each-ref --format=%(refname)%00%(upstream:short)%00%(objectname)%00%(upstream:track)%00%(upstream:remotename)%00%(upstream:remoteref) refs/heads/master refs/remotes/master [5ms]
2024-02-09 22:15:38.234 [info] > git status -z -uall [315ms]
2024-02-09 22:16:53.109 [info] > git config --get commit.template [2ms]
2024-02-09 22:16:53.132 [info] > git for-each-ref --format=%(refname)%00%(upstream:short)%00%(objectname)%00%(upstream:track)%00%(upstream:remotename)%00%(upstream:remoteref) refs/heads/master refs/remotes/master [5ms]
2024-02-09 22:16:53.322 [info] > git status -z -uall [175ms]
2024-02-09 22:16:58.731 [info] > git config --get commit.template [17ms]
2024-02-09 22:16:58.732 [info] > git for-each-ref --format=%(refname)%00%(upstream:short)%00%(objectname)%00%(upstream:track)%00%(upstream:remotename)%00%(upstream:remoteref) refs/heads/master refs/remotes/master [7ms]
2024-02-09 22:16:58.865 [info] > git status -z -uall [116ms]
2024-02-09 22:17:04.139 [info] > git config --get commit.template [2ms]
2024-02-09 22:17:04.158 [info] > git for-each-ref --format=%(refname)%00%(upstream:short)%00%(objectname)%00%(upstream:track)%00%(upstream:remotename)%00%(upstream:remoteref) refs/heads/master refs/remotes/master [5ms]
2024-02-09 22:17:04.327 [info] > git status -z -uall [151ms]
2024-02-09 22:17:09.719 [info] > git config --get commit.template [14ms]
2024-02-09 22:17:09.720 [info] > git for-each-ref --format=%(refname)%00%(upstream:short)%00%(objectname)%00%(upstream:track)%00%(upstream:remotename)%00%(upstream:remoteref) refs/heads/master refs/remotes/master [4ms]
2024-02-09 22:17:09.841 [info] > git status -z -uall [105ms]
2024-02-09 22:17:15.280 [info] > git config --get commit.template [2ms]
2024-02-09 22:17:15.295 [info] > git for-each-ref --format=%(refname)%00%(upstream:short)%00%(objectname)%00%(upstream:track)%00%(upstream:remotename)%00%(upstream:remoteref) refs/heads/master refs/remotes/master [2ms]
2024-02-09 22:17:15.448 [info] > git status -z -uall [135ms]
2024-02-09 22:17:20.763 [info] > git config --get commit.template [2ms]
2024-02-09 22:17:20.779 [info] > git for-each-ref --format=%(refname)%00%(upstream:short)%00%(objectname)%00%(upstream:track)%00%(upstream:remotename)%00%(upstream:remoteref) refs/heads/master refs/remotes/master [1ms]
2024-02-09 22:17:20.886 [info] > git status -z -uall [94ms]
2024-02-09 22:17:26.225 [info] > git config --get commit.template [23ms]
2024-02-09 22:17:26.227 [info] > git for-each-ref --format=%(refname)%00%(upstream:short)%00%(objectname)%00%(upstream:track)%00%(upstream:remotename)%00%(upstream:remoteref) refs/heads/master refs/remotes/master [3ms]
2024-02-09 22:17:26.379 [info] > git status -z -uall [125ms]
2024-02-09 22:17:29.817 [info] > git check-ignore -v -z --stdin [63ms]
2024-02-09 22:17:29.873 [info] > git show --textconv :tennis-court-schedules/resources/views/court/index-court.blade.php [18ms]
2024-02-09 22:17:29.883 [info] > git ls-files --stage -- /home/nattyu/tennis-court-schedules/resources/views/court/index-court.blade.php [12ms]
2024-02-09 22:17:30.301 [info] > git check-ignore -v -z --stdin [23ms]
2024-02-09 22:17:31.719 [info] > git config --get commit.template [14ms]
2024-02-09 22:17:31.720 [info] > git for-each-ref --format=%(refname)%00%(upstream:short)%00%(objectname)%00%(upstream:track)%00%(upstream:remotename)%00%(upstream:remoteref) refs/heads/master refs/remotes/master [3ms]
2024-02-09 22:17:31.829 [info] > git status -z -uall [95ms]
2024-02-09 22:17:37.061 [info] > git config --get commit.template [27ms]
2024-02-09 22:17:37.061 [info] > git for-each-ref --format=%(refname)%00%(upstream:short)%00%(objectname)%00%(upstream:track)%00%(upstream:remotename)%00%(upstream:remoteref) refs/heads/master refs/remotes/master [2ms]
2024-02-09 22:17:37.183 [info] > git status -z -uall [102ms]
2024-02-09 22:17:42.448 [info] > git config --get commit.template [25ms]
2024-02-09 22:17:42.450 [info] > git for-each-ref --format=%(refname)%00%(upstream:short)%00%(objectname)%00%(upstream:track)%00%(upstream:remotename)%00%(upstream:remoteref) refs/heads/master refs/remotes/master [4ms]
2024-02-09 22:17:42.580 [info] > git status -z -uall [108ms]
2024-02-09 22:17:47.869 [info] > git config --get commit.template [24ms]
2024-02-09 22:17:47.870 [info] > git for-each-ref --format=%(refname)%00%(upstream:short)%00%(objectname)%00%(upstream:track)%00%(upstream:remotename)%00%(upstream:remoteref) refs/heads/master refs/remotes/master [2ms]
2024-02-09 22:17:47.997 [info] > git status -z -uall [91ms]
2024-02-09 22:17:53.307 [info] > git config --get commit.template [35ms]
2024-02-09 22:17:53.310 [info] > git for-each-ref --format=%(refname)%00%(upstream:short)%00%(objectname)%00%(upstream:track)%00%(upstream:remotename)%00%(upstream:remoteref) refs/heads/master refs/remotes/master [4ms]
2024-02-09 22:17:53.475 [info] > git status -z -uall [136ms]
2024-02-09 22:17:58.800 [info] > git config --get commit.template [33ms]
2024-02-09 22:17:58.802 [info] > git for-each-ref --format=%(refname)%00%(upstream:short)%00%(objectname)%00%(upstream:track)%00%(upstream:remotename)%00%(upstream:remoteref) refs/heads/master refs/remotes/master [3ms]
2024-02-09 22:17:58.934 [info] > git status -z -uall [103ms]
2024-02-09 22:18:04.187 [info] > git config --get commit.template [16ms]
2024-02-09 22:18:04.189 [info] > git for-each-ref --format=%(refname)%00%(upstream:short)%00%(objectname)%00%(upstream:track)%00%(upstream:remotename)%00%(upstream:remoteref) refs/heads/master refs/remotes/master [4ms]
2024-02-09 22:18:04.354 [info] > git status -z -uall [148ms]
2024-02-09 22:18:09.814 [info] > git config --get commit.template [2ms]
2024-02-09 22:18:09.830 [info] > git for-each-ref --format=%(refname)%00%(upstream:short)%00%(objectname)%00%(upstream:track)%00%(upstream:remotename)%00%(upstream:remoteref) refs/heads/master refs/remotes/master [2ms]
2024-02-09 22:18:09.951 [info] > git status -z -uall [104ms]
2024-02-09 22:18:15.243 [info] > git config --get commit.template [5ms]
2024-02-09 22:18:15.262 [info] > git for-each-ref --format=%(refname)%00%(upstream:short)%00%(objectname)%00%(upstream:track)%00%(upstream:remotename)%00%(upstream:remoteref) refs/heads/master refs/remotes/master [2ms]
2024-02-09 22:18:15.386 [info] > git status -z -uall [108ms]
2024-02-09 22:18:20.679 [info] > git config --get commit.template [25ms]
2024-02-09 22:18:20.680 [info] > git for-each-ref --format=%(refname)%00%(upstream:short)%00%(objectname)%00%(upstream:track)%00%(upstream:remotename)%00%(upstream:remoteref) refs/heads/master refs/remotes/master [2ms]
2024-02-09 22:18:20.821 [info] > git status -z -uall [124ms]
2024-02-09 22:18:26.100 [info] > git config --get commit.template [2ms]
2024-02-09 22:18:26.120 [info] > git for-each-ref --format=%(refname)%00%(upstream:short)%00%(objectname)%00%(upstream:track)%00%(upstream:remotename)%00%(upstream:remoteref) refs/heads/master refs/remotes/master [3ms]
2024-02-09 22:18:26.250 [info] > git status -z -uall [113ms]
2024-02-09 22:18:31.562 [info] > git config --get commit.template [2ms]
2024-02-09 22:18:31.615 [info] > git for-each-ref --format=%(refname)%00%(upstream:short)%00%(objectname)%00%(upstream:track)%00%(upstream:remotename)%00%(upstream:remoteref) refs/heads/master refs/remotes/master [2ms]
2024-02-09 22:18:31.756 [info] > git status -z -uall [102ms]
2024-02-09 22:18:39.336 [info] > git config --get commit.template [56ms]
2024-02-09 22:18:39.337 [info] > git for-each-ref --format=%(refname)%00%(upstream:short)%00%(objectname)%00%(upstream:track)%00%(upstream:remotename)%00%(upstream:remoteref) refs/heads/master refs/remotes/master [4ms]
2024-02-09 22:18:39.526 [info] > git status -z -uall [154ms]
2024-02-09 22:18:44.879 [info] > git config --get commit.template [48ms]
2024-02-09 22:18:44.881 [info] > git for-each-ref --format=%(refname)%00%(upstream:short)%00%(objectname)%00%(upstream:track)%00%(upstream:remotename)%00%(upstream:remoteref) refs/heads/master refs/remotes/master [3ms]
2024-02-09 22:18:45.075 [info] > git status -z -uall [154ms]
2024-02-09 22:18:48.971 [info] > git check-ignore -v -z --stdin [36ms]
2024-02-09 22:18:49.381 [info] > git show --textconv :tennis-court-schedules/routes/api.php [50ms]
2024-02-09 22:18:49.387 [info] > git ls-files --stage -- /home/nattyu/tennis-court-schedules/routes/api.php [6ms]
2024-02-09 22:18:50.406 [info] > git config --get commit.template [27ms]
2024-02-09 22:18:50.407 [info] > git for-each-ref --format=%(refname)%00%(upstream:short)%00%(objectname)%00%(upstream:track)%00%(upstream:remotename)%00%(upstream:remoteref) refs/heads/master refs/remotes/master [3ms]
2024-02-09 22:18:50.610 [info] > git status -z -uall [170ms]
2024-02-09 22:18:53.600 [info] > git check-ignore -v -z --stdin [7ms]
2024-02-09 22:18:55.885 [info] > git config --get commit.template [35ms]
2024-02-09 22:18:55.887 [info] > git for-each-ref --format=%(refname)%00%(upstream:short)%00%(objectname)%00%(upstream:track)%00%(upstream:remotename)%00%(upstream:remoteref) refs/heads/master refs/remotes/master [4ms]
2024-02-09 22:18:56.021 [info] > git status -z -uall [104ms]
2024-02-09 22:18:57.902 [info] > git check-ignore -v -z --stdin [8ms]
2024-02-09 22:18:58.894 [info] > git check-ignore -v -z --stdin [9ms]
2024-02-09 22:18:59.981 [info] > git show --textconv :tennis-court-schedules/resources/views/layouts/app.blade.php [28ms]
2024-02-09 22:18:59.984 [info] > git ls-files --stage -- /home/nattyu/tennis-court-schedules/resources/views/layouts/app.blade.php [5ms]
2024-02-09 22:19:01.259 [info] > git config --get commit.template [1ms]
2024-02-09 22:19:01.284 [info] > git for-each-ref --format=%(refname)%00%(upstream:short)%00%(objectname)%00%(upstream:track)%00%(upstream:remotename)%00%(upstream:remoteref) refs/heads/master refs/remotes/master [2ms]
2024-02-09 22:19:01.415 [info] > git status -z -uall [99ms]
2024-02-09 22:19:06.677 [info] > git config --get commit.template [2ms]
2024-02-09 22:19:06.720 [info] > git for-each-ref --format=%(refname)%00%(upstream:short)%00%(objectname)%00%(upstream:track)%00%(upstream:remotename)%00%(upstream:remoteref) refs/heads/master refs/remotes/master [3ms]
2024-02-09 22:19:06.873 [info] > git status -z -uall [109ms]
2024-02-09 22:19:12.123 [info] > git config --get commit.template [27ms]
2024-02-09 22:19:12.124 [info] > git for-each-ref --format=%(refname)%00%(upstream:short)%00%(objectname)%00%(upstream:track)%00%(upstream:remotename)%00%(upstream:remoteref) refs/heads/master refs/remotes/master [2ms]
2024-02-09 22:19:12.302 [info] > git status -z -uall [145ms]
2024-02-09 22:20:46.768 [info] > git config --get commit.template [18ms]
2024-02-09 22:20:46.769 [info] > git for-each-ref --format=%(refname)%00%(upstream:short)%00%(objectname)%00%(upstream:track)%00%(upstream:remotename)%00%(upstream:remoteref) refs/heads/master refs/remotes/master [3ms]
2024-02-09 22:20:46.931 [info] > git status -z -uall [146ms]
2024-02-09 22:20:49.768 [info] > git show --textconv :tennis-court-schedules/resources/views/court/index-court.blade.php [27ms]
2024-02-09 22:20:49.774 [info] > git ls-files --stage -- /home/nattyu/tennis-court-schedules/resources/views/court/index-court.blade.php [10ms]
2024-02-09 22:20:52.288 [info] > git config --get commit.template [2ms]
2024-02-09 22:20:52.307 [info] > git for-each-ref --format=%(refname)%00%(upstream:short)%00%(objectname)%00%(upstream:track)%00%(upstream:remotename)%00%(upstream:remoteref) refs/heads/master refs/remotes/master [2ms]
2024-02-09 22:20:52.533 [info] > git status -z -uall [212ms]
2024-02-09 22:20:57.933 [info] > git config --get commit.template [17ms]
2024-02-09 22:20:57.934 [info] > git for-each-ref --format=%(refname)%00%(upstream:short)%00%(objectname)%00%(upstream:track)%00%(upstream:remotename)%00%(upstream:remoteref) refs/heads/master refs/remotes/master [2ms]
2024-02-09 22:20:58.060 [info] > git status -z -uall [111ms]
2024-02-09 22:21:07.662 [info] > git config --get commit.template [21ms]
2024-02-09 22:21:07.663 [info] > git for-each-ref --format=%(refname)%00%(upstream:short)%00%(objectname)%00%(upstream:track)%00%(upstream:remotename)%00%(upstream:remoteref) refs/heads/master refs/remotes/master [3ms]
2024-02-09 22:21:07.821 [info] > git status -z -uall [140ms]
2024-02-09 22:21:13.151 [info] > git config --get commit.template [17ms]
2024-02-09 22:21:13.152 [info] > git for-each-ref --format=%(refname)%00%(upstream:short)%00%(objectname)%00%(upstream:track)%00%(upstream:remotename)%00%(upstream:remoteref) refs/heads/master refs/remotes/master [2ms]
2024-02-09 22:21:13.254 [info] > git status -z -uall [85ms]
2024-02-09 22:22:09.095 [info] > git config --get commit.template [18ms]
2024-02-09 22:22:09.097 [info] > git for-each-ref --format=%(refname)%00%(upstream:short)%00%(objectname)%00%(upstream:track)%00%(upstream:remotename)%00%(upstream:remoteref) refs/heads/master refs/remotes/master [3ms]
2024-02-09 22:22:09.253 [info] > git status -z -uall [138ms]
2024-02-09 22:22:14.583 [info] > git config --get commit.template [13ms]
2024-02-09 22:22:14.613 [info] > git for-each-ref --format=%(refname)%00%(upstream:short)%00%(objectname)%00%(upstream:track)%00%(upstream:remotename)%00%(upstream:remoteref) refs/heads/master refs/remotes/master [7ms]
2024-02-09 22:22:14.714 [info] > git status -z -uall [80ms]
2024-02-09 22:22:19.941 [info] > git config --get commit.template [21ms]
2024-02-09 22:22:19.943 [info] > git for-each-ref --format=%(refname)%00%(upstream:short)%00%(objectname)%00%(upstream:track)%00%(upstream:remotename)%00%(upstream:remoteref) refs/heads/master refs/remotes/master [3ms]
2024-02-09 22:22:20.070 [info] > git status -z -uall [112ms]
2024-02-09 22:22:27.382 [info] > git config --get commit.template [2ms]
2024-02-09 22:22:27.405 [info] > git for-each-ref --format=%(refname)%00%(upstream:short)%00%(objectname)%00%(upstream:track)%00%(upstream:remotename)%00%(upstream:remoteref) refs/heads/master refs/remotes/master [3ms]
2024-02-09 22:22:27.525 [info] > git status -z -uall [98ms]
2024-02-09 22:22:37.740 [info] > git config --get commit.template [21ms]
2024-02-09 22:22:37.741 [info] > git for-each-ref --format=%(refname)%00%(upstream:short)%00%(objectname)%00%(upstream:track)%00%(upstream:remotename)%00%(upstream:remoteref) refs/heads/master refs/remotes/master [2ms]
2024-02-09 22:22:37.862 [info] > git status -z -uall [101ms]
2024-02-09 22:22:43.145 [info] > git config --get commit.template [26ms]
2024-02-09 22:22:43.146 [info] > git for-each-ref --format=%(refname)%00%(upstream:short)%00%(objectname)%00%(upstream:track)%00%(upstream:remotename)%00%(upstream:remoteref) refs/heads/master refs/remotes/master [4ms]
2024-02-09 22:22:43.274 [info] > git status -z -uall [104ms]
2024-02-09 22:22:45.701 [info] > git show --textconv :tennis-court-schedules/app/Http/Controllers/PostAttendanceController.php [23ms]
2024-02-09 22:22:45.712 [info] > git ls-files --stage -- /home/nattyu/tennis-court-schedules/app/Http/Controllers/PostAttendanceController.php [12ms]
2024-02-09 22:22:48.583 [info] > git config --get commit.template [24ms]
2024-02-09 22:22:48.584 [info] > git for-each-ref --format=%(refname)%00%(upstream:short)%00%(objectname)%00%(upstream:track)%00%(upstream:remotename)%00%(upstream:remoteref) refs/heads/master refs/remotes/master [1ms]
2024-02-09 22:22:48.682 [info] > git status -z -uall [74ms]
2024-02-09 22:22:53.905 [info] > git config --get commit.template [25ms]
2024-02-09 22:22:53.908 [info] > git for-each-ref --format=%(refname)%00%(upstream:short)%00%(objectname)%00%(upstream:track)%00%(upstream:remotename)%00%(upstream:remoteref) refs/heads/master refs/remotes/master [5ms]
2024-02-09 22:22:54.049 [info] > git status -z -uall [116ms]
2024-02-09 22:22:57.723 [info] > git show --textconv :tennis-court-schedules/app/Http/Controllers/PostCourtController.php [22ms]
2024-02-09 22:22:57.732 [info] > git ls-files --stage -- /home/nattyu/tennis-court-schedules/app/Http/Controllers/PostCourtController.php [10ms]
2024-02-09 22:22:59.349 [info] > git config --get commit.template [22ms]
2024-02-09 22:22:59.350 [info] > git for-each-ref --format=%(refname)%00%(upstream:short)%00%(objectname)%00%(upstream:track)%00%(upstream:remotename)%00%(upstream:remoteref) refs/heads/master refs/remotes/master [3ms]
2024-02-09 22:22:59.474 [info] > git status -z -uall [97ms]
2024-02-09 22:23:04.716 [info] > git config --get commit.template [22ms]
2024-02-09 22:23:04.717 [info] > git for-each-ref --format=%(refname)%00%(upstream:short)%00%(objectname)%00%(upstream:track)%00%(upstream:remotename)%00%(upstream:remoteref) refs/heads/master refs/remotes/master [2ms]
2024-02-09 22:23:04.854 [info] > git status -z -uall [114ms]
2024-02-09 22:23:06.530 [info] > git show --textconv :tennis-court-schedules/app/Http/Controllers/PostAttendanceController.php [33ms]
2024-02-09 22:23:06.532 [info] > git ls-files --stage -- /home/nattyu/tennis-court-schedules/app/Http/Controllers/PostAttendanceController.php [12ms]
2024-02-09 22:23:10.179 [info] > git config --get commit.template [25ms]
2024-02-09 22:23:10.180 [info] > git for-each-ref --format=%(refname)%00%(upstream:short)%00%(objectname)%00%(upstream:track)%00%(upstream:remotename)%00%(upstream:remoteref) refs/heads/master refs/remotes/master [3ms]
2024-02-09 22:23:10.301 [info] > git status -z -uall [94ms]
2024-02-09 22:23:15.566 [info] > git config --get commit.template [26ms]
2024-02-09 22:23:15.567 [info] > git for-each-ref --format=%(refname)%00%(upstream:short)%00%(objectname)%00%(upstream:track)%00%(upstream:remotename)%00%(upstream:remoteref) refs/heads/master refs/remotes/master [2ms]
2024-02-09 22:23:15.698 [info] > git status -z -uall [102ms]
2024-02-09 22:23:20.982 [info] > git config --get commit.template [30ms]
2024-02-09 22:23:20.983 [info] > git for-each-ref --format=%(refname)%00%(upstream:short)%00%(objectname)%00%(upstream:track)%00%(upstream:remotename)%00%(upstream:remoteref) refs/heads/master refs/remotes/master [3ms]
2024-02-09 22:23:21.118 [info] > git status -z -uall [101ms]
2024-02-09 22:23:26.400 [info] > git config --get commit.template [38ms]
2024-02-09 22:23:26.401 [info] > git for-each-ref --format=%(refname)%00%(upstream:short)%00%(objectname)%00%(upstream:track)%00%(upstream:remotename)%00%(upstream:remoteref) refs/heads/master refs/remotes/master [2ms]
2024-02-09 22:23:26.521 [info] > git status -z -uall [89ms]
2024-02-09 22:23:31.797 [info] > git config --get commit.template [28ms]
2024-02-09 22:23:31.798 [info] > git for-each-ref --format=%(refname)%00%(upstream:short)%00%(objectname)%00%(upstream:track)%00%(upstream:remotename)%00%(upstream:remoteref) refs/heads/master refs/remotes/master [2ms]
2024-02-09 22:23:31.897 [info] > git status -z -uall [83ms]
2024-02-09 22:24:15.999 [info] > git config --get commit.template [17ms]
2024-02-09 22:24:16.000 [info] > git for-each-ref --format=%(refname)%00%(upstream:short)%00%(objectname)%00%(upstream:track)%00%(upstream:remotename)%00%(upstream:remoteref) refs/heads/master refs/remotes/master [2ms]
2024-02-09 22:24:16.132 [info] > git status -z -uall [112ms]
2024-02-09 22:24:21.481 [info] > git config --get commit.template [25ms]
2024-02-09 22:24:21.483 [info] > git for-each-ref --format=%(refname)%00%(upstream:short)%00%(objectname)%00%(upstream:track)%00%(upstream:remotename)%00%(upstream:remoteref) refs/heads/master refs/remotes/master [5ms]
2024-02-09 22:24:21.593 [info] > git status -z -uall [91ms]
2024-02-09 22:24:26.849 [info] > git config --get commit.template [23ms]
2024-02-09 22:24:26.851 [info] > git for-each-ref --format=%(refname)%00%(upstream:short)%00%(objectname)%00%(upstream:track)%00%(upstream:remotename)%00%(upstream:remoteref) refs/heads/master refs/remotes/master [3ms]
2024-02-09 22:24:26.975 [info] > git status -z -uall [106ms]
2024-02-09 22:24:34.701 [info] > git config --get commit.template [2ms]
2024-02-09 22:24:34.723 [info] > git for-each-ref --format=%(refname)%00%(upstream:short)%00%(objectname)%00%(upstream:track)%00%(upstream:remotename)%00%(upstream:remoteref) refs/heads/master refs/remotes/master [2ms]
2024-02-09 22:24:34.848 [info] > git status -z -uall [104ms]
2024-02-09 22:24:55.941 [info] > git config --get commit.template [26ms]
2024-02-09 22:24:55.942 [info] > git for-each-ref --format=%(refname)%00%(upstream:short)%00%(objectname)%00%(upstream:track)%00%(upstream:remotename)%00%(upstream:remoteref) refs/heads/master refs/remotes/master [3ms]
2024-02-09 22:24:56.074 [info] > git status -z -uall [111ms]
2024-02-09 22:25:01.337 [info] > git config --get commit.template [26ms]
2024-02-09 22:25:01.338 [info] > git for-each-ref --format=%(refname)%00%(upstream:short)%00%(objectname)%00%(upstream:track)%00%(upstream:remotename)%00%(upstream:remoteref) refs/heads/master refs/remotes/master [3ms]
2024-02-09 22:25:01.469 [info] > git status -z -uall [108ms]
2024-02-09 22:25:06.738 [info] > git config --get commit.template [2ms]
2024-02-09 22:25:06.763 [info] > git for-each-ref --format=%(refname)%00%(upstream:short)%00%(objectname)%00%(upstream:track)%00%(upstream:remotename)%00%(upstream:remoteref) refs/heads/master refs/remotes/master [1ms]
2024-02-09 22:25:06.903 [info] > git status -z -uall [117ms]
2024-02-09 22:25:08.431 [info] > git show --textconv :tennis-court-schedules/resources/views/court/index-court.blade.php [29ms]
2024-02-09 22:25:08.433 [info] > git ls-files --stage -- /home/nattyu/tennis-court-schedules/resources/views/court/index-court.blade.php [7ms]
2024-02-09 22:25:12.168 [info] > git config --get commit.template [30ms]
2024-02-09 22:25:12.169 [info] > git for-each-ref --format=%(refname)%00%(upstream:short)%00%(objectname)%00%(upstream:track)%00%(upstream:remotename)%00%(upstream:remoteref) refs/heads/master refs/remotes/master [3ms]
2024-02-09 22:25:12.298 [info] > git status -z -uall [104ms]
2024-02-09 22:25:17.613 [info] > git config --get commit.template [41ms]
2024-02-09 22:25:17.614 [info] > git for-each-ref --format=%(refname)%00%(upstream:short)%00%(objectname)%00%(upstream:track)%00%(upstream:remotename)%00%(upstream:remoteref) refs/heads/master refs/remotes/master [3ms]
2024-02-09 22:25:17.727 [info] > git status -z -uall [79ms]
2024-02-09 22:25:22.991 [info] > git config --get commit.template [32ms]
2024-02-09 22:25:22.992 [info] > git for-each-ref --format=%(refname)%00%(upstream:short)%00%(objectname)%00%(upstream:track)%00%(upstream:remotename)%00%(upstream:remoteref) refs/heads/master refs/remotes/master [3ms]
2024-02-09 22:25:23.143 [info] > git status -z -uall [126ms]
2024-02-09 22:25:28.392 [info] > git config --get commit.template [29ms]
2024-02-09 22:25:28.393 [info] > git for-each-ref --format=%(refname)%00%(upstream:short)%00%(objectname)%00%(upstream:track)%00%(upstream:remotename)%00%(upstream:remoteref) refs/heads/master refs/remotes/master [2ms]
2024-02-09 22:25:28.493 [info] > git status -z -uall [77ms]
2024-02-09 22:25:33.774 [info] > git config --get commit.template [31ms]
2024-02-09 22:25:33.775 [info] > git for-each-ref --format=%(refname)%00%(upstream:short)%00%(objectname)%00%(upstream:track)%00%(upstream:remotename)%00%(upstream:remoteref) refs/heads/master refs/remotes/master [2ms]
2024-02-09 22:25:33.887 [info] > git status -z -uall [87ms]
2024-02-09 22:25:39.126 [info] > git config --get commit.template [26ms]
2024-02-09 22:25:39.126 [info] > git for-each-ref --format=%(refname)%00%(upstream:short)%00%(objectname)%00%(upstream:track)%00%(upstream:remotename)%00%(upstream:remoteref) refs/heads/master refs/remotes/master [2ms]
2024-02-09 22:25:39.225 [info] > git status -z -uall [75ms]
2024-02-09 22:25:43.559 [info] > git show --textconv :tennis-court-schedules/app/Http/Controllers/PostAttendanceController.php [37ms]
2024-02-09 22:25:43.563 [info] > git ls-files --stage -- /home/nattyu/tennis-court-schedules/app/Http/Controllers/PostAttendanceController.php [6ms]
2024-02-09 22:25:44.437 [info] > git config --get commit.template [3ms]
2024-02-09 22:25:44.468 [info] > git for-each-ref --format=%(refname)%00%(upstream:short)%00%(objectname)%00%(upstream:track)%00%(upstream:remotename)%00%(upstream:remoteref) refs/heads/master refs/remotes/master [4ms]
2024-02-09 22:25:44.603 [info] > git status -z -uall [106ms]
2024-02-09 22:25:49.874 [info] > git config --get commit.template [25ms]
2024-02-09 22:25:49.875 [info] > git for-each-ref --format=%(refname)%00%(upstream:short)%00%(objectname)%00%(upstream:track)%00%(upstream:remotename)%00%(upstream:remoteref) refs/heads/master refs/remotes/master [5ms]
2024-02-09 22:25:49.986 [info] > git status -z -uall [89ms]
2024-02-09 22:25:55.224 [info] > git config --get commit.template [23ms]
2024-02-09 22:25:55.226 [info] > git for-each-ref --format=%(refname)%00%(upstream:short)%00%(objectname)%00%(upstream:track)%00%(upstream:remotename)%00%(upstream:remoteref) refs/heads/master refs/remotes/master [3ms]
2024-02-09 22:25:55.314 [info] > git status -z -uall [69ms]
2024-02-09 22:26:00.533 [info] > git config --get commit.template [2ms]
2024-02-09 22:26:00.557 [info] > git for-each-ref --format=%(refname)%00%(upstream:short)%00%(objectname)%00%(upstream:track)%00%(upstream:remotename)%00%(upstream:remoteref) refs/heads/master refs/remotes/master [3ms]
2024-02-09 22:26:00.709 [info] > git status -z -uall [129ms]
2024-02-09 22:26:06.019 [info] > git config --get commit.template [23ms]
2024-02-09 22:26:06.020 [info] > git for-each-ref --format=%(refname)%00%(upstream:short)%00%(objectname)%00%(upstream:track)%00%(upstream:remotename)%00%(upstream:remoteref) refs/heads/master refs/remotes/master [4ms]
2024-02-09 22:26:06.114 [info] > git status -z -uall [74ms]
2024-02-09 22:26:11.322 [info] > git config --get commit.template [8ms]
2024-02-09 22:26:11.343 [info] > git for-each-ref --format=%(refname)%00%(upstream:short)%00%(objectname)%00%(upstream:track)%00%(upstream:remotename)%00%(upstream:remoteref) refs/heads/master refs/remotes/master [2ms]
2024-02-09 22:26:11.496 [info] > git status -z -uall [128ms]
2024-02-09 22:26:16.743 [info] > git config --get commit.template [21ms]
2024-02-09 22:26:16.744 [info] > git for-each-ref --format=%(refname)%00%(upstream:short)%00%(objectname)%00%(upstream:track)%00%(upstream:remotename)%00%(upstream:remoteref) refs/heads/master refs/remotes/master [2ms]
2024-02-09 22:26:16.840 [info] > git status -z -uall [78ms]
2024-02-09 22:26:22.075 [info] > git config --get commit.template [2ms]
2024-02-09 22:26:22.105 [info] > git for-each-ref --format=%(refname)%00%(upstream:short)%00%(objectname)%00%(upstream:track)%00%(upstream:remotename)%00%(upstream:remoteref) refs/heads/master refs/remotes/master [2ms]
2024-02-09 22:26:22.224 [info] > git status -z -uall [86ms]
2024-02-09 22:26:27.501 [info] > git config --get commit.template [3ms]
2024-02-09 22:26:27.532 [info] > git for-each-ref --format=%(refname)%00%(upstream:short)%00%(objectname)%00%(upstream:track)%00%(upstream:remotename)%00%(upstream:remoteref) refs/heads/master refs/remotes/master [2ms]
2024-02-09 22:26:27.639 [info] > git status -z -uall [88ms]
2024-02-09 22:26:32.949 [info] > git config --get commit.template [27ms]
2024-02-09 22:26:32.950 [info] > git for-each-ref --format=%(refname)%00%(upstream:short)%00%(objectname)%00%(upstream:track)%00%(upstream:remotename)%00%(upstream:remoteref) refs/heads/master refs/remotes/master [5ms]
2024-02-09 22:26:33.069 [info] > git status -z -uall [91ms]
2024-02-09 22:28:42.250 [info] > git config --get commit.template [3ms]
2024-02-09 22:28:42.266 [info] > git for-each-ref --format=%(refname)%00%(upstream:short)%00%(objectname)%00%(upstream:track)%00%(upstream:remotename)%00%(upstream:remoteref) refs/heads/master refs/remotes/master [3ms]
2024-02-09 22:28:42.390 [info] > git status -z -uall [110ms]
2024-02-09 22:28:47.667 [info] > git config --get commit.template [4ms]
2024-02-09 22:28:47.687 [info] > git for-each-ref --format=%(refname)%00%(upstream:short)%00%(objectname)%00%(upstream:track)%00%(upstream:remotename)%00%(upstream:remoteref) refs/heads/master refs/remotes/master [3ms]
2024-02-09 22:28:47.836 [info] > git status -z -uall [130ms]
2024-02-09 22:28:53.089 [info] > git config --get commit.template [2ms]
2024-02-09 22:28:53.108 [info] > git for-each-ref --format=%(refname)%00%(upstream:short)%00%(objectname)%00%(upstream:track)%00%(upstream:remotename)%00%(upstream:remoteref) refs/heads/master refs/remotes/master [3ms]
2024-02-09 22:28:53.224 [info] > git status -z -uall [100ms]
2024-02-09 22:28:59.525 [info] > git config --get commit.template [2ms]
2024-02-09 22:28:59.543 [info] > git for-each-ref --format=%(refname)%00%(upstream:short)%00%(objectname)%00%(upstream:track)%00%(upstream:remotename)%00%(upstream:remoteref) refs/heads/master refs/remotes/master [2ms]
2024-02-09 22:28:59.642 [info] > git status -z -uall [86ms]
2024-02-09 22:29:28.596 [info] > git for-each-ref --format=%(refname)%00%(upstream:short)%00%(objectname)%00%(upstream:track)%00%(upstream:remotename)%00%(upstream:remoteref) refs/heads/master refs/remotes/master [4ms]
2024-02-09 22:29:28.597 [info] > git config --get commit.template [24ms]
2024-02-09 22:29:28.708 [info] > git status -z -uall [91ms]
2024-02-09 22:29:34.012 [info] > git config --get commit.template [25ms]
2024-02-09 22:29:34.013 [info] > git for-each-ref --format=%(refname)%00%(upstream:short)%00%(objectname)%00%(upstream:track)%00%(upstream:remotename)%00%(upstream:remoteref) refs/heads/master refs/remotes/master [4ms]
2024-02-09 22:29:34.137 [info] > git status -z -uall [100ms]
2024-02-09 22:29:35.440 [info] > git show --textconv :tennis-court-schedules/resources/views/court/index-court.blade.php [34ms]
2024-02-09 22:29:35.443 [info] > git ls-files --stage -- /home/nattyu/tennis-court-schedules/resources/views/court/index-court.blade.php [8ms]
2024-02-09 22:29:39.400 [info] > git config --get commit.template [28ms]
2024-02-09 22:29:39.400 [info] > git for-each-ref --format=%(refname)%00%(upstream:short)%00%(objectname)%00%(upstream:track)%00%(upstream:remotename)%00%(upstream:remoteref) refs/heads/master refs/remotes/master [3ms]
2024-02-09 22:29:39.538 [info] > git status -z -uall [116ms]
2024-02-09 22:29:44.781 [info] > git config --get commit.template [18ms]
2024-02-09 22:29:44.782 [info] > git for-each-ref --format=%(refname)%00%(upstream:short)%00%(objectname)%00%(upstream:track)%00%(upstream:remotename)%00%(upstream:remoteref) refs/heads/master refs/remotes/master [2ms]
2024-02-09 22:29:44.895 [info] > git status -z -uall [89ms]
2024-02-09 22:29:50.135 [info] > git config --get commit.template [30ms]
2024-02-09 22:29:50.136 [info] > git for-each-ref --format=%(refname)%00%(upstream:short)%00%(objectname)%00%(upstream:track)%00%(upstream:remotename)%00%(upstream:remoteref) refs/heads/master refs/remotes/master [4ms]
2024-02-09 22:29:50.262 [info] > git status -z -uall [108ms]
2024-02-09 22:29:55.537 [info] > git config --get commit.template [27ms]
2024-02-09 22:29:55.540 [info] > git for-each-ref --format=%(refname)%00%(upstream:short)%00%(objectname)%00%(upstream:track)%00%(upstream:remotename)%00%(upstream:remoteref) refs/heads/master refs/remotes/master [4ms]
2024-02-09 22:29:55.639 [info] > git status -z -uall [81ms]
2024-02-09 22:30:00.901 [info] > git config --get commit.template [19ms]
2024-02-09 22:30:00.902 [info] > git for-each-ref --format=%(refname)%00%(upstream:short)%00%(objectname)%00%(upstream:track)%00%(upstream:remotename)%00%(upstream:remoteref) refs/heads/master refs/remotes/master [3ms]
2024-02-09 22:30:01.003 [info] > git status -z -uall [84ms]
2024-02-09 22:30:03.869 [info] > git show --textconv :tennis-court-schedules/app/Http/Controllers/PostCourtController.php [35ms]
2024-02-09 22:30:03.882 [info] > git ls-files --stage -- /home/nattyu/tennis-court-schedules/app/Http/Controllers/PostCourtController.php [15ms]
2024-02-09 22:30:06.251 [info] > git config --get commit.template [20ms]
2024-02-09 22:30:06.251 [info] > git for-each-ref --format=%(refname)%00%(upstream:short)%00%(objectname)%00%(upstream:track)%00%(upstream:remotename)%00%(upstream:remoteref) refs/heads/master refs/remotes/master [2ms]
2024-02-09 22:30:06.367 [info] > git status -z -uall [94ms]
2024-02-09 22:30:07.891 [info] > git show --textconv :tennis-court-schedules/resources/views/court/index-court.blade.php [30ms]
2024-02-09 22:30:07.894 [info] > git ls-files --stage -- /home/nattyu/tennis-court-schedules/resources/views/court/index-court.blade.php [6ms]
2024-02-09 22:30:11.617 [info] > git config --get commit.template [2ms]
2024-02-09 22:30:11.647 [info] > git for-each-ref --format=%(refname)%00%(upstream:short)%00%(objectname)%00%(upstream:track)%00%(upstream:remotename)%00%(upstream:remoteref) refs/heads/master refs/remotes/master [2ms]
2024-02-09 22:30:11.757 [info] > git status -z -uall [82ms]
2024-02-09 22:30:13.165 [info] > git show --textconv :tennis-court-schedules/resources/views/court/show-court.blade.php [25ms]
2024-02-09 22:30:13.168 [info] > git ls-files --stage -- /home/nattyu/tennis-court-schedules/resources/views/court/show-court.blade.php [6ms]
2024-02-09 22:30:17.034 [info] > git config --get commit.template [30ms]
2024-02-09 22:30:17.035 [info] > git for-each-ref --format=%(refname)%00%(upstream:short)%00%(objectname)%00%(upstream:track)%00%(upstream:remotename)%00%(upstream:remoteref) refs/heads/master refs/remotes/master [2ms]
2024-02-09 22:30:17.178 [info] > git status -z -uall [115ms]
2024-02-09 22:30:22.473 [info] > git config --get commit.template [47ms]
2024-02-09 22:30:22.476 [info] > git for-each-ref --format=%(refname)%00%(upstream:short)%00%(objectname)%00%(upstream:track)%00%(upstream:remotename)%00%(upstream:remoteref) refs/heads/master refs/remotes/master [4ms]
2024-02-09 22:30:22.599 [info] > git status -z -uall [94ms]
2024-02-09 22:30:27.885 [info] > git config --get commit.template [1ms]
2024-02-09 22:30:27.910 [info] > git for-each-ref --format=%(refname)%00%(upstream:short)%00%(objectname)%00%(upstream:track)%00%(upstream:remotename)%00%(upstream:remoteref) refs/heads/master refs/remotes/master [3ms]
2024-02-09 22:30:28.027 [info] > git status -z -uall [88ms]
2024-02-09 22:30:31.068 [info] > git show --textconv :tennis-court-schedules/resources/views/court/index-court.blade.php [42ms]
2024-02-09 22:30:31.073 [info] > git ls-files --stage -- /home/nattyu/tennis-court-schedules/resources/views/court/index-court.blade.php [8ms]
2024-02-09 22:30:33.251 [info] > git config --get commit.template [4ms]
2024-02-09 22:30:33.279 [info] > git for-each-ref --format=%(refname)%00%(upstream:short)%00%(objectname)%00%(upstream:track)%00%(upstream:remotename)%00%(upstream:remoteref) refs/heads/master refs/remotes/master [2ms]
2024-02-09 22:30:33.372 [info] > git status -z -uall [71ms]
2024-02-09 22:30:38.645 [info] > git config --get commit.template [44ms]
2024-02-09 22:30:38.647 [info] > git for-each-ref --format=%(refname)%00%(upstream:short)%00%(objectname)%00%(upstream:track)%00%(upstream:remotename)%00%(upstream:remoteref) refs/heads/master refs/remotes/master [3ms]
2024-02-09 22:30:38.754 [info] > git status -z -uall [78ms]
2024-02-09 22:30:44.146 [info] > git config --get commit.template [39ms]
2024-02-09 22:30:44.148 [info] > git for-each-ref --format=%(refname)%00%(upstream:short)%00%(objectname)%00%(upstream:track)%00%(upstream:remotename)%00%(upstream:remoteref) refs/heads/master refs/remotes/master [4ms]
2024-02-09 22:30:44.264 [info] > git status -z -uall [82ms]
2024-02-09 22:30:50.559 [info] > git config --get commit.template [20ms]
2024-02-09 22:30:50.563 [info] > git for-each-ref --format=%(refname)%00%(upstream:short)%00%(objectname)%00%(upstream:track)%00%(upstream:remotename)%00%(upstream:remoteref) refs/heads/master refs/remotes/master [4ms]
2024-02-09 22:30:50.694 [info] > git status -z -uall [112ms]
2024-02-09 22:30:55.992 [info] > git config --get commit.template [30ms]
2024-02-09 22:30:55.993 [info] > git for-each-ref --format=%(refname)%00%(upstream:short)%00%(objectname)%00%(upstream:track)%00%(upstream:remotename)%00%(upstream:remoteref) refs/heads/master refs/remotes/master [4ms]
2024-02-09 22:30:56.102 [info] > git status -z -uall [91ms]
2024-02-09 22:31:01.361 [info] > git config --get commit.template [26ms]
2024-02-09 22:31:01.362 [info] > git for-each-ref --format=%(refname)%00%(upstream:short)%00%(objectname)%00%(upstream:track)%00%(upstream:remotename)%00%(upstream:remoteref) refs/heads/master refs/remotes/master [3ms]
2024-02-09 22:31:01.479 [info] > git status -z -uall [89ms]
2024-02-09 22:31:06.716 [info] > git config --get commit.template [18ms]
2024-02-09 22:31:06.717 [info] > git for-each-ref --format=%(refname)%00%(upstream:short)%00%(objectname)%00%(upstream:track)%00%(upstream:remotename)%00%(upstream:remoteref) refs/heads/master refs/remotes/master [2ms]
2024-02-09 22:31:06.807 [info] > git status -z -uall [76ms]
2024-02-09 22:31:12.051 [info] > git config --get commit.template [32ms]
2024-02-09 22:31:12.052 [info] > git for-each-ref --format=%(refname)%00%(upstream:short)%00%(objectname)%00%(upstream:track)%00%(upstream:remotename)%00%(upstream:remoteref) refs/heads/master refs/remotes/master [3ms]
2024-02-09 22:31:12.160 [info] > git status -z -uall [89ms]
2024-02-09 22:31:17.408 [info] > git config --get commit.template [32ms]
2024-02-09 22:31:17.410 [info] > git for-each-ref --format=%(refname)%00%(upstream:short)%00%(objectname)%00%(upstream:track)%00%(upstream:remotename)%00%(upstream:remoteref) refs/heads/master refs/remotes/master [3ms]
2024-02-09 22:31:17.549 [info] > git status -z -uall [111ms]
2024-02-09 22:31:22.785 [info] > git config --get commit.template [22ms]
2024-02-09 22:31:22.786 [info] > git for-each-ref --format=%(refname)%00%(upstream:short)%00%(objectname)%00%(upstream:track)%00%(upstream:remotename)%00%(upstream:remoteref) refs/heads/master refs/remotes/master [2ms]
2024-02-09 22:31:22.889 [info] > git status -z -uall [85ms]
2024-02-09 22:31:28.100 [info] > git config --get commit.template [3ms]
2024-02-09 22:31:28.132 [info] > git for-each-ref --format=%(refname)%00%(upstream:short)%00%(objectname)%00%(upstream:track)%00%(upstream:remotename)%00%(upstream:remoteref) refs/heads/master refs/remotes/master [4ms]
2024-02-09 22:31:28.266 [info] > git status -z -uall [111ms]
2024-02-09 22:31:33.494 [info] > git config --get commit.template [2ms]
2024-02-09 22:31:33.515 [info] > git for-each-ref --format=%(refname)%00%(upstream:short)%00%(objectname)%00%(upstream:track)%00%(upstream:remotename)%00%(upstream:remoteref) refs/heads/master refs/remotes/master [1ms]
2024-02-09 22:31:33.617 [info] > git status -z -uall [77ms]
2024-02-09 22:32:12.562 [info] > git config --get commit.template [3ms]
2024-02-09 22:32:12.587 [info] > git for-each-ref --format=%(refname)%00%(upstream:short)%00%(objectname)%00%(upstream:track)%00%(upstream:remotename)%00%(upstream:remoteref) refs/heads/master refs/remotes/master [4ms]
2024-02-09 22:32:12.750 [info] > git status -z -uall [138ms]
2024-02-09 22:32:14.866 [info] > git show --textconv :tennis-court-schedules/app/Http/Controllers/PostAttendanceController.php [27ms]
2024-02-09 22:32:14.872 [info] > git ls-files --stage -- /home/nattyu/tennis-court-schedules/app/Http/Controllers/PostAttendanceController.php [8ms]
2024-02-09 22:32:18.070 [info] > git config --get commit.template [22ms]
2024-02-09 22:32:18.070 [info] > git for-each-ref --format=%(refname)%00%(upstream:short)%00%(objectname)%00%(upstream:track)%00%(upstream:remotename)%00%(upstream:remoteref) refs/heads/master refs/remotes/master [2ms]
2024-02-09 22:32:18.165 [info] > git status -z -uall [75ms]
2024-02-09 22:33:52.320 [info] > git config --get commit.template [2ms]
2024-02-09 22:33:52.342 [info] > git for-each-ref --format=%(refname)%00%(upstream:short)%00%(objectname)%00%(upstream:track)%00%(upstream:remotename)%00%(upstream:remoteref) refs/heads/master refs/remotes/master [4ms]
2024-02-09 22:33:52.513 [info] > git status -z -uall [149ms]
2024-02-09 22:33:57.885 [info] > git config --get commit.template [24ms]
2024-02-09 22:33:57.886 [info] > git for-each-ref --format=%(refname)%00%(upstream:short)%00%(objectname)%00%(upstream:track)%00%(upstream:remotename)%00%(upstream:remoteref) refs/heads/master refs/remotes/master [4ms]
2024-02-09 22:33:57.975 [info] > git status -z -uall [74ms]
2024-02-09 22:33:59.816 [info] > git show --textconv :tennis-court-schedules/resources/views/court/index-court.blade.php [16ms]
2024-02-09 22:33:59.820 [info] > git ls-files --stage -- /home/nattyu/tennis-court-schedules/resources/views/court/index-court.blade.php [7ms]
2024-02-09 22:34:03.213 [info] > git config --get commit.template [2ms]
2024-02-09 22:34:03.229 [info] > git for-each-ref --format=%(refname)%00%(upstream:short)%00%(objectname)%00%(upstream:track)%00%(upstream:remotename)%00%(upstream:remoteref) refs/heads/master refs/remotes/master [2ms]
2024-02-09 22:34:03.329 [info] > git status -z -uall [84ms]
2024-02-09 22:34:08.570 [info] > git config --get commit.template [21ms]
2024-02-09 22:34:08.571 [info] > git for-each-ref --format=%(refname)%00%(upstream:short)%00%(objectname)%00%(upstream:track)%00%(upstream:remotename)%00%(upstream:remoteref) refs/heads/master refs/remotes/master [3ms]
2024-02-09 22:34:08.706 [info] > git status -z -uall [116ms]
2024-02-09 22:34:13.928 [info] > git config --get commit.template [31ms]
2024-02-09 22:34:13.930 [info] > git for-each-ref --format=%(refname)%00%(upstream:short)%00%(objectname)%00%(upstream:track)%00%(upstream:remotename)%00%(upstream:remoteref) refs/heads/master refs/remotes/master [5ms]
2024-02-09 22:34:14.036 [info] > git status -z -uall [87ms]
2024-02-09 22:34:19.318 [info] > git config --get commit.template [1ms]
2024-02-09 22:34:19.335 [info] > git for-each-ref --format=%(refname)%00%(upstream:short)%00%(objectname)%00%(upstream:track)%00%(upstream:remotename)%00%(upstream:remoteref) refs/heads/master refs/remotes/master [2ms]
2024-02-09 22:34:19.434 [info] > git status -z -uall [80ms]
2024-02-09 22:34:24.696 [info] > git config --get commit.template [29ms]
2024-02-09 22:34:24.700 [info] > git for-each-ref --format=%(refname)%00%(upstream:short)%00%(objectname)%00%(upstream:track)%00%(upstream:remotename)%00%(upstream:remoteref) refs/heads/master refs/remotes/master [6ms]
2024-02-09 22:34:24.794 [info] > git status -z -uall [76ms]
2024-02-09 22:34:30.020 [info] > git config --get commit.template [28ms]
2024-02-09 22:34:30.022 [info] > git for-each-ref --format=%(refname)%00%(upstream:short)%00%(objectname)%00%(upstream:track)%00%(upstream:remotename)%00%(upstream:remoteref) refs/heads/master refs/remotes/master [4ms]
2024-02-09 22:34:30.167 [info] > git status -z -uall [114ms]
2024-02-09 22:34:35.431 [info] > git config --get commit.template [32ms]
2024-02-09 22:34:35.432 [info] > git for-each-ref --format=%(refname)%00%(upstream:short)%00%(objectname)%00%(upstream:track)%00%(upstream:remotename)%00%(upstream:remoteref) refs/heads/master refs/remotes/master [3ms]
2024-02-09 22:34:35.572 [info] > git status -z -uall [110ms]
2024-02-09 22:34:40.816 [info] > git config --get commit.template [30ms]
2024-02-09 22:34:40.818 [info] > git for-each-ref --format=%(refname)%00%(upstream:short)%00%(objectname)%00%(upstream:track)%00%(upstream:remotename)%00%(upstream:remoteref) refs/heads/master refs/remotes/master [3ms]
2024-02-09 22:34:40.936 [info] > git status -z -uall [101ms]
2024-02-09 22:34:46.196 [info] > git config --get commit.template [40ms]
2024-02-09 22:34:46.197 [info] > git for-each-ref --format=%(refname)%00%(upstream:short)%00%(objectname)%00%(upstream:track)%00%(upstream:remotename)%00%(upstream:remoteref) refs/heads/master refs/remotes/master [3ms]
2024-02-09 22:34:46.321 [info] > git status -z -uall [94ms]
2024-02-09 22:34:51.598 [info] > git config --get commit.template [38ms]
2024-02-09 22:34:51.599 [info] > git for-each-ref --format=%(refname)%00%(upstream:short)%00%(objectname)%00%(upstream:track)%00%(upstream:remotename)%00%(upstream:remoteref) refs/heads/master refs/remotes/master [2ms]
2024-02-09 22:34:51.716 [info] > git status -z -uall [90ms]
2024-02-09 22:34:57.026 [info] > git config --get commit.template [30ms]
2024-02-09 22:34:57.027 [info] > git for-each-ref --format=%(refname)%00%(upstream:short)%00%(objectname)%00%(upstream:track)%00%(upstream:remotename)%00%(upstream:remoteref) refs/heads/master refs/remotes/master [2ms]
2024-02-09 22:34:57.121 [info] > git status -z -uall [76ms]
2024-02-09 22:35:02.344 [info] > git config --get commit.template [2ms]
2024-02-09 22:35:02.364 [info] > git for-each-ref --format=%(refname)%00%(upstream:short)%00%(objectname)%00%(upstream:track)%00%(upstream:remotename)%00%(upstream:remoteref) refs/heads/master refs/remotes/master [2ms]
2024-02-09 22:35:02.486 [info] > git status -z -uall [100ms]
2024-02-09 22:35:07.715 [info] > git config --get commit.template [26ms]
2024-02-09 22:35:07.716 [info] > git for-each-ref --format=%(refname)%00%(upstream:short)%00%(objectname)%00%(upstream:track)%00%(upstream:remotename)%00%(upstream:remoteref) refs/heads/master refs/remotes/master [4ms]
2024-02-09 22:35:07.802 [info] > git status -z -uall [69ms]
2024-02-09 22:35:13.013 [info] > git config --get commit.template [22ms]
2024-02-09 22:35:13.014 [info] > git for-each-ref --format=%(refname)%00%(upstream:short)%00%(objectname)%00%(upstream:track)%00%(upstream:remotename)%00%(upstream:remoteref) refs/heads/master refs/remotes/master [3ms]
2024-02-09 22:35:13.112 [info] > git status -z -uall [84ms]
2024-02-09 22:35:18.329 [info] > git config --get commit.template [21ms]
2024-02-09 22:35:18.330 [info] > git for-each-ref --format=%(refname)%00%(upstream:short)%00%(objectname)%00%(upstream:track)%00%(upstream:remotename)%00%(upstream:remoteref) refs/heads/master refs/remotes/master [2ms]
2024-02-09 22:35:18.426 [info] > git status -z -uall [76ms]
2024-02-09 22:35:23.647 [info] > git config --get commit.template [23ms]
2024-02-09 22:35:23.648 [info] > git for-each-ref --format=%(refname)%00%(upstream:short)%00%(objectname)%00%(upstream:track)%00%(upstream:remotename)%00%(upstream:remoteref) refs/heads/master refs/remotes/master [2ms]
2024-02-09 22:35:23.787 [info] > git status -z -uall [116ms]
2024-02-09 22:35:29.061 [info] > git config --get commit.template [24ms]
2024-02-09 22:35:29.062 [info] > git for-each-ref --format=%(refname)%00%(upstream:short)%00%(objectname)%00%(upstream:track)%00%(upstream:remotename)%00%(upstream:remoteref) refs/heads/master refs/remotes/master [3ms]
2024-02-09 22:35:29.180 [info] > git status -z -uall [90ms]
2024-02-09 22:35:34.429 [info] > git config --get commit.template [27ms]
2024-02-09 22:35:34.430 [info] > git for-each-ref --format=%(refname)%00%(upstream:short)%00%(objectname)%00%(upstream:track)%00%(upstream:remotename)%00%(upstream:remoteref) refs/heads/master refs/remotes/master [3ms]
2024-02-09 22:35:34.543 [info] > git status -z -uall [88ms]
2024-02-09 22:35:39.766 [info] > git config --get commit.template [23ms]
2024-02-09 22:35:39.767 [info] > git for-each-ref --format=%(refname)%00%(upstream:short)%00%(objectname)%00%(upstream:track)%00%(upstream:remotename)%00%(upstream:remoteref) refs/heads/master refs/remotes/master [3ms]
2024-02-09 22:35:39.873 [info] > git status -z -uall [79ms]
2024-02-09 22:35:45.087 [info] > git config --get commit.template [21ms]
2024-02-09 22:35:45.088 [info] > git for-each-ref --format=%(refname)%00%(upstream:short)%00%(objectname)%00%(upstream:track)%00%(upstream:remotename)%00%(upstream:remoteref) refs/heads/master refs/remotes/master [2ms]
2024-02-09 22:35:45.188 [info] > git status -z -uall [77ms]
2024-02-09 22:35:50.409 [info] > git config --get commit.template [23ms]
2024-02-09 22:35:50.410 [info] > git for-each-ref --format=%(refname)%00%(upstream:short)%00%(objectname)%00%(upstream:track)%00%(upstream:remotename)%00%(upstream:remoteref) refs/heads/master refs/remotes/master [2ms]
2024-02-09 22:35:50.513 [info] > git status -z -uall [85ms]
2024-02-09 22:35:55.757 [info] > git config --get commit.template [25ms]
2024-02-09 22:35:55.757 [info] > git for-each-ref --format=%(refname)%00%(upstream:short)%00%(objectname)%00%(upstream:track)%00%(upstream:remotename)%00%(upstream:remoteref) refs/heads/master refs/remotes/master [2ms]
2024-02-09 22:35:55.844 [info] > git status -z -uall [68ms]
2024-02-09 22:36:01.066 [info] > git config --get commit.template [23ms]
2024-02-09 22:36:01.068 [info] > git for-each-ref --format=%(refname)%00%(upstream:short)%00%(objectname)%00%(upstream:track)%00%(upstream:remotename)%00%(upstream:remoteref) refs/heads/master refs/remotes/master [3ms]
2024-02-09 22:36:01.152 [info] > git status -z -uall [66ms]
2024-02-09 22:36:06.399 [info] > git config --get commit.template [33ms]
2024-02-09 22:36:06.402 [info] > git for-each-ref --format=%(refname)%00%(upstream:short)%00%(objectname)%00%(upstream:track)%00%(upstream:remotename)%00%(upstream:remoteref) refs/heads/master refs/remotes/master [4ms]
2024-02-09 22:36:06.517 [info] > git status -z -uall [93ms]
2024-02-09 22:36:11.760 [info] > git config --get commit.template [26ms]
2024-02-09 22:36:11.762 [info] > git for-each-ref --format=%(refname)%00%(upstream:short)%00%(objectname)%00%(upstream:track)%00%(upstream:remotename)%00%(upstream:remoteref) refs/heads/master refs/remotes/master [5ms]
2024-02-09 22:36:11.858 [info] > git status -z -uall [79ms]
2024-02-09 22:36:17.095 [info] > git config --get commit.template [21ms]
2024-02-09 22:36:17.096 [info] > git for-each-ref --format=%(refname)%00%(upstream:short)%00%(objectname)%00%(upstream:track)%00%(upstream:remotename)%00%(upstream:remoteref) refs/heads/master refs/remotes/master [3ms]
2024-02-09 22:36:17.230 [info] > git status -z -uall [115ms]
2024-02-09 22:36:22.423 [info] > git config --get commit.template [23ms]
2024-02-09 22:36:22.425 [info] > git for-each-ref --format=%(refname)%00%(upstream:short)%00%(objectname)%00%(upstream:track)%00%(upstream:remotename)%00%(upstream:remoteref) refs/heads/master refs/remotes/master [3ms]
2024-02-09 22:36:22.527 [info] > git status -z -uall [83ms]
2024-02-09 22:36:27.740 [info] > git config --get commit.template [24ms]
2024-02-09 22:36:27.742 [info] > git for-each-ref --format=%(refname)%00%(upstream:short)%00%(objectname)%00%(upstream:track)%00%(upstream:remotename)%00%(upstream:remoteref) refs/heads/master refs/remotes/master [2ms]
2024-02-09 22:36:27.858 [info] > git status -z -uall [102ms]
2024-02-09 22:36:33.074 [info] > git config --get commit.template [3ms]
2024-02-09 22:36:33.101 [info] > git for-each-ref --format=%(refname)%00%(upstream:short)%00%(objectname)%00%(upstream:track)%00%(upstream:remotename)%00%(upstream:remoteref) refs/heads/master refs/remotes/master [5ms]
2024-02-09 22:36:33.191 [info] > git status -z -uall [72ms]
2024-02-09 22:36:39.547 [info] > git config --get commit.template [24ms]
2024-02-09 22:36:39.548 [info] > git for-each-ref --format=%(refname)%00%(upstream:short)%00%(objectname)%00%(upstream:track)%00%(upstream:remotename)%00%(upstream:remoteref) refs/heads/master refs/remotes/master [3ms]
2024-02-09 22:36:39.644 [info] > git status -z -uall [74ms]
2024-02-09 22:42:59.294 [info] > git config --get commit.template [19ms]
2024-02-09 22:42:59.295 [info] > git for-each-ref --format=%(refname)%00%(upstream:short)%00%(objectname)%00%(upstream:track)%00%(upstream:remotename)%00%(upstream:remoteref) refs/heads/master refs/remotes/master [4ms]
2024-02-09 22:42:59.427 [info] > git status -z -uall [111ms]
