2024-01-24 16:15:12.054 [info] ログ レベル: Info
2024-01-24 16:15:12.055 [info] Git の検証が検出されました: "git"
2024-01-24 16:15:12.055 [info] "git" から Git "2.34.1" を使用しています
2024-01-24 16:15:12.055 [info] > git rev-parse --show-toplevel [21ms]
2024-01-24 16:15:12.055 [info] > git rev-parse --git-dir --git-common-dir [9ms]
2024-01-24 16:15:12.055 [info] Open repository: /home/nattyu
2024-01-24 16:15:12.092 [info] > git config --get commit.template [25ms]
2024-01-24 16:15:12.096 [info] > git rev-parse --show-toplevel [24ms]
2024-01-24 16:15:12.308 [info] > git rev-parse --show-toplevel [195ms]
2024-01-24 16:15:12.309 [info] > git for-each-ref --format=%(refname)%00%(upstream:short)%00%(objectname)%00%(upstream:track)%00%(upstream:remotename)%00%(upstream:remoteref) refs/heads/master refs/remotes/master [203ms]
2024-01-24 16:15:12.350 [info] > git rev-parse --show-toplevel [34ms]
2024-01-24 16:15:12.373 [info] > git rev-parse --show-toplevel [16ms]
2024-01-24 16:15:12.394 [info] > git rev-parse --show-toplevel [13ms]
2024-01-24 16:15:12.431 [info] > git rev-parse --show-toplevel [28ms]
2024-01-24 16:15:12.455 [info] > git rev-parse --show-toplevel [18ms]
2024-01-24 16:15:12.465 [info] > git rev-parse --show-toplevel [4ms]
2024-01-24 16:15:12.475 [info] > git rev-parse --show-toplevel [2ms]
2024-01-24 16:15:12.483 [info] > git rev-parse --show-toplevel [2ms]
2024-01-24 16:15:12.493 [info] > git rev-parse --show-toplevel [3ms]
2024-01-24 16:15:12.503 [info] > git rev-parse --show-toplevel [1ms]
2024-01-24 16:15:12.606 [info] > git show --textconv :laravel-test/config/app.php [11ms]
2024-01-24 16:15:12.607 [info] > git ls-files --stage -- /home/nattyu/laravel-test/config/app.php [1ms]
2024-01-24 16:15:12.614 [info] > git cat-file -s b8571c11f291d06af0aca1c15119332c1d2c1830 [3ms]
2024-01-24 16:15:12.631 [info] > git check-ignore -v -z --stdin [1ms]
2024-01-24 16:15:13.161 [info] > git status -z -uall [790ms] (cancelled)
2024-01-24 16:15:24.875 [info] > git config --get commit.template [19ms]
2024-01-24 16:15:24.913 [info] > git for-each-ref --format=%(refname)%00%(upstream:short)%00%(objectname)%00%(upstream:track)%00%(upstream:remotename)%00%(upstream:remoteref) refs/heads/master refs/remotes/master [2ms]
2024-01-24 16:15:26.570 [info] > git status -z -uall [1642ms] (cancelled)
2024-01-24 16:15:56.951 [info] > git check-ignore -v -z --stdin [1ms]
2024-01-24 16:15:59.180 [info] > git check-ignore -v -z --stdin [0ms]
2024-01-24 16:18:22.468 [info] > git check-ignore -v -z --stdin [5ms]
2024-01-24 16:21:30.903 [info] > git check-ignore -v -z --stdin [42ms]
2024-01-24 16:21:32.741 [info] > git show --textconv :laravel-test/routes/auth.php [12ms]
2024-01-24 16:21:32.755 [info] > git ls-files --stage -- /home/nattyu/laravel-test/routes/auth.php [6ms]
2024-01-24 16:21:32.765 [info] > git cat-file -s 1040b5174d0f0a0b8910fd85e2f4dd6836c13078 [2ms]
2024-01-24 16:24:12.551 [info] > git check-ignore -v -z --stdin [1ms]
2024-01-24 16:24:13.614 [info] > git check-ignore -v -z --stdin [1ms]
2024-01-24 16:24:17.209 [info] > git show --textconv :laravel-test/resources/views/welcome.blade.php [6ms]
2024-01-24 16:24:17.212 [info] > git ls-files --stage -- /home/nattyu/laravel-test/resources/views/welcome.blade.php [4ms]
2024-01-24 16:24:17.218 [info] > git cat-file -s d23b99e689ac05c663f4e95ebd1016b28d4b849a [1ms]
2024-01-24 16:25:02.945 [info] > git show --textconv :laravel-test/resources/views/dashboard.blade.php [6ms]
2024-01-24 16:25:02.948 [info] > git ls-files --stage -- /home/nattyu/laravel-test/resources/views/dashboard.blade.php [4ms]
2024-01-24 16:25:02.954 [info] > git cat-file -s 4024c64a89523bb21aae8aed724ea9506bf0f596 [1ms]
2024-01-24 16:25:12.358 [info] > git check-ignore -v -z --stdin [1ms]
2024-01-24 16:25:16.868 [info] > git show --textconv :laravel-test/resources/views/auth/login.blade.php [11ms]
2024-01-24 16:25:16.869 [info] > git ls-files --stage -- /home/nattyu/laravel-test/resources/views/auth/login.blade.php [2ms]
2024-01-24 16:25:16.875 [info] > git cat-file -s 80e1b392d212b9d2fd16de77e332d83491dea908 [1ms]
2024-01-24 16:25:37.701 [info] > git show --textconv :laravel-test/resources/views/auth/register.blade.php [6ms]
2024-01-24 16:25:37.703 [info] > git ls-files --stage -- /home/nattyu/laravel-test/resources/views/auth/register.blade.php [3ms]
2024-01-24 16:25:37.709 [info] > git cat-file -s d4b3d5894e1871fe3e225eb9ae10635e352315c7 [0ms]
2024-01-24 16:25:55.368 [info] > git show --textconv :laravel-test/public/build/manifest.json [9ms]
2024-01-24 16:25:55.370 [info] > git ls-files --stage -- /home/nattyu/laravel-test/public/build/manifest.json [2ms]
2024-01-24 16:26:19.247 [info] > git show --textconv :laravel-test/routes/auth.php [8ms]
2024-01-24 16:26:19.248 [info] > git ls-files --stage -- /home/nattyu/laravel-test/routes/auth.php [4ms]
2024-01-24 16:26:19.254 [info] > git cat-file -s 1040b5174d0f0a0b8910fd85e2f4dd6836c13078 [1ms]
2024-01-24 16:28:27.871 [info] > git check-ignore -v -z --stdin [1ms]
2024-01-24 16:28:31.617 [info] > git check-ignore -v -z --stdin [2ms]
2024-01-24 16:28:33.071 [info] > git show --textconv :laravel-test/app/Providers/RouteServiceProvider.php [11ms]
2024-01-24 16:28:33.072 [info] > git ls-files --stage -- /home/nattyu/laravel-test/app/Providers/RouteServiceProvider.php [2ms]
2024-01-24 16:28:33.079 [info] > git cat-file -s 025e874387fdf6415d21747807915937530576a8 [1ms]
2024-01-24 16:30:24.358 [info] > git merge-base refs/heads/master refs/remotes/origin/master [3ms]
2024-01-24 16:30:24.373 [info] > git rev-list --count --left-right refs/heads/master...refs/remotes/origin/master [7ms]
2024-01-24 16:30:24.850 [info] > git check-ignore -v -z --stdin [2ms]
2024-01-24 16:30:36.906 [info] > git check-ignore -v -z --stdin [2ms]
2024-01-24 16:30:42.262 [info] > git check-ignore -v -z --stdin [1ms]
2024-01-24 16:30:46.446 [info] > git ls-tree -l HEAD -- /home/nattyu/.vscode-server/bin/8b3775030ed1a69b13e4f4c628c612102e30a681/extensions/ms-vscode.js-debug/resources/readme/webview2.png [11ms]
2024-01-24 16:30:46.448 [info] > git ls-tree -l HEAD -- /home/nattyu/.vscode-server/bin/8b3775030ed1a69b13e4f4c628c612102e30a681/extensions/ms-vscode.js-debug/resources/readme/webview2.png [4ms]
2024-01-24 16:30:46.888 [info] > git check-ignore -v -z --stdin [2ms]
2024-01-24 16:30:53.338 [info] > git check-ignore -v -z --stdin [1ms]
2024-01-24 16:30:54.430 [info] > git check-ignore -v -z --stdin [1ms]
2024-01-24 16:30:57.964 [info] > git check-ignore -v -z --stdin [1ms]
2024-01-24 16:30:58.623 [info] > git show --textconv HEAD:.vscode-server/bin/8b3775030ed1a69b13e4f4c628c612102e30a681/extensions/node_modules/typescript/lib/lib.es2020.intl.d.ts [8ms]
2024-01-24 16:30:58.625 [info] > git ls-tree -l HEAD -- /home/nattyu/.vscode-server/bin/8b3775030ed1a69b13e4f4c628c612102e30a681/extensions/node_modules/typescript/lib/lib.es2020.intl.d.ts [3ms]
2024-01-24 16:30:59.132 [info] > git check-ignore -v -z --stdin [2ms]
2024-01-24 16:31:02.255 [info] > git check-ignore -v -z --stdin [1ms]
2024-01-24 16:31:04.780 [info] > git check-ignore -v -z --stdin [1ms]
2024-01-24 16:31:07.542 [info] > git check-ignore -v -z --stdin [2ms]
2024-01-24 16:31:10.353 [info] > git check-ignore -v -z --stdin [6ms]
2024-01-24 16:31:15.291 [info] > git check-ignore -v -z --stdin [5ms]
2024-01-24 16:31:30.895 [info] > git ls-tree -l HEAD -- /home/nattyu/.vscode-server/bin/8b3775030ed1a69b13e4f4c628c612102e30a681/extensions/node_modules/typescript/lib/lib.es2020.intl.d.ts [1ms]
2024-01-24 16:31:34.442 [info] > git show --textconv HEAD:.aws [9ms]
2024-01-24 16:31:34.442 [info] > git ls-tree -l HEAD -- /home/nattyu/.aws [1ms]
2024-01-24 16:31:41.374 [info] > git ls-tree -l HEAD -- /home/nattyu/.aws [1ms]
2024-01-24 16:31:46.402 [info] > git show --textconv :.bash_logout [9ms]
2024-01-24 16:31:46.403 [info] > git ls-files --stage -- /home/nattyu/.bash_logout [3ms]
2024-01-24 16:31:53.827 [info] > git show --textconv HEAD:.gitconfig [10ms]
2024-01-24 16:31:53.829 [info] > git ls-tree -l HEAD -- /home/nattyu/.gitconfig [4ms]
2024-01-24 16:32:01.468 [info] > git show --textconv HEAD:.profile [10ms]
2024-01-24 16:32:01.469 [info] > git ls-tree -l HEAD -- /home/nattyu/.profile [2ms]
2024-01-24 16:32:12.899 [info] > git show --textconv HEAD:.docker/config.json [10ms]
2024-01-24 16:32:12.899 [info] > git ls-tree -l HEAD -- /home/nattyu/.docker/config.json [4ms]
2024-01-24 16:32:13.391 [info] > git check-ignore -v -z --stdin [1ms]
2024-01-24 16:32:18.152 [info] > git show --textconv HEAD:.docker/features.json [10ms]
2024-01-24 16:32:18.152 [info] > git ls-tree -l HEAD -- /home/nattyu/.docker/features.json [3ms]
2024-01-24 16:32:25.366 [info] > git show --textconv HEAD:.docker/scan/config.json [11ms]
2024-01-24 16:32:25.366 [info] > git ls-tree -l HEAD -- /home/nattyu/.docker/scan/config.json [3ms]
2024-01-24 16:32:25.878 [info] > git check-ignore -v -z --stdin [1ms]
2024-01-24 16:32:28.403 [info] > git show --textconv HEAD:.vscode-server/bin/8b3775030ed1a69b13e4f4c628c612102e30a681/LICENSE [14ms]
2024-01-24 16:32:28.403 [info] > git ls-tree -l HEAD -- /home/nattyu/.vscode-server/bin/8b3775030ed1a69b13e4f4c628c612102e30a681/LICENSE [2ms]
2024-01-24 16:32:44.631 [info] > git ls-tree -l HEAD -- /home/nattyu/.vscode-server/bin/8b3775030ed1a69b13e4f4c628c612102e30a681/LICENSE [25ms]
2024-01-24 16:32:57.528 [info] > git add -A -- . [12904ms]
2024-01-24 16:32:58.502 [info] > git show --textconv :.git/COMMIT_EDITMSG [11ms]
2024-01-24 16:32:58.506 [info] > git ls-files --stage -- /home/nattyu/.git/COMMIT_EDITMSG [5ms]
2024-01-24 16:32:58.926 [info] > git check-ignore -v -z --stdin [5ms]
2024-01-24 16:32:59.280 [info] > git ls-tree -l HEAD -- /home/nattyu/.vscode-server/bin/8b3775030ed1a69b13e4f4c628c612102e30a681/LICENSE [11ms]
2024-01-24 16:32:59.282 [info] > git ls-files --stage -- /home/nattyu/.git/COMMIT_EDITMSG [5ms]
2024-01-24 16:32:59.302 [info] > git show --textconv HEAD:.vscode-server/bin/8b3775030ed1a69b13e4f4c628c612102e30a681/LICENSE [7ms]
2024-01-24 16:32:59.305 [info] > git show --textconv :.git/COMMIT_EDITMSG [4ms]
2024-01-24 16:35:50.123 [info] > git -c user.useConfigOnly=true commit --quiet [172588ms]
2024-01-24 16:35:50.123 [info] Aborting commit due to empty commit message.
2024-01-24 16:35:50.135 [info] > git config --get commit.template [2ms]
2024-01-24 16:35:50.145 [info] > git for-each-ref --format=%(refname)%00%(upstream:short)%00%(objectname)%00%(upstream:track)%00%(upstream:remotename)%00%(upstream:remoteref) refs/heads/master refs/remotes/master [2ms]
2024-01-24 16:35:50.326 [info] > git status -z -uall [174ms] (cancelled)
2024-01-24 16:35:52.516 [info] > git check-ignore -v -z --stdin [5ms]
2024-01-24 16:46:10.486 [info] > git check-ignore -v -z --stdin [6ms]
2024-01-24 16:46:11.683 [info] > git check-ignore -v -z --stdin [4ms]
2024-01-24 16:46:13.150 [info] > git show --textconv :laravel-test/app/Http/Controllers/TestController.php [7ms]
2024-01-24 16:46:13.153 [info] > git ls-files --stage -- /home/nattyu/laravel-test/app/Http/Controllers/TestController.php [3ms]
2024-01-24 16:47:56.488 [info] > git show --textconv :laravel-test/routes/web.php [10ms]
2024-01-24 16:47:56.491 [info] > git ls-files --stage -- /home/nattyu/laravel-test/routes/web.php [2ms]
2024-01-24 16:47:56.499 [info] > git cat-file -s 67fd3d6fb29879078ae7fdef02441a14d3f0bb14 [1ms]
2024-01-24 16:49:56.526 [info] > git show --textconv :laravel-test/resources/views/test.blade.php [9ms]
2024-01-24 16:49:56.528 [info] > git ls-files --stage -- /home/nattyu/laravel-test/resources/views/test.blade.php [4ms]
2024-01-24 16:49:56.766 [info] > git check-ignore -v -z --stdin [4ms]
2024-01-24 16:55:52.662 [info] > git show --textconv :laravel-test/resources/views/welcome.blade.php [10ms]
2024-01-24 16:55:52.666 [info] > git ls-files --stage -- /home/nattyu/laravel-test/resources/views/welcome.blade.php [5ms]
2024-01-24 16:55:52.675 [info] > git cat-file -s d23b99e689ac05c663f4e95ebd1016b28d4b849a [1ms]
2024-01-24 17:17:05.685 [info] > git check-ignore -v -z --stdin [8ms]
2024-01-24 17:17:06.520 [info] > git show --textconv :laravel-test/resources/views/layouts/app.blade.php [9ms]
2024-01-24 17:17:06.524 [info] > git ls-files --stage -- /home/nattyu/laravel-test/resources/views/layouts/app.blade.php [4ms]
2024-01-24 17:17:06.533 [info] > git cat-file -s 9069c103af1ebf1ffc5cc33f28b33a026c62f6b9 [2ms]
2024-01-24 17:18:00.288 [info] > git check-ignore -v -z --stdin [8ms]
2024-01-24 17:18:01.111 [info] > git check-ignore -v -z --stdin [4ms]
2024-01-24 17:19:02.837 [info] > git show --textconv :laravel-test/resources/views/welcome.blade.php [10ms]
2024-01-24 17:19:02.840 [info] > git ls-files --stage -- /home/nattyu/laravel-test/resources/views/welcome.blade.php [4ms]
2024-01-24 17:19:02.847 [info] > git cat-file -s d23b99e689ac05c663f4e95ebd1016b28d4b849a [1ms]
2024-01-24 17:20:10.989 [info] > git show --textconv :laravel-test/resources/views/dashboard.blade.php [8ms]
2024-01-24 17:20:10.998 [info] > git ls-files --stage -- /home/nattyu/laravel-test/resources/views/dashboard.blade.php [11ms]
2024-01-24 17:20:11.006 [info] > git cat-file -s 4024c64a89523bb21aae8aed724ea9506bf0f596 [1ms]
2024-01-24 17:30:17.746 [info] > git show --textconv :laravel-test/resources/views/welcome.blade.php [9ms]
2024-01-24 17:30:17.747 [info] > git ls-files --stage -- /home/nattyu/laravel-test/resources/views/welcome.blade.php [3ms]
2024-01-24 17:30:17.754 [info] > git cat-file -s d23b99e689ac05c663f4e95ebd1016b28d4b849a [1ms]
2024-01-24 17:30:27.702 [info] > git show --textconv :laravel-test/resources/views/test.blade.php [10ms]
2024-01-24 17:30:27.704 [info] > git ls-files --stage -- /home/nattyu/laravel-test/resources/views/test.blade.php [3ms]
2024-01-24 17:30:30.112 [info] > git show --textconv :laravel-test/routes/web.php [8ms]
2024-01-24 17:30:30.114 [info] > git ls-files --stage -- /home/nattyu/laravel-test/routes/web.php [3ms]
2024-01-24 17:30:30.123 [info] > git cat-file -s 67fd3d6fb29879078ae7fdef02441a14d3f0bb14 [3ms]
2024-01-24 17:30:33.256 [info] > git show --textconv :laravel-test/app/Http/Controllers/TestController.php [8ms]
2024-01-24 17:30:33.259 [info] > git ls-files --stage -- /home/nattyu/laravel-test/app/Http/Controllers/TestController.php [4ms]
2024-01-24 17:30:35.111 [info] > git show --textconv :laravel-test/routes/web.php [10ms]
2024-01-24 17:30:35.112 [info] > git ls-files --stage -- /home/nattyu/laravel-test/routes/web.php [3ms]
2024-01-24 17:30:35.121 [info] > git cat-file -s 67fd3d6fb29879078ae7fdef02441a14d3f0bb14 [1ms]
2024-01-24 17:30:37.904 [info] > git show --textconv :laravel-test/app/Http/Controllers/TestController.php [7ms]
2024-01-24 17:30:37.908 [info] > git ls-files --stage -- /home/nattyu/laravel-test/app/Http/Controllers/TestController.php [3ms]
2024-01-24 17:31:03.337 [info] > git ls-files --stage -- /home/nattyu/laravel-test/app/Http/Controllers/TestController.php [4ms]
2024-01-24 17:31:03.353 [info] > git show --textconv :laravel-test/app/Http/Controllers/TestController.php [4ms]
2024-01-24 17:31:53.161 [info] > git ls-files --stage -- /home/nattyu/laravel-test/app/Http/Controllers/TestController.php [2ms]
2024-01-24 17:31:53.175 [info] > git show --textconv :laravel-test/app/Http/Controllers/TestController.php [2ms]
2024-01-24 17:32:28.988 [info] > git ls-files --stage -- /home/nattyu/laravel-test/app/Http/Controllers/TestController.php [2ms]
2024-01-24 17:32:28.995 [info] > git cat-file -s eb90310f157f89f1c67f645d6ac55a3c2adeb78d [1ms]
2024-01-24 17:32:29.010 [info] > git show --textconv :laravel-test/app/Http/Controllers/TestController.php [1ms]
2024-01-24 17:33:17.444 [info] > git ls-files --stage -- /home/nattyu/laravel-test/app/Http/Controllers/TestController.php [0ms]
2024-01-24 17:33:17.452 [info] > git cat-file -s eb90310f157f89f1c67f645d6ac55a3c2adeb78d [1ms]
2024-01-24 17:33:17.463 [info] > git show --textconv :laravel-test/app/Http/Controllers/TestController.php [1ms]
2024-01-24 17:33:18.940 [info] > git ls-files --stage -- /home/nattyu/laravel-test/app/Http/Controllers/TestController.php [1ms]
2024-01-24 17:33:18.948 [info] > git cat-file -s eb90310f157f89f1c67f645d6ac55a3c2adeb78d [0ms]
2024-01-24 17:33:18.961 [info] > git show --textconv :laravel-test/app/Http/Controllers/TestController.php [1ms]
2024-01-24 17:33:24.435 [info] > git ls-files --stage -- /home/nattyu/laravel-test/app/Http/Controllers/TestController.php [1ms]
2024-01-24 17:33:24.443 [info] > git cat-file -s eb90310f157f89f1c67f645d6ac55a3c2adeb78d [1ms]
2024-01-24 17:33:24.457 [info] > git show --textconv :laravel-test/app/Http/Controllers/TestController.php [2ms]
2024-01-24 17:33:27.126 [info] > git ls-files --stage -- /home/nattyu/laravel-test/app/Http/Controllers/TestController.php [1ms]
2024-01-24 17:33:27.133 [info] > git cat-file -s eb90310f157f89f1c67f645d6ac55a3c2adeb78d [1ms]
2024-01-24 17:33:27.147 [info] > git show --textconv :laravel-test/app/Http/Controllers/TestController.php [1ms]
2024-01-24 17:36:18.556 [info] > git ls-files --stage -- /home/nattyu/laravel-test/app/Http/Controllers/TestController.php [1ms]
2024-01-24 17:36:18.563 [info] > git cat-file -s eb90310f157f89f1c67f645d6ac55a3c2adeb78d [1ms]
2024-01-24 17:36:18.577 [info] > git show --textconv :laravel-test/app/Http/Controllers/TestController.php [2ms]
2024-01-24 17:36:20.459 [info] > git ls-files --stage -- /home/nattyu/laravel-test/app/Http/Controllers/TestController.php [1ms]
2024-01-24 17:36:20.466 [info] > git cat-file -s eb90310f157f89f1c67f645d6ac55a3c2adeb78d [1ms]
2024-01-24 17:36:20.480 [info] > git show --textconv :laravel-test/app/Http/Controllers/TestController.php [2ms]
2024-01-24 17:39:08.424 [info] > git ls-files --stage -- /home/nattyu/laravel-test/app/Http/Controllers/TestController.php [2ms]
2024-01-24 17:39:08.435 [info] > git cat-file -s eb90310f157f89f1c67f645d6ac55a3c2adeb78d [1ms]
2024-01-24 17:39:08.448 [info] > git show --textconv :laravel-test/app/Http/Controllers/TestController.php [2ms]
2024-01-24 17:41:02.759 [info] > git ls-files --stage -- /home/nattyu/laravel-test/app/Http/Controllers/TestController.php [1ms]
2024-01-24 17:41:02.768 [info] > git cat-file -s eb90310f157f89f1c67f645d6ac55a3c2adeb78d [1ms]
2024-01-24 17:41:02.783 [info] > git show --textconv :laravel-test/app/Http/Controllers/TestController.php [2ms]
2024-01-24 17:42:09.799 [info] > git ls-files --stage -- /home/nattyu/laravel-test/app/Http/Controllers/TestController.php [1ms]
2024-01-24 17:42:09.807 [info] > git cat-file -s eb90310f157f89f1c67f645d6ac55a3c2adeb78d [1ms]
2024-01-24 17:42:09.820 [info] > git show --textconv :laravel-test/app/Http/Controllers/TestController.php [1ms]
2024-01-24 17:42:14.415 [info] > git ls-files --stage -- /home/nattyu/laravel-test/app/Http/Controllers/TestController.php [1ms]
2024-01-24 17:42:14.423 [info] > git cat-file -s eb90310f157f89f1c67f645d6ac55a3c2adeb78d [1ms]
2024-01-24 17:42:14.437 [info] > git show --textconv :laravel-test/app/Http/Controllers/TestController.php [1ms]
2024-01-24 17:42:50.309 [info] > git ls-files --stage -- /home/nattyu/laravel-test/app/Http/Controllers/TestController.php [1ms]
2024-01-24 17:42:50.317 [info] > git cat-file -s eb90310f157f89f1c67f645d6ac55a3c2adeb78d [1ms]
2024-01-24 17:42:50.331 [info] > git show --textconv :laravel-test/app/Http/Controllers/TestController.php [2ms]
2024-01-24 17:43:15.513 [info] > git ls-files --stage -- /home/nattyu/laravel-test/app/Http/Controllers/TestController.php [1ms]
2024-01-24 17:43:15.520 [info] > git cat-file -s eb90310f157f89f1c67f645d6ac55a3c2adeb78d [1ms]
2024-01-24 17:43:15.533 [info] > git show --textconv :laravel-test/app/Http/Controllers/TestController.php [2ms]
2024-01-24 17:43:53.531 [info] > git ls-files --stage -- /home/nattyu/laravel-test/app/Http/Controllers/TestController.php [1ms]
2024-01-24 17:43:53.538 [info] > git cat-file -s eb90310f157f89f1c67f645d6ac55a3c2adeb78d [1ms]
2024-01-24 17:43:53.552 [info] > git show --textconv :laravel-test/app/Http/Controllers/TestController.php [2ms]
2024-01-24 17:44:06.795 [info] > git ls-files --stage -- /home/nattyu/laravel-test/app/Http/Controllers/TestController.php [1ms]
2024-01-24 17:44:06.803 [info] > git cat-file -s eb90310f157f89f1c67f645d6ac55a3c2adeb78d [1ms]
2024-01-24 17:44:06.817 [info] > git show --textconv :laravel-test/app/Http/Controllers/TestController.php [1ms]
2024-01-24 17:44:20.138 [info] > git ls-files --stage -- /home/nattyu/laravel-test/app/Http/Controllers/TestController.php [1ms]
2024-01-24 17:44:20.146 [info] > git cat-file -s eb90310f157f89f1c67f645d6ac55a3c2adeb78d [1ms]
2024-01-24 17:44:20.159 [info] > git show --textconv :laravel-test/app/Http/Controllers/TestController.php [1ms]
2024-01-24 17:44:31.432 [info] > git ls-files --stage -- /home/nattyu/laravel-test/app/Http/Controllers/TestController.php [1ms]
2024-01-24 17:44:31.439 [info] > git cat-file -s eb90310f157f89f1c67f645d6ac55a3c2adeb78d [0ms]
2024-01-24 17:44:31.454 [info] > git show --textconv :laravel-test/app/Http/Controllers/TestController.php [2ms]
2024-01-24 17:53:50.872 [info] > git show --textconv :laravel-test/public/build/manifest.json [13ms]
2024-01-24 17:53:50.874 [info] > git ls-files --stage -- /home/nattyu/laravel-test/public/build/manifest.json [3ms]
2024-01-24 17:53:50.882 [info] > git cat-file -s eb13afb57931ee7d3aa3bab2a86c676930fd12cc [0ms]
2024-01-24 17:54:01.112 [info] > git check-ignore -v -z --stdin [1ms]
2024-01-24 17:55:34.989 [info] > git show --textconv HEAD:.gitconfig [25ms]
2024-01-24 17:55:34.989 [info] > git show --textconv :.gitconfig [17ms]
2024-01-24 17:55:34.990 [info] > git ls-files --stage -- /home/nattyu/.gitconfig [3ms]
2024-01-24 17:55:34.990 [info] > git ls-tree -l HEAD -- /home/nattyu/.gitconfig [11ms]
2024-01-24 17:55:35.500 [info] > git check-ignore -v -z --stdin [1ms]
2024-01-24 17:55:41.104 [info] > git show --textconv HEAD:.cache/typescript/5.3/node_modules/types-registry/index.json [23ms]
2024-01-24 17:55:41.104 [info] > git show --textconv :.cache/typescript/5.3/node_modules/types-registry/index.json [17ms]
2024-01-24 17:55:41.104 [info] > git ls-files --stage -- /home/nattyu/.cache/typescript/5.3/node_modules/types-registry/index.json [2ms]
2024-01-24 17:55:41.105 [info] > git ls-tree -l HEAD -- /home/nattyu/.cache/typescript/5.3/node_modules/types-registry/index.json [10ms]
2024-01-24 17:55:41.618 [info] > git check-ignore -v -z --stdin [2ms]
2024-01-24 17:55:43.417 [info] > git show --textconv :laravel-test/app/Http/Controllers/TestController.php [9ms]
2024-01-24 17:55:43.419 [info] > git ls-files --stage -- /home/nattyu/laravel-test/app/Http/Controllers/TestController.php [3ms]
2024-01-24 17:55:43.426 [info] > git cat-file -s eb90310f157f89f1c67f645d6ac55a3c2adeb78d [1ms]
2024-01-24 17:55:50.603 [info] > git show --textconv :laravel-test/public/build/assets/app-sW5s0cay.css [11ms]
2024-01-24 17:55:50.605 [info] > git ls-files --stage -- /home/nattyu/laravel-test/public/build/assets/app-sW5s0cay.css [2ms]
2024-01-24 17:55:50.615 [info] > git cat-file -s 3ff287ff204b3016e75bca27edc2136a17967d3c [0ms]
2024-01-24 17:55:51.986 [info] > git show --textconv :laravel-test/public/build/assets/app-TUSVs2hC.js [13ms]
2024-01-24 17:55:51.988 [info] > git ls-files --stage -- /home/nattyu/laravel-test/public/build/assets/app-TUSVs2hC.js [3ms]
2024-01-24 17:55:52.004 [info] > git cat-file -s 6f0fdad1104e3a12ce1826636cbd8eabf5fd4725 [1ms]
2024-01-24 17:55:54.860 [info] > git show --textconv :laravel-test/public/build/assets/app-VQhR7gBk.css [12ms]
2024-01-24 17:55:54.870 [info] > git ls-files --stage -- /home/nattyu/laravel-test/public/build/assets/app-VQhR7gBk.css [10ms]
2024-01-24 17:55:54.878 [info] > git cat-file -s e92b80ade31b8b7a4dc512c5136327452ef5b8d6 [1ms]
2024-01-24 17:55:55.978 [info] > git show --textconv :laravel-test/public/build/assets/app-sW5s0cay.css [10ms]
2024-01-24 17:55:55.980 [info] > git ls-files --stage -- /home/nattyu/laravel-test/public/build/assets/app-sW5s0cay.css [1ms]
2024-01-24 17:55:55.991 [info] > git cat-file -s 3ff287ff204b3016e75bca27edc2136a17967d3c [3ms]
2024-01-24 17:55:57.957 [info] > git show --textconv :laravel-test/public/build/assets/app-VQhR7gBk.css [10ms]
2024-01-24 17:55:57.957 [info] > git ls-files --stage -- /home/nattyu/laravel-test/public/build/assets/app-VQhR7gBk.css [1ms]
2024-01-24 17:55:57.966 [info] > git cat-file -s e92b80ade31b8b7a4dc512c5136327452ef5b8d6 [1ms]
2024-01-24 17:56:00.618 [info] > git show --textconv :laravel-test/public/build/manifest.json [12ms]
2024-01-24 17:56:00.623 [info] > git ls-files --stage -- /home/nattyu/laravel-test/public/build/manifest.json [6ms]
2024-01-24 17:56:00.635 [info] > git cat-file -s eb13afb57931ee7d3aa3bab2a86c676930fd12cc [1ms]
2024-01-24 17:56:26.160 [info] > git show --textconv :laravel-test/public/build/assets/app-VQhR7gBk.css [9ms]
2024-01-24 17:56:26.161 [info] > git ls-files --stage -- /home/nattyu/laravel-test/public/build/assets/app-VQhR7gBk.css [2ms]
2024-01-24 17:56:26.173 [info] > git cat-file -s e92b80ade31b8b7a4dc512c5136327452ef5b8d6 [3ms]
2024-01-24 17:56:30.448 [info] > git show --textconv :laravel-test/public/build/manifest.json [9ms]
2024-01-24 17:56:30.450 [info] > git ls-files --stage -- /home/nattyu/laravel-test/public/build/manifest.json [2ms]
2024-01-24 17:56:30.458 [info] > git cat-file -s eb13afb57931ee7d3aa3bab2a86c676930fd12cc [1ms]
2024-01-24 17:56:31.925 [info] > git show --textconv :laravel-test/public/build/assets/app-vZDQhnJA.js [13ms]
2024-01-24 17:56:31.927 [info] > git ls-files --stage -- /home/nattyu/laravel-test/public/build/assets/app-vZDQhnJA.js [2ms]
2024-01-24 17:56:31.939 [info] > git cat-file -s 80356f055525a1466e4f0d59213738af48ef07df [2ms]
2024-01-24 17:56:35.355 [info] > git show --textconv :laravel-test/public/build/manifest.json [12ms]
2024-01-24 17:56:35.356 [info] > git ls-files --stage -- /home/nattyu/laravel-test/public/build/manifest.json [2ms]
2024-01-24 17:56:35.364 [info] > git cat-file -s eb13afb57931ee7d3aa3bab2a86c676930fd12cc [0ms]
2024-01-24 17:59:09.669 [info] > git show --textconv :laravel-test/app/Http/Controllers/TestController.php [12ms]
2024-01-24 17:59:09.670 [info] > git ls-files --stage -- /home/nattyu/laravel-test/app/Http/Controllers/TestController.php [2ms]
2024-01-24 17:59:09.680 [info] > git cat-file -s eb90310f157f89f1c67f645d6ac55a3c2adeb78d [0ms]
2024-01-24 17:59:16.572 [info] > git ls-files --stage -- /home/nattyu/laravel-test/app/Http/Controllers/TestController.php [1ms]
2024-01-24 17:59:16.580 [info] > git cat-file -s eb90310f157f89f1c67f645d6ac55a3c2adeb78d [1ms]
2024-01-24 17:59:16.594 [info] > git show --textconv :laravel-test/app/Http/Controllers/TestController.php [1ms]
2024-01-24 17:59:18.922 [info] > git ls-files --stage -- /home/nattyu/laravel-test/app/Http/Controllers/TestController.php [1ms]
2024-01-24 17:59:18.931 [info] > git cat-file -s eb90310f157f89f1c67f645d6ac55a3c2adeb78d [1ms]
2024-01-24 17:59:18.949 [info] > git show --textconv :laravel-test/app/Http/Controllers/TestController.php [1ms]
2024-01-24 17:59:31.134 [info] > git show --textconv :laravel-test/public/build/manifest.json [11ms]
2024-01-24 17:59:31.136 [info] > git ls-files --stage -- /home/nattyu/laravel-test/public/build/manifest.json [1ms]
2024-01-24 17:59:31.147 [info] > git cat-file -s eb13afb57931ee7d3aa3bab2a86c676930fd12cc [4ms]
2024-01-24 18:01:42.425 [info] > git ls-files --stage -- /home/nattyu/laravel-test/public/build/manifest.json [1ms]
2024-01-24 18:01:42.435 [info] > git cat-file -s 17a24d14f96182cbd86c26e6e6e45998d342446c [2ms]
2024-01-24 18:01:42.451 [info] > git show --textconv :laravel-test/public/build/manifest.json [1ms]
2024-01-24 18:02:13.359 [info] > git ls-files --stage -- /home/nattyu/laravel-test/public/build/manifest.json [2ms]
2024-01-24 18:02:13.367 [info] > git cat-file -s 17a24d14f96182cbd86c26e6e6e45998d342446c [1ms]
2024-01-24 18:02:13.385 [info] > git show --textconv :laravel-test/public/build/manifest.json [2ms]
2024-01-24 18:02:32.037 [info] > git ls-files --stage -- /home/nattyu/laravel-test/public/build/manifest.json [4ms]
2024-01-24 18:02:32.044 [info] > git cat-file -s 17a24d14f96182cbd86c26e6e6e45998d342446c [1ms]
2024-01-24 18:02:32.057 [info] > git show --textconv :laravel-test/public/build/manifest.json [1ms]
2024-01-24 18:02:34.085 [info] > git ls-files --stage -- /home/nattyu/laravel-test/public/build/manifest.json [1ms]
2024-01-24 18:02:34.094 [info] > git cat-file -s 17a24d14f96182cbd86c26e6e6e45998d342446c [0ms]
2024-01-24 18:02:34.109 [info] > git show --textconv :laravel-test/public/build/manifest.json [1ms]
2024-01-24 18:02:51.185 [info] > git ls-files --stage -- /home/nattyu/laravel-test/public/build/manifest.json [1ms]
2024-01-24 18:02:51.193 [info] > git cat-file -s 17a24d14f96182cbd86c26e6e6e45998d342446c [1ms]
2024-01-24 18:02:51.207 [info] > git show --textconv :laravel-test/public/build/manifest.json [1ms]
2024-01-24 18:04:09.474 [info] > git show --textconv :laravel-test/app/Http/Controllers/TestController.php [12ms]
2024-01-24 18:04:09.476 [info] > git ls-files --stage -- /home/nattyu/laravel-test/app/Http/Controllers/TestController.php [4ms]
2024-01-24 18:04:09.485 [info] > git cat-file -s dc8807bddb4479c840c0594e6ec63ad91fbc610e [2ms]
2024-01-24 18:04:16.827 [info] > git show --textconv HEAD:.aws [26ms]
2024-01-24 18:04:16.827 [info] > git show --textconv :.aws [19ms]
2024-01-24 18:04:16.828 [info] > git ls-files --stage -- /home/nattyu/.aws [3ms]
2024-01-24 18:04:16.828 [info] > git ls-tree -l HEAD -- /home/nattyu/.aws [12ms]
2024-01-24 18:04:17.336 [info] > git check-ignore -v -z --stdin [1ms]
2024-01-24 18:04:19.082 [info] > git show --textconv HEAD:.azure [30ms]
2024-01-24 18:04:19.082 [info] > git show --textconv :.azure [23ms]
2024-01-24 18:04:19.082 [info] > git ls-files --stage -- /home/nattyu/.azure [2ms]
2024-01-24 18:04:19.082 [info] > git ls-tree -l HEAD -- /home/nattyu/.azure [15ms]
2024-01-24 18:04:19.593 [info] > git check-ignore -v -z --stdin [1ms]
2024-01-24 18:04:19.960 [info] > git show --textconv HEAD:.bash_history [23ms]
2024-01-24 18:04:19.960 [info] > git show --textconv :.bash_history [15ms]
2024-01-24 18:04:19.960 [info] > git ls-files --stage -- /home/nattyu/.bash_history [2ms]
2024-01-24 18:04:19.961 [info] > git ls-tree -l HEAD -- /home/nattyu/.bash_history [10ms]
2024-01-24 18:04:20.472 [info] > git check-ignore -v -z --stdin [1ms]
2024-01-24 18:04:20.791 [info] > git show --textconv HEAD:.bash_logout [23ms]
2024-01-24 18:04:20.791 [info] > git show --textconv :.bash_logout [17ms]
2024-01-24 18:04:20.791 [info] > git ls-files --stage -- /home/nattyu/.bash_logout [2ms]
2024-01-24 18:04:20.794 [info] > git ls-tree -l HEAD -- /home/nattyu/.bash_logout [12ms]
2024-01-24 18:04:21.303 [info] > git check-ignore -v -z --stdin [1ms]
2024-01-24 18:04:21.683 [info] > git show --textconv HEAD:.bashrc [23ms]
2024-01-24 18:04:21.683 [info] > git show --textconv :.bashrc [15ms]
2024-01-24 18:04:21.683 [info] > git ls-files --stage -- /home/nattyu/.bashrc [2ms]
2024-01-24 18:04:21.684 [info] > git ls-tree -l HEAD -- /home/nattyu/.bashrc [10ms]
2024-01-24 18:04:22.192 [info] > git check-ignore -v -z --stdin [1ms]
2024-01-24 18:04:22.613 [info] > git show --textconv HEAD:.gitconfig [22ms]
2024-01-24 18:04:22.614 [info] > git show --textconv :.gitconfig [16ms]
2024-01-24 18:04:22.614 [info] > git ls-files --stage -- /home/nattyu/.gitconfig [2ms]
2024-01-24 18:04:22.614 [info] > git ls-tree -l HEAD -- /home/nattyu/.gitconfig [8ms]
2024-01-24 18:04:31.085 [info] > git -c user.useConfigOnly=true commit --quiet [5ms]
2024-01-24 18:04:31.092 [info] > git config --get-all user.name [1ms]
2024-01-24 18:04:31.100 [info] > git config --get-all user.email [1ms]
2024-01-24 18:04:31.119 [info] > git config --get commit.template [9ms]
2024-01-24 18:04:31.120 [info] > git for-each-ref --format=%(refname)%00%(upstream:short)%00%(objectname)%00%(upstream:track)%00%(upstream:remotename)%00%(upstream:remoteref) refs/heads/master refs/remotes/master [3ms]
2024-01-24 18:04:32.228 [info] > git status -z -uall [1100ms] (cancelled)
2024-01-24 18:04:32.425 [info] > git merge-base refs/heads/master refs/remotes/origin/master [1ms]
2024-01-24 18:04:32.435 [info] > git rev-list --count --left-right refs/heads/master...refs/remotes/origin/master [1ms]
2024-01-24 18:04:33.508 [info] > git check-ignore -v -z --stdin [1ms]
2024-01-24 18:04:34.552 [info] > git ls-tree -l HEAD -- /home/nattyu/.gitconfig [13ms]
2024-01-24 18:04:34.553 [info] > git ls-files --stage -- /home/nattyu/.gitconfig [5ms]
2024-01-24 18:04:34.578 [info] > git ls-files --stage -- /home/nattyu/.gitconfig [1ms]
2024-01-24 18:04:34.578 [info] > git ls-tree -l HEAD -- /home/nattyu/.gitconfig [12ms]
2024-01-24 18:04:34.650 [info] > git show --textconv HEAD:.gitconfig [1ms]
2024-01-24 18:04:34.697 [info] > git show --textconv :.gitconfig [22ms]
2024-01-24 18:04:34.698 [info] > git show --textconv :.gitconfig [10ms]
2024-01-24 18:04:34.698 [info] > git show --textconv HEAD:.gitconfig [2ms]
2024-01-24 18:04:49.115 [info] > git ls-files --stage -- /home/nattyu/.gitconfig [21ms]
2024-01-24 18:04:49.117 [info] > git ls-tree -l HEAD -- /home/nattyu/.gitconfig [33ms]
